Log file open, 06/07/22 15:48:36
LogWindows: Failed to load 'aqProf.dll' (GetLastError=126)
LogWindows: File 'aqProf.dll' does not exist
LogWindows: Failed to load 'VtuneApi.dll' (GetLastError=126)
LogWindows: File 'VtuneApi.dll' does not exist
LogWindows: Failed to load 'VtuneApi32e.dll' (GetLastError=126)
LogWindows: File 'VtuneApi32e.dll' does not exist
LogConsoleResponse: Display: Failed to find resolution value strings in scalability ini. Falling back to default.
LogConsoleResponse: Display: Failed to find resolution value strings in scalability ini. Falling back to default.
LogInit: Display: Running engine for game: PMTutorial
LogPlatformFile: Not using cached read wrapper
LogTaskGraph: Started task graph with 5 named threads and 23 total threads with 3 sets of task threads.
LogStats: Stats thread started at 0.366541
LogICUInternationalization: ICU TimeZone Detection - Raw Offset: +8:00, Platform Override: ''
LogInit: Display: Loading text-based GConfig....
LogPluginManager: Mounting plugin MeshPainting
LogPluginManager: Mounting plugin XGEController
LogPluginManager: Mounting plugin Paper2D
LogPluginManager: Mounting plugin EnvironmentQueryEditor
LogPluginManager: Mounting plugin LiveLink
LogPluginManager: Mounting plugin LightPropagationVolume
LogPluginManager: Mounting plugin CameraShakePreviewer
LogPluginManager: Mounting plugin GameplayCameras
LogPluginManager: Mounting plugin OodleNetwork
LogPluginManager: Mounting plugin OodleData
LogPluginManager: Mounting plugin AISupport
LogPluginManager: Mounting plugin AnimationSharing
LogPluginManager: Mounting plugin CLionSourceCodeAccess
LogPluginManager: Mounting plugin CodeLiteSourceCodeAccess
LogPluginManager: Mounting plugin GitSourceControl
LogPluginManager: Mounting plugin KDevelopSourceCodeAccess
LogPluginManager: Mounting plugin PerforceSourceControl
LogPluginManager: Mounting plugin NullSourceCodeAccess
LogPluginManager: Mounting plugin PixWinPlugin
LogPluginManager: Mounting plugin PlasticSourceControl
LogPluginManager: Mounting plugin PluginUtils
LogPluginManager: Mounting plugin PropertyAccessNode
LogPluginManager: Mounting plugin RiderSourceCodeAccess
LogPluginManager: Mounting plugin SubversionSourceControl
LogPluginManager: Mounting plugin TextureFormatOodle
LogPluginManager: Mounting plugin UObjectPlugin
LogPluginManager: Mounting plugin VisualStudioCodeSourceCodeAccess
LogPluginManager: Mounting plugin VisualStudioSourceCodeAccess
LogPluginManager: Mounting plugin XCodeSourceCodeAccess
LogPluginManager: Mounting plugin AssetManagerEditor
LogPluginManager: Mounting plugin CryptoKeys
LogPluginManager: Mounting plugin CurveEditorTools
LogPluginManager: Mounting plugin DataValidation
LogPluginManager: Mounting plugin FacialAnimation
LogPluginManager: Mounting plugin GameplayTagsEditor
LogPluginManager: Mounting plugin GeometryMode
LogPluginManager: Mounting plugin MacGraphicsSwitching
LogPluginManager: Mounting plugin MaterialAnalyzer
LogPluginManager: Mounting plugin MobileLauncherProfileWizard
LogPluginManager: Mounting plugin PluginBrowser
LogPluginManager: Mounting plugin SpeedTreeImporter
LogPluginManager: Mounting plugin DatasmithContent
LogPluginManager: Mounting plugin VariantManagerContent
LogPluginManager: Mounting plugin AlembicImporter
LogPluginManager: Mounting plugin AutomationUtils
LogPluginManager: Mounting plugin ChaosCloth
LogPluginManager: Mounting plugin ChaosClothEditor
LogPluginManager: Mounting plugin ChaosEditor
LogPluginManager: Mounting plugin BackChannel
LogPluginManager: Mounting plugin ChaosSolverPlugin
LogPluginManager: Mounting plugin ChaosNiagara
LogPluginManager: Mounting plugin CharacterAI
LogPluginManager: Mounting plugin GeometryCache
LogPluginManager: Mounting plugin GeometryCollectionPlugin
LogPluginManager: Mounting plugin GeometryProcessing
LogPluginManager: Mounting plugin MotoSynth
LogPluginManager: Mounting plugin OpenImageDenoise
LogPluginManager: Mounting plugin PlanarCut
LogPluginManager: Mounting plugin PlatformCrypto
LogPluginManager: Mounting plugin ProxyLODPlugin
LogPluginManager: Mounting plugin PythonScriptPlugin
LogPluginManager: Mounting plugin SkeletalReduction
LogPluginManager: Mounting plugin Niagara
LogPluginManager: Mounting plugin LuminPlatformFeatures
LogPluginManager: Mounting plugin MagicLeap
LogPluginManager: Mounting plugin MagicLeapLightEstimation
LogPluginManager: Mounting plugin MagicLeapMedia
LogPluginManager: Mounting plugin MagicLeapPassableWorld
LogPluginManager: Mounting plugin MLSDK
LogPluginManager: Mounting plugin AndroidMedia
LogPluginManager: Mounting plugin AvfMedia
LogPluginManager: Mounting plugin ActorSequence
LogPluginManager: Mounting plugin LevelSequenceEditor
LogPluginManager: Mounting plugin MatineeToLevelSequence
LogPluginManager: Mounting plugin TemplateSequence
LogPluginManager: Mounting plugin TcpMessaging
LogPluginManager: Mounting plugin UdpMessaging
LogPluginManager: Mounting plugin OnlineSubsystem
LogPluginManager: Mounting plugin OnlineSubsystemNull
LogPluginManager: Mounting plugin OnlineSubsystemUtils
LogPluginManager: Mounting plugin LauncherChunkInstaller
LogPluginManager: Mounting plugin ActorLayerUtilities
LogPluginManager: Mounting plugin AndroidDeviceProfileSelector
LogPluginManager: Mounting plugin AndroidMoviePlayer
LogPluginManager: Mounting plugin AndroidPermission
LogPluginManager: Mounting plugin AppleImageUtils
LogPluginManager: Mounting plugin AppleMoviePlayer
LogPluginManager: Mounting plugin AssetTags
LogPluginManager: Mounting plugin ArchVisCharacter
LogPluginManager: Mounting plugin AudioCapture
LogPluginManager: Mounting plugin AudioSynesthesia
LogPluginManager: Mounting plugin ChunkDownloader
LogPluginManager: Mounting plugin CableComponent
LogPluginManager: Mounting plugin CustomMeshComponent
LogPluginManager: Mounting plugin EditableMesh
LogPluginManager: Mounting plugin ExampleDeviceProfileSelector
LogPluginManager: Mounting plugin GoogleCloudMessaging
LogPluginManager: Mounting plugin GooglePAD
LogPluginManager: Mounting plugin ScreenshotTools
LogPluginManager: Mounting plugin ImgMedia
LogPluginManager: Mounting plugin MediaCompositing
LogPluginManager: Mounting plugin IOSDeviceProfileSelector
LogPluginManager: Mounting plugin LinuxDeviceProfileSelector
LogPluginManager: Mounting plugin MediaPlayerEditor
LogPluginManager: Mounting plugin LocationServicesBPLibrary
LogPluginManager: Mounting plugin MobilePatchingUtils
LogPluginManager: Mounting plugin OpenXR
LogPluginManager: Mounting plugin OpenXREyeTracker
LogPluginManager: Mounting plugin OpenXRHandTracking
LogPluginManager: Mounting plugin PhysXVehicles
LogPluginManager: Mounting plugin Takes
LogPluginManager: Mounting plugin PostSplashScreen
LogPluginManager: Mounting plugin ProceduralMeshComponent
LogPluginManager: Mounting plugin PropertyAccessEditor
LogPluginManager: Mounting plugin RuntimePhysXCooking
LogPluginManager: Mounting plugin SignificanceManager
LogPluginManager: Mounting plugin SoundFields
LogPluginManager: Mounting plugin Synthesis
LogPluginManager: Mounting plugin WebMMoviePlayer
LogPluginManager: Mounting plugin WindowsMoviePlayer
LogPluginManager: Mounting plugin WebMMedia
LogPluginManager: Mounting plugin WmfMedia
LogPluginManager: Mounting plugin ContentBrowserAssetDataSource
LogPluginManager: Mounting plugin ContentBrowserFileDataSource
LogPluginManager: Mounting plugin ContentBrowserClassDataSource
LogPluginManager: Mounting plugin OnlineSubsystemGooglePlay
LogPluginManager: Mounting plugin OnlineSubsystemIOS
LogPluginManager: Mounting plugin SQLiteCore
LogPluginManager: Mounting plugin OculusVR
LogPluginManager: Mounting plugin SteamVR
LogPluginManager: Mounting plugin DemonPlugin
PixWinPlugin: PIX capture plugin failed to initialize! Check that the process is launched from PIX.
LogInit: Using libcurl 7.55.1-DEV
LogInit:  - built for x86_64-pc-win32
LogInit:  - supports SSL with OpenSSL/1.1.1
LogInit:  - supports HTTP deflate (compression) using libz 1.2.8
LogInit:  - other features:
LogInit:      CURL_VERSION_SSL
LogInit:      CURL_VERSION_LIBZ
LogInit:      CURL_VERSION_IPV6
LogInit:      CURL_VERSION_ASYNCHDNS
LogInit:      CURL_VERSION_LARGEFILE
LogInit:      CURL_VERSION_IDN
LogInit:  CurlRequestOptions (configurable via config and command line):
LogInit:  - bVerifyPeer = true  - Libcurl will verify peer certificate
LogInit:  - bUseHttpProxy = true  - Libcurl will use HTTP proxy
LogInit:  - HttpProxyAddress = '127.0.0.1:10809'
LogInit:  - bDontReuseConnections = false  - Libcurl will reuse connections
LogInit:  - MaxHostConnections = 16  - Libcurl will limit the number of connections to a host
LogInit:  - LocalHostAddr = Default
LogInit:  - BufferSize = 65536
LogOnline: OSS: Creating online subsystem instance for: NULL
LogInit: WinSock: version 1.1 (2.2), MaxSocks=32767, MaxUdp=65467
LogOnline: OSS: TryLoadSubsystemAndSetDefault: Loaded subsystem for module [NULL]
LogOculusPluginWrapper: OculusPlugin initialized successfully
LogHMD: Failed initializing OVRPlugin 1.59.0
LogInit: Build: ++UE4+Release-4.27-CL-18319896
LogInit: Engine Version: 4.27.2-18319896+++UE4+Release-4.27
LogInit: Compatible Engine Version: 4.27.0-17155196+++UE4+Release-4.27
LogInit: Net CL: 17155196
LogInit: OS: Windows 10 (Release 2004) (), CPU: Intel(R) Core(TM) i7-6700K CPU @ 4.00GHz, GPU: NVIDIA GeForce GTX 1070
LogInit: Compiled (64-bit): Nov 30 2021 07:12:08
LogInit: Compiled with Visual C++: 19.24.28315.00
LogInit: Build Configuration: Development
LogInit: Branch Name: ++UE4+Release-4.27
LogInit: Command Line:  -skipcompile
LogInit: Base Directory: F:/UE4/UE_4.27/Engine/Binaries/Win64/
LogInit: Allocator: TBB
LogInit: Installed Engine Build: 1
LogDevObjectVersion: Number of dev versions registered: 29
LogDevObjectVersion:   Dev-Blueprints (B0D832E4-1F89-4F0D-ACCF-7EB736FD4AA2): 10
LogDevObjectVersion:   Dev-Build (E1C64328-A22C-4D53-A36C-8E866417BD8C): 0
LogDevObjectVersion:   Dev-Core (375EC13C-06E4-48FB-B500-84F0262A717E): 4
LogDevObjectVersion:   Dev-Editor (E4B068ED-F494-42E9-A231-DA0B2E46BB41): 40
LogDevObjectVersion:   Dev-Framework (CFFC743F-43B0-4480-9391-14DF171D2073): 37
LogDevObjectVersion:   Dev-Mobile (B02B49B5-BB20-44E9-A304-32B752E40360): 3
LogDevObjectVersion:   Dev-Networking (A4E4105C-59A1-49B5-A7C5-40C4547EDFEE): 0
LogDevObjectVersion:   Dev-Online (39C831C9-5AE6-47DC-9A44-9C173E1C8E7C): 0
LogDevObjectVersion:   Dev-Physics (78F01B33-EBEA-4F98-B9B4-84EACCB95AA2): 14
LogDevObjectVersion:   Dev-Platform (6631380F-2D4D-43E0-8009-CF276956A95A): 0
LogDevObjectVersion:   Dev-Rendering (12F88B9F-8875-4AFC-A67C-D90C383ABD29): 45
LogDevObjectVersion:   Dev-Sequencer (7B5AE74C-D270-4C10-A958-57980B212A5A): 13
LogDevObjectVersion:   Dev-VR (D7296918-1DD6-4BDD-9DE2-64A83CC13884): 3
LogDevObjectVersion:   Dev-LoadTimes (C2A15278-BFE7-4AFE-6C17-90FF531DF755): 1
LogDevObjectVersion:   Private-Geometry (6EACA3D4-40EC-4CC1-B786-8BED09428FC5): 3
LogDevObjectVersion:   Dev-AnimPhys (29E575DD-E0A3-4627-9D10-D276232CDCEA): 17
LogDevObjectVersion:   Dev-Anim (AF43A65D-7FD3-4947-9873-3E8ED9C1BB05): 15
LogDevObjectVersion:   Dev-ReflectionCapture (6B266CEC-1EC7-4B8F-A30B-E4D90942FC07): 1
LogDevObjectVersion:   Dev-Automation (0DF73D61-A23F-47EA-B727-89E90C41499A): 1
LogDevObjectVersion:   FortniteMain (601D1886-AC64-4F84-AA16-D3DE0DEAC7D6): 47
LogDevObjectVersion:   FortniteRelease (E7086368-6B23-4C58-8439-1B7016265E91): 1
LogDevObjectVersion:   Dev-Enterprise (9DFFBCD6-494F-0158-E221-12823C92A888): 10
LogDevObjectVersion:   Dev-Niagara (F2AED0AC-9AFE-416F-8664-AA7FFA26D6FC): 1
LogDevObjectVersion:   Dev-Destruction (174F1F0B-B4C6-45A5-B13F-2EE8D0FB917D): 10
LogDevObjectVersion:   Dev-Physics-Ext (35F94A83-E258-406C-A318-09F59610247C): 41
LogDevObjectVersion:   Dev-PhysicsMaterial-Chaos (B68FC16E-8B1B-42E2-B453-215C058844FE): 1
LogDevObjectVersion:   Dev-CineCamera (B2E18506-4273-CFC2-A54E-F4BB758BBA07): 1
LogDevObjectVersion:   Dev-VirtualProduction (64F58936-FD1B-42BA-BA96-7289D5D0FA4E): 1
LogDevObjectVersion:   Dev-MediaFramework (6F0ED827-A609-4895-9C91-998D90180EA4): 2
LogInit: Presizing for max 25165824 objects, including 0 objects not considered by GC, pre-allocating 0 bytes for permanent pool.
LogConfig: Applying CVar settings from Section [/Script/Engine.StreamingSettings] File [D:/UE4_Project/PMTutorial/Saved/Config/Windows/Engine.ini]
LogConfig: Setting CVar [[s.MinBulkDataSizeForAsyncLoading:131072]]
LogConfig: Setting CVar [[s.AsyncLoadingThreadEnabled:0]]
LogConfig: Setting CVar [[s.EventDrivenLoaderEnabled:1]]
LogConfig: Setting CVar [[s.WarnIfTimeLimitExceeded:0]]
LogConfig: Setting CVar [[s.TimeLimitExceededMultiplier:1.5]]
LogConfig: Setting CVar [[s.TimeLimitExceededMinTime:0.005]]
LogConfig: Setting CVar [[s.UseBackgroundLevelStreaming:1]]
LogConfig: Setting CVar [[s.PriorityAsyncLoadingExtraTime:15.0]]
LogConfig: Setting CVar [[s.LevelStreamingActorsUpdateTimeLimit:5.0]]
LogConfig: Setting CVar [[s.PriorityLevelStreamingActorsUpdateExtraTime:5.0]]
LogConfig: Setting CVar [[s.LevelStreamingComponentsRegistrationGranularity:10]]
LogConfig: Setting CVar [[s.UnregisterComponentsTimeLimit:1.0]]
LogConfig: Setting CVar [[s.LevelStreamingComponentsUnregistrationGranularity:5]]
LogConfig: Setting CVar [[s.FlushStreamingOnExit:1]]
LogInit: Object subsystem initialized
LogConfig: Setting CVar [[con.DebugEarlyDefault:1]]
LogConfig: Setting CVar [[r.setres:1280x720]]
[2022.06.07-07.48.36:735][  0]LogConfig: Setting CVar [[r.VSync:0]]
[2022.06.07-07.48.36:736][  0]LogConfig: Setting CVar [[r.RHICmdBypass:0]]
[2022.06.07-07.48.36:736][  0]LogConfig: Applying CVar settings from Section [/Script/Engine.RendererSettings] File [D:/UE4_Project/PMTutorial/Saved/Config/Windows/Engine.ini]
[2022.06.07-07.48.36:736][  0]LogConfig: Setting CVar [[r.GPUCrashDebugging:0]]
[2022.06.07-07.48.36:736][  0]LogConfig: Applying CVar settings from Section [/Script/Engine.RendererOverrideSettings] File [D:/UE4_Project/PMTutorial/Saved/Config/Windows/Engine.ini]
[2022.06.07-07.48.36:736][  0]LogConfig: Applying CVar settings from Section [/Script/Engine.StreamingSettings] File [D:/UE4_Project/PMTutorial/Saved/Config/Windows/Engine.ini]
[2022.06.07-07.48.36:736][  0]LogConfig: Setting CVar [[s.MinBulkDataSizeForAsyncLoading:131072]]
[2022.06.07-07.48.36:736][  0]LogConfig: Setting CVar [[s.AsyncLoadingThreadEnabled:0]]
[2022.06.07-07.48.36:736][  0]LogConfig: Setting CVar [[s.EventDrivenLoaderEnabled:1]]
[2022.06.07-07.48.36:736][  0]LogConfig: Setting CVar [[s.WarnIfTimeLimitExceeded:0]]
[2022.06.07-07.48.36:736][  0]LogConfig: Setting CVar [[s.TimeLimitExceededMultiplier:1.5]]
[2022.06.07-07.48.36:736][  0]LogConfig: Setting CVar [[s.TimeLimitExceededMinTime:0.005]]
[2022.06.07-07.48.36:736][  0]LogConfig: Setting CVar [[s.UseBackgroundLevelStreaming:1]]
[2022.06.07-07.48.36:736][  0]LogConfig: Setting CVar [[s.PriorityAsyncLoadingExtraTime:15.0]]
[2022.06.07-07.48.36:736][  0]LogConfig: Setting CVar [[s.LevelStreamingActorsUpdateTimeLimit:5.0]]
[2022.06.07-07.48.36:736][  0]LogConfig: Setting CVar [[s.PriorityLevelStreamingActorsUpdateExtraTime:5.0]]
[2022.06.07-07.48.36:736][  0]LogConfig: Setting CVar [[s.LevelStreamingComponentsRegistrationGranularity:10]]
[2022.06.07-07.48.36:736][  0]LogConfig: Setting CVar [[s.UnregisterComponentsTimeLimit:1.0]]
[2022.06.07-07.48.36:736][  0]LogConfig: Setting CVar [[s.LevelStreamingComponentsUnregistrationGranularity:5]]
[2022.06.07-07.48.36:736][  0]LogConfig: Setting CVar [[s.FlushStreamingOnExit:1]]
[2022.06.07-07.48.36:736][  0]LogConfig: Applying CVar settings from Section [/Script/Engine.GarbageCollectionSettings] File [D:/UE4_Project/PMTutorial/Saved/Config/Windows/Engine.ini]
[2022.06.07-07.48.36:736][  0]LogConfig: Setting CVar [[gc.MaxObjectsNotConsideredByGC:1]]
[2022.06.07-07.48.36:737][  0]LogConfig: Setting CVar [[gc.SizeOfPermanentObjectPool:0]]
[2022.06.07-07.48.36:737][  0]LogConfig: Setting CVar [[gc.FlushStreamingOnGC:0]]
[2022.06.07-07.48.36:737][  0]LogConfig: Setting CVar [[gc.NumRetriesBeforeForcingGC:10]]
[2022.06.07-07.48.36:737][  0]LogConfig: Setting CVar [[gc.AllowParallelGC:1]]
[2022.06.07-07.48.36:737][  0]LogConfig: Setting CVar [[gc.TimeBetweenPurgingPendingKillObjects:61.1]]
[2022.06.07-07.48.36:737][  0]LogConfig: Setting CVar [[gc.MaxObjectsInEditor:25165824]]
[2022.06.07-07.48.36:737][  0]LogConfig: Setting CVar [[gc.IncrementalBeginDestroyEnabled:1]]
[2022.06.07-07.48.36:737][  0]LogConfig: Setting CVar [[gc.CreateGCClusters:1]]
[2022.06.07-07.48.36:737][  0]LogConfig: Setting CVar [[gc.MinGCClusterSize:5]]
[2022.06.07-07.48.36:737][  0]LogConfig: Setting CVar [[gc.ActorClusteringEnabled:0]]
[2022.06.07-07.48.36:737][  0]LogConfig: Setting CVar [[gc.BlueprintClusteringEnabled:0]]
[2022.06.07-07.48.36:737][  0]LogConfig: Setting CVar [[gc.UseDisregardForGCOnDedicatedServers:0]]
[2022.06.07-07.48.36:737][  0]LogConfig: Setting CVar [[gc.MultithreadedDestructionEnabled:1]]
[2022.06.07-07.48.36:737][  0]LogConfig: Applying CVar settings from Section [/Script/Engine.NetworkSettings] File [D:/UE4_Project/PMTutorial/Saved/Config/Windows/Engine.ini]
[2022.06.07-07.48.36:737][  0]LogConfig: Applying CVar settings from Section [/Script/UnrealEd.CookerSettings] File [D:/UE4_Project/PMTutorial/Saved/Config/Windows/Engine.ini]
[2022.06.07-07.48.36:764][  0]LogConfig: Applying CVar settings from Section [ViewDistanceQuality@3] File [D:/UE4_Project/PMTutorial/Saved/Config/Windows/Scalability.ini]
[2022.06.07-07.48.36:764][  0]LogConfig: Setting CVar [[r.SkeletalMeshLODBias:0]]
[2022.06.07-07.48.36:764][  0]LogConfig: Setting CVar [[r.ViewDistanceScale:1.0]]
[2022.06.07-07.48.36:764][  0]LogConfig: Applying CVar settings from Section [AntiAliasingQuality@3] File [D:/UE4_Project/PMTutorial/Saved/Config/Windows/Scalability.ini]
[2022.06.07-07.48.36:764][  0]LogConfig: Setting CVar [[r.PostProcessAAQuality:4]]
[2022.06.07-07.48.36:764][  0]LogConfig: Applying CVar settings from Section [ShadowQuality@3] File [D:/UE4_Project/PMTutorial/Saved/Config/Windows/Scalability.ini]
[2022.06.07-07.48.36:764][  0]LogConfig: Setting CVar [[r.LightFunctionQuality:1]]
[2022.06.07-07.48.36:764][  0]LogConfig: Setting CVar [[r.ShadowQuality:5]]
[2022.06.07-07.48.36:764][  0]LogConfig: Setting CVar [[r.Shadow.CSM.MaxCascades:10]]
[2022.06.07-07.48.36:764][  0]LogConfig: Setting CVar [[r.Shadow.MaxResolution:2048]]
[2022.06.07-07.48.36:764][  0]LogConfig: Setting CVar [[r.Shadow.MaxCSMResolution:2048]]
[2022.06.07-07.48.36:764][  0]LogConfig: Setting CVar [[r.Shadow.RadiusThreshold:0.01]]
[2022.06.07-07.48.36:764][  0]LogConfig: Setting CVar [[r.Shadow.DistanceScale:1.0]]
[2022.06.07-07.48.36:764][  0]LogConfig: Setting CVar [[r.Shadow.CSM.TransitionScale:1.0]]
[2022.06.07-07.48.36:764][  0]LogConfig: Setting CVar [[r.Shadow.PreShadowResolutionFactor:1.0]]
[2022.06.07-07.48.36:765][  0]LogConfig: Setting CVar [[r.DistanceFieldShadowing:1]]
[2022.06.07-07.48.36:765][  0]LogConfig: Setting CVar [[r.DistanceFieldAO:1]]
[2022.06.07-07.48.36:765][  0]LogConfig: Setting CVar [[r.AOQuality:2]]
[2022.06.07-07.48.36:765][  0]LogConfig: Setting CVar [[r.VolumetricFog:1]]
[2022.06.07-07.48.36:765][  0]LogConfig: Setting CVar [[r.VolumetricFog.GridPixelSize:8]]
[2022.06.07-07.48.36:765][  0]LogConfig: Setting CVar [[r.VolumetricFog.GridSizeZ:128]]
[2022.06.07-07.48.36:765][  0]LogConfig: Setting CVar [[r.VolumetricFog.HistoryMissSupersampleCount:4]]
[2022.06.07-07.48.36:765][  0]LogConfig: Setting CVar [[r.LightMaxDrawDistanceScale:1]]
[2022.06.07-07.48.36:765][  0]LogConfig: Setting CVar [[r.CapsuleShadows:1]]
[2022.06.07-07.48.36:765][  0]LogConfig: Applying CVar settings from Section [PostProcessQuality@3] File [D:/UE4_Project/PMTutorial/Saved/Config/Windows/Scalability.ini]
[2022.06.07-07.48.36:765][  0]LogConfig: Setting CVar [[r.MotionBlurQuality:4]]
[2022.06.07-07.48.36:765][  0]LogConfig: Setting CVar [[r.AmbientOcclusionMipLevelFactor:0.4]]
[2022.06.07-07.48.36:765][  0]LogConfig: Setting CVar [[r.AmbientOcclusionMaxQuality:100]]
[2022.06.07-07.48.36:765][  0]LogConfig: Setting CVar [[r.AmbientOcclusionLevels:-1]]
[2022.06.07-07.48.36:765][  0]LogConfig: Setting CVar [[r.AmbientOcclusionRadiusScale:1.0]]
[2022.06.07-07.48.36:765][  0]LogConfig: Setting CVar [[r.DepthOfFieldQuality:2]]
[2022.06.07-07.48.36:765][  0]LogConfig: Setting CVar [[r.RenderTargetPoolMin:400]]
[2022.06.07-07.48.36:765][  0]LogConfig: Setting CVar [[r.LensFlareQuality:2]]
[2022.06.07-07.48.36:765][  0]LogConfig: Setting CVar [[r.SceneColorFringeQuality:1]]
[2022.06.07-07.48.36:765][  0]LogConfig: Setting CVar [[r.EyeAdaptationQuality:2]]
[2022.06.07-07.48.36:766][  0]LogConfig: Setting CVar [[r.BloomQuality:5]]
[2022.06.07-07.48.36:766][  0]LogConfig: Setting CVar [[r.FastBlurThreshold:100]]
[2022.06.07-07.48.36:766][  0]LogConfig: Setting CVar [[r.Upscale.Quality:3]]
[2022.06.07-07.48.36:766][  0]LogConfig: Setting CVar [[r.Tonemapper.GrainQuantization:1]]
[2022.06.07-07.48.36:766][  0]LogConfig: Setting CVar [[r.LightShaftQuality:1]]
[2022.06.07-07.48.36:766][  0]LogConfig: Setting CVar [[r.Filter.SizeScale:1]]
[2022.06.07-07.48.36:766][  0]LogConfig: Setting CVar [[r.Tonemapper.Quality:5]]
[2022.06.07-07.48.36:766][  0]LogConfig: Setting CVar [[r.DOF.Gather.AccumulatorQuality:1        ; higher gathering accumulator quality]]
[2022.06.07-07.48.36:766][  0]LogConfig: Setting CVar [[r.DOF.Gather.PostfilterMethod:1          ; Median3x3 postfilering method]]
[2022.06.07-07.48.36:766][  0]LogConfig: Setting CVar [[r.DOF.Gather.EnableBokehSettings:0       ; no bokeh simulation when gathering]]
[2022.06.07-07.48.36:766][  0]LogConfig: Setting CVar [[r.DOF.Gather.RingCount:4                 ; medium number of samples when gathering]]
[2022.06.07-07.48.36:766][  0]LogConfig: Setting CVar [[r.DOF.Scatter.ForegroundCompositing:1    ; additive foreground scattering]]
[2022.06.07-07.48.36:766][  0]LogConfig: Setting CVar [[r.DOF.Scatter.BackgroundCompositing:2    ; additive background scattering]]
[2022.06.07-07.48.36:766][  0]LogConfig: Setting CVar [[r.DOF.Scatter.EnableBokehSettings:1      ; bokeh simulation when scattering]]
[2022.06.07-07.48.36:766][  0]LogConfig: Setting CVar [[r.DOF.Scatter.MaxSpriteRatio:0.1         ; only a maximum of 10% of scattered bokeh]]
[2022.06.07-07.48.36:766][  0]LogConfig: Setting CVar [[r.DOF.Recombine.Quality:1                ; cheap slight out of focus]]
[2022.06.07-07.48.36:766][  0]LogConfig: Setting CVar [[r.DOF.Recombine.EnableBokehSettings:0    ; no bokeh simulation on slight out of focus]]
[2022.06.07-07.48.36:766][  0]LogConfig: Setting CVar [[r.DOF.TemporalAAQuality:1                ; more stable temporal accumulation]]
[2022.06.07-07.48.36:766][  0]LogConfig: Setting CVar [[r.DOF.Kernel.MaxForegroundRadius:0.025]]
[2022.06.07-07.48.36:767][  0]LogConfig: Setting CVar [[r.DOF.Kernel.MaxBackgroundRadius:0.025]]
[2022.06.07-07.48.36:767][  0]LogConfig: Applying CVar settings from Section [TextureQuality@3] File [D:/UE4_Project/PMTutorial/Saved/Config/Windows/Scalability.ini]
[2022.06.07-07.48.36:767][  0]LogConfig: Setting CVar [[r.Streaming.MipBias:0]]
[2022.06.07-07.48.36:767][  0]LogConfig: Setting CVar [[r.Streaming.AmortizeCPUToGPUCopy:0]]
[2022.06.07-07.48.36:767][  0]LogConfig: Setting CVar [[r.Streaming.MaxNumTexturesToStreamPerFrame:0]]
[2022.06.07-07.48.36:767][  0]LogConfig: Setting CVar [[r.Streaming.Boost:1]]
[2022.06.07-07.48.36:767][  0]LogConfig: Setting CVar [[r.MaxAnisotropy:8]]
[2022.06.07-07.48.36:767][  0]LogConfig: Setting CVar [[r.VT.MaxAnisotropy:8]]
[2022.06.07-07.48.36:767][  0]LogConfig: Setting CVar [[r.Streaming.LimitPoolSizeToVRAM:0]]
[2022.06.07-07.48.36:767][  0]LogConfig: Setting CVar [[r.Streaming.PoolSize:1000]]
[2022.06.07-07.48.36:767][  0]LogConfig: Setting CVar [[r.Streaming.MaxEffectiveScreenSize:0]]
[2022.06.07-07.48.36:767][  0]LogConfig: Applying CVar settings from Section [EffectsQuality@3] File [D:/UE4_Project/PMTutorial/Saved/Config/Windows/Scalability.ini]
[2022.06.07-07.48.36:767][  0]LogConfig: Setting CVar [[r.TranslucencyLightingVolumeDim:64]]
[2022.06.07-07.48.36:767][  0]LogConfig: Setting CVar [[r.RefractionQuality:2]]
[2022.06.07-07.48.36:767][  0]LogConfig: Setting CVar [[r.SSR.Quality:3]]
[2022.06.07-07.48.36:767][  0]LogConfig: Setting CVar [[r.SSR.HalfResSceneColor:0]]
[2022.06.07-07.48.36:767][  0]LogConfig: Setting CVar [[r.SceneColorFormat:4]]
[2022.06.07-07.48.36:767][  0]LogConfig: Setting CVar [[r.DetailMode:2]]
[2022.06.07-07.48.36:767][  0]LogConfig: Setting CVar [[r.TranslucencyVolumeBlur:1]]
[2022.06.07-07.48.36:767][  0]LogConfig: Setting CVar [[r.MaterialQualityLevel:1 ; High quality]]
[2022.06.07-07.48.36:767][  0]LogConfig: Setting CVar [[r.AnisotropicMaterials:1]]
[2022.06.07-07.48.36:767][  0]LogConfig: Setting CVar [[r.SSS.Scale:1]]
[2022.06.07-07.48.36:768][  0]LogConfig: Setting CVar [[r.SSS.SampleSet:2]]
[2022.06.07-07.48.36:768][  0]LogConfig: Setting CVar [[r.SSS.Quality:1]]
[2022.06.07-07.48.36:768][  0]LogConfig: Setting CVar [[r.SSS.HalfRes:0]]
[2022.06.07-07.48.36:768][  0]LogConfig: Setting CVar [[r.SSGI.Quality:3]]
[2022.06.07-07.48.36:768][  0]LogConfig: Setting CVar [[r.EmitterSpawnRateScale:1.0]]
[2022.06.07-07.48.36:768][  0]LogConfig: Setting CVar [[r.ParticleLightQuality:2]]
[2022.06.07-07.48.36:768][  0]LogConfig: Setting CVar [[r.SkyAtmosphere.AerialPerspectiveLUT.FastApplyOnOpaque:1 ; Always have FastSkyLUT 1 in this case to avoid wrong sky]]
[2022.06.07-07.48.36:768][  0]LogConfig: Setting CVar [[r.SkyAtmosphere.AerialPerspectiveLUT.SampleCountMaxPerSlice:4]]
[2022.06.07-07.48.36:768][  0]LogConfig: Setting CVar [[r.SkyAtmosphere.AerialPerspectiveLUT.DepthResolution:16.0]]
[2022.06.07-07.48.36:768][  0]LogConfig: Setting CVar [[r.SkyAtmosphere.FastSkyLUT:1]]
[2022.06.07-07.48.36:768][  0]LogConfig: Setting CVar [[r.SkyAtmosphere.FastSkyLUT.SampleCountMin:4.0]]
[2022.06.07-07.48.36:768][  0]LogConfig: Setting CVar [[r.SkyAtmosphere.FastSkyLUT.SampleCountMax:128.0]]
[2022.06.07-07.48.36:768][  0]LogConfig: Setting CVar [[r.SkyAtmosphere.SampleCountMin:4.0]]
[2022.06.07-07.48.36:768][  0]LogConfig: Setting CVar [[r.SkyAtmosphere.SampleCountMax:128.0]]
[2022.06.07-07.48.36:768][  0]LogConfig: Setting CVar [[r.SkyAtmosphere.TransmittanceLUT.UseSmallFormat:0]]
[2022.06.07-07.48.36:768][  0]LogConfig: Setting CVar [[r.SkyAtmosphere.TransmittanceLUT.SampleCount:10.0]]
[2022.06.07-07.48.36:768][  0]LogConfig: Setting CVar [[r.SkyAtmosphere.MultiScatteringLUT.SampleCount:15.0]]
[2022.06.07-07.48.36:768][  0]LogConfig: Setting CVar [[r.SkyLight.RealTimeReflectionCapture:1]]
[2022.06.07-07.48.36:768][  0]LogConfig: Applying CVar settings from Section [FoliageQuality@3] File [D:/UE4_Project/PMTutorial/Saved/Config/Windows/Scalability.ini]
[2022.06.07-07.48.36:768][  0]LogConfig: Setting CVar [[foliage.DensityScale:1.0]]
[2022.06.07-07.48.36:768][  0]LogConfig: Setting CVar [[grass.DensityScale:1.0]]
[2022.06.07-07.48.36:768][  0]LogConfig: Applying CVar settings from Section [ShadingQuality@3] File [D:/UE4_Project/PMTutorial/Saved/Config/Windows/Scalability.ini]
[2022.06.07-07.48.36:769][  0]LogConfig: Setting CVar [[r.HairStrands.SkyLighting.IntegrationType:2]]
[2022.06.07-07.48.36:769][  0]LogConfig: Setting CVar [[r.HairStrands.SkyAO.SampleCount:4]]
[2022.06.07-07.48.36:769][  0]LogConfig: Setting CVar [[r.HairStrands.Visibility.MSAA.SamplePerPixel:4]]
[2022.06.07-07.48.36:769][  0]LogInit: Selected Device Profile: [Windows]
[2022.06.07-07.48.36:769][  0]LogInit: Applying CVar settings loaded from the selected device profile: [Windows]
[2022.06.07-07.48.36:769][  0]LogHAL: Display: Platform has ~ 16 GB [17112915968 / 17179869184 / 16], which maps to Larger [LargestMinGB=32, LargerMinGB=12, DefaultMinGB=8, SmallerMinGB=6, SmallestMinGB=0)
[2022.06.07-07.48.36:769][  0]LogInit: Going up to parent DeviceProfile []
[2022.06.07-07.48.36:769][  0]LogConfig: Applying CVar settings from Section [ViewDistanceQuality@3] File [D:/UE4_Project/PMTutorial/Saved/Config/Windows/Scalability.ini]
[2022.06.07-07.48.36:769][  0]LogConfig: Setting CVar [[r.SkeletalMeshLODBias:0]]
[2022.06.07-07.48.36:769][  0]LogConfig: Setting CVar [[r.ViewDistanceScale:1.0]]
[2022.06.07-07.48.36:769][  0]LogConfig: Applying CVar settings from Section [AntiAliasingQuality@3] File [D:/UE4_Project/PMTutorial/Saved/Config/Windows/Scalability.ini]
[2022.06.07-07.48.36:769][  0]LogConfig: Setting CVar [[r.PostProcessAAQuality:4]]
[2022.06.07-07.48.36:769][  0]LogConfig: Applying CVar settings from Section [ShadowQuality@3] File [D:/UE4_Project/PMTutorial/Saved/Config/Windows/Scalability.ini]
[2022.06.07-07.48.36:769][  0]LogConfig: Setting CVar [[r.LightFunctionQuality:1]]
[2022.06.07-07.48.36:769][  0]LogConfig: Setting CVar [[r.ShadowQuality:5]]
[2022.06.07-07.48.36:769][  0]LogConfig: Setting CVar [[r.Shadow.CSM.MaxCascades:10]]
[2022.06.07-07.48.36:769][  0]LogConfig: Setting CVar [[r.Shadow.MaxResolution:2048]]
[2022.06.07-07.48.36:769][  0]LogConfig: Setting CVar [[r.Shadow.MaxCSMResolution:2048]]
[2022.06.07-07.48.36:769][  0]LogConfig: Setting CVar [[r.Shadow.RadiusThreshold:0.01]]
[2022.06.07-07.48.36:769][  0]LogConfig: Setting CVar [[r.Shadow.DistanceScale:1.0]]
[2022.06.07-07.48.36:770][  0]LogConfig: Setting CVar [[r.Shadow.CSM.TransitionScale:1.0]]
[2022.06.07-07.48.36:770][  0]LogConfig: Setting CVar [[r.Shadow.PreShadowResolutionFactor:1.0]]
[2022.06.07-07.48.36:770][  0]LogConfig: Setting CVar [[r.DistanceFieldShadowing:1]]
[2022.06.07-07.48.36:770][  0]LogConfig: Setting CVar [[r.DistanceFieldAO:1]]
[2022.06.07-07.48.36:770][  0]LogConfig: Setting CVar [[r.AOQuality:2]]
[2022.06.07-07.48.36:770][  0]LogConfig: Setting CVar [[r.VolumetricFog:1]]
[2022.06.07-07.48.36:770][  0]LogConfig: Setting CVar [[r.VolumetricFog.GridPixelSize:8]]
[2022.06.07-07.48.36:770][  0]LogConfig: Setting CVar [[r.VolumetricFog.GridSizeZ:128]]
[2022.06.07-07.48.36:770][  0]LogConfig: Setting CVar [[r.VolumetricFog.HistoryMissSupersampleCount:4]]
[2022.06.07-07.48.36:770][  0]LogConfig: Setting CVar [[r.LightMaxDrawDistanceScale:1]]
[2022.06.07-07.48.36:770][  0]LogConfig: Setting CVar [[r.CapsuleShadows:1]]
[2022.06.07-07.48.36:770][  0]LogConfig: Applying CVar settings from Section [PostProcessQuality@3] File [D:/UE4_Project/PMTutorial/Saved/Config/Windows/Scalability.ini]
[2022.06.07-07.48.36:770][  0]LogConfig: Setting CVar [[r.MotionBlurQuality:4]]
[2022.06.07-07.48.36:770][  0]LogConfig: Setting CVar [[r.AmbientOcclusionMipLevelFactor:0.4]]
[2022.06.07-07.48.36:770][  0]LogConfig: Setting CVar [[r.AmbientOcclusionMaxQuality:100]]
[2022.06.07-07.48.36:770][  0]LogConfig: Setting CVar [[r.AmbientOcclusionLevels:-1]]
[2022.06.07-07.48.36:770][  0]LogConfig: Setting CVar [[r.AmbientOcclusionRadiusScale:1.0]]
[2022.06.07-07.48.36:770][  0]LogConfig: Setting CVar [[r.DepthOfFieldQuality:2]]
[2022.06.07-07.48.36:770][  0]LogConfig: Setting CVar [[r.RenderTargetPoolMin:400]]
[2022.06.07-07.48.36:770][  0]LogConfig: Setting CVar [[r.LensFlareQuality:2]]
[2022.06.07-07.48.36:770][  0]LogConfig: Setting CVar [[r.SceneColorFringeQuality:1]]
[2022.06.07-07.48.36:771][  0]LogConfig: Setting CVar [[r.EyeAdaptationQuality:2]]
[2022.06.07-07.48.36:771][  0]LogConfig: Setting CVar [[r.BloomQuality:5]]
[2022.06.07-07.48.36:771][  0]LogConfig: Setting CVar [[r.FastBlurThreshold:100]]
[2022.06.07-07.48.36:771][  0]LogConfig: Setting CVar [[r.Upscale.Quality:3]]
[2022.06.07-07.48.36:771][  0]LogConfig: Setting CVar [[r.Tonemapper.GrainQuantization:1]]
[2022.06.07-07.48.36:771][  0]LogConfig: Setting CVar [[r.LightShaftQuality:1]]
[2022.06.07-07.48.36:771][  0]LogConfig: Setting CVar [[r.Filter.SizeScale:1]]
[2022.06.07-07.48.36:771][  0]LogConfig: Setting CVar [[r.Tonemapper.Quality:5]]
[2022.06.07-07.48.36:771][  0]LogConfig: Setting CVar [[r.DOF.Gather.AccumulatorQuality:1        ; higher gathering accumulator quality]]
[2022.06.07-07.48.36:771][  0]LogConfig: Setting CVar [[r.DOF.Gather.PostfilterMethod:1          ; Median3x3 postfilering method]]
[2022.06.07-07.48.36:771][  0]LogConfig: Setting CVar [[r.DOF.Gather.EnableBokehSettings:0       ; no bokeh simulation when gathering]]
[2022.06.07-07.48.36:771][  0]LogConfig: Setting CVar [[r.DOF.Gather.RingCount:4                 ; medium number of samples when gathering]]
[2022.06.07-07.48.36:771][  0]LogConfig: Setting CVar [[r.DOF.Scatter.ForegroundCompositing:1    ; additive foreground scattering]]
[2022.06.07-07.48.36:771][  0]LogConfig: Setting CVar [[r.DOF.Scatter.BackgroundCompositing:2    ; additive background scattering]]
[2022.06.07-07.48.36:771][  0]LogConfig: Setting CVar [[r.DOF.Scatter.EnableBokehSettings:1      ; bokeh simulation when scattering]]
[2022.06.07-07.48.36:771][  0]LogConfig: Setting CVar [[r.DOF.Scatter.MaxSpriteRatio:0.1         ; only a maximum of 10% of scattered bokeh]]
[2022.06.07-07.48.36:771][  0]LogConfig: Setting CVar [[r.DOF.Recombine.Quality:1                ; cheap slight out of focus]]
[2022.06.07-07.48.36:771][  0]LogConfig: Setting CVar [[r.DOF.Recombine.EnableBokehSettings:0    ; no bokeh simulation on slight out of focus]]
[2022.06.07-07.48.36:771][  0]LogConfig: Setting CVar [[r.DOF.TemporalAAQuality:1                ; more stable temporal accumulation]]
[2022.06.07-07.48.36:771][  0]LogConfig: Setting CVar [[r.DOF.Kernel.MaxForegroundRadius:0.025]]
[2022.06.07-07.48.36:771][  0]LogConfig: Setting CVar [[r.DOF.Kernel.MaxBackgroundRadius:0.025]]
[2022.06.07-07.48.36:772][  0]LogConfig: Applying CVar settings from Section [TextureQuality@3] File [D:/UE4_Project/PMTutorial/Saved/Config/Windows/Scalability.ini]
[2022.06.07-07.48.36:772][  0]LogConfig: Setting CVar [[r.Streaming.MipBias:0]]
[2022.06.07-07.48.36:772][  0]LogConfig: Setting CVar [[r.Streaming.AmortizeCPUToGPUCopy:0]]
[2022.06.07-07.48.36:772][  0]LogConfig: Setting CVar [[r.Streaming.MaxNumTexturesToStreamPerFrame:0]]
[2022.06.07-07.48.36:772][  0]LogConfig: Setting CVar [[r.Streaming.Boost:1]]
[2022.06.07-07.48.36:772][  0]LogConfig: Setting CVar [[r.MaxAnisotropy:8]]
[2022.06.07-07.48.36:772][  0]LogConfig: Setting CVar [[r.VT.MaxAnisotropy:8]]
[2022.06.07-07.48.36:772][  0]LogConfig: Setting CVar [[r.Streaming.LimitPoolSizeToVRAM:0]]
[2022.06.07-07.48.36:772][  0]LogConfig: Setting CVar [[r.Streaming.PoolSize:1000]]
[2022.06.07-07.48.36:772][  0]LogConfig: Setting CVar [[r.Streaming.MaxEffectiveScreenSize:0]]
[2022.06.07-07.48.36:772][  0]LogConfig: Applying CVar settings from Section [EffectsQuality@3] File [D:/UE4_Project/PMTutorial/Saved/Config/Windows/Scalability.ini]
[2022.06.07-07.48.36:772][  0]LogConfig: Setting CVar [[r.TranslucencyLightingVolumeDim:64]]
[2022.06.07-07.48.36:772][  0]LogConfig: Setting CVar [[r.RefractionQuality:2]]
[2022.06.07-07.48.36:772][  0]LogConfig: Setting CVar [[r.SSR.Quality:3]]
[2022.06.07-07.48.36:772][  0]LogConfig: Setting CVar [[r.SSR.HalfResSceneColor:0]]
[2022.06.07-07.48.36:772][  0]LogConfig: Setting CVar [[r.SceneColorFormat:4]]
[2022.06.07-07.48.36:772][  0]LogConfig: Setting CVar [[r.DetailMode:2]]
[2022.06.07-07.48.36:772][  0]LogConfig: Setting CVar [[r.TranslucencyVolumeBlur:1]]
[2022.06.07-07.48.36:772][  0]LogConfig: Setting CVar [[r.MaterialQualityLevel:1 ; High quality]]
[2022.06.07-07.48.36:772][  0]LogConfig: Setting CVar [[r.AnisotropicMaterials:1]]
[2022.06.07-07.48.36:772][  0]LogConfig: Setting CVar [[r.SSS.Scale:1]]
[2022.06.07-07.48.36:772][  0]LogConfig: Setting CVar [[r.SSS.SampleSet:2]]
[2022.06.07-07.48.36:772][  0]LogConfig: Setting CVar [[r.SSS.Quality:1]]
[2022.06.07-07.48.36:773][  0]LogConfig: Setting CVar [[r.SSS.HalfRes:0]]
[2022.06.07-07.48.36:773][  0]LogConfig: Setting CVar [[r.SSGI.Quality:3]]
[2022.06.07-07.48.36:773][  0]LogConfig: Setting CVar [[r.EmitterSpawnRateScale:1.0]]
[2022.06.07-07.48.36:773][  0]LogConfig: Setting CVar [[r.ParticleLightQuality:2]]
[2022.06.07-07.48.36:773][  0]LogConfig: Setting CVar [[r.SkyAtmosphere.AerialPerspectiveLUT.FastApplyOnOpaque:1 ; Always have FastSkyLUT 1 in this case to avoid wrong sky]]
[2022.06.07-07.48.36:773][  0]LogConfig: Setting CVar [[r.SkyAtmosphere.AerialPerspectiveLUT.SampleCountMaxPerSlice:4]]
[2022.06.07-07.48.36:773][  0]LogConfig: Setting CVar [[r.SkyAtmosphere.AerialPerspectiveLUT.DepthResolution:16.0]]
[2022.06.07-07.48.36:773][  0]LogConfig: Setting CVar [[r.SkyAtmosphere.FastSkyLUT:1]]
[2022.06.07-07.48.36:773][  0]LogConfig: Setting CVar [[r.SkyAtmosphere.FastSkyLUT.SampleCountMin:4.0]]
[2022.06.07-07.48.36:773][  0]LogConfig: Setting CVar [[r.SkyAtmosphere.FastSkyLUT.SampleCountMax:128.0]]
[2022.06.07-07.48.36:773][  0]LogConfig: Setting CVar [[r.SkyAtmosphere.SampleCountMin:4.0]]
[2022.06.07-07.48.36:773][  0]LogConfig: Setting CVar [[r.SkyAtmosphere.SampleCountMax:128.0]]
[2022.06.07-07.48.36:773][  0]LogConfig: Setting CVar [[r.SkyAtmosphere.TransmittanceLUT.UseSmallFormat:0]]
[2022.06.07-07.48.36:773][  0]LogConfig: Setting CVar [[r.SkyAtmosphere.TransmittanceLUT.SampleCount:10.0]]
[2022.06.07-07.48.36:773][  0]LogConfig: Setting CVar [[r.SkyAtmosphere.MultiScatteringLUT.SampleCount:15.0]]
[2022.06.07-07.48.36:773][  0]LogConfig: Setting CVar [[r.SkyLight.RealTimeReflectionCapture:1]]
[2022.06.07-07.48.36:773][  0]LogConfig: Applying CVar settings from Section [FoliageQuality@3] File [D:/UE4_Project/PMTutorial/Saved/Config/Windows/Scalability.ini]
[2022.06.07-07.48.36:773][  0]LogConfig: Setting CVar [[foliage.DensityScale:1.0]]
[2022.06.07-07.48.36:773][  0]LogConfig: Setting CVar [[grass.DensityScale:1.0]]
[2022.06.07-07.48.36:773][  0]LogConfig: Applying CVar settings from Section [ShadingQuality@3] File [D:/UE4_Project/PMTutorial/Saved/Config/Windows/Scalability.ini]
[2022.06.07-07.48.36:774][  0]LogConfig: Setting CVar [[r.HairStrands.SkyLighting.IntegrationType:2]]
[2022.06.07-07.48.36:774][  0]LogConfig: Setting CVar [[r.HairStrands.SkyAO.SampleCount:4]]
[2022.06.07-07.48.36:774][  0]LogConfig: Setting CVar [[r.HairStrands.Visibility.MSAA.SamplePerPixel:4]]
[2022.06.07-07.48.36:774][  0]LogConfig: Applying CVar settings from Section [Startup] File [../../../Engine/Config/ConsoleVariables.ini]
[2022.06.07-07.48.36:774][  0]LogConfig: Setting CVar [[net.UseAdaptiveNetUpdateFrequency:0]]
[2022.06.07-07.48.36:774][  0]LogConfig: Setting CVar [[p.chaos.AllowCreatePhysxBodies:1]]
[2022.06.07-07.48.36:774][  0]LogConfig: Setting CVar [[fx.SkipVectorVMBackendOptimizations:1]]
[2022.06.07-07.48.36:774][  0]LogConfig: Applying CVar settings from Section [ConsoleVariables] File [D:/UE4_Project/PMTutorial/Saved/Config/Windows/Engine.ini]
[2022.06.07-07.48.36:774][  0]LogConfig: Applying CVar settings from Section [ConsoleVariables] File [D:/UE4_Project/PMTutorial/Saved/Config/Windows/Editor.ini]
[2022.06.07-07.48.36:774][  0]LogInit: Computer: AIWAN-JAN
[2022.06.07-07.48.36:774][  0]LogInit: User: jan
[2022.06.07-07.48.36:774][  0]LogInit: CPU Page size=4096, Cores=4
[2022.06.07-07.48.36:774][  0]LogInit: High frequency timer resolution =10.000000 MHz
[2022.06.07-07.48.36:774][  0]LogMemory: Memory total: Physical=15.9GB (16GB approx)
[2022.06.07-07.48.36:775][  0]LogMemory: Platform Memory Stats for Windows
[2022.06.07-07.48.36:775][  0]LogMemory: Process Physical Memory: 145.29 MB used, 145.29 MB peak
[2022.06.07-07.48.36:775][  0]LogMemory: Process Virtual Memory: 115.07 MB used, 115.07 MB peak
[2022.06.07-07.48.36:775][  0]LogMemory: Physical Memory: 11175.07 MB used,  5145.08 MB free, 16320.15 MB total
[2022.06.07-07.48.36:775][  0]LogMemory: Virtual Memory: 134210040.00 MB used,  7687.71 MB free, 134217728.00 MB total
[2022.06.07-07.48.36:791][  0]LogWindows: WindowsPlatformFeatures enabled
[2022.06.07-07.48.36:916][  0]LogInit: Physics initialised using underlying interface: PhysX
[2022.06.07-07.48.36:917][  0]LogInit: Overriding language with editor language configuration option (zh-Hans).
[2022.06.07-07.48.36:917][  0]LogInit: Overriding language with editor locale configuration option (zh-Hans).
[2022.06.07-07.48.37:043][  0]LogTextLocalizationResource: LocRes '../../../Engine/Content/Localization/Editor/zh/Editor.locres' could not be opened for reading!
[2022.06.07-07.48.37:044][  0]LogTextLocalizationResource: LocRes '../../../Engine/Content/Localization/EditorTutorials/zh/EditorTutorials.locres' could not be opened for reading!
[2022.06.07-07.48.37:044][  0]LogTextLocalizationResource: LocRes '../../../Engine/Content/Localization/Keywords/zh/Keywords.locres' could not be opened for reading!
[2022.06.07-07.48.37:044][  0]LogTextLocalizationResource: LocRes '../../../Engine/Content/Localization/Category/zh/Category.locres' could not be opened for reading!
[2022.06.07-07.48.37:044][  0]LogTextLocalizationResource: LocRes '../../../Engine/Content/Localization/ToolTips/zh/ToolTips.locres' could not be opened for reading!
[2022.06.07-07.48.37:044][  0]LogTextLocalizationResource: LocRes '../../../Engine/Content/Localization/PropertyNames/zh/PropertyNames.locres' could not be opened for reading!
[2022.06.07-07.48.37:044][  0]LogTextLocalizationResource: LocRes '../../../Engine/Content/Localization/Engine/zh/Engine.locres' could not be opened for reading!
[2022.06.07-07.48.37:044][  0]LogTextLocalizationResource: LocRes '../../../Engine/Plugins/Online/OnlineSubsystem/Content/Localization/OnlineSubsystem/zh/OnlineSubsystem.locres' could not be opened for reading!
[2022.06.07-07.48.37:044][  0]LogTextLocalizationResource: LocRes '../../../Engine/Plugins/Online/OnlineSubsystemUtils/Content/Localization/OnlineSubsystemUtils/zh/OnlineSubsystemUtils.locres' could not be opened for reading!
[2022.06.07-07.48.37:045][  0]LogTextLocalizationResource: LocRes '../../../Engine/Plugins/Online/Android/OnlineSubsystemGooglePlay/Content/Localization/OnlineSubsystemGooglePlay/zh/OnlineSubsystemGooglePlay.locres' could not be opened for reading!
[2022.06.07-07.48.37:045][  0]LogTextLocalizationResource: LocRes '../../../Engine/Plugins/Online/IOS/OnlineSubsystemIOS/Content/Localization/OnlineSubsystemIOS/zh/OnlineSubsystemIOS.locres' could not be opened for reading!
[2022.06.07-07.48.37:102][  0]LogInit: Setting process to per monitor DPI aware
[2022.06.07-07.48.37:142][  0]LogWindowsTextInputMethodSystem: Display: IME system deactivated.
[2022.06.07-07.48.37:170][  0]LogSlate: New Slate User Created.  User Index 0, Is Virtual User: 0
[2022.06.07-07.48.37:170][  0]LogSlate: Slate User Registered.  User Index 0, Is Virtual User: 0
[2022.06.07-07.48.37:294][  0]LogD3D11RHI: Loaded GFSDK_Aftermath_Lib.x64.dll
[2022.06.07-07.48.37:301][  0]LogHMD: Failed to initialize OpenVR with code 110
[2022.06.07-07.48.37:301][  0]LogD3D11RHI: D3D11 min allowed feature level: 11_0
[2022.06.07-07.48.37:301][  0]LogD3D11RHI: D3D11 max allowed feature level: 11_0
[2022.06.07-07.48.37:301][  0]LogD3D11RHI: D3D11 adapters:
[2022.06.07-07.48.37:416][  0]LogD3D11RHI:    0. 'NVIDIA GeForce GTX 1070' (Feature Level 11_0)
[2022.06.07-07.48.37:416][  0]LogD3D11RHI:       8088/0/8160 MB DedicatedVideo/DedicatedSystem/SharedSystem, Outputs:2, VendorId:0x10de
[2022.06.07-07.48.37:421][  0]LogD3D11RHI:    1. 'Microsoft Basic Render Driver' (Feature Level 11_0)
[2022.06.07-07.48.37:421][  0]LogD3D11RHI:       0/0/8160 MB DedicatedVideo/DedicatedSystem/SharedSystem, Outputs:0, VendorId:0x1414
[2022.06.07-07.48.37:421][  0]LogD3D11RHI: Chosen D3D11 Adapter:
[2022.06.07-07.48.37:421][  0]LogD3D11RHI:     Description : NVIDIA GeForce GTX 1070
[2022.06.07-07.48.37:421][  0]LogD3D11RHI:     VendorId    : 10de
[2022.06.07-07.48.37:421][  0]LogD3D11RHI:     DeviceId    : 1b81
[2022.06.07-07.48.37:421][  0]LogD3D11RHI:     SubSysId    : 144119da
[2022.06.07-07.48.37:421][  0]LogD3D11RHI:     Revision    : 00a1
[2022.06.07-07.48.37:421][  0]LogD3D11RHI:     DedicatedVideoMemory : 8480882688 bytes
[2022.06.07-07.48.37:421][  0]LogD3D11RHI:     DedicatedSystemMemory : 0 bytes
[2022.06.07-07.48.37:422][  0]LogD3D11RHI:     SharedSystemMemory : 8556457984 bytes
[2022.06.07-07.48.37:422][  0]LogD3D11RHI:     AdapterLuid : 0 44154
[2022.06.07-07.48.37:428][  0]LogD3D11RHI: Creating new Direct3DDevice
[2022.06.07-07.48.37:429][  0]LogD3D11RHI:     GPU DeviceId: 0x1b81 (for the marketing name, search the web for "GPU Device Id")
[2022.06.07-07.48.37:429][  0]LogWindows: EnumDisplayDevices:
[2022.06.07-07.48.37:429][  0]LogWindows:    0. 'NVIDIA GeForce GTX 1070' (P:0 D:1)
[2022.06.07-07.48.37:430][  0]LogWindows:    1. 'NVIDIA GeForce GTX 1070' (P:1 D:1)
[2022.06.07-07.48.37:430][  0]LogWindows:    2. 'NVIDIA GeForce GTX 1070' (P:0 D:0)
[2022.06.07-07.48.37:431][  0]LogWindows:    3. 'NVIDIA GeForce GTX 1070' (P:0 D:0)
[2022.06.07-07.48.37:432][  0]LogWindows: DebugString: FoundDriverCount:4 
[2022.06.07-07.48.37:432][  0]LogD3D11RHI:     Adapter Name: NVIDIA GeForce GTX 1070
[2022.06.07-07.48.37:432][  0]LogD3D11RHI:   Driver Version: 456.71 (internal:27.21.14.5671, unified:456.71)
[2022.06.07-07.48.37:432][  0]LogD3D11RHI:      Driver Date: 9-30-2020
[2022.06.07-07.48.37:432][  0]LogRHI: Texture pool is 5661 MB (70% of 8088 MB)
[2022.06.07-07.48.37:432][  0]LogD3D11RHI: Creating D3DDevice using adapter:
[2022.06.07-07.48.37:432][  0]LogD3D11RHI:     Description : NVIDIA GeForce GTX 1070
[2022.06.07-07.48.37:432][  0]LogD3D11RHI:     VendorId    : 10de
[2022.06.07-07.48.37:432][  0]LogD3D11RHI:     DeviceId    : 1b81
[2022.06.07-07.48.37:432][  0]LogD3D11RHI:     SubSysId    : 144119da
[2022.06.07-07.48.37:432][  0]LogD3D11RHI:     Revision    : 00a1
[2022.06.07-07.48.37:432][  0]LogD3D11RHI:     DedicatedVideoMemory : 8480882688 bytes
[2022.06.07-07.48.37:432][  0]LogD3D11RHI:     DedicatedSystemMemory : 0 bytes
[2022.06.07-07.48.37:432][  0]LogD3D11RHI:     SharedSystemMemory : 8556457984 bytes
[2022.06.07-07.48.37:432][  0]LogD3D11RHI:     AdapterLuid : 0 44154
[2022.06.07-07.48.37:498][  0]LogD3D11RHI: RHI has support for 64 bit atomics
[2022.06.07-07.48.37:498][  0]LogD3D11RHI: Async texture creation enabled
[2022.06.07-07.48.37:499][  0]LogD3D11RHI: Array index from any shader is supported
[2022.06.07-07.48.37:521][  0]LogD3D11RHI: GPU Timing Frequency: 1000.000000 (Debug: 2 1)
[2022.06.07-07.48.37:591][  0]LogRHI: GeForceNow SDK initialized: 1
[2022.06.07-07.48.37:942][  0]LogTargetPlatformManager: Display: Loaded TargetPlatform 'AllDesktop'
[2022.06.07-07.48.37:965][  0]LogTargetPlatformManager: Display: Loaded TargetPlatform 'Android'
[2022.06.07-07.48.37:966][  0]LogTargetPlatformManager: Display: Loaded TargetPlatform 'Android_ASTC'
[2022.06.07-07.48.37:966][  0]LogTargetPlatformManager: Display: Loaded TargetPlatform 'Android_DXT'
[2022.06.07-07.48.37:966][  0]LogTargetPlatformManager: Display: Loaded TargetPlatform 'Android_ETC2'
[2022.06.07-07.48.37:966][  0]LogTargetPlatformManager: Display: Loaded TargetPlatform 'AndroidClient'
[2022.06.07-07.48.37:966][  0]LogTargetPlatformManager: Display: Loaded TargetPlatform 'Android_ASTCClient'
[2022.06.07-07.48.37:966][  0]LogTargetPlatformManager: Display: Loaded TargetPlatform 'Android_DXTClient'
[2022.06.07-07.48.37:966][  0]LogTargetPlatformManager: Display: Loaded TargetPlatform 'Android_ETC2Client'
[2022.06.07-07.48.37:966][  0]LogTargetPlatformManager: Display: Loaded TargetPlatform 'Android_Multi'
[2022.06.07-07.48.37:966][  0]LogTargetPlatformManager: Display: Loaded TargetPlatform 'Android_MultiClient'
[2022.06.07-07.48.37:993][  0]LogTargetPlatformManager: Display: Loaded TargetPlatform 'IOSClient'
[2022.06.07-07.48.37:993][  0]LogTargetPlatformManager: Display: Loaded TargetPlatform 'IOS'
[2022.06.07-07.48.38:003][  0]LogTargetPlatformManager: Display: Loaded TargetPlatform 'Linux'
[2022.06.07-07.48.38:011][  0]LogTargetPlatformManager: Display: Loaded TargetPlatform 'LinuxNoEditor'
[2022.06.07-07.48.38:017][  0]LogTargetPlatformManager: Display: Loaded TargetPlatform 'LinuxClient'
[2022.06.07-07.48.38:023][  0]LogTargetPlatformManager: Display: Loaded TargetPlatform 'LinuxServer'
[2022.06.07-07.48.38:034][  0]LogTargetPlatformManager: Display: Loaded TargetPlatform 'LinuxAArch64NoEditor'
[2022.06.07-07.48.38:042][  0]LogTargetPlatformManager: Display: Loaded TargetPlatform 'LinuxAArch64Client'
[2022.06.07-07.48.38:049][  0]LogTargetPlatformManager: Display: Loaded TargetPlatform 'LinuxAArch64Server'
[2022.06.07-07.48.38:078][  0]LogTargetPlatformManager: Display: Loaded TargetPlatform 'Lumin'
[2022.06.07-07.48.38:078][  0]LogTargetPlatformManager: Display: Loaded TargetPlatform 'LuminClient'
[2022.06.07-07.48.38:088][  0]LogTargetPlatformManager: Display: Loaded TargetPlatform 'MacNoEditor'
[2022.06.07-07.48.38:094][  0]LogTargetPlatformManager: Display: Loaded TargetPlatform 'Mac'
[2022.06.07-07.48.38:103][  0]LogTargetPlatformManager: Display: Loaded TargetPlatform 'MacClient'
[2022.06.07-07.48.38:108][  0]LogTargetPlatformManager: Display: Loaded TargetPlatform 'MacServer'
[2022.06.07-07.48.38:119][  0]LogTargetPlatformManager: Display: Loaded TargetPlatform 'TVOSClient'
[2022.06.07-07.48.38:119][  0]LogTargetPlatformManager: Display: Loaded TargetPlatform 'TVOS'
[2022.06.07-07.48.38:129][  0]LogTargetPlatformManager: Display: Loaded TargetPlatform 'WindowsNoEditor'
[2022.06.07-07.48.38:136][  0]LogTargetPlatformManager: Display: Loaded TargetPlatform 'Windows'
[2022.06.07-07.48.38:142][  0]LogTargetPlatformManager: Display: Loaded TargetPlatform 'WindowsClient'
[2022.06.07-07.48.38:149][  0]LogTargetPlatformManager: Display: Loaded TargetPlatform 'WindowsServer'
[2022.06.07-07.48.38:149][  0]LogTargetPlatformManager: Display: Building Assets For Windows
[2022.06.07-07.48.38:165][  0]LogAudioDebug: Display: Lib vorbis DLL was dynamically loaded.
[2022.06.07-07.48.38:219][  0]LogTextureFormatOodle: Display: Oodle Texture 2.9.0 init RDO Off
[2022.06.07-07.48.38:287][  0]LogRendererCore: Ray tracing is disabled. Reason: r.RayTracing=0.
[2022.06.07-07.48.38:288][  0]LogShaderCompilers: Guid format shader working directory is 18 characters bigger than the processId version (D:/UE4_Project/PMTutorial/Intermediate/Shaders/WorkingDirectory/14468/).
[2022.06.07-07.48.38:288][  0]LogShaderCompilers: Cleaned the shader compiler working directory 'C:/Users/jan/AppData/Local/Temp/UnrealShaderWorkingDir/57BCB4504DF16C602BCF0FA18359F3CE/'.
[2022.06.07-07.48.38:288][  0]LogXGEController: Cannot use XGE Controller as Incredibuild is not installed on this machine.
[2022.06.07-07.48.38:288][  0]LogShaderCompilers: Cannot use XGE Shader Compiler as Incredibuild is not installed on this machine.
[2022.06.07-07.48.38:288][  0]LogShaderCompilers: Display: Using Local Shader Compiler.
[2022.06.07-07.48.39:006][  0]LogDerivedDataCache: Display: Max Cache Size: 512 MB
[2022.06.07-07.48.39:062][  0]LogDerivedDataCache: Loaded boot cache 0.06s 94MB C:/Users/jan/AppData/Local/UnrealEngine/4.27/DerivedDataCache/Boot.ddc.
[2022.06.07-07.48.39:062][  0]LogDerivedDataCache: Display: Loaded Boot cache: C:/Users/jan/AppData/Local/UnrealEngine/4.27/DerivedDataCache/Boot.ddc
[2022.06.07-07.48.39:063][  0]LogDerivedDataCache: FDerivedDataBackendGraph:  Pak pak cache file D:/UE4_Project/PMTutorial/DerivedDataCache/DDC.ddp not found, will not use a pak cache.
[2022.06.07-07.48.39:063][  0]LogDerivedDataCache: Unable to find inner node Pak for hierarchical cache Hierarchy.
[2022.06.07-07.48.39:063][  0]LogDerivedDataCache: FDerivedDataBackendGraph:  CompressedPak pak cache file D:/UE4_Project/PMTutorial/DerivedDataCache/Compressed.ddp not found, will not use a pak cache.
[2022.06.07-07.48.39:063][  0]LogDerivedDataCache: Unable to find inner node CompressedPak for hierarchical cache Hierarchy.
[2022.06.07-07.48.39:079][  0]LogDerivedDataCache: Display: Pak cache opened for reading ../../../Engine/DerivedDataCache/Compressed.ddp.
[2022.06.07-07.48.39:079][  0]LogDerivedDataCache: FDerivedDataBackendGraph:  EnterprisePak pak cache file ../../../Enterprise/DerivedDataCache/Compressed.ddp not found, will not use a pak cache.
[2022.06.07-07.48.39:079][  0]LogDerivedDataCache: Unable to find inner node EnterprisePak for hierarchical cache Hierarchy.
[2022.06.07-07.48.39:088][  0]LogDerivedDataCache: Speed tests for C:/Users/jan/AppData/Local/UnrealEngine/Common/DerivedDataCache took 0.01 seconds
[2022.06.07-07.48.39:088][  0]LogDerivedDataCache: Display: Performance to C:/Users/jan/AppData/Local/UnrealEngine/Common/DerivedDataCache: Latency=0.03ms. RandomReadSpeed=1241.07MBs, RandomWriteSpeed=129.43MBs. Assigned SpeedClass 'Local'
[2022.06.07-07.48.39:089][  0]LogDerivedDataCache: Using Local data cache path C:/Users/jan/AppData/Local/UnrealEngine/Common/DerivedDataCache: Writable
[2022.06.07-07.48.39:089][  0]LogDerivedDataCache: Shared data cache path not found in *engine.ini, will not use an Shared cache.
[2022.06.07-07.48.39:089][  0]LogDerivedDataCache: Unable to find inner node Shared for hierarchical cache Hierarchy.
[2022.06.07-07.48.39:137][  0]LogSlate: Using FreeType 2.10.0
[2022.06.07-07.48.39:138][  0]LogSlate: SlateFontServices - WITH_FREETYPE: 1, WITH_HARFBUZZ: 1
[2022.06.07-07.48.39:168][  0]LogAssetRegistry: FAssetRegistry took 0.0047 seconds to start up
[2022.06.07-07.48.39:400][  0]LogInit: Selected Device Profile: [Windows]
[2022.06.07-07.48.39:400][  0]LogInit: Active device profile: [00000181EBF93900][00000181E04B7600 49] Windows
[2022.06.07-07.48.39:401][  0]LogInit: Profiles: [00000181EBF93900][00000181E04B7600 49] Windows, [00000181EBF4C900][00000181E96D1780 49] WindowsNoEditor, [00000181EBF90800][00000181E985D900 49] WindowsServer, [00000181EBF4F800][00000181DCEC5A80 49] WindowsClient, [00000181EBF93700][00000181DB16BC00 49] IOS, [00000181EBF4CC00][00000181E0326200 49] iPadAir, [00000181EBF90B00][00000181E032A380 49] iPadAir2, [00000181EBEFC900][00000181EA92A600 49] IPadPro, [00000181EBEFCA00][00000181EAE7A640 49] iPadAir3, [00000181EBF93400][00000181EAE7E780 49] iPadAir4, [00000181EBEFFC00][00000181EAE828C0 49] iPadMini2, [00000181EBF90C00][00000181EAE8AA40 49] iPadMini3, [00000181EBEFD700][00000181EAE8EBC0 49] iPadMini4, [00000181EBF92E00][00000181EB064D40 49] iPadMini5, [00000181EBF4EF00][00000181EB06D000 49] iPhone6, [00000181EBF4EE00][00000181EB069040 49] iPodTouch6, [00000181EBEEFF00][00000181EB075300 49] iPhone7, [00000181EBEEFE00][00000181EB071340 49] iPodTouch7, [00000181EBF4E700][00000181EB0794C0 49] iPhone5S, [00000181EBEECC00][00000181EB07D640 49] iPhone6Plus, [00000181EBF4CE00][00000181D19C37C0 49] iPhone6S, [00000181EBEEF100][00000181D19C7940 49] iPhone6SPlus, [00000181EBF4C400][00000181D19CBAC0 49] iPhone7Plus, [00000181EBEED200][00000181D19CE0C0 49] iPhoneSE, [00000181EBF4E400][00000181D19D2240 49] iPhone8, [00000181EBEEEC00][00000181D19D63C0 49] iPhone8Plus, [00000181EBF4D200][00000181D19DA540 49] iPhoneX, [00000181EBEED700][00000181D19DE6C0 49] iPhoneXS, [00000181EBF4DF00][00000181EAE86800 49] iPhoneXSMax, [00000181EBEEE700][00000181D19E2940 49] iPhoneXR, [00000181EBF4D400][00000181E982EA80 49] iPhone11, [00000181EBEEF200][00000181E9832BC0 49] iPhone11Pro, [00000181EBF4EC00][00000181E983AD40 49] iPhone11ProMax, [00000181EBEEF300][00000181E983EEC0 49] iPhoneSE2, [00000181EBF4FA00][00000181E9843040 49] iPhone12Mini, [00000181EBEED500][00000181E98471C0 49] iPhone12, [00000181EBF4FD00][00000181E984B340 49] iPhone12Pro, [00000181EBEEC600][00000181E984F4C0 49] iPhone12ProMax, [00000181EBF4C800][00000181E9853640 49] iPadPro105, [00000181EBEECA00][00000181E98577C0 49] iPadPro129, [00000181EBF4E500][00000181E9771940 49] iPadPro97, [00000181EBEEED00][00000181E9775AC0 49] iPadPro2_129, [00000181EBF4CD00][00000181E97780C0 49] iPad5, [00000181EBEEC800][00000181E977C240 49] iPad6, [00000181EBF4F200][00000181E97803C0 49] iPad7, [00000181EBEEE000][00000181E9784540 49] iPad8, [00000181EBF4C500][00000181E97886C0 49] iPadPro11, [00000181EBEEE100][00000181E978C840 49] iPadPro2_11, [00000181EBF4FF00][00000181E9836980 49] iPadPro3_129, [00000181EBEED000][00000181E9790AC0 49] iPadPro4_129, [00000181EBF4F700][00000181E9794C00 49] AppleTV, [00000181EBEEF500][00000181E9798D40 49] AppleTV4K, [00000181EBF4C100][00000181E97A0EC0 49] TVOS, [00000181EBEEC500][00000181E97A5040 49] Mac, [00000181EBF4CA00][00000181EAB851C0 49] MacClient, [00000181EBEEF900][00000181EAB89340 49] MacNoEditor, [00000181EBF4F500][00000181EAB8D4C0 49] MacServer, [00000181EBEEE900][00000181EAB91640 49] Linux, [00000181EBF4C300][00000181EAB957C0 49] LinuxAArch64, [00000181EBEED100][00000181EAB99940 49] LinuxNoEditor, [00000181EBF4F600][00000181EAB9DAC0 49] LinuxAArch64NoEditor, [00000181EBEEF800][00000181EABA00C0 49] LinuxClient, [00000181EBF4DE00][00000181EABA4240 49] LinuxAArch64Client, [00000181EBEEE500][00000181EABA83C0 49] LinuxServer, [00000181EBF4E000][00000181EABAC540 49] LinuxAArch64Server, [00000181EBEED800][00000181EABB06C0 49] Android, [00000181EBF4F900][00000181EABB4840 49] Android_Low, [00000181EBEEEB00][00000181EABB89C0 49] Android_Mid, [00000181EBEFF900][00000181EABBCB40 49] Android_High, [00000181EBFC8100][00000181E979CC80 49] Android_Default, [00000181EBEFF600][00000181E035CDC0 49] Android_Adreno4xx, [00000181EBFC9600][00000181E0360F00 49] Android_Adreno5xx_Low, [00000181EBEFCD00][00000181E0369080 49] Android_Adreno5xx, [00000181EBFC9200][00000181E036D200 49] Android_Adreno6xx, [00000181EBEFD500][00000181E0371380 49] Android_Adreno6xx_Vulkan, [00000181EBFC9300][00000181E0375500 49] Android_Mali_T6xx, [00000181EBEFFE00][00000181E0379680 49] Android_Mali_T7xx, [00000181EBFCA200][00000181E037D800 49] Android_Mali_T8xx, [00000181EBEFE300][00000181E0381980 49] Android_Mali_G71, [00000181EBFC8700][00000181E0385B00 49] Android_Mali_G72, [00000181EBEFE100][00000181E0388100 49] Android_Mali_G72_Vulkan, [00000181EBFC9B00][00000181E038C280 49] Android_Mali_G76, [00000181EBEFF700][00000181E0390400 49] Android_Mali_G76_Vulkan, [00000181EBFCA500][00000181E0394580 49] Android_Mali_G77, [00000181EBEFC600][00000181E0398700 49] Android_Mali_G77_Vulkan, [00000181EBFC8D00][00000181EAF4E880 49] Android_Mali_G78, [00000181EBEFEF00][00000181EAF52A00 49] Android_Mali_G78_Vulkan, [00000181EBFC9C00][00000181EAF56B80 49] Android_Mali_G710, [00000181EBEFEB00][00000181EAF5AD00 49] Android_Mali_G710_Vulkan, [00000181EBFC8F00][00000181E0364E40 49] Android_Vulkan_SM5, [00000181EBEFE800][00000181EAF5EF80 49] Android_PowerVR_G6xxx, [00000181EBFCA100][00000181EAF630C0 49] Android_PowerVR_GT7xxx, [00000181EBEEC900][00000181EAF6B240 49] Android_PowerVR_GE8xxx, [00000181EBF4E300][00000181EAF6F3C0 49] Android_PowerVR_GM9xxx, [00000181EBEEC100][00000181EAF73540 49] Android_PowerVR_GM9xxx_Vulkan, [00000181EBF4EB00][00000181EAF776C0 49] Android_TegraK1, [00000181EBEEC200][00000181EAF7B840 49] Android_Unknown_Vulkan, [00000181EBF4C700][00000181EAF7F9C0 49] Lumin, [00000181EBEECE00][00000181EAF83B40 49] Lumin_Desktop, [00000181EBF4C600][00000181EAF86140 49] HoloLens, 
[2022.06.07-07.48.39:562][  0]LogMeshReduction: Using QuadricMeshReduction for automatic static mesh reduction
[2022.06.07-07.48.39:562][  0]LogMeshReduction: Using SimplygonMeshReduction for automatic skeletal mesh reduction
[2022.06.07-07.48.39:562][  0]LogMeshReduction: Using ProxyLODMeshReduction for automatic mesh merging
[2022.06.07-07.48.39:562][  0]LogMeshReduction: No distributed automatic mesh merging module available
[2022.06.07-07.48.39:562][  0]LogMeshMerging: No distributed automatic mesh merging module available
[2022.06.07-07.48.39:585][  0]LogNetVersion: PMTutorial 1.0.0, NetCL: 17155196, EngineNetVer: 17, GameNetVer: 0 (Checksum: 3422132310)
[2022.06.07-07.48.39:958][  0]LogTexture: Default maximum texture size for cubemaps generated from long-lat sources has been changed from 512 to unlimited. In order to preserve old behaiour for '/Engine/MapTemplates/Sky/DaylightAmbientCubemap.DaylightAmbientCubemap', its maximum texture size has been explicitly set to 512.
[2022.06.07-07.48.40:018][  0]LogHMD: PokeAHoleMaterial loaded successfully
[2022.06.07-07.48.40:024][  0]LogUObjectArray: 17178 objects as part of root set at end of initial load.
[2022.06.07-07.48.40:024][  0]LogUObjectAllocator: 4302048 out of 0 bytes used by permanent object pool.
[2022.06.07-07.48.40:024][  0]LogUObjectArray: CloseDisregardForGC: 0/0 objects in disregard for GC pool
[2022.06.07-07.48.40:435][  0]LogPython: Using Python 3.7.7
[2022.06.07-07.48.40:946][  0]LogNiagaraDebuggerClient: Niagara Debugger Client Initialized | Session: 1E8C16A74832A7C0E15B5685AFDDEEF7 | Instance: AC7ECBD7415CD0A27463D6991E760435 (AIWAN-JAN-14468).
[2022.06.07-07.48.41:133][  0]LogTcpMessaging: Initializing TcpMessaging bridge
[2022.06.07-07.48.41:143][  0]LogUdpMessaging: Initializing bridge on interface 0.0.0.0:0 to multicast group 230.0.0.1:6666.
[2022.06.07-07.48.41:395][  0]SourceControl: 源码管理已禁用
[2022.06.07-07.48.41:395][  0]SourceControl: 源码管理已禁用
[2022.06.07-07.48.41:401][  0]SourceControl: 源码管理已禁用
[2022.06.07-07.48.41:407][  0]SourceControl: 源码管理已禁用
[2022.06.07-07.48.41:424][  0]SourceControl: 源码管理已禁用
[2022.06.07-07.48.41:440][  0]LogUProjectInfo: Found projects:
[2022.06.07-07.48.41:737][  0]LogOpenImageDenoise: OIDN starting up
[2022.06.07-07.48.41:788][  0]LogAndroidPermission: UAndroidPermissionCallbackProxy::GetInstance
[2022.06.07-07.48.41:827][  0]LogAudioCaptureCore: Display: No Audio Capture implementations found. Audio input will be silent.
[2022.06.07-07.48.41:827][  0]LogAudioCaptureCore: Display: No Audio Capture implementations found. Audio input will be silent.
[2022.06.07-07.48.42:011][  0]LogCollectionManager: Loaded 0 collections in 0.000661 seconds
[2022.06.07-07.48.42:046][  0]LogFileCache: Scanning file cache for directory 'D:/UE4_Project/PMTutorial/Saved/Collections/' took 0.00s
[2022.06.07-07.48.42:046][  0]LogFileCache: Scanning file cache for directory 'D:/UE4_Project/PMTutorial/Content/Developers/jan/Collections/' took 0.00s
[2022.06.07-07.48.42:046][  0]LogFileCache: Scanning file cache for directory 'D:/UE4_Project/PMTutorial/Content/Collections/' took 0.00s
[2022.06.07-07.48.42:046][  0]LogOcInput: OculusInput pre-init called
[2022.06.07-07.48.42:304][  0]LogEngine: Initializing Engine...
[2022.06.07-07.48.42:308][  0]LogHMD: Failed to enumerate extensions. Please check that you have a valid OpenXR runtime installed.
[2022.06.07-07.48.42:308][  0]LogHMD: Failed to initialize OpenVR with code 110
[2022.06.07-07.48.42:308][  0]LogMagicLeap: Warning: VR disabled because ZI is not enabled.  To enable, in the editor, Edit -> Project Settings -> Plugins -> Magic Leap Plugin -> Enable Zero Iteration
[2022.06.07-07.48.42:309][  0]LogStats: UGameplayTagsManager::InitializeManager -  0.000 s
[2022.06.07-07.48.42:425][  0]LogInit: Initializing FReadOnlyCVARCache
[2022.06.07-07.48.42:436][  0]LogAIModule: Creating AISystem for world Untitled
[2022.06.07-07.48.42:453][  0]LogAudio: Display: Initializing Audio Device Manager...
[2022.06.07-07.48.42:459][  0]LogAudio: Display: Loading Default Audio Settings Objects...
[2022.06.07-07.48.42:460][  0]LogAudio: Display: No default SoundConcurrencyObject specified (or failed to load).
[2022.06.07-07.48.42:461][  0]LogAudio: Display: Audio Device Manager Initialized
[2022.06.07-07.48.42:461][  0]LogAudio: Display: Creating Audio Device:                 Id: 1, Scope: Shared, Realtime: True
[2022.06.07-07.48.42:461][  0]LogAudioMixer: Display: Audio Mixer Platform Settings:
[2022.06.07-07.48.42:461][  0]LogAudioMixer: Display: 	Sample Rate:						  48000
[2022.06.07-07.48.42:461][  0]LogAudioMixer: Display: 	Callback Buffer Frame Size Requested: 1024
[2022.06.07-07.48.42:461][  0]LogAudioMixer: Display: 	Callback Buffer Frame Size To Use:	  1024
[2022.06.07-07.48.42:461][  0]LogAudioMixer: Display: 	Number of buffers to queue:			  2
[2022.06.07-07.48.42:461][  0]LogAudioMixer: Display: 	Max Channels (voices):				  32
[2022.06.07-07.48.42:461][  0]LogAudioMixer: Display: 	Number of Async Source Workers:		  0
[2022.06.07-07.48.42:461][  0]LogAudio: Display: AudioDevice MaxSources: 32
[2022.06.07-07.48.42:462][  0]LogAudio: Display: Audio Spatialization Plugin: None (built-in).
[2022.06.07-07.48.42:462][  0]LogAudio: Display: Audio Reverb Plugin: None (built-in).
[2022.06.07-07.48.42:462][  0]LogAudio: Display: Audio Occlusion Plugin: None (built-in).
[2022.06.07-07.48.42:462][  0]LogAudioMixer: Display: Initializing audio mixer.
[2022.06.07-07.48.42:487][  0]LogAudioMixer: Display: 0: FrontLeft
[2022.06.07-07.48.42:488][  0]LogAudioMixer: Display: 1: FrontRight
[2022.06.07-07.48.42:527][  0]LogAudioMixer: Display: Using Audio Device 耳机 (Earbuds X1 Stereo)
[2022.06.07-07.48.42:533][  0]LogAudioMixer: Display: Initializing Sound Submixes...
[2022.06.07-07.48.42:534][  0]LogAudioMixer: Display: Creating Master Submix 'MasterSubmixDefault'
[2022.06.07-07.48.42:534][  0]LogAudioMixer: Display: Creating Master Submix 'MasterReverbSubmixDefault'
[2022.06.07-07.48.42:535][  0]LogAudioMixer: Display: Creating Master Submix 'MasterEQSubmixDefault'
[2022.06.07-07.48.42:536][  0]LogAudioMixer: FMixerPlatformXAudio2::StartAudioStream() called
[2022.06.07-07.48.42:536][  0]LogAudioMixer: Display: Output buffers initialized: Frames=1024, Channels=2, Samples=2048
[2022.06.07-07.48.42:538][  0]LogAudioMixer: Display: Starting AudioMixerPlatformInterface::RunInternal()
[2022.06.07-07.48.42:538][  0]LogAudioMixer: Display: FMixerPlatformXAudio2::SubmitBuffer() called for the first time
[2022.06.07-07.48.42:538][  0]LogInit: FAudioDevice initialized.
[2022.06.07-07.48.42:539][  0]LogAudio: Display: Audio Device (ID: 1) registered with world 'Untitled'.
[2022.06.07-07.48.42:539][  0]LogNetVersion: Set ProjectVersion to 1.0.0.0. Version Checksum will be recalculated on next use.
[2022.06.07-07.48.42:637][  0]LogDerivedDataCache: Saved boot cache 0.10s 94MB C:/Users/jan/AppData/Local/UnrealEngine/4.27/DerivedDataCache/Boot.ddc.
[2022.06.07-07.48.42:643][  0]LogInit: Texture streaming: Enabled
[2022.06.07-07.48.42:675][  0]LogAnalytics: Display: [UEEditor.Rocket.Release] APIServer = https://datarouter.ol.epicgames.com/. AppVersion = 4.27.2-18319896+++UE4+Release-4.27
[2022.06.07-07.48.42:685][  0]LogEngineSessionManager: EngineSessionManager initialized
[2022.06.07-07.48.42:685][  0]LogEditorSessionSummary: Verbose: Initializing EditorSessionSummaryWriter for editor session tracking
[2022.06.07-07.48.42:689][  0]LogEditorSessionSummary: EditorSessionSummaryWriter initialized
[2022.06.07-07.48.42:716][  0]LogInit: Transaction tracking system initialized
[2022.06.07-07.48.42:750][  0]BlueprintLog: New page: 编辑器加载
[2022.06.07-07.48.42:840][  0]LocalizationService: 本地化服务已禁用
[2022.06.07-07.48.42:876][  0]TimingProfiler: Initialize
[2022.06.07-07.48.42:877][  0]TimingProfiler: OnSessionChanged
[2022.06.07-07.48.42:877][  0]LoadingProfiler: Initialize
[2022.06.07-07.48.42:877][  0]LoadingProfiler: OnSessionChanged
[2022.06.07-07.48.42:877][  0]NetworkingProfiler: Initialize
[2022.06.07-07.48.42:877][  0]NetworkingProfiler: OnSessionChanged
[2022.06.07-07.48.42:877][  0]MemoryProfiler: Initialize
[2022.06.07-07.48.42:877][  0]MemoryProfiler: OnSessionChanged
[2022.06.07-07.48.43:369][  0]LogCook: Display: CookSettings for Memory: MemoryMaxUsedVirtual 0MiB, MemoryMaxUsedPhysical 16384MiB, MemoryMinFreeVirtual 0MiB, MemoryMinFreePhysical 1024MiB
[2022.06.07-07.48.43:369][  0]LogCook: Display: Mobile HDR setting 1
[2022.06.07-07.48.43:643][  0]LogFileCache: Scanning file cache for directory 'D:/UE4_Project/PMTutorial/Content/' took 0.00s
[2022.06.07-07.48.43:834][  0]LogInit: Display: Engine is initialized. Leaving FEngineLoop::Init()
[2022.06.07-07.48.43:838][  0]SourceControl: 源码管理已禁用
[2022.06.07-07.48.43:838][  0]LogUnrealEdMisc: Loading editor; pre map load, took 8.627
[2022.06.07-07.48.43:839][  0]Cmd: MAP LOAD FILE="D:/UE4_Project/PMTutorial/Content/StarterContent/Maps/Minimal_Default.umap" TEMPLATE=0 SHOWPROGRESS=1 FEATURELEVEL=3
[2022.06.07-07.48.43:839][  0]LightingResults: New page: 光照构建
[2022.06.07-07.48.43:841][  0]LogWorld: UWorld::CleanupWorld for Untitled, bSessionEnded=true, bCleanupResources=true
[2022.06.07-07.48.43:841][  0]LogSlate: InvalidateAllWidgets triggered.  All widgets were invalidated
[2022.06.07-07.48.43:841][  0]MapCheck: New page: 地图检测
[2022.06.07-07.48.43:841][  0]LightingResults: New page: 光照构建
[2022.06.07-07.48.43:845][  0]LogAudio: Display: Audio Device unregistered from world 'None'.
[2022.06.07-07.48.43:850][  0]LogUObjectHash: Compacting FUObjectHashTables data took   0.78ms
[2022.06.07-07.48.43:964][  0]LogTexture: Display: 正在编译纹理：DeprecatedTextureD6C57B644F03DADF4F2699848FAEA3C3（BGRA8、128X128）
[2022.06.07-07.48.43:968][  0]LogTexture: Display: 正在编译纹理：DeprecatedTexture8D91C9AE4C6B8D628CDA3C848426284A（BGRA8、128X128）
[2022.06.07-07.48.43:975][  0]LogAudio: Display: Audio Device (ID: 1) registered with world 'Minimal_Default'.
[2022.06.07-07.48.43:976][  0]LogAIModule: Creating AISystem for world Minimal_Default
[2022.06.07-07.48.43:983][  0]LogEditorServer: Finished looking for orphan Actors (0.000 secs)
[2022.06.07-07.48.43:990][  0]LogUObjectHash: Compacting FUObjectHashTables data took   0.69ms
[2022.06.07-07.48.43:990][  0]Cmd: MAP CHECKDEP NOCLEARLOG
[2022.06.07-07.48.43:990][  0]MapCheck: 地图检测完成：0个错误、0个警告、完成用时0.103毫秒。
[2022.06.07-07.48.43:992][  0]LogFileHelpers: Loading map 'Minimal_Default' took 0.153
[2022.06.07-07.48.43:993][  0]LogUnrealEdMisc: Total Editor Startup Time, took 8.782
[2022.06.07-07.48.44:133][  0]LogSlate: Updating window title bar state: overlay mode, drag disabled, window buttons hidden, title bar hidden
[2022.06.07-07.48.44:139][  0]LogSlate: Updating window title bar state: overlay mode, drag disabled, window buttons hidden, title bar hidden
[2022.06.07-07.48.44:145][  0]LogSlate: Updating window title bar state: overlay mode, drag disabled, window buttons hidden, title bar hidden
[2022.06.07-07.48.44:151][  0]LogSlate: Updating window title bar state: overlay mode, drag disabled, window buttons hidden, title bar hidden
[2022.06.07-07.48.44:165][  0]LogNativeClassHierarchy: Verbose: Native class hierarchy populated in 0.0088 seconds. Added 3824 classes and 933 folders.
[2022.06.07-07.48.44:167][  0]LogNativeClassHierarchy: Verbose: Native class hierarchy updated for 'WidgetCarousel' in 0.0002 seconds. Added 0 classes and 0 folders.
[2022.06.07-07.48.44:168][  0]LogPakFile: PakFile PrimaryIndexSize=187
[2022.06.07-07.48.44:168][  0]LogPakFile: PakFile PathHashIndexSize=101
[2022.06.07-07.48.44:168][  0]LogPakFile: PakFile FullDirectoryIndexSize=148
[2022.06.07-07.48.44:168][  0]LogShaderLibrary: Display: ShaderCodeLibraryPakFileMountedCallback: PakFile 'F:/UE4/UE_4.27/FeaturePacks/FP_FirstPerson.upack' (chunk index -1, root 'root:/') mounted
[2022.06.07-07.48.44:169][  0]LogShaderLibrary: Display: ShaderCodeLibraryPakFileMountedCallback: pending pak file info (ChunkID:-1 Root:root:/ File:F:/UE4/UE_4.27/FeaturePacks/FP_FirstPerson.upack)
[2022.06.07-07.48.44:169][  0]LogPakFile: OnPakFileMounted2Time == 0.000220
[2022.06.07-07.48.44:169][  0]LogPakFile: PakFile PrimaryIndexSize=189
[2022.06.07-07.48.44:169][  0]LogPakFile: PakFile PathHashIndexSize=101
[2022.06.07-07.48.44:169][  0]LogPakFile: PakFile FullDirectoryIndexSize=152
[2022.06.07-07.48.44:169][  0]LogShaderLibrary: Display: ShaderCodeLibraryPakFileMountedCallback: PakFile 'F:/UE4/UE_4.27/FeaturePacks/FP_FirstPersonBP.upack' (chunk index -1, root 'root:/') mounted
[2022.06.07-07.48.44:170][  0]LogShaderLibrary: Display: ShaderCodeLibraryPakFileMountedCallback: pending pak file info (ChunkID:-1 Root:root:/ File:F:/UE4/UE_4.27/FeaturePacks/FP_FirstPersonBP.upack)
[2022.06.07-07.48.44:170][  0]LogPakFile: OnPakFileMounted2Time == 0.000238
[2022.06.07-07.48.44:170][  0]LogPakFile: PakFile PrimaryIndexSize=191
[2022.06.07-07.48.44:170][  0]LogPakFile: PakFile PathHashIndexSize=101
[2022.06.07-07.48.44:170][  0]LogPakFile: PakFile FullDirectoryIndexSize=160
[2022.06.07-07.48.44:170][  0]LogShaderLibrary: Display: ShaderCodeLibraryPakFileMountedCallback: PakFile 'F:/UE4/UE_4.27/FeaturePacks/MobileStarterContent.upack' (chunk index -1, root 'root:/') mounted
[2022.06.07-07.48.44:170][  0]LogShaderLibrary: Display: ShaderCodeLibraryPakFileMountedCallback: pending pak file info (ChunkID:-1 Root:root:/ File:F:/UE4/UE_4.27/FeaturePacks/MobileStarterContent.upack)
[2022.06.07-07.48.44:171][  0]LogPakFile: OnPakFileMounted2Time == 0.000135
[2022.06.07-07.48.44:171][  0]LogPakFile: PakFile PrimaryIndexSize=185
[2022.06.07-07.48.44:171][  0]LogPakFile: PakFile PathHashIndexSize=101
[2022.06.07-07.48.44:171][  0]LogPakFile: PakFile FullDirectoryIndexSize=148
[2022.06.07-07.48.44:171][  0]LogShaderLibrary: Display: ShaderCodeLibraryPakFileMountedCallback: PakFile 'F:/UE4/UE_4.27/FeaturePacks/StarterContent.upack' (chunk index -1, root 'root:/') mounted
[2022.06.07-07.48.44:171][  0]LogShaderLibrary: Display: ShaderCodeLibraryPakFileMountedCallback: pending pak file info (ChunkID:-1 Root:root:/ File:F:/UE4/UE_4.27/FeaturePacks/StarterContent.upack)
[2022.06.07-07.48.44:171][  0]LogPakFile: OnPakFileMounted2Time == 0.000129
[2022.06.07-07.48.44:172][  0]LogPakFile: PakFile PrimaryIndexSize=190
[2022.06.07-07.48.44:172][  0]LogPakFile: PakFile PathHashIndexSize=101
[2022.06.07-07.48.44:172][  0]LogPakFile: PakFile FullDirectoryIndexSize=154
[2022.06.07-07.48.44:172][  0]LogShaderLibrary: Display: ShaderCodeLibraryPakFileMountedCallback: PakFile 'F:/UE4/UE_4.27/FeaturePacks/TP_2DSideScroller.upack' (chunk index -1, root 'root:/') mounted
[2022.06.07-07.48.44:172][  0]LogShaderLibrary: Display: ShaderCodeLibraryPakFileMountedCallback: pending pak file info (ChunkID:-1 Root:root:/ File:F:/UE4/UE_4.27/FeaturePacks/TP_2DSideScroller.upack)
[2022.06.07-07.48.44:172][  0]LogPakFile: OnPakFileMounted2Time == 0.000133
[2022.06.07-07.48.44:173][  0]LogPakFile: PakFile PrimaryIndexSize=192
[2022.06.07-07.48.44:173][  0]LogPakFile: PakFile PathHashIndexSize=101
[2022.06.07-07.48.44:173][  0]LogPakFile: PakFile FullDirectoryIndexSize=158
[2022.06.07-07.48.44:173][  0]LogShaderLibrary: Display: ShaderCodeLibraryPakFileMountedCallback: PakFile 'F:/UE4/UE_4.27/FeaturePacks/TP_2DSideScrollerBP.upack' (chunk index -1, root 'root:/') mounted
[2022.06.07-07.48.44:173][  0]LogShaderLibrary: Display: ShaderCodeLibraryPakFileMountedCallback: pending pak file info (ChunkID:-1 Root:root:/ File:F:/UE4/UE_4.27/FeaturePacks/TP_2DSideScrollerBP.upack)
[2022.06.07-07.48.44:173][  0]LogPakFile: OnPakFileMounted2Time == 0.000128
[2022.06.07-07.48.44:173][  0]LogPakFile: PakFile PrimaryIndexSize=182
[2022.06.07-07.48.44:174][  0]LogPakFile: PakFile PathHashIndexSize=101
[2022.06.07-07.48.44:174][  0]LogPakFile: PakFile FullDirectoryIndexSize=138
[2022.06.07-07.48.44:174][  0]LogShaderLibrary: Display: ShaderCodeLibraryPakFileMountedCallback: PakFile 'F:/UE4/UE_4.27/FeaturePacks/TP_Flying.upack' (chunk index -1, root 'root:/') mounted
[2022.06.07-07.48.44:174][  0]LogShaderLibrary: Display: ShaderCodeLibraryPakFileMountedCallback: pending pak file info (ChunkID:-1 Root:root:/ File:F:/UE4/UE_4.27/FeaturePacks/TP_Flying.upack)
[2022.06.07-07.48.44:174][  0]LogPakFile: OnPakFileMounted2Time == 0.000172
[2022.06.07-07.48.44:174][  0]LogPakFile: PakFile PrimaryIndexSize=184
[2022.06.07-07.48.44:174][  0]LogPakFile: PakFile PathHashIndexSize=101
[2022.06.07-07.48.44:174][  0]LogPakFile: PakFile FullDirectoryIndexSize=142
[2022.06.07-07.48.44:175][  0]LogShaderLibrary: Display: ShaderCodeLibraryPakFileMountedCallback: PakFile 'F:/UE4/UE_4.27/FeaturePacks/TP_FlyingBP.upack' (chunk index -1, root 'root:/') mounted
[2022.06.07-07.48.44:175][  0]LogShaderLibrary: Display: ShaderCodeLibraryPakFileMountedCallback: pending pak file info (ChunkID:-1 Root:root:/ File:F:/UE4/UE_4.27/FeaturePacks/TP_FlyingBP.upack)
[2022.06.07-07.48.44:175][  0]LogPakFile: OnPakFileMounted2Time == 0.000122
[2022.06.07-07.48.44:175][  0]LogPakFile: PakFile PrimaryIndexSize=188
[2022.06.07-07.48.44:175][  0]LogPakFile: PakFile PathHashIndexSize=101
[2022.06.07-07.48.44:175][  0]LogPakFile: PakFile FullDirectoryIndexSize=150
[2022.06.07-07.48.44:175][  0]LogShaderLibrary: Display: ShaderCodeLibraryPakFileMountedCallback: PakFile 'F:/UE4/UE_4.27/FeaturePacks/TP_HandheldARBP.upack' (chunk index -1, root 'root:/') mounted
[2022.06.07-07.48.44:175][  0]LogShaderLibrary: Display: ShaderCodeLibraryPakFileMountedCallback: pending pak file info (ChunkID:-1 Root:root:/ File:F:/UE4/UE_4.27/FeaturePacks/TP_HandheldARBP.upack)
[2022.06.07-07.48.44:175][  0]LogPakFile: OnPakFileMounted2Time == 0.000122
[2022.06.07-07.48.44:176][  0]LogPakFile: PakFile PrimaryIndexSize=182
[2022.06.07-07.48.44:176][  0]LogPakFile: PakFile PathHashIndexSize=101
[2022.06.07-07.48.44:176][  0]LogPakFile: PakFile FullDirectoryIndexSize=138
[2022.06.07-07.48.44:176][  0]LogShaderLibrary: Display: ShaderCodeLibraryPakFileMountedCallback: PakFile 'F:/UE4/UE_4.27/FeaturePacks/TP_Puzzle.upack' (chunk index -1, root 'root:/') mounted
[2022.06.07-07.48.44:176][  0]LogShaderLibrary: Display: ShaderCodeLibraryPakFileMountedCallback: pending pak file info (ChunkID:-1 Root:root:/ File:F:/UE4/UE_4.27/FeaturePacks/TP_Puzzle.upack)
[2022.06.07-07.48.44:176][  0]LogPakFile: OnPakFileMounted2Time == 0.000142
[2022.06.07-07.48.44:177][  0]LogPakFile: PakFile PrimaryIndexSize=184
[2022.06.07-07.48.44:177][  0]LogPakFile: PakFile PathHashIndexSize=101
[2022.06.07-07.48.44:177][  0]LogPakFile: PakFile FullDirectoryIndexSize=142
[2022.06.07-07.48.44:177][  0]LogShaderLibrary: Display: ShaderCodeLibraryPakFileMountedCallback: PakFile 'F:/UE4/UE_4.27/FeaturePacks/TP_PuzzleBP.upack' (chunk index -1, root 'root:/') mounted
[2022.06.07-07.48.44:177][  0]LogShaderLibrary: Display: ShaderCodeLibraryPakFileMountedCallback: pending pak file info (ChunkID:-1 Root:root:/ File:F:/UE4/UE_4.27/FeaturePacks/TP_PuzzleBP.upack)
[2022.06.07-07.48.44:177][  0]LogPakFile: OnPakFileMounted2Time == 0.000151
[2022.06.07-07.48.44:178][  0]LogPakFile: PakFile PrimaryIndexSize=183
[2022.06.07-07.48.44:178][  0]LogPakFile: PakFile PathHashIndexSize=101
[2022.06.07-07.48.44:178][  0]LogPakFile: PakFile FullDirectoryIndexSize=140
[2022.06.07-07.48.44:178][  0]LogShaderLibrary: Display: ShaderCodeLibraryPakFileMountedCallback: PakFile 'F:/UE4/UE_4.27/FeaturePacks/TP_Rolling.upack' (chunk index -1, root 'root:/') mounted
[2022.06.07-07.48.44:178][  0]LogShaderLibrary: Display: ShaderCodeLibraryPakFileMountedCallback: pending pak file info (ChunkID:-1 Root:root:/ File:F:/UE4/UE_4.27/FeaturePacks/TP_Rolling.upack)
[2022.06.07-07.48.44:178][  0]LogPakFile: OnPakFileMounted2Time == 0.000126
[2022.06.07-07.48.44:178][  0]LogPakFile: PakFile PrimaryIndexSize=185
[2022.06.07-07.48.44:178][  0]LogPakFile: PakFile PathHashIndexSize=101
[2022.06.07-07.48.44:178][  0]LogPakFile: PakFile FullDirectoryIndexSize=144
[2022.06.07-07.48.44:178][  0]LogShaderLibrary: Display: ShaderCodeLibraryPakFileMountedCallback: PakFile 'F:/UE4/UE_4.27/FeaturePacks/TP_RollingBP.upack' (chunk index -1, root 'root:/') mounted
[2022.06.07-07.48.44:179][  0]LogShaderLibrary: Display: ShaderCodeLibraryPakFileMountedCallback: pending pak file info (ChunkID:-1 Root:root:/ File:F:/UE4/UE_4.27/FeaturePacks/TP_RollingBP.upack)
[2022.06.07-07.48.44:179][  0]LogPakFile: OnPakFileMounted2Time == 0.000126
[2022.06.07-07.48.44:179][  0]LogPakFile: PakFile PrimaryIndexSize=188
[2022.06.07-07.48.44:179][  0]LogPakFile: PakFile PathHashIndexSize=101
[2022.06.07-07.48.44:179][  0]LogPakFile: PakFile FullDirectoryIndexSize=150
[2022.06.07-07.48.44:179][  0]LogShaderLibrary: Display: ShaderCodeLibraryPakFileMountedCallback: PakFile 'F:/UE4/UE_4.27/FeaturePacks/TP_SideScroller.upack' (chunk index -1, root 'root:/') mounted
[2022.06.07-07.48.44:179][  0]LogShaderLibrary: Display: ShaderCodeLibraryPakFileMountedCallback: pending pak file info (ChunkID:-1 Root:root:/ File:F:/UE4/UE_4.27/FeaturePacks/TP_SideScroller.upack)
[2022.06.07-07.48.44:179][  0]LogPakFile: OnPakFileMounted2Time == 0.000138
[2022.06.07-07.48.44:180][  0]LogPakFile: PakFile PrimaryIndexSize=190
[2022.06.07-07.48.44:180][  0]LogPakFile: PakFile PathHashIndexSize=101
[2022.06.07-07.48.44:180][  0]LogPakFile: PakFile FullDirectoryIndexSize=154
[2022.06.07-07.48.44:180][  0]LogShaderLibrary: Display: ShaderCodeLibraryPakFileMountedCallback: PakFile 'F:/UE4/UE_4.27/FeaturePacks/TP_SideScrollerBP.upack' (chunk index -1, root 'root:/') mounted
[2022.06.07-07.48.44:180][  0]LogShaderLibrary: Display: ShaderCodeLibraryPakFileMountedCallback: pending pak file info (ChunkID:-1 Root:root:/ File:F:/UE4/UE_4.27/FeaturePacks/TP_SideScrollerBP.upack)
[2022.06.07-07.48.44:180][  0]LogPakFile: OnPakFileMounted2Time == 0.000123
[2022.06.07-07.48.44:181][  0]LogPakFile: PakFile PrimaryIndexSize=187
[2022.06.07-07.48.44:181][  0]LogPakFile: PakFile PathHashIndexSize=101
[2022.06.07-07.48.44:181][  0]LogPakFile: PakFile FullDirectoryIndexSize=148
[2022.06.07-07.48.44:181][  0]LogShaderLibrary: Display: ShaderCodeLibraryPakFileMountedCallback: PakFile 'F:/UE4/UE_4.27/FeaturePacks/TP_ThirdPerson.upack' (chunk index -1, root 'root:/') mounted
[2022.06.07-07.48.44:181][  0]LogShaderLibrary: Display: ShaderCodeLibraryPakFileMountedCallback: pending pak file info (ChunkID:-1 Root:root:/ File:F:/UE4/UE_4.27/FeaturePacks/TP_ThirdPerson.upack)
[2022.06.07-07.48.44:181][  0]LogPakFile: OnPakFileMounted2Time == 0.000124
[2022.06.07-07.48.44:181][  0]LogPakFile: PakFile PrimaryIndexSize=189
[2022.06.07-07.48.44:181][  0]LogPakFile: PakFile PathHashIndexSize=101
[2022.06.07-07.48.44:181][  0]LogPakFile: PakFile FullDirectoryIndexSize=152
[2022.06.07-07.48.44:181][  0]LogShaderLibrary: Display: ShaderCodeLibraryPakFileMountedCallback: PakFile 'F:/UE4/UE_4.27/FeaturePacks/TP_ThirdPersonBP.upack' (chunk index -1, root 'root:/') mounted
[2022.06.07-07.48.44:181][  0]LogShaderLibrary: Display: ShaderCodeLibraryPakFileMountedCallback: pending pak file info (ChunkID:-1 Root:root:/ File:F:/UE4/UE_4.27/FeaturePacks/TP_ThirdPersonBP.upack)
[2022.06.07-07.48.44:181][  0]LogPakFile: OnPakFileMounted2Time == 0.000127
[2022.06.07-07.48.44:181][  0]LogPakFile: PakFile PrimaryIndexSize=183
[2022.06.07-07.48.44:181][  0]LogPakFile: PakFile PathHashIndexSize=101
[2022.06.07-07.48.44:181][  0]LogPakFile: PakFile FullDirectoryIndexSize=140
[2022.06.07-07.48.44:181][  0]LogShaderLibrary: Display: ShaderCodeLibraryPakFileMountedCallback: PakFile 'F:/UE4/UE_4.27/FeaturePacks/TP_TopDown.upack' (chunk index -1, root 'root:/') mounted
[2022.06.07-07.48.44:182][  0]LogShaderLibrary: Display: ShaderCodeLibraryPakFileMountedCallback: pending pak file info (ChunkID:-1 Root:root:/ File:F:/UE4/UE_4.27/FeaturePacks/TP_TopDown.upack)
[2022.06.07-07.48.44:182][  0]LogPakFile: OnPakFileMounted2Time == 0.000134
[2022.06.07-07.48.44:182][  0]LogPakFile: PakFile PrimaryIndexSize=185
[2022.06.07-07.48.44:182][  0]LogPakFile: PakFile PathHashIndexSize=101
[2022.06.07-07.48.44:182][  0]LogPakFile: PakFile FullDirectoryIndexSize=144
[2022.06.07-07.48.44:182][  0]LogShaderLibrary: Display: ShaderCodeLibraryPakFileMountedCallback: PakFile 'F:/UE4/UE_4.27/FeaturePacks/TP_TopDownBP.upack' (chunk index -1, root 'root:/') mounted
[2022.06.07-07.48.44:182][  0]LogShaderLibrary: Display: ShaderCodeLibraryPakFileMountedCallback: pending pak file info (ChunkID:-1 Root:root:/ File:F:/UE4/UE_4.27/FeaturePacks/TP_TopDownBP.upack)
[2022.06.07-07.48.44:182][  0]LogPakFile: OnPakFileMounted2Time == 0.000124
[2022.06.07-07.48.44:183][  0]LogPakFile: PakFile PrimaryIndexSize=185
[2022.06.07-07.48.44:183][  0]LogPakFile: PakFile PathHashIndexSize=101
[2022.06.07-07.48.44:183][  0]LogPakFile: PakFile FullDirectoryIndexSize=144
[2022.06.07-07.48.44:183][  0]LogShaderLibrary: Display: ShaderCodeLibraryPakFileMountedCallback: PakFile 'F:/UE4/UE_4.27/FeaturePacks/TP_TwinStick.upack' (chunk index -1, root 'root:/') mounted
[2022.06.07-07.48.44:183][  0]LogShaderLibrary: Display: ShaderCodeLibraryPakFileMountedCallback: pending pak file info (ChunkID:-1 Root:root:/ File:F:/UE4/UE_4.27/FeaturePacks/TP_TwinStick.upack)
[2022.06.07-07.48.44:183][  0]LogPakFile: OnPakFileMounted2Time == 0.000120
[2022.06.07-07.48.44:183][  0]LogPakFile: PakFile PrimaryIndexSize=187
[2022.06.07-07.48.44:183][  0]LogPakFile: PakFile PathHashIndexSize=101
[2022.06.07-07.48.44:184][  0]LogPakFile: PakFile FullDirectoryIndexSize=148
[2022.06.07-07.48.44:184][  0]LogShaderLibrary: Display: ShaderCodeLibraryPakFileMountedCallback: PakFile 'F:/UE4/UE_4.27/FeaturePacks/TP_TwinStickBP.upack' (chunk index -1, root 'root:/') mounted
[2022.06.07-07.48.44:184][  0]LogShaderLibrary: Display: ShaderCodeLibraryPakFileMountedCallback: pending pak file info (ChunkID:-1 Root:root:/ File:F:/UE4/UE_4.27/FeaturePacks/TP_TwinStickBP.upack)
[2022.06.07-07.48.44:184][  0]LogPakFile: OnPakFileMounted2Time == 0.000117
[2022.06.07-07.48.44:184][  0]LogPakFile: PakFile PrimaryIndexSize=183
[2022.06.07-07.48.44:184][  0]LogPakFile: PakFile PathHashIndexSize=101
[2022.06.07-07.48.44:184][  0]LogPakFile: PakFile FullDirectoryIndexSize=140
[2022.06.07-07.48.44:184][  0]LogShaderLibrary: Display: ShaderCodeLibraryPakFileMountedCallback: PakFile 'F:/UE4/UE_4.27/FeaturePacks/TP_Vehicle.upack' (chunk index -1, root 'root:/') mounted
[2022.06.07-07.48.44:184][  0]LogShaderLibrary: Display: ShaderCodeLibraryPakFileMountedCallback: pending pak file info (ChunkID:-1 Root:root:/ File:F:/UE4/UE_4.27/FeaturePacks/TP_Vehicle.upack)
[2022.06.07-07.48.44:184][  0]LogPakFile: OnPakFileMounted2Time == 0.000120
[2022.06.07-07.48.44:185][  0]LogPakFile: PakFile PrimaryIndexSize=186
[2022.06.07-07.48.44:185][  0]LogPakFile: PakFile PathHashIndexSize=101
[2022.06.07-07.48.44:185][  0]LogPakFile: PakFile FullDirectoryIndexSize=146
[2022.06.07-07.48.44:185][  0]LogShaderLibrary: Display: ShaderCodeLibraryPakFileMountedCallback: PakFile 'F:/UE4/UE_4.27/FeaturePacks/TP_VehicleAdv.upack' (chunk index -1, root 'root:/') mounted
[2022.06.07-07.48.44:185][  0]LogShaderLibrary: Display: ShaderCodeLibraryPakFileMountedCallback: pending pak file info (ChunkID:-1 Root:root:/ File:F:/UE4/UE_4.27/FeaturePacks/TP_VehicleAdv.upack)
[2022.06.07-07.48.44:185][  0]LogPakFile: OnPakFileMounted2Time == 0.000120
[2022.06.07-07.48.44:186][  0]LogPakFile: PakFile PrimaryIndexSize=188
[2022.06.07-07.48.44:186][  0]LogPakFile: PakFile PathHashIndexSize=101
[2022.06.07-07.48.44:186][  0]LogPakFile: PakFile FullDirectoryIndexSize=150
[2022.06.07-07.48.44:186][  0]LogShaderLibrary: Display: ShaderCodeLibraryPakFileMountedCallback: PakFile 'F:/UE4/UE_4.27/FeaturePacks/TP_VehicleAdvBP.upack' (chunk index -1, root 'root:/') mounted
[2022.06.07-07.48.44:186][  0]LogShaderLibrary: Display: ShaderCodeLibraryPakFileMountedCallback: pending pak file info (ChunkID:-1 Root:root:/ File:F:/UE4/UE_4.27/FeaturePacks/TP_VehicleAdvBP.upack)
[2022.06.07-07.48.44:186][  0]LogPakFile: OnPakFileMounted2Time == 0.000118
[2022.06.07-07.48.44:186][  0]LogPakFile: PakFile PrimaryIndexSize=185
[2022.06.07-07.48.44:186][  0]LogPakFile: PakFile PathHashIndexSize=101
[2022.06.07-07.48.44:187][  0]LogPakFile: PakFile FullDirectoryIndexSize=144
[2022.06.07-07.48.44:187][  0]LogShaderLibrary: Display: ShaderCodeLibraryPakFileMountedCallback: PakFile 'F:/UE4/UE_4.27/FeaturePacks/TP_VehicleBP.upack' (chunk index -1, root 'root:/') mounted
[2022.06.07-07.48.44:187][  0]LogShaderLibrary: Display: ShaderCodeLibraryPakFileMountedCallback: pending pak file info (ChunkID:-1 Root:root:/ File:F:/UE4/UE_4.27/FeaturePacks/TP_VehicleBP.upack)
[2022.06.07-07.48.44:187][  0]LogPakFile: OnPakFileMounted2Time == 0.000117
[2022.06.07-07.48.44:187][  0]LogPakFile: PakFile PrimaryIndexSize=192
[2022.06.07-07.48.44:187][  0]LogPakFile: PakFile PathHashIndexSize=101
[2022.06.07-07.48.44:187][  0]LogPakFile: PakFile FullDirectoryIndexSize=158
[2022.06.07-07.48.44:187][  0]LogShaderLibrary: Display: ShaderCodeLibraryPakFileMountedCallback: PakFile 'F:/UE4/UE_4.27/FeaturePacks/TP_VirtualRealityBP.upack' (chunk index -1, root 'root:/') mounted
[2022.06.07-07.48.44:187][  0]LogShaderLibrary: Display: ShaderCodeLibraryPakFileMountedCallback: pending pak file info (ChunkID:-1 Root:root:/ File:F:/UE4/UE_4.27/FeaturePacks/TP_VirtualRealityBP.upack)
[2022.06.07-07.48.44:187][  0]LogPakFile: OnPakFileMounted2Time == 0.000139
[2022.06.07-07.48.44:225][  0]LogNativeClassHierarchy: Verbose: Native class hierarchy updated for 'AddContentDialog' in 0.0003 seconds. Added 0 classes and 0 folders.
[2022.06.07-07.48.44:226][  0]LogNativeClassHierarchy: Verbose: Native class hierarchy updated for 'SceneOutliner' in 0.0002 seconds. Added 2 classes and 0 folders.
[2022.06.07-07.48.44:265][  0]LogSlate: Took 0.000147 seconds to synchronously load lazily loaded font '../../../Engine/Content/Slate/Fonts/Roboto-Regular.ttf' (155K)
[2022.06.07-07.48.44:265][  0]LogSlate: Took 0.000118 seconds to synchronously load lazily loaded font '../../../Engine/Content/Editor/Slate/Fonts/FontAwesome.ttf' (139K)
[2022.06.07-07.48.44:267][  0]LogSlate: Took 0.001166 seconds to synchronously load lazily loaded font '../../../Engine/Content/Slate/Fonts/DroidSansFallback.ttf' (3848K)
[2022.06.07-07.48.44:268][  0]LogSlate: Took 0.000129 seconds to synchronously load lazily loaded font '../../../Engine/Content/Slate/Fonts/Roboto-Bold.ttf' (160K)
[2022.06.07-07.48.44:371][  0]LogRenderer: Reallocating scene render targets to support 1140x428 Format 10 NumSamples 1 (Frame:1).
[2022.06.07-07.48.44:430][  0]LogSlate: Took 0.000141 seconds to synchronously load lazily loaded font '../../../Engine/Content/Slate/Fonts/Roboto-Light.ttf' (167K)
[2022.06.07-07.48.44:495][  0]LogNativeClassHierarchy: Verbose: Native class hierarchy updated for 'HierarchicalLODOutliner' in 0.0003 seconds. Added 0 classes and 0 folders.
[2022.06.07-07.48.44:495][  0]LogLoad: (Engine Initialization) Total time: 9.28 seconds
[2022.06.07-07.48.44:495][  0]LogLoad: (Engine Initialization) Total Blueprint compile time: 0.00 seconds
[2022.06.07-07.48.44:540][  0]LogAssetRegistry: Asset discovery search completed in 5.3739 seconds
[2022.06.07-07.48.44:543][  0]LogCollectionManager: Fixed up redirectors for 0 collections in 0.000003 seconds (updated 0 objects)
[2022.06.07-07.48.44:544][  0]LogContentStreaming: Texture pool size now 1000 MB
[2022.06.07-07.48.44:581][  0]LogSlate: Took 0.000179 seconds to synchronously load lazily loaded font '../../../Engine/Content/Slate/Fonts/Roboto-Light.ttf' (167K)
[2022.06.07-07.53.22:494][300]LogTemp: Repeating last play command: 选中的视口
[2022.06.07-07.53.22:499][300]LogPlayLevel: PlayLevel: No blueprints needed recompiling
[2022.06.07-07.53.22:500][300]PIE: New page: PIE会话：Minimal_Default（2022年6月7日 下午11:53:22）
[2022.06.07-07.53.22:502][300]LogOnline: OSS: Creating online subsystem instance for: NULL
[2022.06.07-07.53.22:504][300]LogOnline: OSS: TryLoadSubsystemAndSetDefault: Loaded subsystem for module [NULL]
[2022.06.07-07.53.22:504][300]LogPlayLevel: Creating play world package: /Game/StarterContent/Maps/UEDPIE_0_Minimal_Default
[2022.06.07-07.53.22:508][300]LogPlayLevel: PIE: StaticDuplicateObject took: (0.003650s)
[2022.06.07-07.53.22:510][300]LogAIModule: Creating AISystem for world Minimal_Default
[2022.06.07-07.53.22:510][300]LogPlayLevel: PIE: World Init took: (0.001810s)
[2022.06.07-07.53.22:510][300]LogPlayLevel: PIE: Created PIE world by copying editor world from /Game/StarterContent/Maps/Minimal_Default.Minimal_Default to /Game/StarterContent/Maps/UEDPIE_0_Minimal_Default.Minimal_Default (0.005890s)
[2022.06.07-07.53.22:520][300]LogUObjectHash: Compacting FUObjectHashTables data took   0.65ms
[2022.06.07-07.53.22:520][300]LogAudio: Display: Creating Audio Device:                 Id: 2, Scope: Unique, Realtime: True
[2022.06.07-07.53.22:520][300]LogAudioMixer: Display: Audio Mixer Platform Settings:
[2022.06.07-07.53.22:520][300]LogAudioMixer: Display: 	Sample Rate:						  48000
[2022.06.07-07.53.22:521][300]LogAudioMixer: Display: 	Callback Buffer Frame Size Requested: 1024
[2022.06.07-07.53.22:521][300]LogAudioMixer: Display: 	Callback Buffer Frame Size To Use:	  1024
[2022.06.07-07.53.22:521][300]LogAudioMixer: Display: 	Number of buffers to queue:			  2
[2022.06.07-07.53.22:521][300]LogAudioMixer: Display: 	Max Channels (voices):				  32
[2022.06.07-07.53.22:521][300]LogAudioMixer: Display: 	Number of Async Source Workers:		  0
[2022.06.07-07.53.22:521][300]LogAudio: Display: AudioDevice MaxSources: 32
[2022.06.07-07.53.22:521][300]LogAudio: Display: Audio Spatialization Plugin: None (built-in).
[2022.06.07-07.53.22:521][300]LogAudio: Display: Audio Reverb Plugin: None (built-in).
[2022.06.07-07.53.22:521][300]LogAudio: Display: Audio Occlusion Plugin: None (built-in).
[2022.06.07-07.53.22:522][300]LogAudioMixer: Display: Initializing audio mixer.
[2022.06.07-07.53.22:529][300]LogAudioMixer: Display: 0: FrontLeft
[2022.06.07-07.53.22:529][300]LogAudioMixer: Display: 1: FrontRight
[2022.06.07-07.53.22:540][300]LogAudioMixer: Display: Using Audio Device 耳机 (Earbuds X1 Stereo)
[2022.06.07-07.53.22:540][300]LogAudioMixer: Display: Initializing Sound Submixes...
[2022.06.07-07.53.22:540][300]LogAudioMixer: Display: Creating Master Submix 'MasterSubmixDefault'
[2022.06.07-07.53.22:541][300]LogAudioMixer: Display: Creating Master Submix 'MasterReverbSubmixDefault'
[2022.06.07-07.53.22:541][300]LogAudioMixer: Display: Creating Master Submix 'MasterEQSubmixDefault'
[2022.06.07-07.53.22:541][300]LogAudioMixer: FMixerPlatformXAudio2::StartAudioStream() called
[2022.06.07-07.53.22:541][300]LogAudioMixer: Display: Output buffers initialized: Frames=1024, Channels=2, Samples=2048
[2022.06.07-07.53.22:543][300]LogAudioMixer: Display: Starting AudioMixerPlatformInterface::RunInternal()
[2022.06.07-07.53.22:543][300]LogAudioMixer: Display: FMixerPlatformXAudio2::SubmitBuffer() called for the first time
[2022.06.07-07.53.22:544][300]LogInit: FAudioDevice initialized.
[2022.06.07-07.53.22:544][300]LogAudio: Display: Audio Device (ID: 2) registered with world 'Minimal_Default'.
[2022.06.07-07.53.22:560][300]LogLoad: Game class is 'GameModeBase'
[2022.06.07-07.53.22:561][300]LogWorld: Bringing World /Game/StarterContent/Maps/UEDPIE_0_Minimal_Default.Minimal_Default up for play (max tick rate 0) at 2022.06.07-15.53.22
[2022.06.07-07.53.22:562][300]LogWorld: Bringing up level for play took: 0.000812
[2022.06.07-07.53.22:562][300]LogOnline: OSS: Creating online subsystem instance for: :Context_1
[2022.06.07-07.53.22:565][300]LogNativeClassHierarchy: Verbose: Native class hierarchy updated for 'MovieSceneCapture' in 0.0003 seconds. Added 20 classes and 0 folders.
[2022.06.07-07.53.22:567][300]PIE: 登陆的服务器
[2022.06.07-07.53.22:569][300]PIE: PIE总开始时间：0.071秒。
