Log file open, 06/07/22 15:43:50
LogWindows: Failed to load 'aqProf.dll' (GetLastError=126)
LogWindows: File 'aqProf.dll' does not exist
LogWindows: Failed to load 'VtuneApi.dll' (GetLastError=126)
LogWindows: File 'VtuneApi.dll' does not exist
LogWindows: Failed to load 'VtuneApi32e.dll' (GetLastError=126)
LogWindows: File 'VtuneApi32e.dll' does not exist
LogConsoleResponse: Display: Failed to find resolution value strings in scalability ini. Falling back to default.
LogConsoleResponse: Display: Failed to find resolution value strings in scalability ini. Falling back to default.
LogInit: Display: Running engine for game: PMTutorial
LogPlatformFile: Not using cached read wrapper
LogTaskGraph: Started task graph with 5 named threads and 23 total threads with 3 sets of task threads.
LogStats: Stats thread started at 0.290074
LogICUInternationalization: ICU TimeZone Detection - Raw Offset: +8:00, Platform Override: ''
LogInit: Display: Loading text-based GConfig....
LogPluginManager: Mounting plugin MeshPainting
LogPluginManager: Mounting plugin XGEController
LogPluginManager: Mounting plugin Paper2D
LogPluginManager: Mounting plugin AISupport
LogPluginManager: Mounting plugin LiveLink
LogPluginManager: Mounting plugin CameraShakePreviewer
LogPluginManager: Mounting plugin GameplayCameras
LogPluginManager: Mounting plugin EnvironmentQueryEditor
LogPluginManager: Mounting plugin LightPropagationVolume
LogPluginManager: Mounting plugin OodleData
LogPluginManager: Mounting plugin OodleNetwork
LogPluginManager: Mounting plugin AnimationSharing
LogPluginManager: Mounting plugin AssetManagerEditor
LogPluginManager: Mounting plugin Niagara
LogPluginManager: Mounting plugin CryptoKeys
LogPluginManager: Mounting plugin CurveEditorTools
LogPluginManager: Mounting plugin DataValidation
LogPluginManager: Mounting plugin CLionSourceCodeAccess
LogPluginManager: Mounting plugin FacialAnimation
LogPluginManager: Mounting plugin GameplayTagsEditor
LogPluginManager: Mounting plugin GeometryMode
LogPluginManager: Mounting plugin MacGraphicsSwitching
LogPluginManager: Mounting plugin MaterialAnalyzer
LogPluginManager: Mounting plugin PluginBrowser
LogPluginManager: Mounting plugin SpeedTreeImporter
LogPluginManager: Mounting plugin CodeLiteSourceCodeAccess
LogPluginManager: Mounting plugin AlembicImporter
LogPluginManager: Mounting plugin AutomationUtils
LogPluginManager: Mounting plugin BackChannel
LogPluginManager: Mounting plugin ChaosCloth
LogPluginManager: Mounting plugin ChaosClothEditor
LogPluginManager: Mounting plugin ChaosEditor
LogPluginManager: Mounting plugin ChaosSolverPlugin
LogPluginManager: Mounting plugin GitSourceControl
LogPluginManager: Mounting plugin KDevelopSourceCodeAccess
LogPluginManager: Mounting plugin NullSourceCodeAccess
LogPluginManager: Mounting plugin ChaosNiagara
LogPluginManager: Mounting plugin PerforceSourceControl
LogPluginManager: Mounting plugin PlasticSourceControl
LogPluginManager: Mounting plugin PixWinPlugin
LogPluginManager: Mounting plugin PluginUtils
LogPluginManager: Mounting plugin PropertyAccessNode
LogPluginManager: Mounting plugin SubversionSourceControl
LogPluginManager: Mounting plugin TextureFormatOodle
LogPluginManager: Mounting plugin UObjectPlugin
LogPluginManager: Mounting plugin VisualStudioCodeSourceCodeAccess
LogPluginManager: Mounting plugin MobileLauncherProfileWizard
LogPluginManager: Mounting plugin RiderSourceCodeAccess
LogPluginManager: Mounting plugin VisualStudioSourceCodeAccess
LogPluginManager: Mounting plugin DatasmithContent
LogPluginManager: Mounting plugin CharacterAI
LogPluginManager: Mounting plugin XCodeSourceCodeAccess
LogPluginManager: Mounting plugin AndroidMedia
LogPluginManager: Mounting plugin VariantManagerContent
LogPluginManager: Mounting plugin AvfMedia
LogPluginManager: Mounting plugin GeometryCache
LogPluginManager: Mounting plugin GeometryCollectionPlugin
LogPluginManager: Mounting plugin ImgMedia
LogPluginManager: Mounting plugin MediaCompositing
LogPluginManager: Mounting plugin MediaPlayerEditor
LogPluginManager: Mounting plugin WebMMedia
LogPluginManager: Mounting plugin GeometryProcessing
LogPluginManager: Mounting plugin WmfMedia
LogPluginManager: Mounting plugin MotoSynth
LogPluginManager: Mounting plugin OpenImageDenoise
LogPluginManager: Mounting plugin PlanarCut
LogPluginManager: Mounting plugin PlatformCrypto
LogPluginManager: Mounting plugin ProxyLODPlugin
LogPluginManager: Mounting plugin PythonScriptPlugin
LogPluginManager: Mounting plugin SkeletalReduction
LogPluginManager: Mounting plugin ActorSequence
LogPluginManager: Mounting plugin MatineeToLevelSequence
LogPluginManager: Mounting plugin LevelSequenceEditor
LogPluginManager: Mounting plugin TemplateSequence
LogPluginManager: Mounting plugin TcpMessaging
LogPluginManager: Mounting plugin UdpMessaging
LogPluginManager: Mounting plugin OnlineSubsystem
LogPluginManager: Mounting plugin OnlineSubsystemNull
LogPluginManager: Mounting plugin OnlineSubsystemUtils
LogPluginManager: Mounting plugin ActorLayerUtilities
LogPluginManager: Mounting plugin AndroidDeviceProfileSelector
LogPluginManager: Mounting plugin AndroidMoviePlayer
LogPluginManager: Mounting plugin AndroidPermission
LogPluginManager: Mounting plugin AppleImageUtils
LogPluginManager: Mounting plugin AssetTags
LogPluginManager: Mounting plugin ArchVisCharacter
LogPluginManager: Mounting plugin AudioCapture
LogPluginManager: Mounting plugin LauncherChunkInstaller
LogPluginManager: Mounting plugin AudioSynesthesia
LogPluginManager: Mounting plugin CableComponent
LogPluginManager: Mounting plugin CustomMeshComponent
LogPluginManager: Mounting plugin ChunkDownloader
LogPluginManager: Mounting plugin EditableMesh
LogPluginManager: Mounting plugin ExampleDeviceProfileSelector
LogPluginManager: Mounting plugin AppleMoviePlayer
LogPluginManager: Mounting plugin GoogleCloudMessaging
LogPluginManager: Mounting plugin GooglePAD
LogPluginManager: Mounting plugin IOSDeviceProfileSelector
LogPluginManager: Mounting plugin LinuxDeviceProfileSelector
LogPluginManager: Mounting plugin LocationServicesBPLibrary
LogPluginManager: Mounting plugin MobilePatchingUtils
LogPluginManager: Mounting plugin OpenXR
LogPluginManager: Mounting plugin OpenXREyeTracker
LogPluginManager: Mounting plugin OpenXRHandTracking
LogPluginManager: Mounting plugin PhysXVehicles
LogPluginManager: Mounting plugin ScreenshotTools
LogPluginManager: Mounting plugin PostSplashScreen
LogPluginManager: Mounting plugin ProceduralMeshComponent
LogPluginManager: Mounting plugin PropertyAccessEditor
LogPluginManager: Mounting plugin RuntimePhysXCooking
LogPluginManager: Mounting plugin SignificanceManager
LogPluginManager: Mounting plugin SoundFields
LogPluginManager: Mounting plugin Synthesis
LogPluginManager: Mounting plugin WebMMoviePlayer
LogPluginManager: Mounting plugin WindowsMoviePlayer
LogPluginManager: Mounting plugin Takes
LogPluginManager: Mounting plugin LuminPlatformFeatures
LogPluginManager: Mounting plugin MagicLeap
LogPluginManager: Mounting plugin MagicLeapLightEstimation
LogPluginManager: Mounting plugin MagicLeapMedia
LogPluginManager: Mounting plugin MagicLeapPassableWorld
LogPluginManager: Mounting plugin MLSDK
LogPluginManager: Mounting plugin ContentBrowserAssetDataSource
LogPluginManager: Mounting plugin ContentBrowserClassDataSource
LogPluginManager: Mounting plugin ContentBrowserFileDataSource
LogPluginManager: Mounting plugin OnlineSubsystemGooglePlay
LogPluginManager: Mounting plugin OnlineSubsystemIOS
LogPluginManager: Mounting plugin SQLiteCore
LogPluginManager: Mounting plugin OculusVR
LogPluginManager: Mounting plugin SteamVR
LogPluginManager: Mounting plugin DemonPlugin
PixWinPlugin: PIX capture plugin failed to initialize! Check that the process is launched from PIX.
LogInit: Using libcurl 7.55.1-DEV
LogInit:  - built for x86_64-pc-win32
LogInit:  - supports SSL with OpenSSL/1.1.1
LogInit:  - supports HTTP deflate (compression) using libz 1.2.8
LogInit:  - other features:
LogInit:      CURL_VERSION_SSL
LogInit:      CURL_VERSION_LIBZ
LogInit:      CURL_VERSION_IPV6
LogInit:      CURL_VERSION_ASYNCHDNS
LogInit:      CURL_VERSION_LARGEFILE
LogInit:      CURL_VERSION_IDN
LogInit:  CurlRequestOptions (configurable via config and command line):
LogInit:  - bVerifyPeer = true  - Libcurl will verify peer certificate
LogInit:  - bUseHttpProxy = true  - Libcurl will use HTTP proxy
LogInit:  - HttpProxyAddress = '127.0.0.1:10809'
LogInit:  - bDontReuseConnections = false  - Libcurl will reuse connections
LogInit:  - MaxHostConnections = 16  - Libcurl will limit the number of connections to a host
LogInit:  - LocalHostAddr = Default
LogInit:  - BufferSize = 65536
LogOnline: OSS: Creating online subsystem instance for: NULL
LogInit: WinSock: version 1.1 (2.2), MaxSocks=32767, MaxUdp=65467
LogOnline: OSS: TryLoadSubsystemAndSetDefault: Loaded subsystem for module [NULL]
LogOculusPluginWrapper: OculusPlugin initialized successfully
LogHMD: Failed initializing OVRPlugin 1.59.0
LogInit: Build: ++UE4+Release-4.27-CL-18319896
LogInit: Engine Version: 4.27.2-18319896+++UE4+Release-4.27
LogInit: Compatible Engine Version: 4.27.0-17155196+++UE4+Release-4.27
LogInit: Net CL: 17155196
LogInit: OS: Windows 10 (Release 2004) (), CPU: Intel(R) Core(TM) i7-6700K CPU @ 4.00GHz, GPU: NVIDIA GeForce GTX 1070
LogInit: Compiled (64-bit): Nov 30 2021 07:12:08
LogInit: Compiled with Visual C++: 19.24.28315.00
LogInit: Build Configuration: Development
LogInit: Branch Name: ++UE4+Release-4.27
LogInit: Command Line: 
LogInit: Base Directory: F:/UE4/UE_4.27/Engine/Binaries/Win64/
LogInit: Allocator: TBB
LogInit: Installed Engine Build: 1
LogDevObjectVersion: Number of dev versions registered: 29
LogDevObjectVersion:   Dev-Blueprints (B0D832E4-1F89-4F0D-ACCF-7EB736FD4AA2): 10
LogDevObjectVersion:   Dev-Build (E1C64328-A22C-4D53-A36C-8E866417BD8C): 0
LogDevObjectVersion:   Dev-Core (375EC13C-06E4-48FB-B500-84F0262A717E): 4
LogDevObjectVersion:   Dev-Editor (E4B068ED-F494-42E9-A231-DA0B2E46BB41): 40
LogDevObjectVersion:   Dev-Framework (CFFC743F-43B0-4480-9391-14DF171D2073): 37
LogDevObjectVersion:   Dev-Mobile (B02B49B5-BB20-44E9-A304-32B752E40360): 3
LogDevObjectVersion:   Dev-Networking (A4E4105C-59A1-49B5-A7C5-40C4547EDFEE): 0
LogDevObjectVersion:   Dev-Online (39C831C9-5AE6-47DC-9A44-9C173E1C8E7C): 0
LogDevObjectVersion:   Dev-Physics (78F01B33-EBEA-4F98-B9B4-84EACCB95AA2): 14
LogDevObjectVersion:   Dev-Platform (6631380F-2D4D-43E0-8009-CF276956A95A): 0
LogDevObjectVersion:   Dev-Rendering (12F88B9F-8875-4AFC-A67C-D90C383ABD29): 45
LogDevObjectVersion:   Dev-Sequencer (7B5AE74C-D270-4C10-A958-57980B212A5A): 13
LogDevObjectVersion:   Dev-VR (D7296918-1DD6-4BDD-9DE2-64A83CC13884): 3
LogDevObjectVersion:   Dev-LoadTimes (C2A15278-BFE7-4AFE-6C17-90FF531DF755): 1
LogDevObjectVersion:   Private-Geometry (6EACA3D4-40EC-4CC1-B786-8BED09428FC5): 3
LogDevObjectVersion:   Dev-AnimPhys (29E575DD-E0A3-4627-9D10-D276232CDCEA): 17
LogDevObjectVersion:   Dev-Anim (AF43A65D-7FD3-4947-9873-3E8ED9C1BB05): 15
LogDevObjectVersion:   Dev-ReflectionCapture (6B266CEC-1EC7-4B8F-A30B-E4D90942FC07): 1
LogDevObjectVersion:   Dev-Automation (0DF73D61-A23F-47EA-B727-89E90C41499A): 1
LogDevObjectVersion:   FortniteMain (601D1886-AC64-4F84-AA16-D3DE0DEAC7D6): 47
LogDevObjectVersion:   FortniteRelease (E7086368-6B23-4C58-8439-1B7016265E91): 1
LogDevObjectVersion:   Dev-Enterprise (9DFFBCD6-494F-0158-E221-12823C92A888): 10
LogDevObjectVersion:   Dev-Niagara (F2AED0AC-9AFE-416F-8664-AA7FFA26D6FC): 1
LogDevObjectVersion:   Dev-Destruction (174F1F0B-B4C6-45A5-B13F-2EE8D0FB917D): 10
LogDevObjectVersion:   Dev-Physics-Ext (35F94A83-E258-406C-A318-09F59610247C): 41
LogDevObjectVersion:   Dev-PhysicsMaterial-Chaos (B68FC16E-8B1B-42E2-B453-215C058844FE): 1
LogDevObjectVersion:   Dev-CineCamera (B2E18506-4273-CFC2-A54E-F4BB758BBA07): 1
LogDevObjectVersion:   Dev-VirtualProduction (64F58936-FD1B-42BA-BA96-7289D5D0FA4E): 1
LogDevObjectVersion:   Dev-MediaFramework (6F0ED827-A609-4895-9C91-998D90180EA4): 2
LogInit: Presizing for max 25165824 objects, including 0 objects not considered by GC, pre-allocating 0 bytes for permanent pool.
LogConfig: Applying CVar settings from Section [/Script/Engine.StreamingSettings] File [D:/UE4_Project/PMTutorial/Saved/Config/Windows/Engine.ini]
LogConfig: Setting CVar [[s.MinBulkDataSizeForAsyncLoading:131072]]
LogConfig: Setting CVar [[s.AsyncLoadingThreadEnabled:0]]
LogConfig: Setting CVar [[s.EventDrivenLoaderEnabled:1]]
LogConfig: Setting CVar [[s.WarnIfTimeLimitExceeded:0]]
LogConfig: Setting CVar [[s.TimeLimitExceededMultiplier:1.5]]
LogConfig: Setting CVar [[s.TimeLimitExceededMinTime:0.005]]
LogConfig: Setting CVar [[s.UseBackgroundLevelStreaming:1]]
LogConfig: Setting CVar [[s.PriorityAsyncLoadingExtraTime:15.0]]
LogConfig: Setting CVar [[s.LevelStreamingActorsUpdateTimeLimit:5.0]]
LogConfig: Setting CVar [[s.PriorityLevelStreamingActorsUpdateExtraTime:5.0]]
LogConfig: Setting CVar [[s.LevelStreamingComponentsRegistrationGranularity:10]]
LogConfig: Setting CVar [[s.UnregisterComponentsTimeLimit:1.0]]
LogConfig: Setting CVar [[s.LevelStreamingComponentsUnregistrationGranularity:5]]
LogConfig: Setting CVar [[s.FlushStreamingOnExit:1]]
LogInit: Object subsystem initialized
LogConfig: Setting CVar [[con.DebugEarlyDefault:1]]
LogConfig: Setting CVar [[r.setres:1280x720]]
[2022.06.07-07.43.53:404][  0]LogConfig: Setting CVar [[r.VSync:0]]
[2022.06.07-07.43.53:404][  0]LogConfig: Setting CVar [[r.RHICmdBypass:0]]
[2022.06.07-07.43.53:404][  0]LogConfig: Applying CVar settings from Section [/Script/Engine.RendererSettings] File [D:/UE4_Project/PMTutorial/Saved/Config/Windows/Engine.ini]
[2022.06.07-07.43.53:404][  0]LogConfig: Setting CVar [[r.GPUCrashDebugging:0]]
[2022.06.07-07.43.53:404][  0]LogConfig: Applying CVar settings from Section [/Script/Engine.RendererOverrideSettings] File [D:/UE4_Project/PMTutorial/Saved/Config/Windows/Engine.ini]
[2022.06.07-07.43.53:404][  0]LogConfig: Applying CVar settings from Section [/Script/Engine.StreamingSettings] File [D:/UE4_Project/PMTutorial/Saved/Config/Windows/Engine.ini]
[2022.06.07-07.43.53:404][  0]LogConfig: Setting CVar [[s.MinBulkDataSizeForAsyncLoading:131072]]
[2022.06.07-07.43.53:404][  0]LogConfig: Setting CVar [[s.AsyncLoadingThreadEnabled:0]]
[2022.06.07-07.43.53:404][  0]LogConfig: Setting CVar [[s.EventDrivenLoaderEnabled:1]]
[2022.06.07-07.43.53:404][  0]LogConfig: Setting CVar [[s.WarnIfTimeLimitExceeded:0]]
[2022.06.07-07.43.53:404][  0]LogConfig: Setting CVar [[s.TimeLimitExceededMultiplier:1.5]]
[2022.06.07-07.43.53:404][  0]LogConfig: Setting CVar [[s.TimeLimitExceededMinTime:0.005]]
[2022.06.07-07.43.53:404][  0]LogConfig: Setting CVar [[s.UseBackgroundLevelStreaming:1]]
[2022.06.07-07.43.53:404][  0]LogConfig: Setting CVar [[s.PriorityAsyncLoadingExtraTime:15.0]]
[2022.06.07-07.43.53:404][  0]LogConfig: Setting CVar [[s.LevelStreamingActorsUpdateTimeLimit:5.0]]
[2022.06.07-07.43.53:404][  0]LogConfig: Setting CVar [[s.PriorityLevelStreamingActorsUpdateExtraTime:5.0]]
[2022.06.07-07.43.53:404][  0]LogConfig: Setting CVar [[s.LevelStreamingComponentsRegistrationGranularity:10]]
[2022.06.07-07.43.53:404][  0]LogConfig: Setting CVar [[s.UnregisterComponentsTimeLimit:1.0]]
[2022.06.07-07.43.53:404][  0]LogConfig: Setting CVar [[s.LevelStreamingComponentsUnregistrationGranularity:5]]
[2022.06.07-07.43.53:404][  0]LogConfig: Setting CVar [[s.FlushStreamingOnExit:1]]
[2022.06.07-07.43.53:404][  0]LogConfig: Applying CVar settings from Section [/Script/Engine.GarbageCollectionSettings] File [D:/UE4_Project/PMTutorial/Saved/Config/Windows/Engine.ini]
[2022.06.07-07.43.53:404][  0]LogConfig: Setting CVar [[gc.MaxObjectsNotConsideredByGC:1]]
[2022.06.07-07.43.53:404][  0]LogConfig: Setting CVar [[gc.SizeOfPermanentObjectPool:0]]
[2022.06.07-07.43.53:404][  0]LogConfig: Setting CVar [[gc.FlushStreamingOnGC:0]]
[2022.06.07-07.43.53:404][  0]LogConfig: Setting CVar [[gc.NumRetriesBeforeForcingGC:10]]
[2022.06.07-07.43.53:404][  0]LogConfig: Setting CVar [[gc.AllowParallelGC:1]]
[2022.06.07-07.43.53:404][  0]LogConfig: Setting CVar [[gc.TimeBetweenPurgingPendingKillObjects:61.1]]
[2022.06.07-07.43.53:404][  0]LogConfig: Setting CVar [[gc.MaxObjectsInEditor:25165824]]
[2022.06.07-07.43.53:404][  0]LogConfig: Setting CVar [[gc.IncrementalBeginDestroyEnabled:1]]
[2022.06.07-07.43.53:404][  0]LogConfig: Setting CVar [[gc.CreateGCClusters:1]]
[2022.06.07-07.43.53:405][  0]LogConfig: Setting CVar [[gc.MinGCClusterSize:5]]
[2022.06.07-07.43.53:405][  0]LogConfig: Setting CVar [[gc.ActorClusteringEnabled:0]]
[2022.06.07-07.43.53:405][  0]LogConfig: Setting CVar [[gc.BlueprintClusteringEnabled:0]]
[2022.06.07-07.43.53:405][  0]LogConfig: Setting CVar [[gc.UseDisregardForGCOnDedicatedServers:0]]
[2022.06.07-07.43.53:405][  0]LogConfig: Setting CVar [[gc.MultithreadedDestructionEnabled:1]]
[2022.06.07-07.43.53:405][  0]LogConfig: Applying CVar settings from Section [/Script/Engine.NetworkSettings] File [D:/UE4_Project/PMTutorial/Saved/Config/Windows/Engine.ini]
[2022.06.07-07.43.53:405][  0]LogConfig: Applying CVar settings from Section [/Script/UnrealEd.CookerSettings] File [D:/UE4_Project/PMTutorial/Saved/Config/Windows/Engine.ini]
[2022.06.07-07.43.53:425][  0]LogConfig: Applying CVar settings from Section [ViewDistanceQuality@3] File [D:/UE4_Project/PMTutorial/Saved/Config/Windows/Scalability.ini]
[2022.06.07-07.43.53:425][  0]LogConfig: Setting CVar [[r.SkeletalMeshLODBias:0]]
[2022.06.07-07.43.53:425][  0]LogConfig: Setting CVar [[r.ViewDistanceScale:1.0]]
[2022.06.07-07.43.53:425][  0]LogConfig: Applying CVar settings from Section [AntiAliasingQuality@3] File [D:/UE4_Project/PMTutorial/Saved/Config/Windows/Scalability.ini]
[2022.06.07-07.43.53:425][  0]LogConfig: Setting CVar [[r.PostProcessAAQuality:4]]
[2022.06.07-07.43.53:425][  0]LogConfig: Applying CVar settings from Section [ShadowQuality@3] File [D:/UE4_Project/PMTutorial/Saved/Config/Windows/Scalability.ini]
[2022.06.07-07.43.53:425][  0]LogConfig: Setting CVar [[r.LightFunctionQuality:1]]
[2022.06.07-07.43.53:425][  0]LogConfig: Setting CVar [[r.ShadowQuality:5]]
[2022.06.07-07.43.53:425][  0]LogConfig: Setting CVar [[r.Shadow.CSM.MaxCascades:10]]
[2022.06.07-07.43.53:425][  0]LogConfig: Setting CVar [[r.Shadow.MaxResolution:2048]]
[2022.06.07-07.43.53:425][  0]LogConfig: Setting CVar [[r.Shadow.MaxCSMResolution:2048]]
[2022.06.07-07.43.53:425][  0]LogConfig: Setting CVar [[r.Shadow.RadiusThreshold:0.01]]
[2022.06.07-07.43.53:425][  0]LogConfig: Setting CVar [[r.Shadow.DistanceScale:1.0]]
[2022.06.07-07.43.53:425][  0]LogConfig: Setting CVar [[r.Shadow.CSM.TransitionScale:1.0]]
[2022.06.07-07.43.53:425][  0]LogConfig: Setting CVar [[r.Shadow.PreShadowResolutionFactor:1.0]]
[2022.06.07-07.43.53:425][  0]LogConfig: Setting CVar [[r.DistanceFieldShadowing:1]]
[2022.06.07-07.43.53:425][  0]LogConfig: Setting CVar [[r.DistanceFieldAO:1]]
[2022.06.07-07.43.53:425][  0]LogConfig: Setting CVar [[r.AOQuality:2]]
[2022.06.07-07.43.53:425][  0]LogConfig: Setting CVar [[r.VolumetricFog:1]]
[2022.06.07-07.43.53:425][  0]LogConfig: Setting CVar [[r.VolumetricFog.GridPixelSize:8]]
[2022.06.07-07.43.53:425][  0]LogConfig: Setting CVar [[r.VolumetricFog.GridSizeZ:128]]
[2022.06.07-07.43.53:425][  0]LogConfig: Setting CVar [[r.VolumetricFog.HistoryMissSupersampleCount:4]]
[2022.06.07-07.43.53:425][  0]LogConfig: Setting CVar [[r.LightMaxDrawDistanceScale:1]]
[2022.06.07-07.43.53:425][  0]LogConfig: Setting CVar [[r.CapsuleShadows:1]]
[2022.06.07-07.43.53:425][  0]LogConfig: Applying CVar settings from Section [PostProcessQuality@3] File [D:/UE4_Project/PMTutorial/Saved/Config/Windows/Scalability.ini]
[2022.06.07-07.43.53:425][  0]LogConfig: Setting CVar [[r.MotionBlurQuality:4]]
[2022.06.07-07.43.53:425][  0]LogConfig: Setting CVar [[r.AmbientOcclusionMipLevelFactor:0.4]]
[2022.06.07-07.43.53:425][  0]LogConfig: Setting CVar [[r.AmbientOcclusionMaxQuality:100]]
[2022.06.07-07.43.53:425][  0]LogConfig: Setting CVar [[r.AmbientOcclusionLevels:-1]]
[2022.06.07-07.43.53:425][  0]LogConfig: Setting CVar [[r.AmbientOcclusionRadiusScale:1.0]]
[2022.06.07-07.43.53:425][  0]LogConfig: Setting CVar [[r.DepthOfFieldQuality:2]]
[2022.06.07-07.43.53:425][  0]LogConfig: Setting CVar [[r.RenderTargetPoolMin:400]]
[2022.06.07-07.43.53:425][  0]LogConfig: Setting CVar [[r.LensFlareQuality:2]]
[2022.06.07-07.43.53:425][  0]LogConfig: Setting CVar [[r.SceneColorFringeQuality:1]]
[2022.06.07-07.43.53:425][  0]LogConfig: Setting CVar [[r.EyeAdaptationQuality:2]]
[2022.06.07-07.43.53:425][  0]LogConfig: Setting CVar [[r.BloomQuality:5]]
[2022.06.07-07.43.53:425][  0]LogConfig: Setting CVar [[r.FastBlurThreshold:100]]
[2022.06.07-07.43.53:425][  0]LogConfig: Setting CVar [[r.Upscale.Quality:3]]
[2022.06.07-07.43.53:425][  0]LogConfig: Setting CVar [[r.Tonemapper.GrainQuantization:1]]
[2022.06.07-07.43.53:425][  0]LogConfig: Setting CVar [[r.LightShaftQuality:1]]
[2022.06.07-07.43.53:425][  0]LogConfig: Setting CVar [[r.Filter.SizeScale:1]]
[2022.06.07-07.43.53:425][  0]LogConfig: Setting CVar [[r.Tonemapper.Quality:5]]
[2022.06.07-07.43.53:425][  0]LogConfig: Setting CVar [[r.DOF.Gather.AccumulatorQuality:1        ; higher gathering accumulator quality]]
[2022.06.07-07.43.53:425][  0]LogConfig: Setting CVar [[r.DOF.Gather.PostfilterMethod:1          ; Median3x3 postfilering method]]
[2022.06.07-07.43.53:425][  0]LogConfig: Setting CVar [[r.DOF.Gather.EnableBokehSettings:0       ; no bokeh simulation when gathering]]
[2022.06.07-07.43.53:425][  0]LogConfig: Setting CVar [[r.DOF.Gather.RingCount:4                 ; medium number of samples when gathering]]
[2022.06.07-07.43.53:425][  0]LogConfig: Setting CVar [[r.DOF.Scatter.ForegroundCompositing:1    ; additive foreground scattering]]
[2022.06.07-07.43.53:425][  0]LogConfig: Setting CVar [[r.DOF.Scatter.BackgroundCompositing:2    ; additive background scattering]]
[2022.06.07-07.43.53:425][  0]LogConfig: Setting CVar [[r.DOF.Scatter.EnableBokehSettings:1      ; bokeh simulation when scattering]]
[2022.06.07-07.43.53:426][  0]LogConfig: Setting CVar [[r.DOF.Scatter.MaxSpriteRatio:0.1         ; only a maximum of 10% of scattered bokeh]]
[2022.06.07-07.43.53:426][  0]LogConfig: Setting CVar [[r.DOF.Recombine.Quality:1                ; cheap slight out of focus]]
[2022.06.07-07.43.53:426][  0]LogConfig: Setting CVar [[r.DOF.Recombine.EnableBokehSettings:0    ; no bokeh simulation on slight out of focus]]
[2022.06.07-07.43.53:426][  0]LogConfig: Setting CVar [[r.DOF.TemporalAAQuality:1                ; more stable temporal accumulation]]
[2022.06.07-07.43.53:426][  0]LogConfig: Setting CVar [[r.DOF.Kernel.MaxForegroundRadius:0.025]]
[2022.06.07-07.43.53:426][  0]LogConfig: Setting CVar [[r.DOF.Kernel.MaxBackgroundRadius:0.025]]
[2022.06.07-07.43.53:426][  0]LogConfig: Applying CVar settings from Section [TextureQuality@3] File [D:/UE4_Project/PMTutorial/Saved/Config/Windows/Scalability.ini]
[2022.06.07-07.43.53:426][  0]LogConfig: Setting CVar [[r.Streaming.MipBias:0]]
[2022.06.07-07.43.53:426][  0]LogConfig: Setting CVar [[r.Streaming.AmortizeCPUToGPUCopy:0]]
[2022.06.07-07.43.53:426][  0]LogConfig: Setting CVar [[r.Streaming.MaxNumTexturesToStreamPerFrame:0]]
[2022.06.07-07.43.53:426][  0]LogConfig: Setting CVar [[r.Streaming.Boost:1]]
[2022.06.07-07.43.53:426][  0]LogConfig: Setting CVar [[r.MaxAnisotropy:8]]
[2022.06.07-07.43.53:426][  0]LogConfig: Setting CVar [[r.VT.MaxAnisotropy:8]]
[2022.06.07-07.43.53:426][  0]LogConfig: Setting CVar [[r.Streaming.LimitPoolSizeToVRAM:0]]
[2022.06.07-07.43.53:426][  0]LogConfig: Setting CVar [[r.Streaming.PoolSize:1000]]
[2022.06.07-07.43.53:426][  0]LogConfig: Setting CVar [[r.Streaming.MaxEffectiveScreenSize:0]]
[2022.06.07-07.43.53:426][  0]LogConfig: Applying CVar settings from Section [EffectsQuality@3] File [D:/UE4_Project/PMTutorial/Saved/Config/Windows/Scalability.ini]
[2022.06.07-07.43.53:426][  0]LogConfig: Setting CVar [[r.TranslucencyLightingVolumeDim:64]]
[2022.06.07-07.43.53:426][  0]LogConfig: Setting CVar [[r.RefractionQuality:2]]
[2022.06.07-07.43.53:426][  0]LogConfig: Setting CVar [[r.SSR.Quality:3]]
[2022.06.07-07.43.53:426][  0]LogConfig: Setting CVar [[r.SSR.HalfResSceneColor:0]]
[2022.06.07-07.43.53:426][  0]LogConfig: Setting CVar [[r.SceneColorFormat:4]]
[2022.06.07-07.43.53:426][  0]LogConfig: Setting CVar [[r.DetailMode:2]]
[2022.06.07-07.43.53:426][  0]LogConfig: Setting CVar [[r.TranslucencyVolumeBlur:1]]
[2022.06.07-07.43.53:426][  0]LogConfig: Setting CVar [[r.MaterialQualityLevel:1 ; High quality]]
[2022.06.07-07.43.53:426][  0]LogConfig: Setting CVar [[r.AnisotropicMaterials:1]]
[2022.06.07-07.43.53:426][  0]LogConfig: Setting CVar [[r.SSS.Scale:1]]
[2022.06.07-07.43.53:426][  0]LogConfig: Setting CVar [[r.SSS.SampleSet:2]]
[2022.06.07-07.43.53:426][  0]LogConfig: Setting CVar [[r.SSS.Quality:1]]
[2022.06.07-07.43.53:426][  0]LogConfig: Setting CVar [[r.SSS.HalfRes:0]]
[2022.06.07-07.43.53:426][  0]LogConfig: Setting CVar [[r.SSGI.Quality:3]]
[2022.06.07-07.43.53:426][  0]LogConfig: Setting CVar [[r.EmitterSpawnRateScale:1.0]]
[2022.06.07-07.43.53:426][  0]LogConfig: Setting CVar [[r.ParticleLightQuality:2]]
[2022.06.07-07.43.53:426][  0]LogConfig: Setting CVar [[r.SkyAtmosphere.AerialPerspectiveLUT.FastApplyOnOpaque:1 ; Always have FastSkyLUT 1 in this case to avoid wrong sky]]
[2022.06.07-07.43.53:426][  0]LogConfig: Setting CVar [[r.SkyAtmosphere.AerialPerspectiveLUT.SampleCountMaxPerSlice:4]]
[2022.06.07-07.43.53:426][  0]LogConfig: Setting CVar [[r.SkyAtmosphere.AerialPerspectiveLUT.DepthResolution:16.0]]
[2022.06.07-07.43.53:426][  0]LogConfig: Setting CVar [[r.SkyAtmosphere.FastSkyLUT:1]]
[2022.06.07-07.43.53:426][  0]LogConfig: Setting CVar [[r.SkyAtmosphere.FastSkyLUT.SampleCountMin:4.0]]
[2022.06.07-07.43.53:426][  0]LogConfig: Setting CVar [[r.SkyAtmosphere.FastSkyLUT.SampleCountMax:128.0]]
[2022.06.07-07.43.53:426][  0]LogConfig: Setting CVar [[r.SkyAtmosphere.SampleCountMin:4.0]]
[2022.06.07-07.43.53:426][  0]LogConfig: Setting CVar [[r.SkyAtmosphere.SampleCountMax:128.0]]
[2022.06.07-07.43.53:426][  0]LogConfig: Setting CVar [[r.SkyAtmosphere.TransmittanceLUT.UseSmallFormat:0]]
[2022.06.07-07.43.53:426][  0]LogConfig: Setting CVar [[r.SkyAtmosphere.TransmittanceLUT.SampleCount:10.0]]
[2022.06.07-07.43.53:426][  0]LogConfig: Setting CVar [[r.SkyAtmosphere.MultiScatteringLUT.SampleCount:15.0]]
[2022.06.07-07.43.53:426][  0]LogConfig: Setting CVar [[r.SkyLight.RealTimeReflectionCapture:1]]
[2022.06.07-07.43.53:426][  0]LogConfig: Applying CVar settings from Section [FoliageQuality@3] File [D:/UE4_Project/PMTutorial/Saved/Config/Windows/Scalability.ini]
[2022.06.07-07.43.53:426][  0]LogConfig: Setting CVar [[foliage.DensityScale:1.0]]
[2022.06.07-07.43.53:426][  0]LogConfig: Setting CVar [[grass.DensityScale:1.0]]
[2022.06.07-07.43.53:426][  0]LogConfig: Applying CVar settings from Section [ShadingQuality@3] File [D:/UE4_Project/PMTutorial/Saved/Config/Windows/Scalability.ini]
[2022.06.07-07.43.53:426][  0]LogConfig: Setting CVar [[r.HairStrands.SkyLighting.IntegrationType:2]]
[2022.06.07-07.43.53:426][  0]LogConfig: Setting CVar [[r.HairStrands.SkyAO.SampleCount:4]]
[2022.06.07-07.43.53:426][  0]LogConfig: Setting CVar [[r.HairStrands.Visibility.MSAA.SamplePerPixel:4]]
[2022.06.07-07.43.53:426][  0]LogInit: Selected Device Profile: [Windows]
[2022.06.07-07.43.53:426][  0]LogInit: Applying CVar settings loaded from the selected device profile: [Windows]
[2022.06.07-07.43.53:426][  0]LogHAL: Display: Platform has ~ 16 GB [17112915968 / 17179869184 / 16], which maps to Larger [LargestMinGB=32, LargerMinGB=12, DefaultMinGB=8, SmallerMinGB=6, SmallestMinGB=0)
[2022.06.07-07.43.53:426][  0]LogInit: Going up to parent DeviceProfile []
[2022.06.07-07.43.53:426][  0]LogConfig: Applying CVar settings from Section [ViewDistanceQuality@3] File [D:/UE4_Project/PMTutorial/Saved/Config/Windows/Scalability.ini]
[2022.06.07-07.43.53:426][  0]LogConfig: Setting CVar [[r.SkeletalMeshLODBias:0]]
[2022.06.07-07.43.53:426][  0]LogConfig: Setting CVar [[r.ViewDistanceScale:1.0]]
[2022.06.07-07.43.53:426][  0]LogConfig: Applying CVar settings from Section [AntiAliasingQuality@3] File [D:/UE4_Project/PMTutorial/Saved/Config/Windows/Scalability.ini]
[2022.06.07-07.43.53:426][  0]LogConfig: Setting CVar [[r.PostProcessAAQuality:4]]
[2022.06.07-07.43.53:426][  0]LogConfig: Applying CVar settings from Section [ShadowQuality@3] File [D:/UE4_Project/PMTutorial/Saved/Config/Windows/Scalability.ini]
[2022.06.07-07.43.53:426][  0]LogConfig: Setting CVar [[r.LightFunctionQuality:1]]
[2022.06.07-07.43.53:426][  0]LogConfig: Setting CVar [[r.ShadowQuality:5]]
[2022.06.07-07.43.53:426][  0]LogConfig: Setting CVar [[r.Shadow.CSM.MaxCascades:10]]
[2022.06.07-07.43.53:426][  0]LogConfig: Setting CVar [[r.Shadow.MaxResolution:2048]]
[2022.06.07-07.43.53:426][  0]LogConfig: Setting CVar [[r.Shadow.MaxCSMResolution:2048]]
[2022.06.07-07.43.53:426][  0]LogConfig: Setting CVar [[r.Shadow.RadiusThreshold:0.01]]
[2022.06.07-07.43.53:427][  0]LogConfig: Setting CVar [[r.Shadow.DistanceScale:1.0]]
[2022.06.07-07.43.53:427][  0]LogConfig: Setting CVar [[r.Shadow.CSM.TransitionScale:1.0]]
[2022.06.07-07.43.53:427][  0]LogConfig: Setting CVar [[r.Shadow.PreShadowResolutionFactor:1.0]]
[2022.06.07-07.43.53:427][  0]LogConfig: Setting CVar [[r.DistanceFieldShadowing:1]]
[2022.06.07-07.43.53:427][  0]LogConfig: Setting CVar [[r.DistanceFieldAO:1]]
[2022.06.07-07.43.53:427][  0]LogConfig: Setting CVar [[r.AOQuality:2]]
[2022.06.07-07.43.53:427][  0]LogConfig: Setting CVar [[r.VolumetricFog:1]]
[2022.06.07-07.43.53:427][  0]LogConfig: Setting CVar [[r.VolumetricFog.GridPixelSize:8]]
[2022.06.07-07.43.53:427][  0]LogConfig: Setting CVar [[r.VolumetricFog.GridSizeZ:128]]
[2022.06.07-07.43.53:427][  0]LogConfig: Setting CVar [[r.VolumetricFog.HistoryMissSupersampleCount:4]]
[2022.06.07-07.43.53:427][  0]LogConfig: Setting CVar [[r.LightMaxDrawDistanceScale:1]]
[2022.06.07-07.43.53:427][  0]LogConfig: Setting CVar [[r.CapsuleShadows:1]]
[2022.06.07-07.43.53:427][  0]LogConfig: Applying CVar settings from Section [PostProcessQuality@3] File [D:/UE4_Project/PMTutorial/Saved/Config/Windows/Scalability.ini]
[2022.06.07-07.43.53:427][  0]LogConfig: Setting CVar [[r.MotionBlurQuality:4]]
[2022.06.07-07.43.53:427][  0]LogConfig: Setting CVar [[r.AmbientOcclusionMipLevelFactor:0.4]]
[2022.06.07-07.43.53:427][  0]LogConfig: Setting CVar [[r.AmbientOcclusionMaxQuality:100]]
[2022.06.07-07.43.53:427][  0]LogConfig: Setting CVar [[r.AmbientOcclusionLevels:-1]]
[2022.06.07-07.43.53:427][  0]LogConfig: Setting CVar [[r.AmbientOcclusionRadiusScale:1.0]]
[2022.06.07-07.43.53:427][  0]LogConfig: Setting CVar [[r.DepthOfFieldQuality:2]]
[2022.06.07-07.43.53:427][  0]LogConfig: Setting CVar [[r.RenderTargetPoolMin:400]]
[2022.06.07-07.43.53:427][  0]LogConfig: Setting CVar [[r.LensFlareQuality:2]]
[2022.06.07-07.43.53:427][  0]LogConfig: Setting CVar [[r.SceneColorFringeQuality:1]]
[2022.06.07-07.43.53:427][  0]LogConfig: Setting CVar [[r.EyeAdaptationQuality:2]]
[2022.06.07-07.43.53:427][  0]LogConfig: Setting CVar [[r.BloomQuality:5]]
[2022.06.07-07.43.53:427][  0]LogConfig: Setting CVar [[r.FastBlurThreshold:100]]
[2022.06.07-07.43.53:427][  0]LogConfig: Setting CVar [[r.Upscale.Quality:3]]
[2022.06.07-07.43.53:427][  0]LogConfig: Setting CVar [[r.Tonemapper.GrainQuantization:1]]
[2022.06.07-07.43.53:427][  0]LogConfig: Setting CVar [[r.LightShaftQuality:1]]
[2022.06.07-07.43.53:427][  0]LogConfig: Setting CVar [[r.Filter.SizeScale:1]]
[2022.06.07-07.43.53:427][  0]LogConfig: Setting CVar [[r.Tonemapper.Quality:5]]
[2022.06.07-07.43.53:427][  0]LogConfig: Setting CVar [[r.DOF.Gather.AccumulatorQuality:1        ; higher gathering accumulator quality]]
[2022.06.07-07.43.53:427][  0]LogConfig: Setting CVar [[r.DOF.Gather.PostfilterMethod:1          ; Median3x3 postfilering method]]
[2022.06.07-07.43.53:427][  0]LogConfig: Setting CVar [[r.DOF.Gather.EnableBokehSettings:0       ; no bokeh simulation when gathering]]
[2022.06.07-07.43.53:427][  0]LogConfig: Setting CVar [[r.DOF.Gather.RingCount:4                 ; medium number of samples when gathering]]
[2022.06.07-07.43.53:427][  0]LogConfig: Setting CVar [[r.DOF.Scatter.ForegroundCompositing:1    ; additive foreground scattering]]
[2022.06.07-07.43.53:427][  0]LogConfig: Setting CVar [[r.DOF.Scatter.BackgroundCompositing:2    ; additive background scattering]]
[2022.06.07-07.43.53:427][  0]LogConfig: Setting CVar [[r.DOF.Scatter.EnableBokehSettings:1      ; bokeh simulation when scattering]]
[2022.06.07-07.43.53:427][  0]LogConfig: Setting CVar [[r.DOF.Scatter.MaxSpriteRatio:0.1         ; only a maximum of 10% of scattered bokeh]]
[2022.06.07-07.43.53:427][  0]LogConfig: Setting CVar [[r.DOF.Recombine.Quality:1                ; cheap slight out of focus]]
[2022.06.07-07.43.53:427][  0]LogConfig: Setting CVar [[r.DOF.Recombine.EnableBokehSettings:0    ; no bokeh simulation on slight out of focus]]
[2022.06.07-07.43.53:427][  0]LogConfig: Setting CVar [[r.DOF.TemporalAAQuality:1                ; more stable temporal accumulation]]
[2022.06.07-07.43.53:427][  0]LogConfig: Setting CVar [[r.DOF.Kernel.MaxForegroundRadius:0.025]]
[2022.06.07-07.43.53:427][  0]LogConfig: Setting CVar [[r.DOF.Kernel.MaxBackgroundRadius:0.025]]
[2022.06.07-07.43.53:427][  0]LogConfig: Applying CVar settings from Section [TextureQuality@3] File [D:/UE4_Project/PMTutorial/Saved/Config/Windows/Scalability.ini]
[2022.06.07-07.43.53:427][  0]LogConfig: Setting CVar [[r.Streaming.MipBias:0]]
[2022.06.07-07.43.53:427][  0]LogConfig: Setting CVar [[r.Streaming.AmortizeCPUToGPUCopy:0]]
[2022.06.07-07.43.53:427][  0]LogConfig: Setting CVar [[r.Streaming.MaxNumTexturesToStreamPerFrame:0]]
[2022.06.07-07.43.53:427][  0]LogConfig: Setting CVar [[r.Streaming.Boost:1]]
[2022.06.07-07.43.53:427][  0]LogConfig: Setting CVar [[r.MaxAnisotropy:8]]
[2022.06.07-07.43.53:427][  0]LogConfig: Setting CVar [[r.VT.MaxAnisotropy:8]]
[2022.06.07-07.43.53:427][  0]LogConfig: Setting CVar [[r.Streaming.LimitPoolSizeToVRAM:0]]
[2022.06.07-07.43.53:427][  0]LogConfig: Setting CVar [[r.Streaming.PoolSize:1000]]
[2022.06.07-07.43.53:427][  0]LogConfig: Setting CVar [[r.Streaming.MaxEffectiveScreenSize:0]]
[2022.06.07-07.43.53:427][  0]LogConfig: Applying CVar settings from Section [EffectsQuality@3] File [D:/UE4_Project/PMTutorial/Saved/Config/Windows/Scalability.ini]
[2022.06.07-07.43.53:427][  0]LogConfig: Setting CVar [[r.TranslucencyLightingVolumeDim:64]]
[2022.06.07-07.43.53:427][  0]LogConfig: Setting CVar [[r.RefractionQuality:2]]
[2022.06.07-07.43.53:427][  0]LogConfig: Setting CVar [[r.SSR.Quality:3]]
[2022.06.07-07.43.53:427][  0]LogConfig: Setting CVar [[r.SSR.HalfResSceneColor:0]]
[2022.06.07-07.43.53:427][  0]LogConfig: Setting CVar [[r.SceneColorFormat:4]]
[2022.06.07-07.43.53:427][  0]LogConfig: Setting CVar [[r.DetailMode:2]]
[2022.06.07-07.43.53:427][  0]LogConfig: Setting CVar [[r.TranslucencyVolumeBlur:1]]
[2022.06.07-07.43.53:427][  0]LogConfig: Setting CVar [[r.MaterialQualityLevel:1 ; High quality]]
[2022.06.07-07.43.53:427][  0]LogConfig: Setting CVar [[r.AnisotropicMaterials:1]]
[2022.06.07-07.43.53:427][  0]LogConfig: Setting CVar [[r.SSS.Scale:1]]
[2022.06.07-07.43.53:427][  0]LogConfig: Setting CVar [[r.SSS.SampleSet:2]]
[2022.06.07-07.43.53:427][  0]LogConfig: Setting CVar [[r.SSS.Quality:1]]
[2022.06.07-07.43.53:427][  0]LogConfig: Setting CVar [[r.SSS.HalfRes:0]]
[2022.06.07-07.43.53:427][  0]LogConfig: Setting CVar [[r.SSGI.Quality:3]]
[2022.06.07-07.43.53:427][  0]LogConfig: Setting CVar [[r.EmitterSpawnRateScale:1.0]]
[2022.06.07-07.43.53:427][  0]LogConfig: Setting CVar [[r.ParticleLightQuality:2]]
[2022.06.07-07.43.53:427][  0]LogConfig: Setting CVar [[r.SkyAtmosphere.AerialPerspectiveLUT.FastApplyOnOpaque:1 ; Always have FastSkyLUT 1 in this case to avoid wrong sky]]
[2022.06.07-07.43.53:427][  0]LogConfig: Setting CVar [[r.SkyAtmosphere.AerialPerspectiveLUT.SampleCountMaxPerSlice:4]]
[2022.06.07-07.43.53:427][  0]LogConfig: Setting CVar [[r.SkyAtmosphere.AerialPerspectiveLUT.DepthResolution:16.0]]
[2022.06.07-07.43.53:427][  0]LogConfig: Setting CVar [[r.SkyAtmosphere.FastSkyLUT:1]]
[2022.06.07-07.43.53:427][  0]LogConfig: Setting CVar [[r.SkyAtmosphere.FastSkyLUT.SampleCountMin:4.0]]
[2022.06.07-07.43.53:427][  0]LogConfig: Setting CVar [[r.SkyAtmosphere.FastSkyLUT.SampleCountMax:128.0]]
[2022.06.07-07.43.53:428][  0]LogConfig: Setting CVar [[r.SkyAtmosphere.SampleCountMin:4.0]]
[2022.06.07-07.43.53:428][  0]LogConfig: Setting CVar [[r.SkyAtmosphere.SampleCountMax:128.0]]
[2022.06.07-07.43.53:428][  0]LogConfig: Setting CVar [[r.SkyAtmosphere.TransmittanceLUT.UseSmallFormat:0]]
[2022.06.07-07.43.53:428][  0]LogConfig: Setting CVar [[r.SkyAtmosphere.TransmittanceLUT.SampleCount:10.0]]
[2022.06.07-07.43.53:428][  0]LogConfig: Setting CVar [[r.SkyAtmosphere.MultiScatteringLUT.SampleCount:15.0]]
[2022.06.07-07.43.53:428][  0]LogConfig: Setting CVar [[r.SkyLight.RealTimeReflectionCapture:1]]
[2022.06.07-07.43.53:428][  0]LogConfig: Applying CVar settings from Section [FoliageQuality@3] File [D:/UE4_Project/PMTutorial/Saved/Config/Windows/Scalability.ini]
[2022.06.07-07.43.53:428][  0]LogConfig: Setting CVar [[foliage.DensityScale:1.0]]
[2022.06.07-07.43.53:428][  0]LogConfig: Setting CVar [[grass.DensityScale:1.0]]
[2022.06.07-07.43.53:428][  0]LogConfig: Applying CVar settings from Section [ShadingQuality@3] File [D:/UE4_Project/PMTutorial/Saved/Config/Windows/Scalability.ini]
[2022.06.07-07.43.53:428][  0]LogConfig: Setting CVar [[r.HairStrands.SkyLighting.IntegrationType:2]]
[2022.06.07-07.43.53:428][  0]LogConfig: Setting CVar [[r.HairStrands.SkyAO.SampleCount:4]]
[2022.06.07-07.43.53:428][  0]LogConfig: Setting CVar [[r.HairStrands.Visibility.MSAA.SamplePerPixel:4]]
[2022.06.07-07.43.53:428][  0]LogConfig: Applying CVar settings from Section [Startup] File [../../../Engine/Config/ConsoleVariables.ini]
[2022.06.07-07.43.53:428][  0]LogConfig: Setting CVar [[net.UseAdaptiveNetUpdateFrequency:0]]
[2022.06.07-07.43.53:428][  0]LogConfig: Setting CVar [[p.chaos.AllowCreatePhysxBodies:1]]
[2022.06.07-07.43.53:428][  0]LogConfig: Setting CVar [[fx.SkipVectorVMBackendOptimizations:1]]
[2022.06.07-07.43.53:428][  0]LogConfig: Applying CVar settings from Section [ConsoleVariables] File [D:/UE4_Project/PMTutorial/Saved/Config/Windows/Engine.ini]
[2022.06.07-07.43.53:428][  0]LogConfig: Applying CVar settings from Section [ConsoleVariables] File [D:/UE4_Project/PMTutorial/Saved/Config/Windows/Editor.ini]
[2022.06.07-07.43.53:428][  0]LogInit: Computer: AIWAN-JAN
[2022.06.07-07.43.53:428][  0]LogInit: User: jan
[2022.06.07-07.43.53:428][  0]LogInit: CPU Page size=4096, Cores=4
[2022.06.07-07.43.53:428][  0]LogInit: High frequency timer resolution =10.000000 MHz
[2022.06.07-07.43.53:428][  0]LogMemory: Memory total: Physical=15.9GB (16GB approx)
[2022.06.07-07.43.53:428][  0]LogMemory: Platform Memory Stats for Windows
[2022.06.07-07.43.53:428][  0]LogMemory: Process Physical Memory: 145.19 MB used, 145.19 MB peak
[2022.06.07-07.43.53:428][  0]LogMemory: Process Virtual Memory: 125.24 MB used, 125.24 MB peak
[2022.06.07-07.43.53:428][  0]LogMemory: Physical Memory: 10615.32 MB used,  5704.83 MB free, 16320.15 MB total
[2022.06.07-07.43.53:428][  0]LogMemory: Virtual Memory: 134209584.00 MB used,  8141.38 MB free, 134217728.00 MB total
[2022.06.07-07.43.53:435][  0]LogWindows: WindowsPlatformFeatures enabled
[2022.06.07-07.43.53:743][  0]LogInit: Physics initialised using underlying interface: PhysX
[2022.06.07-07.43.53:754][  0]LogInit: Overriding language with editor language configuration option (zh-Hans).
[2022.06.07-07.43.53:754][  0]LogInit: Overriding language with editor locale configuration option (zh-Hans).
[2022.06.07-07.43.54:496][  0]LogTextLocalizationResource: LocRes '../../../Engine/Content/Localization/Editor/zh/Editor.locres' could not be opened for reading!
[2022.06.07-07.43.54:496][  0]LogTextLocalizationResource: LocRes '../../../Engine/Content/Localization/EditorTutorials/zh/EditorTutorials.locres' could not be opened for reading!
[2022.06.07-07.43.54:496][  0]LogTextLocalizationResource: LocRes '../../../Engine/Content/Localization/Keywords/zh/Keywords.locres' could not be opened for reading!
[2022.06.07-07.43.54:496][  0]LogTextLocalizationResource: LocRes '../../../Engine/Content/Localization/Category/zh/Category.locres' could not be opened for reading!
[2022.06.07-07.43.54:496][  0]LogTextLocalizationResource: LocRes '../../../Engine/Content/Localization/ToolTips/zh/ToolTips.locres' could not be opened for reading!
[2022.06.07-07.43.54:496][  0]LogTextLocalizationResource: LocRes '../../../Engine/Content/Localization/PropertyNames/zh/PropertyNames.locres' could not be opened for reading!
[2022.06.07-07.43.54:496][  0]LogTextLocalizationResource: LocRes '../../../Engine/Content/Localization/Engine/zh/Engine.locres' could not be opened for reading!
[2022.06.07-07.43.54:496][  0]LogTextLocalizationResource: LocRes '../../../Engine/Plugins/Online/OnlineSubsystem/Content/Localization/OnlineSubsystem/zh/OnlineSubsystem.locres' could not be opened for reading!
[2022.06.07-07.43.54:497][  0]LogTextLocalizationResource: LocRes '../../../Engine/Plugins/Online/OnlineSubsystemUtils/Content/Localization/OnlineSubsystemUtils/zh/OnlineSubsystemUtils.locres' could not be opened for reading!
[2022.06.07-07.43.54:497][  0]LogTextLocalizationResource: LocRes '../../../Engine/Plugins/Online/Android/OnlineSubsystemGooglePlay/Content/Localization/OnlineSubsystemGooglePlay/zh/OnlineSubsystemGooglePlay.locres' could not be opened for reading!
[2022.06.07-07.43.54:497][  0]LogTextLocalizationResource: LocRes '../../../Engine/Plugins/Online/IOS/OnlineSubsystemIOS/Content/Localization/OnlineSubsystemIOS/zh/OnlineSubsystemIOS.locres' could not be opened for reading!
[2022.06.07-07.43.54:549][  0]LogInit: Setting process to per monitor DPI aware
[2022.06.07-07.43.54:577][  0]LogWindowsTextInputMethodSystem: Display: IME system deactivated.
[2022.06.07-07.43.54:672][  0]LogSlate: New Slate User Created.  User Index 0, Is Virtual User: 0
[2022.06.07-07.43.54:672][  0]LogSlate: Slate User Registered.  User Index 0, Is Virtual User: 0
[2022.06.07-07.43.55:887][  0]LogD3D11RHI: Loaded GFSDK_Aftermath_Lib.x64.dll
[2022.06.07-07.43.55:894][  0]LogHMD: Failed to initialize OpenVR with code 110
[2022.06.07-07.43.55:894][  0]LogD3D11RHI: D3D11 min allowed feature level: 11_0
[2022.06.07-07.43.55:894][  0]LogD3D11RHI: D3D11 max allowed feature level: 11_0
[2022.06.07-07.43.55:894][  0]LogD3D11RHI: D3D11 adapters:
[2022.06.07-07.43.56:032][  0]LogD3D11RHI:    0. 'NVIDIA GeForce GTX 1070' (Feature Level 11_0)
[2022.06.07-07.43.56:032][  0]LogD3D11RHI:       8088/0/8160 MB DedicatedVideo/DedicatedSystem/SharedSystem, Outputs:2, VendorId:0x10de
[2022.06.07-07.43.56:035][  0]LogD3D11RHI:    1. 'Microsoft Basic Render Driver' (Feature Level 11_0)
[2022.06.07-07.43.56:035][  0]LogD3D11RHI:       0/0/8160 MB DedicatedVideo/DedicatedSystem/SharedSystem, Outputs:0, VendorId:0x1414
[2022.06.07-07.43.56:035][  0]LogD3D11RHI: Chosen D3D11 Adapter:
[2022.06.07-07.43.56:035][  0]LogD3D11RHI:     Description : NVIDIA GeForce GTX 1070
[2022.06.07-07.43.56:035][  0]LogD3D11RHI:     VendorId    : 10de
[2022.06.07-07.43.56:035][  0]LogD3D11RHI:     DeviceId    : 1b81
[2022.06.07-07.43.56:035][  0]LogD3D11RHI:     SubSysId    : 144119da
[2022.06.07-07.43.56:035][  0]LogD3D11RHI:     Revision    : 00a1
[2022.06.07-07.43.56:035][  0]LogD3D11RHI:     DedicatedVideoMemory : 8480882688 bytes
[2022.06.07-07.43.56:035][  0]LogD3D11RHI:     DedicatedSystemMemory : 0 bytes
[2022.06.07-07.43.56:035][  0]LogD3D11RHI:     SharedSystemMemory : 8556457984 bytes
[2022.06.07-07.43.56:035][  0]LogD3D11RHI:     AdapterLuid : 0 44154
[2022.06.07-07.43.56:044][  0]LogD3D11RHI: Creating new Direct3DDevice
[2022.06.07-07.43.56:044][  0]LogD3D11RHI:     GPU DeviceId: 0x1b81 (for the marketing name, search the web for "GPU Device Id")
[2022.06.07-07.43.56:044][  0]LogWindows: EnumDisplayDevices:
[2022.06.07-07.43.56:045][  0]LogWindows:    0. 'NVIDIA GeForce GTX 1070' (P:0 D:1)
[2022.06.07-07.43.56:045][  0]LogWindows:    1. 'NVIDIA GeForce GTX 1070' (P:1 D:1)
[2022.06.07-07.43.56:045][  0]LogWindows:    2. 'NVIDIA GeForce GTX 1070' (P:0 D:0)
[2022.06.07-07.43.56:046][  0]LogWindows:    3. 'NVIDIA GeForce GTX 1070' (P:0 D:0)
[2022.06.07-07.43.56:046][  0]LogWindows: DebugString: FoundDriverCount:4 
[2022.06.07-07.43.56:046][  0]LogD3D11RHI:     Adapter Name: NVIDIA GeForce GTX 1070
[2022.06.07-07.43.56:046][  0]LogD3D11RHI:   Driver Version: 456.71 (internal:27.21.14.5671, unified:456.71)
[2022.06.07-07.43.56:046][  0]LogD3D11RHI:      Driver Date: 9-30-2020
[2022.06.07-07.43.56:046][  0]LogRHI: Texture pool is 5661 MB (70% of 8088 MB)
[2022.06.07-07.43.56:046][  0]LogD3D11RHI: Creating D3DDevice using adapter:
[2022.06.07-07.43.56:046][  0]LogD3D11RHI:     Description : NVIDIA GeForce GTX 1070
[2022.06.07-07.43.56:046][  0]LogD3D11RHI:     VendorId    : 10de
[2022.06.07-07.43.56:046][  0]LogD3D11RHI:     DeviceId    : 1b81
[2022.06.07-07.43.56:046][  0]LogD3D11RHI:     SubSysId    : 144119da
[2022.06.07-07.43.56:046][  0]LogD3D11RHI:     Revision    : 00a1
[2022.06.07-07.43.56:046][  0]LogD3D11RHI:     DedicatedVideoMemory : 8480882688 bytes
[2022.06.07-07.43.56:046][  0]LogD3D11RHI:     DedicatedSystemMemory : 0 bytes
[2022.06.07-07.43.56:046][  0]LogD3D11RHI:     SharedSystemMemory : 8556457984 bytes
[2022.06.07-07.43.56:046][  0]LogD3D11RHI:     AdapterLuid : 0 44154
[2022.06.07-07.43.56:109][  0]LogD3D11RHI: RHI has support for 64 bit atomics
[2022.06.07-07.43.56:109][  0]LogD3D11RHI: Async texture creation enabled
[2022.06.07-07.43.56:109][  0]LogD3D11RHI: Array index from any shader is supported
[2022.06.07-07.43.56:128][  0]LogD3D11RHI: GPU Timing Frequency: 1000.000000 (Debug: 2 1)
[2022.06.07-07.43.56:223][  0]LogRHI: GeForceNow SDK initialized: 1
[2022.06.07-07.43.57:056][  0]LogTargetPlatformManager: Display: Loaded TargetPlatform 'AllDesktop'
[2022.06.07-07.43.57:118][  0]LogTargetPlatformManager: Display: Loaded TargetPlatform 'Android'
[2022.06.07-07.43.57:118][  0]LogTargetPlatformManager: Display: Loaded TargetPlatform 'Android_ASTC'
[2022.06.07-07.43.57:118][  0]LogTargetPlatformManager: Display: Loaded TargetPlatform 'Android_DXT'
[2022.06.07-07.43.57:119][  0]LogTargetPlatformManager: Display: Loaded TargetPlatform 'Android_ETC2'
[2022.06.07-07.43.57:119][  0]LogTargetPlatformManager: Display: Loaded TargetPlatform 'AndroidClient'
[2022.06.07-07.43.57:119][  0]LogTargetPlatformManager: Display: Loaded TargetPlatform 'Android_ASTCClient'
[2022.06.07-07.43.57:119][  0]LogTargetPlatformManager: Display: Loaded TargetPlatform 'Android_DXTClient'
[2022.06.07-07.43.57:119][  0]LogTargetPlatformManager: Display: Loaded TargetPlatform 'Android_ETC2Client'
[2022.06.07-07.43.57:119][  0]LogTargetPlatformManager: Display: Loaded TargetPlatform 'Android_Multi'
[2022.06.07-07.43.57:119][  0]LogTargetPlatformManager: Display: Loaded TargetPlatform 'Android_MultiClient'
[2022.06.07-07.43.57:215][  0]LogTargetPlatformManager: Display: Loaded TargetPlatform 'IOSClient'
[2022.06.07-07.43.57:215][  0]LogTargetPlatformManager: Display: Loaded TargetPlatform 'IOS'
[2022.06.07-07.43.57:281][  0]LogTargetPlatformManager: Display: Loaded TargetPlatform 'Linux'
[2022.06.07-07.43.57:300][  0]LogTargetPlatformManager: Display: Loaded TargetPlatform 'LinuxNoEditor'
[2022.06.07-07.43.57:326][  0]LogTargetPlatformManager: Display: Loaded TargetPlatform 'LinuxClient'
[2022.06.07-07.43.57:341][  0]LogTargetPlatformManager: Display: Loaded TargetPlatform 'LinuxServer'
[2022.06.07-07.43.57:368][  0]LogTargetPlatformManager: Display: Loaded TargetPlatform 'LinuxAArch64NoEditor'
[2022.06.07-07.43.57:384][  0]LogTargetPlatformManager: Display: Loaded TargetPlatform 'LinuxAArch64Client'
[2022.06.07-07.43.57:399][  0]LogTargetPlatformManager: Display: Loaded TargetPlatform 'LinuxAArch64Server'
[2022.06.07-07.43.57:448][  0]LogTargetPlatformManager: Display: Loaded TargetPlatform 'Lumin'
[2022.06.07-07.43.57:448][  0]LogTargetPlatformManager: Display: Loaded TargetPlatform 'LuminClient'
[2022.06.07-07.43.57:488][  0]LogTargetPlatformManager: Display: Loaded TargetPlatform 'MacNoEditor'
[2022.06.07-07.43.57:524][  0]LogTargetPlatformManager: Display: Loaded TargetPlatform 'Mac'
[2022.06.07-07.43.57:547][  0]LogTargetPlatformManager: Display: Loaded TargetPlatform 'MacClient'
[2022.06.07-07.43.57:583][  0]LogTargetPlatformManager: Display: Loaded TargetPlatform 'MacServer'
[2022.06.07-07.43.57:622][  0]LogTargetPlatformManager: Display: Loaded TargetPlatform 'TVOSClient'
[2022.06.07-07.43.57:622][  0]LogTargetPlatformManager: Display: Loaded TargetPlatform 'TVOS'
[2022.06.07-07.43.57:671][  0]LogTargetPlatformManager: Display: Loaded TargetPlatform 'WindowsNoEditor'
[2022.06.07-07.43.57:723][  0]LogTargetPlatformManager: Display: Loaded TargetPlatform 'Windows'
[2022.06.07-07.43.57:787][  0]LogTargetPlatformManager: Display: Loaded TargetPlatform 'WindowsClient'
[2022.06.07-07.43.57:822][  0]LogTargetPlatformManager: Display: Loaded TargetPlatform 'WindowsServer'
[2022.06.07-07.43.57:823][  0]LogTargetPlatformManager: Display: Building Assets For Windows
[2022.06.07-07.43.57:926][  0]LogAudioDebug: Display: Lib vorbis DLL was dynamically loaded.
[2022.06.07-07.43.58:126][  0]LogTextureFormatOodle: Display: Oodle Texture 2.9.0 init RDO Off
[2022.06.07-07.43.58:386][  0]LogRendererCore: Ray tracing is disabled. Reason: r.RayTracing=0.
[2022.06.07-07.43.58:386][  0]LogShaderCompilers: Guid format shader working directory is 18 characters bigger than the processId version (D:/UE4_Project/PMTutorial/Intermediate/Shaders/WorkingDirectory/16564/).
[2022.06.07-07.43.58:387][  0]LogShaderCompilers: Cleaned the shader compiler working directory 'C:/Users/jan/AppData/Local/Temp/UnrealShaderWorkingDir/DAD273904CB2FD4F0FAF28942EA52CD3/'.
[2022.06.07-07.43.58:388][  0]LogXGEController: Cannot use XGE Controller as Incredibuild is not installed on this machine.
[2022.06.07-07.43.58:388][  0]LogShaderCompilers: Cannot use XGE Shader Compiler as Incredibuild is not installed on this machine.
[2022.06.07-07.43.58:388][  0]LogShaderCompilers: Display: Using Local Shader Compiler.
[2022.06.07-07.44.03:171][  0]LogDerivedDataCache: Display: Max Cache Size: 512 MB
[2022.06.07-07.44.03:467][  0]LogDerivedDataCache: Loaded boot cache 0.30s 94MB C:/Users/jan/AppData/Local/UnrealEngine/4.27/DerivedDataCache/Boot.ddc.
[2022.06.07-07.44.03:467][  0]LogDerivedDataCache: Display: Loaded Boot cache: C:/Users/jan/AppData/Local/UnrealEngine/4.27/DerivedDataCache/Boot.ddc
[2022.06.07-07.44.03:467][  0]LogDerivedDataCache: FDerivedDataBackendGraph:  Pak pak cache file D:/UE4_Project/PMTutorial/DerivedDataCache/DDC.ddp not found, will not use a pak cache.
[2022.06.07-07.44.03:467][  0]LogDerivedDataCache: Unable to find inner node Pak for hierarchical cache Hierarchy.
[2022.06.07-07.44.03:467][  0]LogDerivedDataCache: FDerivedDataBackendGraph:  CompressedPak pak cache file D:/UE4_Project/PMTutorial/DerivedDataCache/Compressed.ddp not found, will not use a pak cache.
[2022.06.07-07.44.03:467][  0]LogDerivedDataCache: Unable to find inner node CompressedPak for hierarchical cache Hierarchy.
[2022.06.07-07.44.03:524][  0]LogDerivedDataCache: Display: Pak cache opened for reading ../../../Engine/DerivedDataCache/Compressed.ddp.
[2022.06.07-07.44.03:524][  0]LogDerivedDataCache: FDerivedDataBackendGraph:  EnterprisePak pak cache file ../../../Enterprise/DerivedDataCache/Compressed.ddp not found, will not use a pak cache.
[2022.06.07-07.44.03:524][  0]LogDerivedDataCache: Unable to find inner node EnterprisePak for hierarchical cache Hierarchy.
[2022.06.07-07.44.03:541][  0]LogDerivedDataCache: Speed tests for C:/Users/jan/AppData/Local/UnrealEngine/Common/DerivedDataCache took 0.02 seconds
[2022.06.07-07.44.03:541][  0]LogDerivedDataCache: Display: Performance to C:/Users/jan/AppData/Local/UnrealEngine/Common/DerivedDataCache: Latency=0.04ms. RandomReadSpeed=141.79MBs, RandomWriteSpeed=92.46MBs. Assigned SpeedClass 'Local'
[2022.06.07-07.44.03:542][  0]LogDerivedDataCache: Using Local data cache path C:/Users/jan/AppData/Local/UnrealEngine/Common/DerivedDataCache: Writable
[2022.06.07-07.44.03:542][  0]LogDerivedDataCache: Shared data cache path not found in *engine.ini, will not use an Shared cache.
[2022.06.07-07.44.03:542][  0]LogDerivedDataCache: Unable to find inner node Shared for hierarchical cache Hierarchy.
[2022.06.07-07.44.03:597][  0]LogSlate: Using FreeType 2.10.0
[2022.06.07-07.44.03:598][  0]LogSlate: SlateFontServices - WITH_FREETYPE: 1, WITH_HARFBUZZ: 1
[2022.06.07-07.44.03:846][  0]LogAssetRegistry: FAssetRegistry took 0.0033 seconds to start up
[2022.06.07-07.44.04:099][  0]LogInit: Selected Device Profile: [Windows]
[2022.06.07-07.44.04:099][  0]LogInit: Active device profile: [0000022FAD3BBA00][0000022FAC4782C0 49] Windows
[2022.06.07-07.44.04:099][  0]LogInit: Profiles: [0000022FAD3BBA00][0000022FAC4782C0 49] Windows, [0000022FAD36C800][0000022FAC47C400 49] WindowsNoEditor, [0000022FAD3B8700][0000022FAC480540 49] WindowsServer, [0000022FAD36F900][0000022FAC484680 49] WindowsClient, [0000022FAD3BB800][0000022FAC4887C0 49] IOS, [0000022FAD36CB00][0000022FAC490940 49] iPadAir, [0000022FAD3B8A00][0000022FAC494AC0 49] iPadAir2, [0000022FAD330A00][0000022FAC49CD80 49] IPadPro, [0000022FAD330B00][0000022FAC498DC0 49] iPadAir3, [0000022FAD3BB500][0000022FAC4A0F40 49] iPadAir4, [0000022FAD333E00][0000022FAC4A50C0 49] iPadMini2, [0000022FAD3B8B00][0000022FAC4A9240 49] iPadMini3, [0000022FAD331600][0000022FAC4AD3C0 49] iPadMini4, [0000022FAD3BAF00][0000022FAC4B1540 49] iPadMini5, [0000022FAD36EF00][0000022FAC4B9800 49] iPhone6, [0000022FAD36EE00][0000022FAC4B5840 49] iPodTouch6, [0000022FAD331500][0000022FAC4C1B00 49] iPhone7, [0000022FAD333300][0000022FAC4BDB40 49] iPodTouch7, [0000022FAD36FE00][0000022FAC4C4140 49] iPhone5S, [0000022FAD332E00][0000022FAC4C82C0 49] iPhone6Plus, [0000022FAD36E600][0000022FAC4CC440 49] iPhone6S, [0000022FAD332B00][0000022FAC48C580 49] iPhone6SPlus, [0000022FAD36CF00][0000022FAC4D06C0 49] iPhone7Plus, [0000022FAD332300][0000022FAC4D4800 49] iPhoneSE, [0000022FAD36E100][0000022FAC4D8940 49] iPhone8, [0000022FAD332600][0000022F9CEB8AC0 49] iPhone8Plus, [0000022FAD36CD00][0000022F9CEBCC40 49] iPhoneX, [0000022FAD331800][0000022F9CEC0DC0 49] iPhoneXS, [0000022FAD36DE00][0000022F9CEC4F40 49] iPhoneXSMax, [0000022FAD333A00][0000022F9CEC90C0 49] iPhoneXR, [0000022FAD36D700][0000022F9CECD240 49] iPhone11, [0000022FAD330600][0000022F9CED13C0 49] iPhone11Pro, [0000022FAD36D000][0000022F9CED5540 49] iPhone11ProMax, [0000022FAD333900][0000022F9CED96C0 49] iPhoneSE2, [0000022FAD36EA00][0000022F9CEDD840 49] iPhone12Mini, [0000022FAD330E00][0000022F9CEE19C0 49] iPhone12, [0000022FAD36F500][0000022FAD4F1B40 49] iPhone12Pro, [0000022FAD332700][0000022FAD4F4140 49] iPhone12ProMax, [0000022FAD36CC00][0000022FAD4F82C0 49] iPadPro105, [0000022FAD331B00][0000022FAD4FC440 49] iPadPro129, [0000022FAD36F400][0000022FAD5005C0 49] iPadPro97, [0000022FAD333200][0000022FAD504740 49] iPadPro2_129, [0000022FAD36E700][0000022FAC4DC880 49] iPad5, [0000022FAD333800][0000022FAD5089C0 49] iPad6, [0000022FAD36F200][0000022FAD50CB00 49] iPad7, [0000022FAD331400][0000022FAD514C80 49] iPad8, [0000022FAD36E300][0000022FAD518E00 49] iPadPro11, [0000022FAD332100][0000022FAD51CF80 49] iPadPro2_11, [0000022FAD36C200][0000022FAD521100 49] iPadPro3_129, [0000022FAD331100][0000022FAD525280 49] iPadPro4_129, [0000022FAD36FF00][0000022FAD529400 49] AppleTV, [0000022FAD333000][0000022FAD52D580 49] AppleTV4K, [0000022FAD36F600][0000022FAD531700 49] TVOS, [0000022FAD330500][0000022FAD535880 49] Mac, [0000022FAD36E200][0000022FAD539A00 49] MacClient, [0000022FAD330900][0000022FAD53DB80 49] MacNoEditor, [0000022FAD36C100][0000022FAD540180 49] MacServer, [0000022FAD333100][0000022FAD544300 49] Linux, [0000022FAD36D800][0000022FAD548480 49] LinuxAArch64, [0000022FAD330800][0000022FAD54C600 49] LinuxNoEditor, [0000022FAD36E900][0000022FAD550780 49] LinuxAArch64NoEditor, [0000022FAD331700][0000022FAD554900 49] LinuxClient, [0000022FAD36DB00][0000022FAD510A40 49] LinuxAArch64Client, [0000022FAD332800][0000022FAD558B80 49] LinuxServer, [0000022FAD36D100][0000022FAD55CCC0 49] LinuxAArch64Server, [0000022FAD3B9300][0000022FAD564E40 49] Android, [0000022FAD3F2400][0000022FAD568FC0 49] Android_Low, [0000022FAD3BBC00][0000022FAD56D140 49] Android_Mid, [0000022FAD3F1E00][0000022FAD5712C0 49] Android_High, [0000022FAD3B9E00][0000022FAD575440 49] Android_Default, [0000022FAD3F2900][0000022FAD5795C0 49] Android_Adreno4xx, [0000022FAD3BA700][0000022FAD57D740 49] Android_Adreno5xx_Low, [0000022FAD3F1500][0000022FAD5818C0 49] Android_Adreno5xx, [0000022FAD3B9D00][0000022FAD585A40 49] Android_Adreno6xx, [0000022FAD3F0D00][0000022FAD589BC0 49] Android_Adreno6xx_Vulkan, [0000022FAD3B9500][0000022FAD58C1C0 49] Android_Mali_T6xx, [0000022FAD3F1900][0000022FAD590340 49] Android_Mali_T7xx, [0000022FAD3B9C00][0000022FAD5944C0 49] Android_Mali_T8xx, [0000022FAD3F1400][0000022FAD598640 49] Android_Mali_G71, [0000022FAD3B8500][0000022FAD59C7C0 49] Android_Mali_G72, [0000022FAD3F0400][0000022FAD5A0940 49] Android_Mali_G72_Vulkan, [0000022FAD3B8D00][0000022FAD5A4AC0 49] Android_Mali_G76, [0000022FAD3F2000][0000022FAD560C00 49] Android_Mali_G76_Vulkan, [0000022FAD3BA200][0000022FAD5A8D40 49] Android_Mali_G77, [0000022FAD3F1C00][0000022FAD5ACE80 49] Android_Mali_G77_Vulkan, [0000022FAD36DF00][0000022FAD5B0FC0 49] Android_Mali_G78, [0000022FAD331900][0000022FAD5B9140 49] Android_Mali_G78_Vulkan, [0000022FAD36FC00][0000022FAD5BD2C0 49] Android_Mali_G710, [0000022FAD330400][0000022FAD5C1440 49] Android_Mali_G710_Vulkan, [0000022FAD36D300][0000022FAD5C55C0 49] Android_Vulkan_SM5, [0000022FAD3F0300][0000022FAD5C9740 49] Android_PowerVR_G6xxx, [0000022FAD36ED00][0000022FAD5CD8C0 49] Android_PowerVR_GT7xxx, [0000022FAD3F1600][0000022FAD5D1A40 49] Android_PowerVR_GE8xxx, [0000022FAD36CE00][0000022FAD5D5BC0 49] Android_PowerVR_GM9xxx, [0000022FAD3F2200][0000022FAD5D81C0 49] Android_PowerVR_GM9xxx_Vulkan, [0000022FAD36FA00][0000022FAD5DC340 49] Android_TegraK1, [0000022FAD3F0B00][0000022FAD5E04C0 49] Android_Unknown_Vulkan, [0000022FAD36D500][0000022FAD5E4640 49] Lumin, [0000022FAD3F0100][0000022FAD5E87C0 49] Lumin_Desktop, [0000022FAD36C500][0000022FAD5EC940 49] HoloLens, 
[2022.06.07-07.44.04:920][  0]LogMeshReduction: Using QuadricMeshReduction for automatic static mesh reduction
[2022.06.07-07.44.04:920][  0]LogMeshReduction: Using SimplygonMeshReduction for automatic skeletal mesh reduction
[2022.06.07-07.44.04:920][  0]LogMeshReduction: Using ProxyLODMeshReduction for automatic mesh merging
[2022.06.07-07.44.04:920][  0]LogMeshReduction: No distributed automatic mesh merging module available
[2022.06.07-07.44.04:920][  0]LogMeshMerging: No distributed automatic mesh merging module available
[2022.06.07-07.44.05:032][  0]LogNetVersion: PMTutorial 1.0.0, NetCL: 17155196, EngineNetVer: 17, GameNetVer: 0 (Checksum: 3422132310)
[2022.06.07-07.44.20:200][  0]LogTexture: Default maximum texture size for cubemaps generated from long-lat sources has been changed from 512 to unlimited. In order to preserve old behaiour for '/Engine/MapTemplates/Sky/DaylightAmbientCubemap.DaylightAmbientCubemap', its maximum texture size has been explicitly set to 512.
[2022.06.07-07.44.20:421][  0]LogHMD: PokeAHoleMaterial loaded successfully
[2022.06.07-07.44.20:426][  0]LogUObjectArray: 17178 objects as part of root set at end of initial load.
[2022.06.07-07.44.20:426][  0]LogUObjectAllocator: 4302048 out of 0 bytes used by permanent object pool.
[2022.06.07-07.44.20:426][  0]LogUObjectArray: CloseDisregardForGC: 0/0 objects in disregard for GC pool
[2022.06.07-07.44.22:323][  0]LogNiagaraDebuggerClient: Niagara Debugger Client Initialized | Session: 1FC98B464A60FBA578DF86B1C962190E | Instance: 04C67A0542254FAE3FDC65A6E03697BB (AIWAN-JAN-16564).
[2022.06.07-07.44.22:723][  0]LogPython: Using Python 3.7.7
[2022.06.07-07.44.23:644][  0]LogTcpMessaging: Initializing TcpMessaging bridge
[2022.06.07-07.44.23:666][  0]LogUdpMessaging: Initializing bridge on interface 0.0.0.0:0 to multicast group 230.0.0.1:6666.
[2022.06.07-07.44.26:145][  0]SourceControl: 源码管理已禁用
[2022.06.07-07.44.26:145][  0]SourceControl: 源码管理已禁用
[2022.06.07-07.44.26:188][  0]SourceControl: 源码管理已禁用
[2022.06.07-07.44.26:205][  0]SourceControl: 源码管理已禁用
[2022.06.07-07.44.26:215][  0]SourceControl: 源码管理已禁用
[2022.06.07-07.44.26:247][  0]LogUProjectInfo: Found projects:
[2022.06.07-07.44.26:787][  0]LogOpenImageDenoise: OIDN starting up
[2022.06.07-07.44.26:855][  0]LogAndroidPermission: UAndroidPermissionCallbackProxy::GetInstance
[2022.06.07-07.44.26:978][  0]LogAudioCaptureCore: Display: No Audio Capture implementations found. Audio input will be silent.
[2022.06.07-07.44.26:978][  0]LogAudioCaptureCore: Display: No Audio Capture implementations found. Audio input will be silent.
[2022.06.07-07.44.27:882][  0]LogCollectionManager: Loaded 0 collections in 0.001385 seconds
[2022.06.07-07.44.28:023][  0]LogFileCache: Scanning file cache for directory 'D:/UE4_Project/PMTutorial/Saved/Collections/' took 0.00s
[2022.06.07-07.44.28:023][  0]LogFileCache: Scanning file cache for directory 'D:/UE4_Project/PMTutorial/Content/Developers/jan/Collections/' took 0.00s
[2022.06.07-07.44.28:023][  0]LogFileCache: Scanning file cache for directory 'D:/UE4_Project/PMTutorial/Content/Collections/' took 0.00s
[2022.06.07-07.44.28:023][  0]LogOcInput: OculusInput pre-init called
[2022.06.07-07.44.28:650][  0]LogEngine: Initializing Engine...
[2022.06.07-07.44.28:677][  0]LogHMD: Failed to enumerate extensions. Please check that you have a valid OpenXR runtime installed.
[2022.06.07-07.44.28:678][  0]LogHMD: Failed to initialize OpenVR with code 110
[2022.06.07-07.44.28:678][  0]LogMagicLeap: Warning: VR disabled because ZI is not enabled.  To enable, in the editor, Edit -> Project Settings -> Plugins -> Magic Leap Plugin -> Enable Zero Iteration
[2022.06.07-07.44.28:679][  0]LogStats: UGameplayTagsManager::InitializeManager -  0.000 s
[2022.06.07-07.44.29:427][  0]LogInit: Initializing FReadOnlyCVARCache
[2022.06.07-07.44.29:472][  0]LogAIModule: Creating AISystem for world Untitled
[2022.06.07-07.44.29:473][  0]LogAudio: Display: Initializing Audio Device Manager...
[2022.06.07-07.44.29:505][  0]LogAudio: Display: Loading Default Audio Settings Objects...
[2022.06.07-07.44.29:513][  0]LogAudio: Display: No default SoundConcurrencyObject specified (or failed to load).
[2022.06.07-07.44.29:514][  0]LogAudio: Display: Audio Device Manager Initialized
[2022.06.07-07.44.29:514][  0]LogAudio: Display: Creating Audio Device:                 Id: 1, Scope: Shared, Realtime: True
[2022.06.07-07.44.29:514][  0]LogAudioMixer: Display: Audio Mixer Platform Settings:
[2022.06.07-07.44.29:514][  0]LogAudioMixer: Display: 	Sample Rate:						  48000
[2022.06.07-07.44.29:514][  0]LogAudioMixer: Display: 	Callback Buffer Frame Size Requested: 1024
[2022.06.07-07.44.29:514][  0]LogAudioMixer: Display: 	Callback Buffer Frame Size To Use:	  1024
[2022.06.07-07.44.29:514][  0]LogAudioMixer: Display: 	Number of buffers to queue:			  2
[2022.06.07-07.44.29:514][  0]LogAudioMixer: Display: 	Max Channels (voices):				  32
[2022.06.07-07.44.29:514][  0]LogAudioMixer: Display: 	Number of Async Source Workers:		  0
[2022.06.07-07.44.29:514][  0]LogAudio: Display: AudioDevice MaxSources: 32
[2022.06.07-07.44.29:515][  0]LogAudio: Display: Audio Spatialization Plugin: None (built-in).
[2022.06.07-07.44.29:515][  0]LogAudio: Display: Audio Reverb Plugin: None (built-in).
[2022.06.07-07.44.29:515][  0]LogAudio: Display: Audio Occlusion Plugin: None (built-in).
[2022.06.07-07.44.29:515][  0]LogAudioMixer: Display: Initializing audio mixer.
[2022.06.07-07.44.29:580][  0]LogAudioMixer: Display: 0: FrontLeft
[2022.06.07-07.44.29:580][  0]LogAudioMixer: Display: 1: FrontRight
[2022.06.07-07.44.29:623][  0]LogAudioMixer: Display: Using Audio Device 耳机 (Earbuds X1 Stereo)
[2022.06.07-07.44.29:623][  0]LogAudioMixer: Display: Initializing Sound Submixes...
[2022.06.07-07.44.29:659][  0]LogAudioMixer: Display: Creating Master Submix 'MasterSubmixDefault'
[2022.06.07-07.44.29:659][  0]LogAudioMixer: Display: Creating Master Submix 'MasterReverbSubmixDefault'
[2022.06.07-07.44.29:663][  0]LogAudioMixer: Display: Creating Master Submix 'MasterEQSubmixDefault'
[2022.06.07-07.44.29:663][  0]LogAudioMixer: FMixerPlatformXAudio2::StartAudioStream() called
[2022.06.07-07.44.29:663][  0]LogAudioMixer: Display: Output buffers initialized: Frames=1024, Channels=2, Samples=2048
[2022.06.07-07.44.29:665][  0]LogAudioMixer: Display: Starting AudioMixerPlatformInterface::RunInternal()
[2022.06.07-07.44.29:665][  0]LogAudioMixer: Display: FMixerPlatformXAudio2::SubmitBuffer() called for the first time
[2022.06.07-07.44.29:665][  0]LogInit: FAudioDevice initialized.
[2022.06.07-07.44.29:666][  0]LogAudio: Display: Audio Device (ID: 1) registered with world 'Untitled'.
[2022.06.07-07.44.29:666][  0]LogNetVersion: Set ProjectVersion to 1.0.0.0. Version Checksum will be recalculated on next use.
[2022.06.07-07.44.29:803][  0]LogDerivedDataCache: Saved boot cache 0.14s 94MB C:/Users/jan/AppData/Local/UnrealEngine/4.27/DerivedDataCache/Boot.ddc.
[2022.06.07-07.44.29:804][  0]LogInit: Texture streaming: Enabled
[2022.06.07-07.44.29:930][  0]LogAnalytics: Display: [UEEditor.Rocket.Release] APIServer = https://datarouter.ol.epicgames.com/. AppVersion = 4.27.2-18319896+++UE4+Release-4.27
[2022.06.07-07.44.29:982][  0]LogEngineSessionManager: EngineSessionManager initialized
[2022.06.07-07.44.29:982][  0]LogEngineSessionManager: EngineSessionManager sent abnormal shutdown report. Type=Crashed, SessionId={ED805DAC-4D7D-F325-D5D6-CDBEBD0FA7FD}
[2022.06.07-07.44.29:983][  0]LogEditorSessionSummary: Verbose: Initializing EditorSessionSummaryWriter for editor session tracking
[2022.06.07-07.44.29:992][  0]LogEditorSessionSummary: EditorSessionSummaryWriter initialized
[2022.06.07-07.44.30:148][  0]LogInit: Transaction tracking system initialized
[2022.06.07-07.44.30:414][  0]BlueprintLog: New page: 编辑器加载
[2022.06.07-07.44.30:983][  0]LocalizationService: 本地化服务已禁用
[2022.06.07-07.44.31:202][  0]TimingProfiler: Initialize
[2022.06.07-07.44.31:203][  0]TimingProfiler: OnSessionChanged
[2022.06.07-07.44.31:203][  0]LoadingProfiler: Initialize
[2022.06.07-07.44.31:203][  0]LoadingProfiler: OnSessionChanged
[2022.06.07-07.44.31:203][  0]NetworkingProfiler: Initialize
[2022.06.07-07.44.31:203][  0]NetworkingProfiler: OnSessionChanged
[2022.06.07-07.44.31:203][  0]MemoryProfiler: Initialize
[2022.06.07-07.44.31:203][  0]MemoryProfiler: OnSessionChanged
[2022.06.07-07.44.32:620][  0]LogCook: Display: CookSettings for Memory: MemoryMaxUsedVirtual 0MiB, MemoryMaxUsedPhysical 16384MiB, MemoryMinFreeVirtual 0MiB, MemoryMinFreePhysical 1024MiB
[2022.06.07-07.44.32:621][  0]LogCook: Display: Mobile HDR setting 1
[2022.06.07-07.44.33:149][  0]LogFileCache: Scanning file cache for directory 'D:/UE4_Project/PMTutorial/Content/' took 0.01s
[2022.06.07-07.44.34:588][  0]LogInit: Display: Engine is initialized. Leaving FEngineLoop::Init()
[2022.06.07-07.44.34:606][  0]SourceControl: 源码管理已禁用
[2022.06.07-07.44.34:807][  0]LogSlate: Took 0.000282 seconds to synchronously load lazily loaded font '../../../Engine/Content/Slate/Fonts/Roboto-Regular.ttf' (155K)
[2022.06.07-07.44.34:845][  0]LogSlate: Took 0.038019 seconds to synchronously load lazily loaded font '../../../Engine/Content/Slate/Fonts/DroidSansFallback.ttf' (3848K)
[2022.06.07-07.44.42:156][  0]LogSlate: Window '恢复包' being destroyed
[2022.06.07-07.44.43:508][  0]LogSlate: Window '不能从源码管理中迁出！' being destroyed
[2022.06.07-07.44.43:531][  0]Message dialog closed, result: Ok, title: 不能从源码管理中迁出！, text: 不能从源码管理中成功迁出以下资产：
/Game/StarterContent/Maps/Minimal_Default
[2022.06.07-07.44.43:568][  0]LogUnrealEdMisc: Loading editor; pre map load, took 53.709
[2022.06.07-07.44.43:569][  0]Cmd: MAP LOAD FILE="D:/UE4_Project/PMTutorial/Content/StarterContent/Maps/Minimal_Default.umap" TEMPLATE=0 SHOWPROGRESS=1 FEATURELEVEL=3
[2022.06.07-07.44.43:571][  0]LightingResults: New page: 光照构建
[2022.06.07-07.44.43:589][  0]LogWorld: UWorld::CleanupWorld for Untitled, bSessionEnded=true, bCleanupResources=true
[2022.06.07-07.44.43:601][  0]LogSlate: InvalidateAllWidgets triggered.  All widgets were invalidated
[2022.06.07-07.44.43:602][  0]MapCheck: New page: 地图检测
[2022.06.07-07.44.43:602][  0]LightingResults: New page: 光照构建
[2022.06.07-07.44.43:610][  0]LogAudio: Display: Audio Device unregistered from world 'None'.
[2022.06.07-07.44.43:615][  0]LogUObjectHash: Compacting FUObjectHashTables data took   1.21ms
[2022.06.07-07.44.44:273][  0]LogTexture: Display: 正在编译纹理：DeprecatedTextureD6C57B644F03DADF4F2699848FAEA3C3（BGRA8、128X128）
[2022.06.07-07.44.44:279][  0]LogTexture: Display: 正在编译纹理：DeprecatedTexture8D91C9AE4C6B8D628CDA3C848426284A（BGRA8、128X128）
[2022.06.07-07.44.44:388][  0]LogAudio: Display: Audio Device (ID: 1) registered with world 'Minimal_Default'.
[2022.06.07-07.44.44:389][  0]LogAIModule: Creating AISystem for world Minimal_Default
[2022.06.07-07.44.44:442][  0]LogEditorServer: Finished looking for orphan Actors (0.000 secs)
[2022.06.07-07.44.44:456][  0]LogUObjectHash: Compacting FUObjectHashTables data took   1.75ms
[2022.06.07-07.44.44:458][  0]Cmd: MAP CHECKDEP NOCLEARLOG
[2022.06.07-07.44.44:458][  0]MapCheck: 地图检测完成：0个错误、0个警告、完成用时0.163毫秒。
[2022.06.07-07.44.44:459][  0]LogFileHelpers: Loading map 'Minimal_Default' took 0.889
[2022.06.07-07.44.44:462][  0]LogUnrealEdMisc: Total Editor Startup Time, took 54.603
[2022.06.07-07.44.44:664][  0]LogSlate: Updating window title bar state: overlay mode, drag disabled, window buttons hidden, title bar hidden
[2022.06.07-07.44.44:670][  0]LogSlate: Updating window title bar state: overlay mode, drag disabled, window buttons hidden, title bar hidden
[2022.06.07-07.44.44:676][  0]LogSlate: Updating window title bar state: overlay mode, drag disabled, window buttons hidden, title bar hidden
[2022.06.07-07.44.44:683][  0]LogSlate: Updating window title bar state: overlay mode, drag disabled, window buttons hidden, title bar hidden
[2022.06.07-07.44.44:744][  0]LogNativeClassHierarchy: Verbose: Native class hierarchy populated in 0.0092 seconds. Added 3824 classes and 933 folders.
[2022.06.07-07.44.44:780][  0]LogNativeClassHierarchy: Verbose: Native class hierarchy updated for 'WidgetCarousel' in 0.0002 seconds. Added 0 classes and 0 folders.
[2022.06.07-07.44.44:860][  0]LogPakFile: PakFile PrimaryIndexSize=187
[2022.06.07-07.44.44:860][  0]LogPakFile: PakFile PathHashIndexSize=101
[2022.06.07-07.44.44:860][  0]LogPakFile: PakFile FullDirectoryIndexSize=148
[2022.06.07-07.44.44:860][  0]LogShaderLibrary: Display: ShaderCodeLibraryPakFileMountedCallback: PakFile 'F:/UE4/UE_4.27/FeaturePacks/FP_FirstPerson.upack' (chunk index -1, root 'root:/') mounted
[2022.06.07-07.44.44:860][  0]LogShaderLibrary: Display: ShaderCodeLibraryPakFileMountedCallback: pending pak file info (ChunkID:-1 Root:root:/ File:F:/UE4/UE_4.27/FeaturePacks/FP_FirstPerson.upack)
[2022.06.07-07.44.44:860][  0]LogPakFile: OnPakFileMounted2Time == 0.000132
[2022.06.07-07.44.44:892][  0]LogPakFile: PakFile PrimaryIndexSize=189
[2022.06.07-07.44.44:892][  0]LogPakFile: PakFile PathHashIndexSize=101
[2022.06.07-07.44.44:892][  0]LogPakFile: PakFile FullDirectoryIndexSize=152
[2022.06.07-07.44.44:892][  0]LogShaderLibrary: Display: ShaderCodeLibraryPakFileMountedCallback: PakFile 'F:/UE4/UE_4.27/FeaturePacks/FP_FirstPersonBP.upack' (chunk index -1, root 'root:/') mounted
[2022.06.07-07.44.44:892][  0]LogShaderLibrary: Display: ShaderCodeLibraryPakFileMountedCallback: pending pak file info (ChunkID:-1 Root:root:/ File:F:/UE4/UE_4.27/FeaturePacks/FP_FirstPersonBP.upack)
[2022.06.07-07.44.44:892][  0]LogPakFile: OnPakFileMounted2Time == 0.000116
[2022.06.07-07.44.44:915][  0]LogPakFile: PakFile PrimaryIndexSize=191
[2022.06.07-07.44.44:916][  0]LogPakFile: PakFile PathHashIndexSize=101
[2022.06.07-07.44.44:916][  0]LogPakFile: PakFile FullDirectoryIndexSize=160
[2022.06.07-07.44.44:916][  0]LogShaderLibrary: Display: ShaderCodeLibraryPakFileMountedCallback: PakFile 'F:/UE4/UE_4.27/FeaturePacks/MobileStarterContent.upack' (chunk index -1, root 'root:/') mounted
[2022.06.07-07.44.44:916][  0]LogShaderLibrary: Display: ShaderCodeLibraryPakFileMountedCallback: pending pak file info (ChunkID:-1 Root:root:/ File:F:/UE4/UE_4.27/FeaturePacks/MobileStarterContent.upack)
[2022.06.07-07.44.44:916][  0]LogPakFile: OnPakFileMounted2Time == 0.000139
[2022.06.07-07.44.44:931][  0]LogPakFile: PakFile PrimaryIndexSize=185
[2022.06.07-07.44.44:931][  0]LogPakFile: PakFile PathHashIndexSize=101
[2022.06.07-07.44.44:931][  0]LogPakFile: PakFile FullDirectoryIndexSize=148
[2022.06.07-07.44.44:932][  0]LogShaderLibrary: Display: ShaderCodeLibraryPakFileMountedCallback: PakFile 'F:/UE4/UE_4.27/FeaturePacks/StarterContent.upack' (chunk index -1, root 'root:/') mounted
[2022.06.07-07.44.44:932][  0]LogShaderLibrary: Display: ShaderCodeLibraryPakFileMountedCallback: pending pak file info (ChunkID:-1 Root:root:/ File:F:/UE4/UE_4.27/FeaturePacks/StarterContent.upack)
[2022.06.07-07.44.44:932][  0]LogPakFile: OnPakFileMounted2Time == 0.000321
[2022.06.07-07.44.44:954][  0]LogPakFile: PakFile PrimaryIndexSize=190
[2022.06.07-07.44.44:954][  0]LogPakFile: PakFile PathHashIndexSize=101
[2022.06.07-07.44.44:954][  0]LogPakFile: PakFile FullDirectoryIndexSize=154
[2022.06.07-07.44.44:954][  0]LogShaderLibrary: Display: ShaderCodeLibraryPakFileMountedCallback: PakFile 'F:/UE4/UE_4.27/FeaturePacks/TP_2DSideScroller.upack' (chunk index -1, root 'root:/') mounted
[2022.06.07-07.44.44:954][  0]LogShaderLibrary: Display: ShaderCodeLibraryPakFileMountedCallback: pending pak file info (ChunkID:-1 Root:root:/ File:F:/UE4/UE_4.27/FeaturePacks/TP_2DSideScroller.upack)
[2022.06.07-07.44.44:954][  0]LogPakFile: OnPakFileMounted2Time == 0.000096
[2022.06.07-07.44.44:966][  0]LogPakFile: PakFile PrimaryIndexSize=192
[2022.06.07-07.44.44:966][  0]LogPakFile: PakFile PathHashIndexSize=101
[2022.06.07-07.44.44:967][  0]LogPakFile: PakFile FullDirectoryIndexSize=158
[2022.06.07-07.44.44:967][  0]LogShaderLibrary: Display: ShaderCodeLibraryPakFileMountedCallback: PakFile 'F:/UE4/UE_4.27/FeaturePacks/TP_2DSideScrollerBP.upack' (chunk index -1, root 'root:/') mounted
[2022.06.07-07.44.44:967][  0]LogShaderLibrary: Display: ShaderCodeLibraryPakFileMountedCallback: pending pak file info (ChunkID:-1 Root:root:/ File:F:/UE4/UE_4.27/FeaturePacks/TP_2DSideScrollerBP.upack)
[2022.06.07-07.44.44:967][  0]LogPakFile: OnPakFileMounted2Time == 0.000102
[2022.06.07-07.44.44:971][  0]LogPakFile: PakFile PrimaryIndexSize=182
[2022.06.07-07.44.44:971][  0]LogPakFile: PakFile PathHashIndexSize=101
[2022.06.07-07.44.44:971][  0]LogPakFile: PakFile FullDirectoryIndexSize=138
[2022.06.07-07.44.44:971][  0]LogShaderLibrary: Display: ShaderCodeLibraryPakFileMountedCallback: PakFile 'F:/UE4/UE_4.27/FeaturePacks/TP_Flying.upack' (chunk index -1, root 'root:/') mounted
[2022.06.07-07.44.44:971][  0]LogShaderLibrary: Display: ShaderCodeLibraryPakFileMountedCallback: pending pak file info (ChunkID:-1 Root:root:/ File:F:/UE4/UE_4.27/FeaturePacks/TP_Flying.upack)
[2022.06.07-07.44.44:971][  0]LogPakFile: OnPakFileMounted2Time == 0.000102
[2022.06.07-07.44.44:990][  0]LogPakFile: PakFile PrimaryIndexSize=184
[2022.06.07-07.44.44:990][  0]LogPakFile: PakFile PathHashIndexSize=101
[2022.06.07-07.44.44:990][  0]LogPakFile: PakFile FullDirectoryIndexSize=142
[2022.06.07-07.44.44:990][  0]LogShaderLibrary: Display: ShaderCodeLibraryPakFileMountedCallback: PakFile 'F:/UE4/UE_4.27/FeaturePacks/TP_FlyingBP.upack' (chunk index -1, root 'root:/') mounted
[2022.06.07-07.44.44:991][  0]LogShaderLibrary: Display: ShaderCodeLibraryPakFileMountedCallback: pending pak file info (ChunkID:-1 Root:root:/ File:F:/UE4/UE_4.27/FeaturePacks/TP_FlyingBP.upack)
[2022.06.07-07.44.44:991][  0]LogPakFile: OnPakFileMounted2Time == 0.000107
[2022.06.07-07.44.45:005][  0]LogPakFile: PakFile PrimaryIndexSize=188
[2022.06.07-07.44.45:005][  0]LogPakFile: PakFile PathHashIndexSize=101
[2022.06.07-07.44.45:005][  0]LogPakFile: PakFile FullDirectoryIndexSize=150
[2022.06.07-07.44.45:005][  0]LogShaderLibrary: Display: ShaderCodeLibraryPakFileMountedCallback: PakFile 'F:/UE4/UE_4.27/FeaturePacks/TP_HandheldARBP.upack' (chunk index -1, root 'root:/') mounted
[2022.06.07-07.44.45:005][  0]LogShaderLibrary: Display: ShaderCodeLibraryPakFileMountedCallback: pending pak file info (ChunkID:-1 Root:root:/ File:F:/UE4/UE_4.27/FeaturePacks/TP_HandheldARBP.upack)
[2022.06.07-07.44.45:005][  0]LogPakFile: OnPakFileMounted2Time == 0.000102
[2022.06.07-07.44.45:021][  0]LogPakFile: PakFile PrimaryIndexSize=182
[2022.06.07-07.44.45:021][  0]LogPakFile: PakFile PathHashIndexSize=101
[2022.06.07-07.44.45:021][  0]LogPakFile: PakFile FullDirectoryIndexSize=138
[2022.06.07-07.44.45:021][  0]LogShaderLibrary: Display: ShaderCodeLibraryPakFileMountedCallback: PakFile 'F:/UE4/UE_4.27/FeaturePacks/TP_Puzzle.upack' (chunk index -1, root 'root:/') mounted
[2022.06.07-07.44.45:021][  0]LogShaderLibrary: Display: ShaderCodeLibraryPakFileMountedCallback: pending pak file info (ChunkID:-1 Root:root:/ File:F:/UE4/UE_4.27/FeaturePacks/TP_Puzzle.upack)
[2022.06.07-07.44.45:021][  0]LogPakFile: OnPakFileMounted2Time == 0.000219
[2022.06.07-07.44.45:032][  0]LogPakFile: PakFile PrimaryIndexSize=184
[2022.06.07-07.44.45:032][  0]LogPakFile: PakFile PathHashIndexSize=101
[2022.06.07-07.44.45:032][  0]LogPakFile: PakFile FullDirectoryIndexSize=142
[2022.06.07-07.44.45:032][  0]LogShaderLibrary: Display: ShaderCodeLibraryPakFileMountedCallback: PakFile 'F:/UE4/UE_4.27/FeaturePacks/TP_PuzzleBP.upack' (chunk index -1, root 'root:/') mounted
[2022.06.07-07.44.45:032][  0]LogShaderLibrary: Display: ShaderCodeLibraryPakFileMountedCallback: pending pak file info (ChunkID:-1 Root:root:/ File:F:/UE4/UE_4.27/FeaturePacks/TP_PuzzleBP.upack)
[2022.06.07-07.44.45:032][  0]LogPakFile: OnPakFileMounted2Time == 0.000104
[2022.06.07-07.44.45:063][  0]LogPakFile: PakFile PrimaryIndexSize=183
[2022.06.07-07.44.45:063][  0]LogPakFile: PakFile PathHashIndexSize=101
[2022.06.07-07.44.45:063][  0]LogPakFile: PakFile FullDirectoryIndexSize=140
[2022.06.07-07.44.45:063][  0]LogShaderLibrary: Display: ShaderCodeLibraryPakFileMountedCallback: PakFile 'F:/UE4/UE_4.27/FeaturePacks/TP_Rolling.upack' (chunk index -1, root 'root:/') mounted
[2022.06.07-07.44.45:063][  0]LogShaderLibrary: Display: ShaderCodeLibraryPakFileMountedCallback: pending pak file info (ChunkID:-1 Root:root:/ File:F:/UE4/UE_4.27/FeaturePacks/TP_Rolling.upack)
[2022.06.07-07.44.45:063][  0]LogPakFile: OnPakFileMounted2Time == 0.000110
[2022.06.07-07.44.45:083][  0]LogPakFile: PakFile PrimaryIndexSize=185
[2022.06.07-07.44.45:083][  0]LogPakFile: PakFile PathHashIndexSize=101
[2022.06.07-07.44.45:083][  0]LogPakFile: PakFile FullDirectoryIndexSize=144
[2022.06.07-07.44.45:083][  0]LogShaderLibrary: Display: ShaderCodeLibraryPakFileMountedCallback: PakFile 'F:/UE4/UE_4.27/FeaturePacks/TP_RollingBP.upack' (chunk index -1, root 'root:/') mounted
[2022.06.07-07.44.45:083][  0]LogShaderLibrary: Display: ShaderCodeLibraryPakFileMountedCallback: pending pak file info (ChunkID:-1 Root:root:/ File:F:/UE4/UE_4.27/FeaturePacks/TP_RollingBP.upack)
[2022.06.07-07.44.45:083][  0]LogPakFile: OnPakFileMounted2Time == 0.000102
[2022.06.07-07.44.45:086][  0]LogPakFile: PakFile PrimaryIndexSize=188
[2022.06.07-07.44.45:086][  0]LogPakFile: PakFile PathHashIndexSize=101
[2022.06.07-07.44.45:086][  0]LogPakFile: PakFile FullDirectoryIndexSize=150
[2022.06.07-07.44.45:086][  0]LogShaderLibrary: Display: ShaderCodeLibraryPakFileMountedCallback: PakFile 'F:/UE4/UE_4.27/FeaturePacks/TP_SideScroller.upack' (chunk index -1, root 'root:/') mounted
[2022.06.07-07.44.45:086][  0]LogShaderLibrary: Display: ShaderCodeLibraryPakFileMountedCallback: pending pak file info (ChunkID:-1 Root:root:/ File:F:/UE4/UE_4.27/FeaturePacks/TP_SideScroller.upack)
[2022.06.07-07.44.45:086][  0]LogPakFile: OnPakFileMounted2Time == 0.000105
[2022.06.07-07.44.45:089][  0]LogPakFile: PakFile PrimaryIndexSize=190
[2022.06.07-07.44.45:089][  0]LogPakFile: PakFile PathHashIndexSize=101
[2022.06.07-07.44.45:089][  0]LogPakFile: PakFile FullDirectoryIndexSize=154
[2022.06.07-07.44.45:089][  0]LogShaderLibrary: Display: ShaderCodeLibraryPakFileMountedCallback: PakFile 'F:/UE4/UE_4.27/FeaturePacks/TP_SideScrollerBP.upack' (chunk index -1, root 'root:/') mounted
[2022.06.07-07.44.45:089][  0]LogShaderLibrary: Display: ShaderCodeLibraryPakFileMountedCallback: pending pak file info (ChunkID:-1 Root:root:/ File:F:/UE4/UE_4.27/FeaturePacks/TP_SideScrollerBP.upack)
[2022.06.07-07.44.45:089][  0]LogPakFile: OnPakFileMounted2Time == 0.000103
[2022.06.07-07.44.45:096][  0]LogPakFile: PakFile PrimaryIndexSize=187
[2022.06.07-07.44.45:096][  0]LogPakFile: PakFile PathHashIndexSize=101
[2022.06.07-07.44.45:096][  0]LogPakFile: PakFile FullDirectoryIndexSize=148
[2022.06.07-07.44.45:096][  0]LogShaderLibrary: Display: ShaderCodeLibraryPakFileMountedCallback: PakFile 'F:/UE4/UE_4.27/FeaturePacks/TP_ThirdPerson.upack' (chunk index -1, root 'root:/') mounted
[2022.06.07-07.44.45:096][  0]LogShaderLibrary: Display: ShaderCodeLibraryPakFileMountedCallback: pending pak file info (ChunkID:-1 Root:root:/ File:F:/UE4/UE_4.27/FeaturePacks/TP_ThirdPerson.upack)
[2022.06.07-07.44.45:096][  0]LogPakFile: OnPakFileMounted2Time == 0.000105
[2022.06.07-07.44.45:101][  0]LogPakFile: PakFile PrimaryIndexSize=189
[2022.06.07-07.44.45:101][  0]LogPakFile: PakFile PathHashIndexSize=101
[2022.06.07-07.44.45:101][  0]LogPakFile: PakFile FullDirectoryIndexSize=152
[2022.06.07-07.44.45:101][  0]LogShaderLibrary: Display: ShaderCodeLibraryPakFileMountedCallback: PakFile 'F:/UE4/UE_4.27/FeaturePacks/TP_ThirdPersonBP.upack' (chunk index -1, root 'root:/') mounted
[2022.06.07-07.44.45:101][  0]LogShaderLibrary: Display: ShaderCodeLibraryPakFileMountedCallback: pending pak file info (ChunkID:-1 Root:root:/ File:F:/UE4/UE_4.27/FeaturePacks/TP_ThirdPersonBP.upack)
[2022.06.07-07.44.45:101][  0]LogPakFile: OnPakFileMounted2Time == 0.000099
[2022.06.07-07.44.45:114][  0]LogPakFile: PakFile PrimaryIndexSize=183
[2022.06.07-07.44.45:114][  0]LogPakFile: PakFile PathHashIndexSize=101
[2022.06.07-07.44.45:114][  0]LogPakFile: PakFile FullDirectoryIndexSize=140
[2022.06.07-07.44.45:114][  0]LogShaderLibrary: Display: ShaderCodeLibraryPakFileMountedCallback: PakFile 'F:/UE4/UE_4.27/FeaturePacks/TP_TopDown.upack' (chunk index -1, root 'root:/') mounted
[2022.06.07-07.44.45:114][  0]LogShaderLibrary: Display: ShaderCodeLibraryPakFileMountedCallback: pending pak file info (ChunkID:-1 Root:root:/ File:F:/UE4/UE_4.27/FeaturePacks/TP_TopDown.upack)
[2022.06.07-07.44.45:114][  0]LogPakFile: OnPakFileMounted2Time == 0.000119
[2022.06.07-07.44.45:135][  0]LogPakFile: PakFile PrimaryIndexSize=185
[2022.06.07-07.44.45:135][  0]LogPakFile: PakFile PathHashIndexSize=101
[2022.06.07-07.44.45:135][  0]LogPakFile: PakFile FullDirectoryIndexSize=144
[2022.06.07-07.44.45:135][  0]LogShaderLibrary: Display: ShaderCodeLibraryPakFileMountedCallback: PakFile 'F:/UE4/UE_4.27/FeaturePacks/TP_TopDownBP.upack' (chunk index -1, root 'root:/') mounted
[2022.06.07-07.44.45:135][  0]LogShaderLibrary: Display: ShaderCodeLibraryPakFileMountedCallback: pending pak file info (ChunkID:-1 Root:root:/ File:F:/UE4/UE_4.27/FeaturePacks/TP_TopDownBP.upack)
[2022.06.07-07.44.45:135][  0]LogPakFile: OnPakFileMounted2Time == 0.000071
[2022.06.07-07.44.45:145][  0]LogPakFile: PakFile PrimaryIndexSize=185
[2022.06.07-07.44.45:145][  0]LogPakFile: PakFile PathHashIndexSize=101
[2022.06.07-07.44.45:145][  0]LogPakFile: PakFile FullDirectoryIndexSize=144
[2022.06.07-07.44.45:145][  0]LogShaderLibrary: Display: ShaderCodeLibraryPakFileMountedCallback: PakFile 'F:/UE4/UE_4.27/FeaturePacks/TP_TwinStick.upack' (chunk index -1, root 'root:/') mounted
[2022.06.07-07.44.45:145][  0]LogShaderLibrary: Display: ShaderCodeLibraryPakFileMountedCallback: pending pak file info (ChunkID:-1 Root:root:/ File:F:/UE4/UE_4.27/FeaturePacks/TP_TwinStick.upack)
[2022.06.07-07.44.45:145][  0]LogPakFile: OnPakFileMounted2Time == 0.000068
[2022.06.07-07.44.45:149][  0]LogPakFile: PakFile PrimaryIndexSize=187
[2022.06.07-07.44.45:149][  0]LogPakFile: PakFile PathHashIndexSize=101
[2022.06.07-07.44.45:149][  0]LogPakFile: PakFile FullDirectoryIndexSize=148
[2022.06.07-07.44.45:149][  0]LogShaderLibrary: Display: ShaderCodeLibraryPakFileMountedCallback: PakFile 'F:/UE4/UE_4.27/FeaturePacks/TP_TwinStickBP.upack' (chunk index -1, root 'root:/') mounted
[2022.06.07-07.44.45:149][  0]LogShaderLibrary: Display: ShaderCodeLibraryPakFileMountedCallback: pending pak file info (ChunkID:-1 Root:root:/ File:F:/UE4/UE_4.27/FeaturePacks/TP_TwinStickBP.upack)
[2022.06.07-07.44.45:149][  0]LogPakFile: OnPakFileMounted2Time == 0.000070
[2022.06.07-07.44.45:159][  0]LogPakFile: PakFile PrimaryIndexSize=183
[2022.06.07-07.44.45:159][  0]LogPakFile: PakFile PathHashIndexSize=101
[2022.06.07-07.44.45:159][  0]LogPakFile: PakFile FullDirectoryIndexSize=140
[2022.06.07-07.44.45:159][  0]LogShaderLibrary: Display: ShaderCodeLibraryPakFileMountedCallback: PakFile 'F:/UE4/UE_4.27/FeaturePacks/TP_Vehicle.upack' (chunk index -1, root 'root:/') mounted
[2022.06.07-07.44.45:159][  0]LogShaderLibrary: Display: ShaderCodeLibraryPakFileMountedCallback: pending pak file info (ChunkID:-1 Root:root:/ File:F:/UE4/UE_4.27/FeaturePacks/TP_Vehicle.upack)
[2022.06.07-07.44.45:159][  0]LogPakFile: OnPakFileMounted2Time == 0.000074
[2022.06.07-07.44.45:168][  0]LogPakFile: PakFile PrimaryIndexSize=186
[2022.06.07-07.44.45:168][  0]LogPakFile: PakFile PathHashIndexSize=101
[2022.06.07-07.44.45:168][  0]LogPakFile: PakFile FullDirectoryIndexSize=146
[2022.06.07-07.44.45:168][  0]LogShaderLibrary: Display: ShaderCodeLibraryPakFileMountedCallback: PakFile 'F:/UE4/UE_4.27/FeaturePacks/TP_VehicleAdv.upack' (chunk index -1, root 'root:/') mounted
[2022.06.07-07.44.45:168][  0]LogShaderLibrary: Display: ShaderCodeLibraryPakFileMountedCallback: pending pak file info (ChunkID:-1 Root:root:/ File:F:/UE4/UE_4.27/FeaturePacks/TP_VehicleAdv.upack)
[2022.06.07-07.44.45:168][  0]LogPakFile: OnPakFileMounted2Time == 0.000074
[2022.06.07-07.44.45:183][  0]LogPakFile: PakFile PrimaryIndexSize=188
[2022.06.07-07.44.45:183][  0]LogPakFile: PakFile PathHashIndexSize=101
[2022.06.07-07.44.45:183][  0]LogPakFile: PakFile FullDirectoryIndexSize=150
[2022.06.07-07.44.45:183][  0]LogShaderLibrary: Display: ShaderCodeLibraryPakFileMountedCallback: PakFile 'F:/UE4/UE_4.27/FeaturePacks/TP_VehicleAdvBP.upack' (chunk index -1, root 'root:/') mounted
[2022.06.07-07.44.45:183][  0]LogShaderLibrary: Display: ShaderCodeLibraryPakFileMountedCallback: pending pak file info (ChunkID:-1 Root:root:/ File:F:/UE4/UE_4.27/FeaturePacks/TP_VehicleAdvBP.upack)
[2022.06.07-07.44.45:183][  0]LogPakFile: OnPakFileMounted2Time == 0.000074
[2022.06.07-07.44.45:191][  0]LogPakFile: PakFile PrimaryIndexSize=185
[2022.06.07-07.44.45:191][  0]LogPakFile: PakFile PathHashIndexSize=101
[2022.06.07-07.44.45:191][  0]LogPakFile: PakFile FullDirectoryIndexSize=144
[2022.06.07-07.44.45:191][  0]LogShaderLibrary: Display: ShaderCodeLibraryPakFileMountedCallback: PakFile 'F:/UE4/UE_4.27/FeaturePacks/TP_VehicleBP.upack' (chunk index -1, root 'root:/') mounted
[2022.06.07-07.44.45:191][  0]LogShaderLibrary: Display: ShaderCodeLibraryPakFileMountedCallback: pending pak file info (ChunkID:-1 Root:root:/ File:F:/UE4/UE_4.27/FeaturePacks/TP_VehicleBP.upack)
[2022.06.07-07.44.45:191][  0]LogPakFile: OnPakFileMounted2Time == 0.000068
[2022.06.07-07.44.45:221][  0]LogPakFile: PakFile PrimaryIndexSize=192
[2022.06.07-07.44.45:221][  0]LogPakFile: PakFile PathHashIndexSize=101
[2022.06.07-07.44.45:222][  0]LogPakFile: PakFile FullDirectoryIndexSize=158
[2022.06.07-07.44.45:222][  0]LogShaderLibrary: Display: ShaderCodeLibraryPakFileMountedCallback: PakFile 'F:/UE4/UE_4.27/FeaturePacks/TP_VirtualRealityBP.upack' (chunk index -1, root 'root:/') mounted
[2022.06.07-07.44.45:222][  0]LogShaderLibrary: Display: ShaderCodeLibraryPakFileMountedCallback: pending pak file info (ChunkID:-1 Root:root:/ File:F:/UE4/UE_4.27/FeaturePacks/TP_VirtualRealityBP.upack)
[2022.06.07-07.44.45:222][  0]LogPakFile: OnPakFileMounted2Time == 0.000124
[2022.06.07-07.44.46:967][  0]LogNativeClassHierarchy: Verbose: Native class hierarchy updated for 'AddContentDialog' in 0.0002 seconds. Added 0 classes and 0 folders.
[2022.06.07-07.44.46:968][  0]LogNativeClassHierarchy: Verbose: Native class hierarchy updated for 'SceneOutliner' in 0.0002 seconds. Added 2 classes and 0 folders.
[2022.06.07-07.44.47:033][  0]LogSlate: Took 0.029503 seconds to synchronously load lazily loaded font '../../../Engine/Content/Editor/Slate/Fonts/FontAwesome.ttf' (139K)
[2022.06.07-07.44.47:033][  0]LogSlate: Took 0.000142 seconds to synchronously load lazily loaded font '../../../Engine/Content/Slate/Fonts/Roboto-Bold.ttf' (160K)
[2022.06.07-07.44.47:153][  0]LogRenderer: Reallocating scene render targets to support 1140x428 Format 10 NumSamples 1 (Frame:1).
[2022.06.07-07.44.47:198][  0]LogSlate: Took 0.005832 seconds to synchronously load lazily loaded font '../../../Engine/Content/Slate/Fonts/Roboto-Light.ttf' (167K)
[2022.06.07-07.44.47:281][  0]LogNativeClassHierarchy: Verbose: Native class hierarchy updated for 'HierarchicalLODOutliner' in 0.0002 seconds. Added 0 classes and 0 folders.
[2022.06.07-07.44.47:281][  0]LogLoad: (Engine Initialization) Total time: 57.42 seconds
[2022.06.07-07.44.47:281][  0]LogLoad: (Engine Initialization) Total Blueprint compile time: 0.00 seconds
[2022.06.07-07.44.47:328][  0]LogAssetRegistry: Asset discovery search completed in 43.4831 seconds
[2022.06.07-07.44.47:350][  0]LogCollectionManager: Fixed up redirectors for 0 collections in 0.000003 seconds (updated 0 objects)
[2022.06.07-07.44.47:350][  0]LogContentStreaming: Texture pool size now 1000 MB
[2022.06.07-07.44.47:386][  0]LogSlate: Took 0.000132 seconds to synchronously load lazily loaded font '../../../Engine/Content/Slate/Fonts/Roboto-Light.ttf' (167K)
[2022.06.07-07.46.11:083][147]LogEditorViewport: Clicking on Actor (LMB): BP_ActorTest_C (BP_ActorTest)
[2022.06.07-07.46.12:438][295]LogTemp: Repeating last play command: 选中的视口
[2022.06.07-07.46.12:442][295]LogPlayLevel: PlayLevel: No blueprints needed recompiling
[2022.06.07-07.46.12:443][295]PIE: New page: PIE会话：Minimal_Default（2022年6月7日 下午11:46:12）
[2022.06.07-07.46.12:444][295]LogOnline: OSS: Creating online subsystem instance for: NULL
[2022.06.07-07.46.12:445][295]LogOnline: OSS: TryLoadSubsystemAndSetDefault: Loaded subsystem for module [NULL]
[2022.06.07-07.46.12:445][295]LogPlayLevel: Creating play world package: /Game/StarterContent/Maps/UEDPIE_0_Minimal_Default
[2022.06.07-07.46.12:448][295]LogPlayLevel: PIE: StaticDuplicateObject took: (0.002869s)
[2022.06.07-07.46.12:449][295]LogAIModule: Creating AISystem for world Minimal_Default
[2022.06.07-07.46.12:449][295]LogPlayLevel: PIE: World Init took: (0.001053s)
[2022.06.07-07.46.12:449][295]LogPlayLevel: PIE: Created PIE world by copying editor world from /Game/StarterContent/Maps/Minimal_Default.Minimal_Default to /Game/StarterContent/Maps/UEDPIE_0_Minimal_Default.Minimal_Default (0.004039s)
[2022.06.07-07.46.12:456][295]LogUObjectHash: Compacting FUObjectHashTables data took   0.55ms
[2022.06.07-07.46.12:457][295]LogAudio: Display: Creating Audio Device:                 Id: 2, Scope: Unique, Realtime: True
[2022.06.07-07.46.12:457][295]LogAudioMixer: Display: Audio Mixer Platform Settings:
[2022.06.07-07.46.12:457][295]LogAudioMixer: Display: 	Sample Rate:						  48000
[2022.06.07-07.46.12:457][295]LogAudioMixer: Display: 	Callback Buffer Frame Size Requested: 1024
[2022.06.07-07.46.12:457][295]LogAudioMixer: Display: 	Callback Buffer Frame Size To Use:	  1024
[2022.06.07-07.46.12:457][295]LogAudioMixer: Display: 	Number of buffers to queue:			  2
[2022.06.07-07.46.12:457][295]LogAudioMixer: Display: 	Max Channels (voices):				  32
[2022.06.07-07.46.12:457][295]LogAudioMixer: Display: 	Number of Async Source Workers:		  0
[2022.06.07-07.46.12:457][295]LogAudio: Display: AudioDevice MaxSources: 32
[2022.06.07-07.46.12:458][295]LogAudio: Display: Audio Spatialization Plugin: None (built-in).
[2022.06.07-07.46.12:458][295]LogAudio: Display: Audio Reverb Plugin: None (built-in).
[2022.06.07-07.46.12:458][295]LogAudio: Display: Audio Occlusion Plugin: None (built-in).
[2022.06.07-07.46.12:458][295]LogAudioMixer: Display: Initializing audio mixer.
[2022.06.07-07.46.12:464][295]LogAudioMixer: Display: 0: FrontLeft
[2022.06.07-07.46.12:464][295]LogAudioMixer: Display: 1: FrontRight
[2022.06.07-07.46.12:475][295]LogAudioMixer: Display: Using Audio Device 耳机 (Earbuds X1 Stereo)
[2022.06.07-07.46.12:475][295]LogAudioMixer: Display: Initializing Sound Submixes...
[2022.06.07-07.46.12:475][295]LogAudioMixer: Display: Creating Master Submix 'MasterSubmixDefault'
[2022.06.07-07.46.12:475][295]LogAudioMixer: Display: Creating Master Submix 'MasterReverbSubmixDefault'
[2022.06.07-07.46.12:475][295]LogAudioMixer: Display: Creating Master Submix 'MasterEQSubmixDefault'
[2022.06.07-07.46.12:475][295]LogAudioMixer: FMixerPlatformXAudio2::StartAudioStream() called
[2022.06.07-07.46.12:475][295]LogAudioMixer: Display: Output buffers initialized: Frames=1024, Channels=2, Samples=2048
[2022.06.07-07.46.12:476][295]LogAudioMixer: Display: Starting AudioMixerPlatformInterface::RunInternal()
[2022.06.07-07.46.12:476][295]LogAudioMixer: Display: FMixerPlatformXAudio2::SubmitBuffer() called for the first time
[2022.06.07-07.46.12:476][295]LogInit: FAudioDevice initialized.
[2022.06.07-07.46.12:476][295]LogAudio: Display: Audio Device (ID: 2) registered with world 'Minimal_Default'.
[2022.06.07-07.46.12:488][295]LogLoad: Game class is 'GameModeBase'
[2022.06.07-07.46.12:489][295]LogWorld: Bringing World /Game/StarterContent/Maps/UEDPIE_0_Minimal_Default.Minimal_Default up for play (max tick rate 0) at 2022.06.07-15.46.12
[2022.06.07-07.46.12:490][295]LogWorld: Bringing up level for play took: 0.000650
[2022.06.07-07.46.12:490][295]LogOnline: OSS: Creating online subsystem instance for: :Context_1
[2022.06.07-07.46.12:493][295]LogNativeClassHierarchy: Verbose: Native class hierarchy updated for 'MovieSceneCapture' in 0.0003 seconds. Added 20 classes and 0 folders.
[2022.06.07-07.46.12:493][295]PIE: 登陆的服务器
[2022.06.07-07.46.12:495][295]PIE: PIE总开始时间：0.053秒。
[2022.06.07-07.46.12:633][304]LogBlueprintUserMessages: [BP_ActorTest_4] 0
[2022.06.07-07.46.12:633][304]LogOutputDevice: Warning: 

Script Stack (1 frames):
BP_ActorTest_C.ExecuteUbergraph_BP_ActorTest

[2022.06.07-07.46.12:633][304]LogWindows: Windows GetLastError: 操作成功完成。 (0)
[2022.06.07-07.46.14:186][304]LogWindows: Error: === Critical error: ===
[2022.06.07-07.46.14:186][304]LogWindows: Error: 
[2022.06.07-07.46.14:186][304]LogWindows: Error: Assertion failed: IsValid() [File:F:\UE4\UE_4.27\Engine\Source\Runtime\Core\Public\Templates/SharedPointer.h] [Line: 890] 
[2022.06.07-07.46.14:186][304]LogWindows: Error: 
[2022.06.07-07.46.14:186][304]LogWindows: Error: 
[2022.06.07-07.46.14:186][304]LogWindows: Error: 
[2022.06.07-07.46.14:186][304]LogWindows: Error: [Callstack] 0x00007ffdf4454f69 KERNELBASE.dll!UnknownFunction []
[2022.06.07-07.46.14:186][304]LogWindows: Error: [Callstack] 0x00007ffd9ef20216 UE4Editor-Core.dll!UnknownFunction []
[2022.06.07-07.46.14:186][304]LogWindows: Error: [Callstack] 0x00007ffd9ef24218 UE4Editor-Core.dll!UnknownFunction []
[2022.06.07-07.46.14:186][304]LogWindows: Error: [Callstack] 0x00007ffd9ec4242d UE4Editor-Core.dll!UnknownFunction []
[2022.06.07-07.46.14:186][304]LogWindows: Error: [Callstack] 0x00007ffd9eb96a45 UE4Editor-Core.dll!UnknownFunction []
[2022.06.07-07.46.14:186][304]LogWindows: Error: [Callstack] 0x00007ffd9eb980a0 UE4Editor-Core.dll!UnknownFunction []
[2022.06.07-07.46.14:186][304]LogWindows: Error: [Callstack] 0x00007ffddde6224f UE4Editor-DemonPlugin-3504.dll!UDemonPluginBPLibrary::TestOpenSqlite() [D:\UE4_Project\PMTutorial\Plugins\DemonPlugin\Source\DemonPlugin\Private\DemonPluginBPLibrary.cpp:29]
[2022.06.07-07.46.14:186][304]LogWindows: Error: [Callstack] 0x00007ffdad01be99 UE4Editor-CoreUObject.dll!UnknownFunction []
[2022.06.07-07.46.14:186][304]LogWindows: Error: [Callstack] 0x00007ffdacff4d8d UE4Editor-CoreUObject.dll!UnknownFunction []
[2022.06.07-07.46.14:186][304]LogWindows: Error: [Callstack] 0x00007ffdacff4184 UE4Editor-CoreUObject.dll!UnknownFunction []
[2022.06.07-07.46.14:186][304]LogWindows: Error: [Callstack] 0x00007ffdacd119c4 UE4Editor-CoreUObject.dll!UnknownFunction []
[2022.06.07-07.46.14:186][304]LogWindows: Error: [Callstack] 0x00007ffdacff3ca3 UE4Editor-CoreUObject.dll!UnknownFunction []
[2022.06.07-07.46.14:186][304]LogWindows: Error: [Callstack] 0x00007ffd9848942a UE4Editor-Engine.dll!UnknownFunction []
[2022.06.07-07.46.14:186][304]LogWindows: Error: [Callstack] 0x00007ffd98da23f8 UE4Editor-Engine.dll!UnknownFunction []
[2022.06.07-07.46.14:186][304]LogWindows: Error: [Callstack] 0x00007ffd98d80f08 UE4Editor-Engine.dll!UnknownFunction []
[2022.06.07-07.46.14:186][304]LogWindows: Error: [Callstack] 0x00007ffd98d9f55b UE4Editor-Engine.dll!UnknownFunction []
[2022.06.07-07.46.14:186][304]LogWindows: Error: [Callstack] 0x00007ffd96d114c3 UE4Editor-UnrealEd.dll!UnknownFunction []
[2022.06.07-07.46.14:186][304]LogWindows: Error: [Callstack] 0x00007ffd97612ba6 UE4Editor-UnrealEd.dll!UnknownFunction []
[2022.06.07-07.46.14:186][304]LogWindows: Error: [Callstack] 0x00007ff65b9987a0 UE4Editor.exe!UnknownFunction []
[2022.06.07-07.46.14:186][304]LogWindows: Error: [Callstack] 0x00007ff65b9b0fcc UE4Editor.exe!UnknownFunction []
[2022.06.07-07.46.14:186][304]LogWindows: Error: [Callstack] 0x00007ff65b9b10ba UE4Editor.exe!UnknownFunction []
[2022.06.07-07.46.14:186][304]LogWindows: Error: [Callstack] 0x00007ff65b9b40dd UE4Editor.exe!UnknownFunction []
[2022.06.07-07.46.14:186][304]LogWindows: Error: [Callstack] 0x00007ff65b9c5984 UE4Editor.exe!UnknownFunction []
[2022.06.07-07.46.14:186][304]LogWindows: Error: [Callstack] 0x00007ff65b9c853a UE4Editor.exe!UnknownFunction []
[2022.06.07-07.46.14:186][304]LogWindows: Error: [Callstack] 0x00007ffdf5d07034 KERNEL32.DLL!UnknownFunction []
[2022.06.07-07.46.14:186][304]LogWindows: Error: [Callstack] 0x00007ffdf6ca2651 ntdll.dll!UnknownFunction []
[2022.06.07-07.46.14:186][304]LogWindows: Error: 
[2022.06.07-07.46.14:222][304]LogExit: Executing StaticShutdownAfterError
[2022.06.07-07.46.14:223][304]LogWindows: FPlatformMisc::RequestExit(1)
[2022.06.07-07.46.14:223][304]LogWindows: FPlatformMisc::RequestExitWithStatus(1, 3)
[2022.06.07-07.46.14:223][304]LogCore: Engine exit requested (reason: Win RequestExit)
[2022.06.07-07.46.14:277][304]Log file closed, 06/07/22 15:46:14
