Log file open, 06/07/22 15:46:31
LogWindows: Failed to load 'aqProf.dll' (GetLastError=126)
LogWindows: File 'aqProf.dll' does not exist
LogWindows: Failed to load 'VtuneApi.dll' (GetLastError=126)
LogWindows: File 'VtuneApi.dll' does not exist
LogWindows: Failed to load 'VtuneApi32e.dll' (GetLastError=126)
LogWindows: File 'VtuneApi32e.dll' does not exist
LogConsoleResponse: Display: Failed to find resolution value strings in scalability ini. Falling back to default.
LogConsoleResponse: Display: Failed to find resolution value strings in scalability ini. Falling back to default.
LogInit: Display: Running engine for game: PMTutorial
LogPlatformFile: Not using cached read wrapper
LogTaskGraph: Started task graph with 5 named threads and 23 total threads with 3 sets of task threads.
LogStats: Stats thread started at 0.438861
LogICUInternationalization: ICU TimeZone Detection - Raw Offset: +8:00, Platform Override: ''
LogInit: Display: Loading text-based GConfig....
LogPluginManager: Mounting plugin MeshPainting
LogPluginManager: Mounting plugin XGEController
LogPluginManager: Mounting plugin Paper2D
LogPluginManager: Mounting plugin AISupport
LogPluginManager: Mounting plugin EnvironmentQueryEditor
LogPluginManager: Mounting plugin LightPropagationVolume
LogPluginManager: Mounting plugin CameraShakePreviewer
LogPluginManager: Mounting plugin GameplayCameras
LogPluginManager: Mounting plugin OodleData
LogPluginManager: Mounting plugin OodleNetwork
LogPluginManager: Mounting plugin AnimationSharing
LogPluginManager: Mounting plugin CLionSourceCodeAccess
LogPluginManager: Mounting plugin CodeLiteSourceCodeAccess
LogPluginManager: Mounting plugin GitSourceControl
LogPluginManager: Mounting plugin NullSourceCodeAccess
LogPluginManager: Mounting plugin KDevelopSourceCodeAccess
LogPluginManager: Mounting plugin PerforceSourceControl
LogPluginManager: Mounting plugin PixWinPlugin
LogPluginManager: Mounting plugin PlasticSourceControl
LogPluginManager: Mounting plugin PluginUtils
LogPluginManager: Mounting plugin PropertyAccessNode
LogPluginManager: Mounting plugin RiderSourceCodeAccess
LogPluginManager: Mounting plugin SubversionSourceControl
LogPluginManager: Mounting plugin TextureFormatOodle
LogPluginManager: Mounting plugin UObjectPlugin
LogPluginManager: Mounting plugin VisualStudioCodeSourceCodeAccess
LogPluginManager: Mounting plugin XCodeSourceCodeAccess
LogPluginManager: Mounting plugin VisualStudioSourceCodeAccess
LogPluginManager: Mounting plugin DatasmithContent
LogPluginManager: Mounting plugin AssetManagerEditor
LogPluginManager: Mounting plugin AlembicImporter
LogPluginManager: Mounting plugin VariantManagerContent
LogPluginManager: Mounting plugin BackChannel
LogPluginManager: Mounting plugin AutomationUtils
LogPluginManager: Mounting plugin ChaosCloth
LogPluginManager: Mounting plugin ChaosClothEditor
LogPluginManager: Mounting plugin ChaosNiagara
LogPluginManager: Mounting plugin ChaosSolverPlugin
LogPluginManager: Mounting plugin Niagara
LogPluginManager: Mounting plugin LiveLink
LogPluginManager: Mounting plugin CharacterAI
LogPluginManager: Mounting plugin MagicLeap
LogPluginManager: Mounting plugin LuminPlatformFeatures
LogPluginManager: Mounting plugin MagicLeapLightEstimation
LogPluginManager: Mounting plugin MagicLeapMedia
LogPluginManager: Mounting plugin MagicLeapPassableWorld
LogPluginManager: Mounting plugin MLSDK
LogPluginManager: Mounting plugin CryptoKeys
LogPluginManager: Mounting plugin CurveEditorTools
LogPluginManager: Mounting plugin DataValidation
LogPluginManager: Mounting plugin FacialAnimation
LogPluginManager: Mounting plugin GameplayTagsEditor
LogPluginManager: Mounting plugin GeometryMode
LogPluginManager: Mounting plugin GeometryCache
LogPluginManager: Mounting plugin MacGraphicsSwitching
LogPluginManager: Mounting plugin MaterialAnalyzer
LogPluginManager: Mounting plugin GeometryCollectionPlugin
LogPluginManager: Mounting plugin MobileLauncherProfileWizard
LogPluginManager: Mounting plugin PluginBrowser
LogPluginManager: Mounting plugin SpeedTreeImporter
LogPluginManager: Mounting plugin GeometryProcessing
LogPluginManager: Mounting plugin OpenImageDenoise
LogPluginManager: Mounting plugin PlanarCut
LogPluginManager: Mounting plugin MotoSynth
LogPluginManager: Mounting plugin PlatformCrypto
LogPluginManager: Mounting plugin ProxyLODPlugin
LogPluginManager: Mounting plugin PythonScriptPlugin
LogPluginManager: Mounting plugin SkeletalReduction
LogPluginManager: Mounting plugin TcpMessaging
LogPluginManager: Mounting plugin UdpMessaging
LogPluginManager: Mounting plugin ActorSequence
LogPluginManager: Mounting plugin LevelSequenceEditor
LogPluginManager: Mounting plugin MatineeToLevelSequence
LogPluginManager: Mounting plugin TemplateSequence
LogPluginManager: Mounting plugin OnlineSubsystem
LogPluginManager: Mounting plugin OnlineSubsystemNull
LogPluginManager: Mounting plugin OnlineSubsystemUtils
LogPluginManager: Mounting plugin LauncherChunkInstaller
LogPluginManager: Mounting plugin ActorLayerUtilities
LogPluginManager: Mounting plugin AndroidDeviceProfileSelector
LogPluginManager: Mounting plugin AndroidMoviePlayer
LogPluginManager: Mounting plugin AndroidPermission
LogPluginManager: Mounting plugin AppleImageUtils
LogPluginManager: Mounting plugin AppleMoviePlayer
LogPluginManager: Mounting plugin AssetTags
LogPluginManager: Mounting plugin AudioCapture
LogPluginManager: Mounting plugin AudioSynesthesia
LogPluginManager: Mounting plugin CableComponent
LogPluginManager: Mounting plugin ArchVisCharacter
LogPluginManager: Mounting plugin ChunkDownloader
LogPluginManager: Mounting plugin CustomMeshComponent
LogPluginManager: Mounting plugin EditableMesh
LogPluginManager: Mounting plugin ExampleDeviceProfileSelector
LogPluginManager: Mounting plugin GoogleCloudMessaging
LogPluginManager: Mounting plugin GooglePAD
LogPluginManager: Mounting plugin ScreenshotTools
LogPluginManager: Mounting plugin IOSDeviceProfileSelector
LogPluginManager: Mounting plugin LinuxDeviceProfileSelector
LogPluginManager: Mounting plugin LocationServicesBPLibrary
LogPluginManager: Mounting plugin MobilePatchingUtils
LogPluginManager: Mounting plugin OpenXR
LogPluginManager: Mounting plugin OpenXREyeTracker
LogPluginManager: Mounting plugin OpenXRHandTracking
LogPluginManager: Mounting plugin PhysXVehicles
LogPluginManager: Mounting plugin AndroidMedia
LogPluginManager: Mounting plugin Takes
LogPluginManager: Mounting plugin AvfMedia
LogPluginManager: Mounting plugin ImgMedia
LogPluginManager: Mounting plugin MediaCompositing
LogPluginManager: Mounting plugin MediaPlayerEditor
LogPluginManager: Mounting plugin WebMMedia
LogPluginManager: Mounting plugin WmfMedia
LogPluginManager: Mounting plugin PostSplashScreen
LogPluginManager: Mounting plugin ProceduralMeshComponent
LogPluginManager: Mounting plugin PropertyAccessEditor
LogPluginManager: Mounting plugin RuntimePhysXCooking
LogPluginManager: Mounting plugin SignificanceManager
LogPluginManager: Mounting plugin SoundFields
LogPluginManager: Mounting plugin Synthesis
LogPluginManager: Mounting plugin WebMMoviePlayer
LogPluginManager: Mounting plugin WindowsMoviePlayer
LogPluginManager: Mounting plugin ChaosEditor
LogPluginManager: Mounting plugin ContentBrowserAssetDataSource
LogPluginManager: Mounting plugin ContentBrowserClassDataSource
LogPluginManager: Mounting plugin ContentBrowserFileDataSource
LogPluginManager: Mounting plugin OnlineSubsystemGooglePlay
LogPluginManager: Mounting plugin OnlineSubsystemIOS
LogPluginManager: Mounting plugin SQLiteCore
LogPluginManager: Mounting plugin OculusVR
LogPluginManager: Mounting plugin SteamVR
LogPluginManager: Mounting plugin DemonPlugin
PixWinPlugin: PIX capture plugin failed to initialize! Check that the process is launched from PIX.
LogInit: Using libcurl 7.55.1-DEV
LogInit:  - built for x86_64-pc-win32
LogInit:  - supports SSL with OpenSSL/1.1.1
LogInit:  - supports HTTP deflate (compression) using libz 1.2.8
LogInit:  - other features:
LogInit:      CURL_VERSION_SSL
LogInit:      CURL_VERSION_LIBZ
LogInit:      CURL_VERSION_IPV6
LogInit:      CURL_VERSION_ASYNCHDNS
LogInit:      CURL_VERSION_LARGEFILE
LogInit:      CURL_VERSION_IDN
LogInit:  CurlRequestOptions (configurable via config and command line):
LogInit:  - bVerifyPeer = true  - Libcurl will verify peer certificate
LogInit:  - bUseHttpProxy = true  - Libcurl will use HTTP proxy
LogInit:  - HttpProxyAddress = '127.0.0.1:10809'
LogInit:  - bDontReuseConnections = false  - Libcurl will reuse connections
LogInit:  - MaxHostConnections = 16  - Libcurl will limit the number of connections to a host
LogInit:  - LocalHostAddr = Default
LogInit:  - BufferSize = 65536
LogOnline: OSS: Creating online subsystem instance for: NULL
LogInit: WinSock: version 1.1 (2.2), MaxSocks=32767, MaxUdp=65467
LogOnline: OSS: TryLoadSubsystemAndSetDefault: Loaded subsystem for module [NULL]
LogOculusPluginWrapper: OculusPlugin initialized successfully
LogHMD: Failed initializing OVRPlugin 1.59.0
LogInit: Build: ++UE4+Release-4.27-CL-18319896
LogInit: Engine Version: 4.27.2-18319896+++UE4+Release-4.27
LogInit: Compatible Engine Version: 4.27.0-17155196+++UE4+Release-4.27
LogInit: Net CL: 17155196
LogInit: OS: Windows 10 (Release 2004) (), CPU: Intel(R) Core(TM) i7-6700K CPU @ 4.00GHz, GPU: NVIDIA GeForce GTX 1070
LogInit: Compiled (64-bit): Nov 30 2021 07:12:08
LogInit: Compiled with Visual C++: 19.24.28315.00
LogInit: Build Configuration: Development
LogInit: Branch Name: ++UE4+Release-4.27
LogInit: Command Line:  -skipcompile
LogInit: Base Directory: F:/UE4/UE_4.27/Engine/Binaries/Win64/
LogInit: Allocator: TBB
LogInit: Installed Engine Build: 1
LogDevObjectVersion: Number of dev versions registered: 29
LogDevObjectVersion:   Dev-Blueprints (B0D832E4-1F89-4F0D-ACCF-7EB736FD4AA2): 10
LogDevObjectVersion:   Dev-Build (E1C64328-A22C-4D53-A36C-8E866417BD8C): 0
LogDevObjectVersion:   Dev-Core (375EC13C-06E4-48FB-B500-84F0262A717E): 4
LogDevObjectVersion:   Dev-Editor (E4B068ED-F494-42E9-A231-DA0B2E46BB41): 40
LogDevObjectVersion:   Dev-Framework (CFFC743F-43B0-4480-9391-14DF171D2073): 37
LogDevObjectVersion:   Dev-Mobile (B02B49B5-BB20-44E9-A304-32B752E40360): 3
LogDevObjectVersion:   Dev-Networking (A4E4105C-59A1-49B5-A7C5-40C4547EDFEE): 0
LogDevObjectVersion:   Dev-Online (39C831C9-5AE6-47DC-9A44-9C173E1C8E7C): 0
LogDevObjectVersion:   Dev-Physics (78F01B33-EBEA-4F98-B9B4-84EACCB95AA2): 14
LogDevObjectVersion:   Dev-Platform (6631380F-2D4D-43E0-8009-CF276956A95A): 0
LogDevObjectVersion:   Dev-Rendering (12F88B9F-8875-4AFC-A67C-D90C383ABD29): 45
LogDevObjectVersion:   Dev-Sequencer (7B5AE74C-D270-4C10-A958-57980B212A5A): 13
LogDevObjectVersion:   Dev-VR (D7296918-1DD6-4BDD-9DE2-64A83CC13884): 3
LogDevObjectVersion:   Dev-LoadTimes (C2A15278-BFE7-4AFE-6C17-90FF531DF755): 1
LogDevObjectVersion:   Private-Geometry (6EACA3D4-40EC-4CC1-B786-8BED09428FC5): 3
LogDevObjectVersion:   Dev-AnimPhys (29E575DD-E0A3-4627-9D10-D276232CDCEA): 17
LogDevObjectVersion:   Dev-Anim (AF43A65D-7FD3-4947-9873-3E8ED9C1BB05): 15
LogDevObjectVersion:   Dev-ReflectionCapture (6B266CEC-1EC7-4B8F-A30B-E4D90942FC07): 1
LogDevObjectVersion:   Dev-Automation (0DF73D61-A23F-47EA-B727-89E90C41499A): 1
LogDevObjectVersion:   FortniteMain (601D1886-AC64-4F84-AA16-D3DE0DEAC7D6): 47
LogDevObjectVersion:   FortniteRelease (E7086368-6B23-4C58-8439-1B7016265E91): 1
LogDevObjectVersion:   Dev-Enterprise (9DFFBCD6-494F-0158-E221-12823C92A888): 10
LogDevObjectVersion:   Dev-Niagara (F2AED0AC-9AFE-416F-8664-AA7FFA26D6FC): 1
LogDevObjectVersion:   Dev-Destruction (174F1F0B-B4C6-45A5-B13F-2EE8D0FB917D): 10
LogDevObjectVersion:   Dev-Physics-Ext (35F94A83-E258-406C-A318-09F59610247C): 41
LogDevObjectVersion:   Dev-PhysicsMaterial-Chaos (B68FC16E-8B1B-42E2-B453-215C058844FE): 1
LogDevObjectVersion:   Dev-CineCamera (B2E18506-4273-CFC2-A54E-F4BB758BBA07): 1
LogDevObjectVersion:   Dev-VirtualProduction (64F58936-FD1B-42BA-BA96-7289D5D0FA4E): 1
LogDevObjectVersion:   Dev-MediaFramework (6F0ED827-A609-4895-9C91-998D90180EA4): 2
LogInit: Presizing for max 25165824 objects, including 0 objects not considered by GC, pre-allocating 0 bytes for permanent pool.
LogConfig: Applying CVar settings from Section [/Script/Engine.StreamingSettings] File [D:/UE4_Project/PMTutorial/Saved/Config/Windows/Engine.ini]
LogConfig: Setting CVar [[s.MinBulkDataSizeForAsyncLoading:131072]]
LogConfig: Setting CVar [[s.AsyncLoadingThreadEnabled:0]]
LogConfig: Setting CVar [[s.EventDrivenLoaderEnabled:1]]
LogConfig: Setting CVar [[s.WarnIfTimeLimitExceeded:0]]
LogConfig: Setting CVar [[s.TimeLimitExceededMultiplier:1.5]]
LogConfig: Setting CVar [[s.TimeLimitExceededMinTime:0.005]]
LogConfig: Setting CVar [[s.UseBackgroundLevelStreaming:1]]
LogConfig: Setting CVar [[s.PriorityAsyncLoadingExtraTime:15.0]]
LogConfig: Setting CVar [[s.LevelStreamingActorsUpdateTimeLimit:5.0]]
LogConfig: Setting CVar [[s.PriorityLevelStreamingActorsUpdateExtraTime:5.0]]
LogConfig: Setting CVar [[s.LevelStreamingComponentsRegistrationGranularity:10]]
LogConfig: Setting CVar [[s.UnregisterComponentsTimeLimit:1.0]]
LogConfig: Setting CVar [[s.LevelStreamingComponentsUnregistrationGranularity:5]]
LogConfig: Setting CVar [[s.FlushStreamingOnExit:1]]
LogInit: Object subsystem initialized
LogConfig: Setting CVar [[con.DebugEarlyDefault:1]]
LogConfig: Setting CVar [[r.setres:1280x720]]
[2022.06.07-07.46.32:520][  0]LogConfig: Setting CVar [[r.VSync:0]]
[2022.06.07-07.46.32:520][  0]LogConfig: Setting CVar [[r.RHICmdBypass:0]]
[2022.06.07-07.46.32:520][  0]LogConfig: Applying CVar settings from Section [/Script/Engine.RendererSettings] File [D:/UE4_Project/PMTutorial/Saved/Config/Windows/Engine.ini]
[2022.06.07-07.46.32:520][  0]LogConfig: Setting CVar [[r.GPUCrashDebugging:0]]
[2022.06.07-07.46.32:520][  0]LogConfig: Applying CVar settings from Section [/Script/Engine.RendererOverrideSettings] File [D:/UE4_Project/PMTutorial/Saved/Config/Windows/Engine.ini]
[2022.06.07-07.46.32:520][  0]LogConfig: Applying CVar settings from Section [/Script/Engine.StreamingSettings] File [D:/UE4_Project/PMTutorial/Saved/Config/Windows/Engine.ini]
[2022.06.07-07.46.32:520][  0]LogConfig: Setting CVar [[s.MinBulkDataSizeForAsyncLoading:131072]]
[2022.06.07-07.46.32:520][  0]LogConfig: Setting CVar [[s.AsyncLoadingThreadEnabled:0]]
[2022.06.07-07.46.32:520][  0]LogConfig: Setting CVar [[s.EventDrivenLoaderEnabled:1]]
[2022.06.07-07.46.32:521][  0]LogConfig: Setting CVar [[s.WarnIfTimeLimitExceeded:0]]
[2022.06.07-07.46.32:521][  0]LogConfig: Setting CVar [[s.TimeLimitExceededMultiplier:1.5]]
[2022.06.07-07.46.32:521][  0]LogConfig: Setting CVar [[s.TimeLimitExceededMinTime:0.005]]
[2022.06.07-07.46.32:521][  0]LogConfig: Setting CVar [[s.UseBackgroundLevelStreaming:1]]
[2022.06.07-07.46.32:521][  0]LogConfig: Setting CVar [[s.PriorityAsyncLoadingExtraTime:15.0]]
[2022.06.07-07.46.32:521][  0]LogConfig: Setting CVar [[s.LevelStreamingActorsUpdateTimeLimit:5.0]]
[2022.06.07-07.46.32:521][  0]LogConfig: Setting CVar [[s.PriorityLevelStreamingActorsUpdateExtraTime:5.0]]
[2022.06.07-07.46.32:521][  0]LogConfig: Setting CVar [[s.LevelStreamingComponentsRegistrationGranularity:10]]
[2022.06.07-07.46.32:521][  0]LogConfig: Setting CVar [[s.UnregisterComponentsTimeLimit:1.0]]
[2022.06.07-07.46.32:521][  0]LogConfig: Setting CVar [[s.LevelStreamingComponentsUnregistrationGranularity:5]]
[2022.06.07-07.46.32:521][  0]LogConfig: Setting CVar [[s.FlushStreamingOnExit:1]]
[2022.06.07-07.46.32:521][  0]LogConfig: Applying CVar settings from Section [/Script/Engine.GarbageCollectionSettings] File [D:/UE4_Project/PMTutorial/Saved/Config/Windows/Engine.ini]
[2022.06.07-07.46.32:521][  0]LogConfig: Setting CVar [[gc.MaxObjectsNotConsideredByGC:1]]
[2022.06.07-07.46.32:521][  0]LogConfig: Setting CVar [[gc.SizeOfPermanentObjectPool:0]]
[2022.06.07-07.46.32:522][  0]LogConfig: Setting CVar [[gc.FlushStreamingOnGC:0]]
[2022.06.07-07.46.32:522][  0]LogConfig: Setting CVar [[gc.NumRetriesBeforeForcingGC:10]]
[2022.06.07-07.46.32:522][  0]LogConfig: Setting CVar [[gc.AllowParallelGC:1]]
[2022.06.07-07.46.32:522][  0]LogConfig: Setting CVar [[gc.TimeBetweenPurgingPendingKillObjects:61.1]]
[2022.06.07-07.46.32:522][  0]LogConfig: Setting CVar [[gc.MaxObjectsInEditor:25165824]]
[2022.06.07-07.46.32:522][  0]LogConfig: Setting CVar [[gc.IncrementalBeginDestroyEnabled:1]]
[2022.06.07-07.46.32:522][  0]LogConfig: Setting CVar [[gc.CreateGCClusters:1]]
[2022.06.07-07.46.32:522][  0]LogConfig: Setting CVar [[gc.MinGCClusterSize:5]]
[2022.06.07-07.46.32:522][  0]LogConfig: Setting CVar [[gc.ActorClusteringEnabled:0]]
[2022.06.07-07.46.32:522][  0]LogConfig: Setting CVar [[gc.BlueprintClusteringEnabled:0]]
[2022.06.07-07.46.32:522][  0]LogConfig: Setting CVar [[gc.UseDisregardForGCOnDedicatedServers:0]]
[2022.06.07-07.46.32:522][  0]LogConfig: Setting CVar [[gc.MultithreadedDestructionEnabled:1]]
[2022.06.07-07.46.32:522][  0]LogConfig: Applying CVar settings from Section [/Script/Engine.NetworkSettings] File [D:/UE4_Project/PMTutorial/Saved/Config/Windows/Engine.ini]
[2022.06.07-07.46.32:522][  0]LogConfig: Applying CVar settings from Section [/Script/UnrealEd.CookerSettings] File [D:/UE4_Project/PMTutorial/Saved/Config/Windows/Engine.ini]
[2022.06.07-07.46.32:562][  0]LogConfig: Applying CVar settings from Section [ViewDistanceQuality@3] File [D:/UE4_Project/PMTutorial/Saved/Config/Windows/Scalability.ini]
[2022.06.07-07.46.32:562][  0]LogConfig: Setting CVar [[r.SkeletalMeshLODBias:0]]
[2022.06.07-07.46.32:562][  0]LogConfig: Setting CVar [[r.ViewDistanceScale:1.0]]
[2022.06.07-07.46.32:562][  0]LogConfig: Applying CVar settings from Section [AntiAliasingQuality@3] File [D:/UE4_Project/PMTutorial/Saved/Config/Windows/Scalability.ini]
[2022.06.07-07.46.32:563][  0]LogConfig: Setting CVar [[r.PostProcessAAQuality:4]]
[2022.06.07-07.46.32:563][  0]LogConfig: Applying CVar settings from Section [ShadowQuality@3] File [D:/UE4_Project/PMTutorial/Saved/Config/Windows/Scalability.ini]
[2022.06.07-07.46.32:563][  0]LogConfig: Setting CVar [[r.LightFunctionQuality:1]]
[2022.06.07-07.46.32:563][  0]LogConfig: Setting CVar [[r.ShadowQuality:5]]
[2022.06.07-07.46.32:563][  0]LogConfig: Setting CVar [[r.Shadow.CSM.MaxCascades:10]]
[2022.06.07-07.46.32:563][  0]LogConfig: Setting CVar [[r.Shadow.MaxResolution:2048]]
[2022.06.07-07.46.32:563][  0]LogConfig: Setting CVar [[r.Shadow.MaxCSMResolution:2048]]
[2022.06.07-07.46.32:563][  0]LogConfig: Setting CVar [[r.Shadow.RadiusThreshold:0.01]]
[2022.06.07-07.46.32:563][  0]LogConfig: Setting CVar [[r.Shadow.DistanceScale:1.0]]
[2022.06.07-07.46.32:563][  0]LogConfig: Setting CVar [[r.Shadow.CSM.TransitionScale:1.0]]
[2022.06.07-07.46.32:563][  0]LogConfig: Setting CVar [[r.Shadow.PreShadowResolutionFactor:1.0]]
[2022.06.07-07.46.32:563][  0]LogConfig: Setting CVar [[r.DistanceFieldShadowing:1]]
[2022.06.07-07.46.32:563][  0]LogConfig: Setting CVar [[r.DistanceFieldAO:1]]
[2022.06.07-07.46.32:563][  0]LogConfig: Setting CVar [[r.AOQuality:2]]
[2022.06.07-07.46.32:563][  0]LogConfig: Setting CVar [[r.VolumetricFog:1]]
[2022.06.07-07.46.32:563][  0]LogConfig: Setting CVar [[r.VolumetricFog.GridPixelSize:8]]
[2022.06.07-07.46.32:563][  0]LogConfig: Setting CVar [[r.VolumetricFog.GridSizeZ:128]]
[2022.06.07-07.46.32:563][  0]LogConfig: Setting CVar [[r.VolumetricFog.HistoryMissSupersampleCount:4]]
[2022.06.07-07.46.32:563][  0]LogConfig: Setting CVar [[r.LightMaxDrawDistanceScale:1]]
[2022.06.07-07.46.32:564][  0]LogConfig: Setting CVar [[r.CapsuleShadows:1]]
[2022.06.07-07.46.32:564][  0]LogConfig: Applying CVar settings from Section [PostProcessQuality@3] File [D:/UE4_Project/PMTutorial/Saved/Config/Windows/Scalability.ini]
[2022.06.07-07.46.32:564][  0]LogConfig: Setting CVar [[r.MotionBlurQuality:4]]
[2022.06.07-07.46.32:564][  0]LogConfig: Setting CVar [[r.AmbientOcclusionMipLevelFactor:0.4]]
[2022.06.07-07.46.32:564][  0]LogConfig: Setting CVar [[r.AmbientOcclusionMaxQuality:100]]
[2022.06.07-07.46.32:564][  0]LogConfig: Setting CVar [[r.AmbientOcclusionLevels:-1]]
[2022.06.07-07.46.32:564][  0]LogConfig: Setting CVar [[r.AmbientOcclusionRadiusScale:1.0]]
[2022.06.07-07.46.32:564][  0]LogConfig: Setting CVar [[r.DepthOfFieldQuality:2]]
[2022.06.07-07.46.32:564][  0]LogConfig: Setting CVar [[r.RenderTargetPoolMin:400]]
[2022.06.07-07.46.32:564][  0]LogConfig: Setting CVar [[r.LensFlareQuality:2]]
[2022.06.07-07.46.32:564][  0]LogConfig: Setting CVar [[r.SceneColorFringeQuality:1]]
[2022.06.07-07.46.32:564][  0]LogConfig: Setting CVar [[r.EyeAdaptationQuality:2]]
[2022.06.07-07.46.32:564][  0]LogConfig: Setting CVar [[r.BloomQuality:5]]
[2022.06.07-07.46.32:564][  0]LogConfig: Setting CVar [[r.FastBlurThreshold:100]]
[2022.06.07-07.46.32:564][  0]LogConfig: Setting CVar [[r.Upscale.Quality:3]]
[2022.06.07-07.46.32:564][  0]LogConfig: Setting CVar [[r.Tonemapper.GrainQuantization:1]]
[2022.06.07-07.46.32:564][  0]LogConfig: Setting CVar [[r.LightShaftQuality:1]]
[2022.06.07-07.46.32:564][  0]LogConfig: Setting CVar [[r.Filter.SizeScale:1]]
[2022.06.07-07.46.32:564][  0]LogConfig: Setting CVar [[r.Tonemapper.Quality:5]]
[2022.06.07-07.46.32:565][  0]LogConfig: Setting CVar [[r.DOF.Gather.AccumulatorQuality:1        ; higher gathering accumulator quality]]
[2022.06.07-07.46.32:565][  0]LogConfig: Setting CVar [[r.DOF.Gather.PostfilterMethod:1          ; Median3x3 postfilering method]]
[2022.06.07-07.46.32:565][  0]LogConfig: Setting CVar [[r.DOF.Gather.EnableBokehSettings:0       ; no bokeh simulation when gathering]]
[2022.06.07-07.46.32:565][  0]LogConfig: Setting CVar [[r.DOF.Gather.RingCount:4                 ; medium number of samples when gathering]]
[2022.06.07-07.46.32:565][  0]LogConfig: Setting CVar [[r.DOF.Scatter.ForegroundCompositing:1    ; additive foreground scattering]]
[2022.06.07-07.46.32:565][  0]LogConfig: Setting CVar [[r.DOF.Scatter.BackgroundCompositing:2    ; additive background scattering]]
[2022.06.07-07.46.32:565][  0]LogConfig: Setting CVar [[r.DOF.Scatter.EnableBokehSettings:1      ; bokeh simulation when scattering]]
[2022.06.07-07.46.32:565][  0]LogConfig: Setting CVar [[r.DOF.Scatter.MaxSpriteRatio:0.1         ; only a maximum of 10% of scattered bokeh]]
[2022.06.07-07.46.32:565][  0]LogConfig: Setting CVar [[r.DOF.Recombine.Quality:1                ; cheap slight out of focus]]
[2022.06.07-07.46.32:565][  0]LogConfig: Setting CVar [[r.DOF.Recombine.EnableBokehSettings:0    ; no bokeh simulation on slight out of focus]]
[2022.06.07-07.46.32:565][  0]LogConfig: Setting CVar [[r.DOF.TemporalAAQuality:1                ; more stable temporal accumulation]]
[2022.06.07-07.46.32:565][  0]LogConfig: Setting CVar [[r.DOF.Kernel.MaxForegroundRadius:0.025]]
[2022.06.07-07.46.32:565][  0]LogConfig: Setting CVar [[r.DOF.Kernel.MaxBackgroundRadius:0.025]]
[2022.06.07-07.46.32:565][  0]LogConfig: Applying CVar settings from Section [TextureQuality@3] File [D:/UE4_Project/PMTutorial/Saved/Config/Windows/Scalability.ini]
[2022.06.07-07.46.32:565][  0]LogConfig: Setting CVar [[r.Streaming.MipBias:0]]
[2022.06.07-07.46.32:565][  0]LogConfig: Setting CVar [[r.Streaming.AmortizeCPUToGPUCopy:0]]
[2022.06.07-07.46.32:565][  0]LogConfig: Setting CVar [[r.Streaming.MaxNumTexturesToStreamPerFrame:0]]
[2022.06.07-07.46.32:565][  0]LogConfig: Setting CVar [[r.Streaming.Boost:1]]
[2022.06.07-07.46.32:566][  0]LogConfig: Setting CVar [[r.MaxAnisotropy:8]]
[2022.06.07-07.46.32:566][  0]LogConfig: Setting CVar [[r.VT.MaxAnisotropy:8]]
[2022.06.07-07.46.32:566][  0]LogConfig: Setting CVar [[r.Streaming.LimitPoolSizeToVRAM:0]]
[2022.06.07-07.46.32:566][  0]LogConfig: Setting CVar [[r.Streaming.PoolSize:1000]]
[2022.06.07-07.46.32:566][  0]LogConfig: Setting CVar [[r.Streaming.MaxEffectiveScreenSize:0]]
[2022.06.07-07.46.32:566][  0]LogConfig: Applying CVar settings from Section [EffectsQuality@3] File [D:/UE4_Project/PMTutorial/Saved/Config/Windows/Scalability.ini]
[2022.06.07-07.46.32:566][  0]LogConfig: Setting CVar [[r.TranslucencyLightingVolumeDim:64]]
[2022.06.07-07.46.32:566][  0]LogConfig: Setting CVar [[r.RefractionQuality:2]]
[2022.06.07-07.46.32:566][  0]LogConfig: Setting CVar [[r.SSR.Quality:3]]
[2022.06.07-07.46.32:566][  0]LogConfig: Setting CVar [[r.SSR.HalfResSceneColor:0]]
[2022.06.07-07.46.32:566][  0]LogConfig: Setting CVar [[r.SceneColorFormat:4]]
[2022.06.07-07.46.32:566][  0]LogConfig: Setting CVar [[r.DetailMode:2]]
[2022.06.07-07.46.32:566][  0]LogConfig: Setting CVar [[r.TranslucencyVolumeBlur:1]]
[2022.06.07-07.46.32:566][  0]LogConfig: Setting CVar [[r.MaterialQualityLevel:1 ; High quality]]
[2022.06.07-07.46.32:566][  0]LogConfig: Setting CVar [[r.AnisotropicMaterials:1]]
[2022.06.07-07.46.32:566][  0]LogConfig: Setting CVar [[r.SSS.Scale:1]]
[2022.06.07-07.46.32:566][  0]LogConfig: Setting CVar [[r.SSS.SampleSet:2]]
[2022.06.07-07.46.32:566][  0]LogConfig: Setting CVar [[r.SSS.Quality:1]]
[2022.06.07-07.46.32:566][  0]LogConfig: Setting CVar [[r.SSS.HalfRes:0]]
[2022.06.07-07.46.32:567][  0]LogConfig: Setting CVar [[r.SSGI.Quality:3]]
[2022.06.07-07.46.32:567][  0]LogConfig: Setting CVar [[r.EmitterSpawnRateScale:1.0]]
[2022.06.07-07.46.32:567][  0]LogConfig: Setting CVar [[r.ParticleLightQuality:2]]
[2022.06.07-07.46.32:567][  0]LogConfig: Setting CVar [[r.SkyAtmosphere.AerialPerspectiveLUT.FastApplyOnOpaque:1 ; Always have FastSkyLUT 1 in this case to avoid wrong sky]]
[2022.06.07-07.46.32:567][  0]LogConfig: Setting CVar [[r.SkyAtmosphere.AerialPerspectiveLUT.SampleCountMaxPerSlice:4]]
[2022.06.07-07.46.32:567][  0]LogConfig: Setting CVar [[r.SkyAtmosphere.AerialPerspectiveLUT.DepthResolution:16.0]]
[2022.06.07-07.46.32:567][  0]LogConfig: Setting CVar [[r.SkyAtmosphere.FastSkyLUT:1]]
[2022.06.07-07.46.32:567][  0]LogConfig: Setting CVar [[r.SkyAtmosphere.FastSkyLUT.SampleCountMin:4.0]]
[2022.06.07-07.46.32:567][  0]LogConfig: Setting CVar [[r.SkyAtmosphere.FastSkyLUT.SampleCountMax:128.0]]
[2022.06.07-07.46.32:567][  0]LogConfig: Setting CVar [[r.SkyAtmosphere.SampleCountMin:4.0]]
[2022.06.07-07.46.32:567][  0]LogConfig: Setting CVar [[r.SkyAtmosphere.SampleCountMax:128.0]]
[2022.06.07-07.46.32:567][  0]LogConfig: Setting CVar [[r.SkyAtmosphere.TransmittanceLUT.UseSmallFormat:0]]
[2022.06.07-07.46.32:567][  0]LogConfig: Setting CVar [[r.SkyAtmosphere.TransmittanceLUT.SampleCount:10.0]]
[2022.06.07-07.46.32:567][  0]LogConfig: Setting CVar [[r.SkyAtmosphere.MultiScatteringLUT.SampleCount:15.0]]
[2022.06.07-07.46.32:567][  0]LogConfig: Setting CVar [[r.SkyLight.RealTimeReflectionCapture:1]]
[2022.06.07-07.46.32:567][  0]LogConfig: Applying CVar settings from Section [FoliageQuality@3] File [D:/UE4_Project/PMTutorial/Saved/Config/Windows/Scalability.ini]
[2022.06.07-07.46.32:567][  0]LogConfig: Setting CVar [[foliage.DensityScale:1.0]]
[2022.06.07-07.46.32:567][  0]LogConfig: Setting CVar [[grass.DensityScale:1.0]]
[2022.06.07-07.46.32:568][  0]LogConfig: Applying CVar settings from Section [ShadingQuality@3] File [D:/UE4_Project/PMTutorial/Saved/Config/Windows/Scalability.ini]
[2022.06.07-07.46.32:568][  0]LogConfig: Setting CVar [[r.HairStrands.SkyLighting.IntegrationType:2]]
[2022.06.07-07.46.32:568][  0]LogConfig: Setting CVar [[r.HairStrands.SkyAO.SampleCount:4]]
[2022.06.07-07.46.32:568][  0]LogConfig: Setting CVar [[r.HairStrands.Visibility.MSAA.SamplePerPixel:4]]
[2022.06.07-07.46.32:568][  0]LogInit: Selected Device Profile: [Windows]
[2022.06.07-07.46.32:568][  0]LogInit: Applying CVar settings loaded from the selected device profile: [Windows]
[2022.06.07-07.46.32:568][  0]LogHAL: Display: Platform has ~ 16 GB [17112915968 / 17179869184 / 16], which maps to Larger [LargestMinGB=32, LargerMinGB=12, DefaultMinGB=8, SmallerMinGB=6, SmallestMinGB=0)
[2022.06.07-07.46.32:568][  0]LogInit: Going up to parent DeviceProfile []
[2022.06.07-07.46.32:568][  0]LogConfig: Applying CVar settings from Section [ViewDistanceQuality@3] File [D:/UE4_Project/PMTutorial/Saved/Config/Windows/Scalability.ini]
[2022.06.07-07.46.32:568][  0]LogConfig: Setting CVar [[r.SkeletalMeshLODBias:0]]
[2022.06.07-07.46.32:568][  0]LogConfig: Setting CVar [[r.ViewDistanceScale:1.0]]
[2022.06.07-07.46.32:568][  0]LogConfig: Applying CVar settings from Section [AntiAliasingQuality@3] File [D:/UE4_Project/PMTutorial/Saved/Config/Windows/Scalability.ini]
[2022.06.07-07.46.32:568][  0]LogConfig: Setting CVar [[r.PostProcessAAQuality:4]]
[2022.06.07-07.46.32:568][  0]LogConfig: Applying CVar settings from Section [ShadowQuality@3] File [D:/UE4_Project/PMTutorial/Saved/Config/Windows/Scalability.ini]
[2022.06.07-07.46.32:568][  0]LogConfig: Setting CVar [[r.LightFunctionQuality:1]]
[2022.06.07-07.46.32:568][  0]LogConfig: Setting CVar [[r.ShadowQuality:5]]
[2022.06.07-07.46.32:569][  0]LogConfig: Setting CVar [[r.Shadow.CSM.MaxCascades:10]]
[2022.06.07-07.46.32:569][  0]LogConfig: Setting CVar [[r.Shadow.MaxResolution:2048]]
[2022.06.07-07.46.32:569][  0]LogConfig: Setting CVar [[r.Shadow.MaxCSMResolution:2048]]
[2022.06.07-07.46.32:569][  0]LogConfig: Setting CVar [[r.Shadow.RadiusThreshold:0.01]]
[2022.06.07-07.46.32:569][  0]LogConfig: Setting CVar [[r.Shadow.DistanceScale:1.0]]
[2022.06.07-07.46.32:569][  0]LogConfig: Setting CVar [[r.Shadow.CSM.TransitionScale:1.0]]
[2022.06.07-07.46.32:569][  0]LogConfig: Setting CVar [[r.Shadow.PreShadowResolutionFactor:1.0]]
[2022.06.07-07.46.32:569][  0]LogConfig: Setting CVar [[r.DistanceFieldShadowing:1]]
[2022.06.07-07.46.32:569][  0]LogConfig: Setting CVar [[r.DistanceFieldAO:1]]
[2022.06.07-07.46.32:569][  0]LogConfig: Setting CVar [[r.AOQuality:2]]
[2022.06.07-07.46.32:569][  0]LogConfig: Setting CVar [[r.VolumetricFog:1]]
[2022.06.07-07.46.32:569][  0]LogConfig: Setting CVar [[r.VolumetricFog.GridPixelSize:8]]
[2022.06.07-07.46.32:569][  0]LogConfig: Setting CVar [[r.VolumetricFog.GridSizeZ:128]]
[2022.06.07-07.46.32:569][  0]LogConfig: Setting CVar [[r.VolumetricFog.HistoryMissSupersampleCount:4]]
[2022.06.07-07.46.32:569][  0]LogConfig: Setting CVar [[r.LightMaxDrawDistanceScale:1]]
[2022.06.07-07.46.32:569][  0]LogConfig: Setting CVar [[r.CapsuleShadows:1]]
[2022.06.07-07.46.32:569][  0]LogConfig: Applying CVar settings from Section [PostProcessQuality@3] File [D:/UE4_Project/PMTutorial/Saved/Config/Windows/Scalability.ini]
[2022.06.07-07.46.32:569][  0]LogConfig: Setting CVar [[r.MotionBlurQuality:4]]
[2022.06.07-07.46.32:570][  0]LogConfig: Setting CVar [[r.AmbientOcclusionMipLevelFactor:0.4]]
[2022.06.07-07.46.32:570][  0]LogConfig: Setting CVar [[r.AmbientOcclusionMaxQuality:100]]
[2022.06.07-07.46.32:570][  0]LogConfig: Setting CVar [[r.AmbientOcclusionLevels:-1]]
[2022.06.07-07.46.32:570][  0]LogConfig: Setting CVar [[r.AmbientOcclusionRadiusScale:1.0]]
[2022.06.07-07.46.32:570][  0]LogConfig: Setting CVar [[r.DepthOfFieldQuality:2]]
[2022.06.07-07.46.32:570][  0]LogConfig: Setting CVar [[r.RenderTargetPoolMin:400]]
[2022.06.07-07.46.32:570][  0]LogConfig: Setting CVar [[r.LensFlareQuality:2]]
[2022.06.07-07.46.32:570][  0]LogConfig: Setting CVar [[r.SceneColorFringeQuality:1]]
[2022.06.07-07.46.32:570][  0]LogConfig: Setting CVar [[r.EyeAdaptationQuality:2]]
[2022.06.07-07.46.32:570][  0]LogConfig: Setting CVar [[r.BloomQuality:5]]
[2022.06.07-07.46.32:570][  0]LogConfig: Setting CVar [[r.FastBlurThreshold:100]]
[2022.06.07-07.46.32:570][  0]LogConfig: Setting CVar [[r.Upscale.Quality:3]]
[2022.06.07-07.46.32:570][  0]LogConfig: Setting CVar [[r.Tonemapper.GrainQuantization:1]]
[2022.06.07-07.46.32:570][  0]LogConfig: Setting CVar [[r.LightShaftQuality:1]]
[2022.06.07-07.46.32:571][  0]LogConfig: Setting CVar [[r.Filter.SizeScale:1]]
[2022.06.07-07.46.32:571][  0]LogConfig: Setting CVar [[r.Tonemapper.Quality:5]]
[2022.06.07-07.46.32:571][  0]LogConfig: Setting CVar [[r.DOF.Gather.AccumulatorQuality:1        ; higher gathering accumulator quality]]
[2022.06.07-07.46.32:571][  0]LogConfig: Setting CVar [[r.DOF.Gather.PostfilterMethod:1          ; Median3x3 postfilering method]]
[2022.06.07-07.46.32:571][  0]LogConfig: Setting CVar [[r.DOF.Gather.EnableBokehSettings:0       ; no bokeh simulation when gathering]]
[2022.06.07-07.46.32:571][  0]LogConfig: Setting CVar [[r.DOF.Gather.RingCount:4                 ; medium number of samples when gathering]]
[2022.06.07-07.46.32:571][  0]LogConfig: Setting CVar [[r.DOF.Scatter.ForegroundCompositing:1    ; additive foreground scattering]]
[2022.06.07-07.46.32:571][  0]LogConfig: Setting CVar [[r.DOF.Scatter.BackgroundCompositing:2    ; additive background scattering]]
[2022.06.07-07.46.32:571][  0]LogConfig: Setting CVar [[r.DOF.Scatter.EnableBokehSettings:1      ; bokeh simulation when scattering]]
[2022.06.07-07.46.32:571][  0]LogConfig: Setting CVar [[r.DOF.Scatter.MaxSpriteRatio:0.1         ; only a maximum of 10% of scattered bokeh]]
[2022.06.07-07.46.32:572][  0]LogConfig: Setting CVar [[r.DOF.Recombine.Quality:1                ; cheap slight out of focus]]
[2022.06.07-07.46.32:572][  0]LogConfig: Setting CVar [[r.DOF.Recombine.EnableBokehSettings:0    ; no bokeh simulation on slight out of focus]]
[2022.06.07-07.46.32:572][  0]LogConfig: Setting CVar [[r.DOF.TemporalAAQuality:1                ; more stable temporal accumulation]]
[2022.06.07-07.46.32:572][  0]LogConfig: Setting CVar [[r.DOF.Kernel.MaxForegroundRadius:0.025]]
[2022.06.07-07.46.32:572][  0]LogConfig: Setting CVar [[r.DOF.Kernel.MaxBackgroundRadius:0.025]]
[2022.06.07-07.46.32:572][  0]LogConfig: Applying CVar settings from Section [TextureQuality@3] File [D:/UE4_Project/PMTutorial/Saved/Config/Windows/Scalability.ini]
[2022.06.07-07.46.32:572][  0]LogConfig: Setting CVar [[r.Streaming.MipBias:0]]
[2022.06.07-07.46.32:572][  0]LogConfig: Setting CVar [[r.Streaming.AmortizeCPUToGPUCopy:0]]
[2022.06.07-07.46.32:572][  0]LogConfig: Setting CVar [[r.Streaming.MaxNumTexturesToStreamPerFrame:0]]
[2022.06.07-07.46.32:572][  0]LogConfig: Setting CVar [[r.Streaming.Boost:1]]
[2022.06.07-07.46.32:572][  0]LogConfig: Setting CVar [[r.MaxAnisotropy:8]]
[2022.06.07-07.46.32:572][  0]LogConfig: Setting CVar [[r.VT.MaxAnisotropy:8]]
[2022.06.07-07.46.32:572][  0]LogConfig: Setting CVar [[r.Streaming.LimitPoolSizeToVRAM:0]]
[2022.06.07-07.46.32:574][  0]LogConfig: Setting CVar [[r.Streaming.PoolSize:1000]]
[2022.06.07-07.46.32:576][  0]LogConfig: Setting CVar [[r.Streaming.MaxEffectiveScreenSize:0]]
[2022.06.07-07.46.32:576][  0]LogConfig: Applying CVar settings from Section [EffectsQuality@3] File [D:/UE4_Project/PMTutorial/Saved/Config/Windows/Scalability.ini]
[2022.06.07-07.46.32:578][  0]LogConfig: Setting CVar [[r.TranslucencyLightingVolumeDim:64]]
[2022.06.07-07.46.32:578][  0]LogConfig: Setting CVar [[r.RefractionQuality:2]]
[2022.06.07-07.46.32:578][  0]LogConfig: Setting CVar [[r.SSR.Quality:3]]
[2022.06.07-07.46.32:579][  0]LogConfig: Setting CVar [[r.SSR.HalfResSceneColor:0]]
[2022.06.07-07.46.32:579][  0]LogConfig: Setting CVar [[r.SceneColorFormat:4]]
[2022.06.07-07.46.32:579][  0]LogConfig: Setting CVar [[r.DetailMode:2]]
[2022.06.07-07.46.32:579][  0]LogConfig: Setting CVar [[r.TranslucencyVolumeBlur:1]]
[2022.06.07-07.46.32:579][  0]LogConfig: Setting CVar [[r.MaterialQualityLevel:1 ; High quality]]
[2022.06.07-07.46.32:579][  0]LogConfig: Setting CVar [[r.AnisotropicMaterials:1]]
[2022.06.07-07.46.32:579][  0]LogConfig: Setting CVar [[r.SSS.Scale:1]]
[2022.06.07-07.46.32:579][  0]LogConfig: Setting CVar [[r.SSS.SampleSet:2]]
[2022.06.07-07.46.32:580][  0]LogConfig: Setting CVar [[r.SSS.Quality:1]]
[2022.06.07-07.46.32:580][  0]LogConfig: Setting CVar [[r.SSS.HalfRes:0]]
[2022.06.07-07.46.32:580][  0]LogConfig: Setting CVar [[r.SSGI.Quality:3]]
[2022.06.07-07.46.32:580][  0]LogConfig: Setting CVar [[r.EmitterSpawnRateScale:1.0]]
[2022.06.07-07.46.32:580][  0]LogConfig: Setting CVar [[r.ParticleLightQuality:2]]
[2022.06.07-07.46.32:580][  0]LogConfig: Setting CVar [[r.SkyAtmosphere.AerialPerspectiveLUT.FastApplyOnOpaque:1 ; Always have FastSkyLUT 1 in this case to avoid wrong sky]]
[2022.06.07-07.46.32:580][  0]LogConfig: Setting CVar [[r.SkyAtmosphere.AerialPerspectiveLUT.SampleCountMaxPerSlice:4]]
[2022.06.07-07.46.32:580][  0]LogConfig: Setting CVar [[r.SkyAtmosphere.AerialPerspectiveLUT.DepthResolution:16.0]]
[2022.06.07-07.46.32:580][  0]LogConfig: Setting CVar [[r.SkyAtmosphere.FastSkyLUT:1]]
[2022.06.07-07.46.32:580][  0]LogConfig: Setting CVar [[r.SkyAtmosphere.FastSkyLUT.SampleCountMin:4.0]]
[2022.06.07-07.46.32:580][  0]LogConfig: Setting CVar [[r.SkyAtmosphere.FastSkyLUT.SampleCountMax:128.0]]
[2022.06.07-07.46.32:580][  0]LogConfig: Setting CVar [[r.SkyAtmosphere.SampleCountMin:4.0]]
[2022.06.07-07.46.32:580][  0]LogConfig: Setting CVar [[r.SkyAtmosphere.SampleCountMax:128.0]]
[2022.06.07-07.46.32:580][  0]LogConfig: Setting CVar [[r.SkyAtmosphere.TransmittanceLUT.UseSmallFormat:0]]
[2022.06.07-07.46.32:580][  0]LogConfig: Setting CVar [[r.SkyAtmosphere.TransmittanceLUT.SampleCount:10.0]]
[2022.06.07-07.46.32:580][  0]LogConfig: Setting CVar [[r.SkyAtmosphere.MultiScatteringLUT.SampleCount:15.0]]
[2022.06.07-07.46.32:581][  0]LogConfig: Setting CVar [[r.SkyLight.RealTimeReflectionCapture:1]]
[2022.06.07-07.46.32:581][  0]LogConfig: Applying CVar settings from Section [FoliageQuality@3] File [D:/UE4_Project/PMTutorial/Saved/Config/Windows/Scalability.ini]
[2022.06.07-07.46.32:581][  0]LogConfig: Setting CVar [[foliage.DensityScale:1.0]]
[2022.06.07-07.46.32:581][  0]LogConfig: Setting CVar [[grass.DensityScale:1.0]]
[2022.06.07-07.46.32:581][  0]LogConfig: Applying CVar settings from Section [ShadingQuality@3] File [D:/UE4_Project/PMTutorial/Saved/Config/Windows/Scalability.ini]
[2022.06.07-07.46.32:581][  0]LogConfig: Setting CVar [[r.HairStrands.SkyLighting.IntegrationType:2]]
[2022.06.07-07.46.32:581][  0]LogConfig: Setting CVar [[r.HairStrands.SkyAO.SampleCount:4]]
[2022.06.07-07.46.32:581][  0]LogConfig: Setting CVar [[r.HairStrands.Visibility.MSAA.SamplePerPixel:4]]
[2022.06.07-07.46.32:581][  0]LogConfig: Applying CVar settings from Section [Startup] File [../../../Engine/Config/ConsoleVariables.ini]
[2022.06.07-07.46.32:582][  0]LogConfig: Setting CVar [[net.UseAdaptiveNetUpdateFrequency:0]]
[2022.06.07-07.46.32:582][  0]LogConfig: Setting CVar [[p.chaos.AllowCreatePhysxBodies:1]]
[2022.06.07-07.46.32:582][  0]LogConfig: Setting CVar [[fx.SkipVectorVMBackendOptimizations:1]]
[2022.06.07-07.46.32:582][  0]LogConfig: Applying CVar settings from Section [ConsoleVariables] File [D:/UE4_Project/PMTutorial/Saved/Config/Windows/Engine.ini]
[2022.06.07-07.46.32:582][  0]LogConfig: Applying CVar settings from Section [ConsoleVariables] File [D:/UE4_Project/PMTutorial/Saved/Config/Windows/Editor.ini]
[2022.06.07-07.46.32:582][  0]LogInit: Computer: AIWAN-JAN
[2022.06.07-07.46.32:582][  0]LogInit: User: jan
[2022.06.07-07.46.32:582][  0]LogInit: CPU Page size=4096, Cores=4
[2022.06.07-07.46.32:582][  0]LogInit: High frequency timer resolution =10.000000 MHz
[2022.06.07-07.46.32:582][  0]LogMemory: Memory total: Physical=15.9GB (16GB approx)
[2022.06.07-07.46.32:582][  0]LogMemory: Platform Memory Stats for Windows
[2022.06.07-07.46.32:582][  0]LogMemory: Process Physical Memory: 143.40 MB used, 143.41 MB peak
[2022.06.07-07.46.32:582][  0]LogMemory: Process Virtual Memory: 123.02 MB used, 123.02 MB peak
[2022.06.07-07.46.32:582][  0]LogMemory: Physical Memory: 10966.46 MB used,  5353.69 MB free, 16320.15 MB total
[2022.06.07-07.46.32:583][  0]LogMemory: Virtual Memory: 134210080.00 MB used,  7647.84 MB free, 134217728.00 MB total
[2022.06.07-07.46.32:601][  0]LogWindows: WindowsPlatformFeatures enabled
[2022.06.07-07.46.35:326][  0]LogInit: Physics initialised using underlying interface: PhysX
[2022.06.07-07.46.35:327][  0]LogInit: Overriding language with editor language configuration option (zh-Hans).
[2022.06.07-07.46.35:327][  0]LogInit: Overriding language with editor locale configuration option (zh-Hans).
[2022.06.07-07.46.35:459][  0]LogTextLocalizationResource: LocRes '../../../Engine/Content/Localization/Editor/zh/Editor.locres' could not be opened for reading!
[2022.06.07-07.46.35:459][  0]LogTextLocalizationResource: LocRes '../../../Engine/Content/Localization/EditorTutorials/zh/EditorTutorials.locres' could not be opened for reading!
[2022.06.07-07.46.35:459][  0]LogTextLocalizationResource: LocRes '../../../Engine/Content/Localization/Keywords/zh/Keywords.locres' could not be opened for reading!
[2022.06.07-07.46.35:460][  0]LogTextLocalizationResource: LocRes '../../../Engine/Content/Localization/Category/zh/Category.locres' could not be opened for reading!
[2022.06.07-07.46.35:460][  0]LogTextLocalizationResource: LocRes '../../../Engine/Content/Localization/ToolTips/zh/ToolTips.locres' could not be opened for reading!
[2022.06.07-07.46.35:460][  0]LogTextLocalizationResource: LocRes '../../../Engine/Content/Localization/PropertyNames/zh/PropertyNames.locres' could not be opened for reading!
[2022.06.07-07.46.35:460][  0]LogTextLocalizationResource: LocRes '../../../Engine/Content/Localization/Engine/zh/Engine.locres' could not be opened for reading!
[2022.06.07-07.46.35:460][  0]LogTextLocalizationResource: LocRes '../../../Engine/Plugins/Online/OnlineSubsystem/Content/Localization/OnlineSubsystem/zh/OnlineSubsystem.locres' could not be opened for reading!
[2022.06.07-07.46.35:460][  0]LogTextLocalizationResource: LocRes '../../../Engine/Plugins/Online/OnlineSubsystemUtils/Content/Localization/OnlineSubsystemUtils/zh/OnlineSubsystemUtils.locres' could not be opened for reading!
[2022.06.07-07.46.35:460][  0]LogTextLocalizationResource: LocRes '../../../Engine/Plugins/Online/Android/OnlineSubsystemGooglePlay/Content/Localization/OnlineSubsystemGooglePlay/zh/OnlineSubsystemGooglePlay.locres' could not be opened for reading!
[2022.06.07-07.46.35:460][  0]LogTextLocalizationResource: LocRes '../../../Engine/Plugins/Online/IOS/OnlineSubsystemIOS/Content/Localization/OnlineSubsystemIOS/zh/OnlineSubsystemIOS.locres' could not be opened for reading!
[2022.06.07-07.46.35:521][  0]LogInit: Setting process to per monitor DPI aware
[2022.06.07-07.46.35:567][  0]LogWindowsTextInputMethodSystem: Display: IME system deactivated.
[2022.06.07-07.46.35:594][  0]LogSlate: New Slate User Created.  User Index 0, Is Virtual User: 0
[2022.06.07-07.46.35:595][  0]LogSlate: Slate User Registered.  User Index 0, Is Virtual User: 0
[2022.06.07-07.46.35:743][  0]LogD3D11RHI: Loaded GFSDK_Aftermath_Lib.x64.dll
[2022.06.07-07.46.35:757][  0]LogHMD: Failed to initialize OpenVR with code 110
[2022.06.07-07.46.35:757][  0]LogD3D11RHI: D3D11 min allowed feature level: 11_0
[2022.06.07-07.46.35:757][  0]LogD3D11RHI: D3D11 max allowed feature level: 11_0
[2022.06.07-07.46.35:758][  0]LogD3D11RHI: D3D11 adapters:
[2022.06.07-07.46.35:869][  0]LogD3D11RHI:    0. 'NVIDIA GeForce GTX 1070' (Feature Level 11_0)
[2022.06.07-07.46.35:870][  0]LogD3D11RHI:       8088/0/8160 MB DedicatedVideo/DedicatedSystem/SharedSystem, Outputs:2, VendorId:0x10de
[2022.06.07-07.46.35:878][  0]LogD3D11RHI:    1. 'Microsoft Basic Render Driver' (Feature Level 11_0)
[2022.06.07-07.46.35:878][  0]LogD3D11RHI:       0/0/8160 MB DedicatedVideo/DedicatedSystem/SharedSystem, Outputs:0, VendorId:0x1414
[2022.06.07-07.46.35:879][  0]LogD3D11RHI: Chosen D3D11 Adapter:
[2022.06.07-07.46.35:879][  0]LogD3D11RHI:     Description : NVIDIA GeForce GTX 1070
[2022.06.07-07.46.35:879][  0]LogD3D11RHI:     VendorId    : 10de
[2022.06.07-07.46.35:879][  0]LogD3D11RHI:     DeviceId    : 1b81
[2022.06.07-07.46.35:879][  0]LogD3D11RHI:     SubSysId    : 144119da
[2022.06.07-07.46.35:879][  0]LogD3D11RHI:     Revision    : 00a1
[2022.06.07-07.46.35:879][  0]LogD3D11RHI:     DedicatedVideoMemory : 8480882688 bytes
[2022.06.07-07.46.35:879][  0]LogD3D11RHI:     DedicatedSystemMemory : 0 bytes
[2022.06.07-07.46.35:879][  0]LogD3D11RHI:     SharedSystemMemory : 8556457984 bytes
[2022.06.07-07.46.35:879][  0]LogD3D11RHI:     AdapterLuid : 0 44154
[2022.06.07-07.46.35:887][  0]LogD3D11RHI: Creating new Direct3DDevice
[2022.06.07-07.46.35:887][  0]LogD3D11RHI:     GPU DeviceId: 0x1b81 (for the marketing name, search the web for "GPU Device Id")
[2022.06.07-07.46.35:887][  0]LogWindows: EnumDisplayDevices:
[2022.06.07-07.46.35:887][  0]LogWindows:    0. 'NVIDIA GeForce GTX 1070' (P:0 D:1)
[2022.06.07-07.46.35:888][  0]LogWindows:    1. 'NVIDIA GeForce GTX 1070' (P:1 D:1)
[2022.06.07-07.46.35:888][  0]LogWindows:    2. 'NVIDIA GeForce GTX 1070' (P:0 D:0)
[2022.06.07-07.46.35:888][  0]LogWindows:    3. 'NVIDIA GeForce GTX 1070' (P:0 D:0)
[2022.06.07-07.46.35:888][  0]LogWindows: DebugString: FoundDriverCount:4 
[2022.06.07-07.46.35:889][  0]LogD3D11RHI:     Adapter Name: NVIDIA GeForce GTX 1070
[2022.06.07-07.46.35:889][  0]LogD3D11RHI:   Driver Version: 456.71 (internal:27.21.14.5671, unified:456.71)
[2022.06.07-07.46.35:889][  0]LogD3D11RHI:      Driver Date: 9-30-2020
[2022.06.07-07.46.35:889][  0]LogRHI: Texture pool is 5661 MB (70% of 8088 MB)
[2022.06.07-07.46.35:889][  0]LogD3D11RHI: Creating D3DDevice using adapter:
[2022.06.07-07.46.35:889][  0]LogD3D11RHI:     Description : NVIDIA GeForce GTX 1070
[2022.06.07-07.46.35:889][  0]LogD3D11RHI:     VendorId    : 10de
[2022.06.07-07.46.35:889][  0]LogD3D11RHI:     DeviceId    : 1b81
[2022.06.07-07.46.35:889][  0]LogD3D11RHI:     SubSysId    : 144119da
[2022.06.07-07.46.35:889][  0]LogD3D11RHI:     Revision    : 00a1
[2022.06.07-07.46.35:889][  0]LogD3D11RHI:     DedicatedVideoMemory : 8480882688 bytes
[2022.06.07-07.46.35:889][  0]LogD3D11RHI:     DedicatedSystemMemory : 0 bytes
[2022.06.07-07.46.35:889][  0]LogD3D11RHI:     SharedSystemMemory : 8556457984 bytes
[2022.06.07-07.46.35:889][  0]LogD3D11RHI:     AdapterLuid : 0 44154
[2022.06.07-07.46.35:955][  0]LogD3D11RHI: RHI has support for 64 bit atomics
[2022.06.07-07.46.35:956][  0]LogD3D11RHI: Async texture creation enabled
[2022.06.07-07.46.35:956][  0]LogD3D11RHI: Array index from any shader is supported
[2022.06.07-07.46.35:979][  0]LogD3D11RHI: GPU Timing Frequency: 1000.000000 (Debug: 2 1)
[2022.06.07-07.46.36:058][  0]LogRHI: GeForceNow SDK initialized: 1
[2022.06.07-07.46.36:406][  0]LogTargetPlatformManager: Display: Loaded TargetPlatform 'AllDesktop'
[2022.06.07-07.46.36:431][  0]LogTargetPlatformManager: Display: Loaded TargetPlatform 'Android'
[2022.06.07-07.46.36:431][  0]LogTargetPlatformManager: Display: Loaded TargetPlatform 'Android_ASTC'
[2022.06.07-07.46.36:431][  0]LogTargetPlatformManager: Display: Loaded TargetPlatform 'Android_DXT'
[2022.06.07-07.46.36:431][  0]LogTargetPlatformManager: Display: Loaded TargetPlatform 'Android_ETC2'
[2022.06.07-07.46.36:431][  0]LogTargetPlatformManager: Display: Loaded TargetPlatform 'AndroidClient'
[2022.06.07-07.46.36:431][  0]LogTargetPlatformManager: Display: Loaded TargetPlatform 'Android_ASTCClient'
[2022.06.07-07.46.36:431][  0]LogTargetPlatformManager: Display: Loaded TargetPlatform 'Android_DXTClient'
[2022.06.07-07.46.36:431][  0]LogTargetPlatformManager: Display: Loaded TargetPlatform 'Android_ETC2Client'
[2022.06.07-07.46.36:431][  0]LogTargetPlatformManager: Display: Loaded TargetPlatform 'Android_Multi'
[2022.06.07-07.46.36:431][  0]LogTargetPlatformManager: Display: Loaded TargetPlatform 'Android_MultiClient'
[2022.06.07-07.46.36:459][  0]LogTargetPlatformManager: Display: Loaded TargetPlatform 'IOSClient'
[2022.06.07-07.46.36:459][  0]LogTargetPlatformManager: Display: Loaded TargetPlatform 'IOS'
[2022.06.07-07.46.36:473][  0]LogTargetPlatformManager: Display: Loaded TargetPlatform 'Linux'
[2022.06.07-07.46.36:481][  0]LogTargetPlatformManager: Display: Loaded TargetPlatform 'LinuxNoEditor'
[2022.06.07-07.46.36:489][  0]LogTargetPlatformManager: Display: Loaded TargetPlatform 'LinuxClient'
[2022.06.07-07.46.36:497][  0]LogTargetPlatformManager: Display: Loaded TargetPlatform 'LinuxServer'
[2022.06.07-07.46.36:510][  0]LogTargetPlatformManager: Display: Loaded TargetPlatform 'LinuxAArch64NoEditor'
[2022.06.07-07.46.36:519][  0]LogTargetPlatformManager: Display: Loaded TargetPlatform 'LinuxAArch64Client'
[2022.06.07-07.46.36:528][  0]LogTargetPlatformManager: Display: Loaded TargetPlatform 'LinuxAArch64Server'
[2022.06.07-07.46.36:553][  0]LogTargetPlatformManager: Display: Loaded TargetPlatform 'Lumin'
[2022.06.07-07.46.36:553][  0]LogTargetPlatformManager: Display: Loaded TargetPlatform 'LuminClient'
[2022.06.07-07.46.36:564][  0]LogTargetPlatformManager: Display: Loaded TargetPlatform 'MacNoEditor'
[2022.06.07-07.46.36:572][  0]LogTargetPlatformManager: Display: Loaded TargetPlatform 'Mac'
[2022.06.07-07.46.36:578][  0]LogTargetPlatformManager: Display: Loaded TargetPlatform 'MacClient'
[2022.06.07-07.46.36:586][  0]LogTargetPlatformManager: Display: Loaded TargetPlatform 'MacServer'
[2022.06.07-07.46.36:598][  0]LogTargetPlatformManager: Display: Loaded TargetPlatform 'TVOSClient'
[2022.06.07-07.46.36:598][  0]LogTargetPlatformManager: Display: Loaded TargetPlatform 'TVOS'
[2022.06.07-07.46.36:609][  0]LogTargetPlatformManager: Display: Loaded TargetPlatform 'WindowsNoEditor'
[2022.06.07-07.46.36:616][  0]LogTargetPlatformManager: Display: Loaded TargetPlatform 'Windows'
[2022.06.07-07.46.36:624][  0]LogTargetPlatformManager: Display: Loaded TargetPlatform 'WindowsClient'
[2022.06.07-07.46.36:631][  0]LogTargetPlatformManager: Display: Loaded TargetPlatform 'WindowsServer'
[2022.06.07-07.46.36:631][  0]LogTargetPlatformManager: Display: Building Assets For Windows
[2022.06.07-07.46.36:646][  0]LogAudioDebug: Display: Lib vorbis DLL was dynamically loaded.
[2022.06.07-07.46.36:718][  0]LogTextureFormatOodle: Display: Oodle Texture 2.9.0 init RDO Off
[2022.06.07-07.46.36:842][  0]LogRendererCore: Ray tracing is disabled. Reason: r.RayTracing=0.
[2022.06.07-07.46.36:842][  0]LogShaderCompilers: Guid format shader working directory is 18 characters bigger than the processId version (D:/UE4_Project/PMTutorial/Intermediate/Shaders/WorkingDirectory/10688/).
[2022.06.07-07.46.36:842][  0]LogShaderCompilers: Cleaned the shader compiler working directory 'C:/Users/jan/AppData/Local/Temp/UnrealShaderWorkingDir/72349F1C436F5EA2D2F39DB9F87DD763/'.
[2022.06.07-07.46.36:842][  0]LogXGEController: Cannot use XGE Controller as Incredibuild is not installed on this machine.
[2022.06.07-07.46.36:842][  0]LogShaderCompilers: Cannot use XGE Shader Compiler as Incredibuild is not installed on this machine.
[2022.06.07-07.46.36:843][  0]LogShaderCompilers: Display: Using Local Shader Compiler.
[2022.06.07-07.46.37:532][  0]LogDerivedDataCache: Display: Max Cache Size: 512 MB
[2022.06.07-07.46.37:590][  0]LogDerivedDataCache: Loaded boot cache 0.06s 94MB C:/Users/jan/AppData/Local/UnrealEngine/4.27/DerivedDataCache/Boot.ddc.
[2022.06.07-07.46.37:590][  0]LogDerivedDataCache: Display: Loaded Boot cache: C:/Users/jan/AppData/Local/UnrealEngine/4.27/DerivedDataCache/Boot.ddc
[2022.06.07-07.46.37:590][  0]LogDerivedDataCache: FDerivedDataBackendGraph:  Pak pak cache file D:/UE4_Project/PMTutorial/DerivedDataCache/DDC.ddp not found, will not use a pak cache.
[2022.06.07-07.46.37:590][  0]LogDerivedDataCache: Unable to find inner node Pak for hierarchical cache Hierarchy.
[2022.06.07-07.46.37:590][  0]LogDerivedDataCache: FDerivedDataBackendGraph:  CompressedPak pak cache file D:/UE4_Project/PMTutorial/DerivedDataCache/Compressed.ddp not found, will not use a pak cache.
[2022.06.07-07.46.37:590][  0]LogDerivedDataCache: Unable to find inner node CompressedPak for hierarchical cache Hierarchy.
[2022.06.07-07.46.37:607][  0]LogDerivedDataCache: Display: Pak cache opened for reading ../../../Engine/DerivedDataCache/Compressed.ddp.
[2022.06.07-07.46.37:607][  0]LogDerivedDataCache: FDerivedDataBackendGraph:  EnterprisePak pak cache file ../../../Enterprise/DerivedDataCache/Compressed.ddp not found, will not use a pak cache.
[2022.06.07-07.46.37:607][  0]LogDerivedDataCache: Unable to find inner node EnterprisePak for hierarchical cache Hierarchy.
[2022.06.07-07.46.37:616][  0]LogDerivedDataCache: Speed tests for C:/Users/jan/AppData/Local/UnrealEngine/Common/DerivedDataCache took 0.01 seconds
[2022.06.07-07.46.37:616][  0]LogDerivedDataCache: Display: Performance to C:/Users/jan/AppData/Local/UnrealEngine/Common/DerivedDataCache: Latency=0.03ms. RandomReadSpeed=1377.31MBs, RandomWriteSpeed=123.73MBs. Assigned SpeedClass 'Local'
[2022.06.07-07.46.37:618][  0]LogDerivedDataCache: Using Local data cache path C:/Users/jan/AppData/Local/UnrealEngine/Common/DerivedDataCache: Writable
[2022.06.07-07.46.37:618][  0]LogDerivedDataCache: Shared data cache path not found in *engine.ini, will not use an Shared cache.
[2022.06.07-07.46.37:618][  0]LogDerivedDataCache: Unable to find inner node Shared for hierarchical cache Hierarchy.
[2022.06.07-07.46.37:680][  0]LogSlate: Using FreeType 2.10.0
[2022.06.07-07.46.37:681][  0]LogSlate: SlateFontServices - WITH_FREETYPE: 1, WITH_HARFBUZZ: 1
[2022.06.07-07.46.37:709][  0]LogAssetRegistry: FAssetRegistry took 0.0048 seconds to start up
[2022.06.07-07.46.37:935][  0]LogInit: Selected Device Profile: [Windows]
[2022.06.07-07.46.37:935][  0]LogInit: Active device profile: [000001FB8B093900][000001FB8A711480 49] Windows
[2022.06.07-07.46.37:935][  0]LogInit: Profiles: [000001FB8B093900][000001FB8A711480 49] Windows, [000001FB8B044900][000001FB8B8DD600 49] WindowsNoEditor, [000001FB8B090800][000001FB8BF6F780 49] WindowsServer, [000001FB8B047800][000001FB8BF73900 49] WindowsClient, [000001FB8B093700][000001FB8BF77A80 49] IOS, [000001FB8B044C00][000001FB809B3C00 49] iPadAir, [000001FB8B090B00][000001FB809B6200 49] iPadAir2, [000001FB8AFE4900][000001FB809C24C0 49] IPadPro, [000001FB8AFE4A00][000001FB809BA500 49] iPadAir3, [000001FB8B093400][000001FB8099A640 49] iPadAir4, [000001FB8AFE7C00][000001FB809C6780 49] iPadMini2, [000001FB8B090C00][000001FB809CA8C0 49] iPadMini3, [000001FB8AFE5700][000001FBF9AACA40 49] iPadMini4, [000001FB8B092E00][000001FBF9AB0BC0 49] iPadMini5, [000001FB8B046F00][000001FB8BF7AE80 49] iPhone6, [000001FB8B046E00][000001FBF9AB4EC0 49] iPodTouch6, [000001FB8AFD7F00][000001FBF9AC5180 49] iPhone7, [000001FB8AFD7E00][000001FB809BF1C0 49] iPodTouch7, [000001FB8B046700][000001FBF9AC9340 49] iPhone5S, [000001FB8AFD4C00][000001FB809E54C0 49] iPhone6Plus, [000001FB8B044E00][000001FB809E9640 49] iPhone6S, [000001FB8AFD7100][000001FB8A71B7C0 49] iPhone6SPlus, [000001FB8B044400][000001FBF9AD7940 49] iPhone7Plus, [000001FB8AFD5200][000001FB8A599AC0 49] iPhoneSE, [000001FB8B046400][000001FB8A7160C0 49] iPhone8, [000001FB8AFD6C00][000001FB809EC240 49] iPhone8Plus, [000001FB8B045200][000001FB809F03C0 49] iPhoneX, [000001FB8AFD5700][000001FB8A71E540 49] iPhoneXS, [000001FB8B045F00][000001FB8A7226C0 49] iPhoneXSMax, [000001FB8AFD6700][000001FBF9AA8800 49] iPhoneXR, [000001FB8B045400][000001FB8A726940 49] iPhone11, [000001FB8AFD7200][000001FB8A72AA80 49] iPhone11Pro, [000001FB8B046C00][000001FB8A72EBC0 49] iPhone11ProMax, [000001FB8AFD7300][000001FB8A736D40 49] iPhoneSE2, [000001FB8B047A00][000001FB8A73AEC0 49] iPhone12Mini, [000001FB8AFD5500][000001FB8A73F040 49] iPhone12, [000001FB8B047D00][000001FB8A7431C0 49] iPhone12Pro, [000001FB8AFD4600][000001FB8A55D340 49] iPhone12ProMax, [000001FB8B044800][000001FB8A5614C0 49] iPadPro105, [000001FB8AFD4A00][000001FB8A565640 49] iPadPro129, [000001FB8B046500][000001FB8A5697C0 49] iPadPro97, [000001FB8AFD6D00][000001FB8A56D940 49] iPadPro2_129, [000001FB8B044D00][000001FB8A571AC0 49] iPad5, [000001FB8AFD4800][000001FB8A5740C0 49] iPad6, [000001FB8B047200][000001FB8A578240 49] iPad7, [000001FB8AFD6000][000001FB8A57C3C0 49] iPad8, [000001FB8B044500][000001FB8A580540 49] iPadPro11, [000001FB8AFD6100][000001FB8A5846C0 49] iPadPro2_11, [000001FB8B047F00][000001FB8A588840 49] iPadPro3_129, [000001FB8AFD5000][000001FB8A732980 49] iPadPro4_129, [000001FB8B047700][000001FB8A58CAC0 49] AppleTV, [000001FB8AFD7500][000001FB8A590C00 49] AppleTV4K, [000001FB8B044100][000001FB8A594D40 49] TVOS, [000001FB8AFD4500][000001FB819E4EC0 49] Mac, [000001FB8B044A00][000001FB819E9040 49] MacClient, [000001FB8AFD7900][000001FB819ED1C0 49] MacNoEditor, [000001FB8B047500][000001FB819F1340 49] MacServer, [000001FB8AFD6900][000001FB819F54C0 49] Linux, [000001FB8B044300][000001FB819F9640 49] LinuxAArch64, [000001FB8AFD5100][000001FB819FD7C0 49] LinuxNoEditor, [000001FB8B047600][000001FB81A01940 49] LinuxAArch64NoEditor, [000001FB8AFD7800][000001FB81A05AC0 49] LinuxClient, [000001FB8B045E00][000001FB81A080C0 49] LinuxAArch64Client, [000001FB8AFD6500][000001FB81A0C240 49] LinuxServer, [000001FB8B046000][000001FB81A103C0 49] LinuxAArch64Server, [000001FB8AFD5800][000001FB81A14540 49] Android, [000001FB8B047900][000001FB81A186C0 49] Android_Low, [000001FB8AFD6B00][000001FB81A1C840 49] Android_Mid, [000001FB8AFE7900][000001FB8A6669C0 49] Android_High, [000001FB8B0E8100][000001FB8A66AB40 49] Android_Default, [000001FB8AFE7600][000001FB819E0C80 49] Android_Adreno4xx, [000001FB8B0E9600][000001FB8A66EDC0 49] Android_Adreno5xx_Low, [000001FB8AFE4D00][000001FB8A672F00 49] Android_Adreno5xx, [000001FB8B0E9200][000001FB8A67B080 49] Android_Adreno6xx, [000001FB8AFE5500][000001FB8A67F200 49] Android_Adreno6xx_Vulkan, [000001FB8B0E9300][000001FB8A683380 49] Android_Mali_T6xx, [000001FB8AFE7E00][000001FB8A687500 49] Android_Mali_T7xx, [000001FB8B0EA200][000001FB8A68B680 49] Android_Mali_T8xx, [000001FB8AFE6300][000001FB8A68F800 49] Android_Mali_G71, [000001FB8B0E8700][000001FB8A693980 49] Android_Mali_G72, [000001FB8AFE6100][000001FB8A697B00 49] Android_Mali_G72_Vulkan, [000001FB8B0E9B00][000001FB8A69A100 49] Android_Mali_G76, [000001FB8AFE7700][000001FB8A69E280 49] Android_Mali_G76_Vulkan, [000001FB8B0EA500][000001FB8A6A2400 49] Android_Mali_G77, [000001FB8AFE4600][000001FB8A6A6580 49] Android_Mali_G77_Vulkan, [000001FB8B0E8D00][000001FB8A6AA700 49] Android_Mali_G78, [000001FB8AFE6F00][000001FB8A6AE880 49] Android_Mali_G78_Vulkan, [000001FB8B0E9C00][000001FB8A6B2A00 49] Android_Mali_G710, [000001FB8AFE6B00][000001FB8A6B6B80 49] Android_Mali_G710_Vulkan, [000001FB8B0E8F00][000001FB8A6BAD00 49] Android_Vulkan_SM5, [000001FB8AFE6800][000001FB8A676E40 49] Android_PowerVR_G6xxx, [000001FB8B0EA100][000001FB8A6BEF80 49] Android_PowerVR_GT7xxx, [000001FB8AFD4900][000001FB8A6C30C0 49] Android_PowerVR_GE8xxx, [000001FB8B046300][000001FB8BF03240 49] Android_PowerVR_GM9xxx, [000001FB8AFD4100][000001FB8BF073C0 49] Android_PowerVR_GM9xxx_Vulkan, [000001FB8B046B00][000001FB8BF0B540 49] Android_TegraK1, [000001FB8AFD4200][000001FB8BF0F6C0 49] Android_Unknown_Vulkan, [000001FB8B044700][000001FB8BF13840 49] Lumin, [000001FB8AFD4E00][000001FB8BF179C0 49] Lumin_Desktop, [000001FB8B044600][000001FB8BF1BB40 49] HoloLens, 
[2022.06.07-07.46.38:110][  0]LogMeshReduction: Using QuadricMeshReduction for automatic static mesh reduction
[2022.06.07-07.46.38:110][  0]LogMeshReduction: Using SimplygonMeshReduction for automatic skeletal mesh reduction
[2022.06.07-07.46.38:110][  0]LogMeshReduction: Using ProxyLODMeshReduction for automatic mesh merging
[2022.06.07-07.46.38:111][  0]LogMeshReduction: No distributed automatic mesh merging module available
[2022.06.07-07.46.38:111][  0]LogMeshMerging: No distributed automatic mesh merging module available
[2022.06.07-07.46.38:129][  0]LogNetVersion: PMTutorial 1.0.0, NetCL: 17155196, EngineNetVer: 17, GameNetVer: 0 (Checksum: 3422132310)
[2022.06.07-07.46.38:504][  0]LogTexture: Default maximum texture size for cubemaps generated from long-lat sources has been changed from 512 to unlimited. In order to preserve old behaiour for '/Engine/MapTemplates/Sky/DaylightAmbientCubemap.DaylightAmbientCubemap', its maximum texture size has been explicitly set to 512.
[2022.06.07-07.46.38:558][  0]LogHMD: PokeAHoleMaterial loaded successfully
[2022.06.07-07.46.38:564][  0]LogUObjectArray: 17178 objects as part of root set at end of initial load.
[2022.06.07-07.46.38:564][  0]LogUObjectAllocator: 4302048 out of 0 bytes used by permanent object pool.
[2022.06.07-07.46.38:564][  0]LogUObjectArray: CloseDisregardForGC: 0/0 objects in disregard for GC pool
[2022.06.07-07.46.39:032][  0]LogNiagaraDebuggerClient: Niagara Debugger Client Initialized | Session: CB1C5A4E451218BD76918C83649E9790 | Instance: C20C39464CD6186103EAE4818B94F13D (AIWAN-JAN-10688).
[2022.06.07-07.46.39:230][  0]LogPython: Using Python 3.7.7
[2022.06.07-07.46.39:741][  0]LogTcpMessaging: Initializing TcpMessaging bridge
[2022.06.07-07.46.39:750][  0]LogUdpMessaging: Initializing bridge on interface 0.0.0.0:0 to multicast group 230.0.0.1:6666.
[2022.06.07-07.46.39:927][  0]SourceControl: 源码管理已禁用
[2022.06.07-07.46.39:927][  0]SourceControl: 源码管理已禁用
[2022.06.07-07.46.39:950][  0]SourceControl: 源码管理已禁用
[2022.06.07-07.46.39:957][  0]SourceControl: 源码管理已禁用
[2022.06.07-07.46.39:977][  0]SourceControl: 源码管理已禁用
[2022.06.07-07.46.39:990][  0]LogUProjectInfo: Found projects:
[2022.06.07-07.46.40:427][  0]LogOpenImageDenoise: OIDN starting up
[2022.06.07-07.46.40:464][  0]LogAndroidPermission: UAndroidPermissionCallbackProxy::GetInstance
[2022.06.07-07.46.40:493][  0]LogAudioCaptureCore: Display: No Audio Capture implementations found. Audio input will be silent.
[2022.06.07-07.46.40:493][  0]LogAudioCaptureCore: Display: No Audio Capture implementations found. Audio input will be silent.
[2022.06.07-07.46.40:707][  0]LogCollectionManager: Loaded 0 collections in 0.000661 seconds
[2022.06.07-07.46.40:739][  0]LogFileCache: Scanning file cache for directory 'D:/UE4_Project/PMTutorial/Saved/Collections/' took 0.00s
[2022.06.07-07.46.40:739][  0]LogFileCache: Scanning file cache for directory 'D:/UE4_Project/PMTutorial/Content/Developers/jan/Collections/' took 0.00s
[2022.06.07-07.46.40:739][  0]LogFileCache: Scanning file cache for directory 'D:/UE4_Project/PMTutorial/Content/Collections/' took 0.00s
[2022.06.07-07.46.40:739][  0]LogOcInput: OculusInput pre-init called
[2022.06.07-07.46.41:002][  0]LogEngine: Initializing Engine...
[2022.06.07-07.46.41:005][  0]LogHMD: Failed to enumerate extensions. Please check that you have a valid OpenXR runtime installed.
[2022.06.07-07.46.41:005][  0]LogHMD: Failed to initialize OpenVR with code 110
[2022.06.07-07.46.41:005][  0]LogMagicLeap: Warning: VR disabled because ZI is not enabled.  To enable, in the editor, Edit -> Project Settings -> Plugins -> Magic Leap Plugin -> Enable Zero Iteration
[2022.06.07-07.46.41:006][  0]LogStats: UGameplayTagsManager::InitializeManager -  0.000 s
[2022.06.07-07.46.41:135][  0]LogInit: Initializing FReadOnlyCVARCache
[2022.06.07-07.46.41:145][  0]LogAIModule: Creating AISystem for world Untitled
[2022.06.07-07.46.41:151][  0]LogAudio: Display: Initializing Audio Device Manager...
[2022.06.07-07.46.41:156][  0]LogAudio: Display: Loading Default Audio Settings Objects...
[2022.06.07-07.46.41:157][  0]LogAudio: Display: No default SoundConcurrencyObject specified (or failed to load).
[2022.06.07-07.46.41:158][  0]LogAudio: Display: Audio Device Manager Initialized
[2022.06.07-07.46.41:158][  0]LogAudio: Display: Creating Audio Device:                 Id: 1, Scope: Shared, Realtime: True
[2022.06.07-07.46.41:158][  0]LogAudioMixer: Display: Audio Mixer Platform Settings:
[2022.06.07-07.46.41:158][  0]LogAudioMixer: Display: 	Sample Rate:						  48000
[2022.06.07-07.46.41:158][  0]LogAudioMixer: Display: 	Callback Buffer Frame Size Requested: 1024
[2022.06.07-07.46.41:158][  0]LogAudioMixer: Display: 	Callback Buffer Frame Size To Use:	  1024
[2022.06.07-07.46.41:158][  0]LogAudioMixer: Display: 	Number of buffers to queue:			  2
[2022.06.07-07.46.41:158][  0]LogAudioMixer: Display: 	Max Channels (voices):				  32
[2022.06.07-07.46.41:158][  0]LogAudioMixer: Display: 	Number of Async Source Workers:		  0
[2022.06.07-07.46.41:158][  0]LogAudio: Display: AudioDevice MaxSources: 32
[2022.06.07-07.46.41:159][  0]LogAudio: Display: Audio Spatialization Plugin: None (built-in).
[2022.06.07-07.46.41:159][  0]LogAudio: Display: Audio Reverb Plugin: None (built-in).
[2022.06.07-07.46.41:159][  0]LogAudio: Display: Audio Occlusion Plugin: None (built-in).
[2022.06.07-07.46.41:159][  0]LogAudioMixer: Display: Initializing audio mixer.
[2022.06.07-07.46.41:190][  0]LogAudioMixer: Display: 0: FrontLeft
[2022.06.07-07.46.41:190][  0]LogAudioMixer: Display: 1: FrontRight
[2022.06.07-07.46.41:230][  0]LogAudioMixer: Display: Using Audio Device 耳机 (Earbuds X1 Stereo)
[2022.06.07-07.46.41:234][  0]LogAudioMixer: Display: Initializing Sound Submixes...
[2022.06.07-07.46.41:235][  0]LogAudioMixer: Display: Creating Master Submix 'MasterSubmixDefault'
[2022.06.07-07.46.41:235][  0]LogAudioMixer: Display: Creating Master Submix 'MasterReverbSubmixDefault'
[2022.06.07-07.46.41:236][  0]LogAudioMixer: Display: Creating Master Submix 'MasterEQSubmixDefault'
[2022.06.07-07.46.41:236][  0]LogAudioMixer: FMixerPlatformXAudio2::StartAudioStream() called
[2022.06.07-07.46.41:237][  0]LogAudioMixer: Display: Output buffers initialized: Frames=1024, Channels=2, Samples=2048
[2022.06.07-07.46.41:238][  0]LogAudioMixer: Display: Starting AudioMixerPlatformInterface::RunInternal()
[2022.06.07-07.46.41:238][  0]LogAudioMixer: Display: FMixerPlatformXAudio2::SubmitBuffer() called for the first time
[2022.06.07-07.46.41:238][  0]LogInit: FAudioDevice initialized.
[2022.06.07-07.46.41:238][  0]LogAudio: Display: Audio Device (ID: 1) registered with world 'Untitled'.
[2022.06.07-07.46.41:239][  0]LogNetVersion: Set ProjectVersion to 1.0.0.0. Version Checksum will be recalculated on next use.
[2022.06.07-07.46.41:311][  0]LogDerivedDataCache: Saved boot cache 0.07s 94MB C:/Users/jan/AppData/Local/UnrealEngine/4.27/DerivedDataCache/Boot.ddc.
[2022.06.07-07.46.41:312][  0]LogInit: Texture streaming: Enabled
[2022.06.07-07.46.41:329][  0]LogAnalytics: Display: [UEEditor.Rocket.Release] APIServer = https://datarouter.ol.epicgames.com/. AppVersion = 4.27.2-18319896+++UE4+Release-4.27
[2022.06.07-07.46.41:336][  0]LogEngineSessionManager: EngineSessionManager initialized
[2022.06.07-07.46.41:336][  0]LogEditorSessionSummary: Verbose: Initializing EditorSessionSummaryWriter for editor session tracking
[2022.06.07-07.46.41:339][  0]LogEditorSessionSummary: EditorSessionSummaryWriter initialized
[2022.06.07-07.46.41:366][  0]LogInit: Transaction tracking system initialized
[2022.06.07-07.46.41:406][  0]BlueprintLog: New page: 编辑器加载
[2022.06.07-07.46.41:495][  0]LocalizationService: 本地化服务已禁用
[2022.06.07-07.46.41:531][  0]TimingProfiler: Initialize
[2022.06.07-07.46.41:531][  0]TimingProfiler: OnSessionChanged
[2022.06.07-07.46.41:532][  0]LoadingProfiler: Initialize
[2022.06.07-07.46.41:532][  0]LoadingProfiler: OnSessionChanged
[2022.06.07-07.46.41:532][  0]NetworkingProfiler: Initialize
[2022.06.07-07.46.41:532][  0]NetworkingProfiler: OnSessionChanged
[2022.06.07-07.46.41:532][  0]MemoryProfiler: Initialize
[2022.06.07-07.46.41:532][  0]MemoryProfiler: OnSessionChanged
[2022.06.07-07.46.42:033][  0]LogCook: Display: CookSettings for Memory: MemoryMaxUsedVirtual 0MiB, MemoryMaxUsedPhysical 16384MiB, MemoryMinFreeVirtual 0MiB, MemoryMinFreePhysical 1024MiB
[2022.06.07-07.46.42:033][  0]LogCook: Display: Mobile HDR setting 1
[2022.06.07-07.46.42:122][  0]LogFileCache: Scanning file cache for directory 'D:/UE4_Project/PMTutorial/Content/' took 0.00s
[2022.06.07-07.46.42:524][  0]LogInit: Display: Engine is initialized. Leaving FEngineLoop::Init()
[2022.06.07-07.46.42:529][  0]SourceControl: 源码管理已禁用
[2022.06.07-07.46.42:529][  0]LogUnrealEdMisc: Loading editor; pre map load, took 12.002
[2022.06.07-07.46.42:529][  0]Cmd: MAP LOAD FILE="D:/UE4_Project/PMTutorial/Content/StarterContent/Maps/Minimal_Default.umap" TEMPLATE=0 SHOWPROGRESS=1 FEATURELEVEL=3
[2022.06.07-07.46.42:530][  0]LightingResults: New page: 光照构建
[2022.06.07-07.46.42:532][  0]LogWorld: UWorld::CleanupWorld for Untitled, bSessionEnded=true, bCleanupResources=true
[2022.06.07-07.46.42:532][  0]LogSlate: InvalidateAllWidgets triggered.  All widgets were invalidated
[2022.06.07-07.46.42:532][  0]MapCheck: New page: 地图检测
[2022.06.07-07.46.42:532][  0]LightingResults: New page: 光照构建
[2022.06.07-07.46.42:538][  0]LogAudio: Display: Audio Device unregistered from world 'None'.
[2022.06.07-07.46.42:541][  0]LogUObjectHash: Compacting FUObjectHashTables data took   0.79ms
[2022.06.07-07.46.42:651][  0]LogTexture: Display: 正在编译纹理：DeprecatedTextureD6C57B644F03DADF4F2699848FAEA3C3（BGRA8、128X128）
[2022.06.07-07.46.42:655][  0]LogTexture: Display: 正在编译纹理：DeprecatedTexture8D91C9AE4C6B8D628CDA3C848426284A（BGRA8、128X128）
[2022.06.07-07.46.42:669][  0]LogAudio: Display: Audio Device (ID: 1) registered with world 'Minimal_Default'.
[2022.06.07-07.46.42:670][  0]LogAIModule: Creating AISystem for world Minimal_Default
[2022.06.07-07.46.42:680][  0]LogEditorServer: Finished looking for orphan Actors (0.000 secs)
[2022.06.07-07.46.42:689][  0]LogUObjectHash: Compacting FUObjectHashTables data took   0.87ms
[2022.06.07-07.46.42:689][  0]Cmd: MAP CHECKDEP NOCLEARLOG
[2022.06.07-07.46.42:689][  0]MapCheck: 地图检测完成：0个错误、0个警告、完成用时0.1毫秒。
[2022.06.07-07.46.42:689][  0]LogFileHelpers: Loading map 'Minimal_Default' took 0.160
[2022.06.07-07.46.42:692][  0]LogUnrealEdMisc: Total Editor Startup Time, took 12.165
[2022.06.07-07.46.42:820][  0]LogSlate: Updating window title bar state: overlay mode, drag disabled, window buttons hidden, title bar hidden
[2022.06.07-07.46.42:826][  0]LogSlate: Updating window title bar state: overlay mode, drag disabled, window buttons hidden, title bar hidden
[2022.06.07-07.46.42:833][  0]LogSlate: Updating window title bar state: overlay mode, drag disabled, window buttons hidden, title bar hidden
[2022.06.07-07.46.42:839][  0]LogSlate: Updating window title bar state: overlay mode, drag disabled, window buttons hidden, title bar hidden
[2022.06.07-07.46.42:853][  0]LogNativeClassHierarchy: Verbose: Native class hierarchy populated in 0.0088 seconds. Added 3824 classes and 933 folders.
[2022.06.07-07.46.42:855][  0]LogNativeClassHierarchy: Verbose: Native class hierarchy updated for 'WidgetCarousel' in 0.0003 seconds. Added 0 classes and 0 folders.
[2022.06.07-07.46.42:856][  0]LogPakFile: PakFile PrimaryIndexSize=187
[2022.06.07-07.46.42:856][  0]LogPakFile: PakFile PathHashIndexSize=101
[2022.06.07-07.46.42:856][  0]LogPakFile: PakFile FullDirectoryIndexSize=148
[2022.06.07-07.46.42:856][  0]LogShaderLibrary: Display: ShaderCodeLibraryPakFileMountedCallback: PakFile 'F:/UE4/UE_4.27/FeaturePacks/FP_FirstPerson.upack' (chunk index -1, root 'root:/') mounted
[2022.06.07-07.46.42:856][  0]LogShaderLibrary: Display: ShaderCodeLibraryPakFileMountedCallback: pending pak file info (ChunkID:-1 Root:root:/ File:F:/UE4/UE_4.27/FeaturePacks/FP_FirstPerson.upack)
[2022.06.07-07.46.42:856][  0]LogPakFile: OnPakFileMounted2Time == 0.000183
[2022.06.07-07.46.42:857][  0]LogPakFile: PakFile PrimaryIndexSize=189
[2022.06.07-07.46.42:857][  0]LogPakFile: PakFile PathHashIndexSize=101
[2022.06.07-07.46.42:857][  0]LogPakFile: PakFile FullDirectoryIndexSize=152
[2022.06.07-07.46.42:857][  0]LogShaderLibrary: Display: ShaderCodeLibraryPakFileMountedCallback: PakFile 'F:/UE4/UE_4.27/FeaturePacks/FP_FirstPersonBP.upack' (chunk index -1, root 'root:/') mounted
[2022.06.07-07.46.42:857][  0]LogShaderLibrary: Display: ShaderCodeLibraryPakFileMountedCallback: pending pak file info (ChunkID:-1 Root:root:/ File:F:/UE4/UE_4.27/FeaturePacks/FP_FirstPersonBP.upack)
[2022.06.07-07.46.42:857][  0]LogPakFile: OnPakFileMounted2Time == 0.000185
[2022.06.07-07.46.42:858][  0]LogPakFile: PakFile PrimaryIndexSize=191
[2022.06.07-07.46.42:858][  0]LogPakFile: PakFile PathHashIndexSize=101
[2022.06.07-07.46.42:858][  0]LogPakFile: PakFile FullDirectoryIndexSize=160
[2022.06.07-07.46.42:858][  0]LogShaderLibrary: Display: ShaderCodeLibraryPakFileMountedCallback: PakFile 'F:/UE4/UE_4.27/FeaturePacks/MobileStarterContent.upack' (chunk index -1, root 'root:/') mounted
[2022.06.07-07.46.42:858][  0]LogShaderLibrary: Display: ShaderCodeLibraryPakFileMountedCallback: pending pak file info (ChunkID:-1 Root:root:/ File:F:/UE4/UE_4.27/FeaturePacks/MobileStarterContent.upack)
[2022.06.07-07.46.42:858][  0]LogPakFile: OnPakFileMounted2Time == 0.000151
[2022.06.07-07.46.42:859][  0]LogPakFile: PakFile PrimaryIndexSize=185
[2022.06.07-07.46.42:859][  0]LogPakFile: PakFile PathHashIndexSize=101
[2022.06.07-07.46.42:859][  0]LogPakFile: PakFile FullDirectoryIndexSize=148
[2022.06.07-07.46.42:859][  0]LogShaderLibrary: Display: ShaderCodeLibraryPakFileMountedCallback: PakFile 'F:/UE4/UE_4.27/FeaturePacks/StarterContent.upack' (chunk index -1, root 'root:/') mounted
[2022.06.07-07.46.42:859][  0]LogShaderLibrary: Display: ShaderCodeLibraryPakFileMountedCallback: pending pak file info (ChunkID:-1 Root:root:/ File:F:/UE4/UE_4.27/FeaturePacks/StarterContent.upack)
[2022.06.07-07.46.42:859][  0]LogPakFile: OnPakFileMounted2Time == 0.000124
[2022.06.07-07.46.42:860][  0]LogPakFile: PakFile PrimaryIndexSize=190
[2022.06.07-07.46.42:860][  0]LogPakFile: PakFile PathHashIndexSize=101
[2022.06.07-07.46.42:860][  0]LogPakFile: PakFile FullDirectoryIndexSize=154
[2022.06.07-07.46.42:860][  0]LogShaderLibrary: Display: ShaderCodeLibraryPakFileMountedCallback: PakFile 'F:/UE4/UE_4.27/FeaturePacks/TP_2DSideScroller.upack' (chunk index -1, root 'root:/') mounted
[2022.06.07-07.46.42:860][  0]LogShaderLibrary: Display: ShaderCodeLibraryPakFileMountedCallback: pending pak file info (ChunkID:-1 Root:root:/ File:F:/UE4/UE_4.27/FeaturePacks/TP_2DSideScroller.upack)
[2022.06.07-07.46.42:860][  0]LogPakFile: OnPakFileMounted2Time == 0.000122
[2022.06.07-07.46.42:861][  0]LogPakFile: PakFile PrimaryIndexSize=192
[2022.06.07-07.46.42:861][  0]LogPakFile: PakFile PathHashIndexSize=101
[2022.06.07-07.46.42:861][  0]LogPakFile: PakFile FullDirectoryIndexSize=158
[2022.06.07-07.46.42:861][  0]LogShaderLibrary: Display: ShaderCodeLibraryPakFileMountedCallback: PakFile 'F:/UE4/UE_4.27/FeaturePacks/TP_2DSideScrollerBP.upack' (chunk index -1, root 'root:/') mounted
[2022.06.07-07.46.42:861][  0]LogShaderLibrary: Display: ShaderCodeLibraryPakFileMountedCallback: pending pak file info (ChunkID:-1 Root:root:/ File:F:/UE4/UE_4.27/FeaturePacks/TP_2DSideScrollerBP.upack)
[2022.06.07-07.46.42:861][  0]LogPakFile: OnPakFileMounted2Time == 0.000131
[2022.06.07-07.46.42:862][  0]LogPakFile: PakFile PrimaryIndexSize=182
[2022.06.07-07.46.42:862][  0]LogPakFile: PakFile PathHashIndexSize=101
[2022.06.07-07.46.42:862][  0]LogPakFile: PakFile FullDirectoryIndexSize=138
[2022.06.07-07.46.42:862][  0]LogShaderLibrary: Display: ShaderCodeLibraryPakFileMountedCallback: PakFile 'F:/UE4/UE_4.27/FeaturePacks/TP_Flying.upack' (chunk index -1, root 'root:/') mounted
[2022.06.07-07.46.42:862][  0]LogShaderLibrary: Display: ShaderCodeLibraryPakFileMountedCallback: pending pak file info (ChunkID:-1 Root:root:/ File:F:/UE4/UE_4.27/FeaturePacks/TP_Flying.upack)
[2022.06.07-07.46.42:862][  0]LogPakFile: OnPakFileMounted2Time == 0.000153
[2022.06.07-07.46.42:862][  0]LogPakFile: PakFile PrimaryIndexSize=184
[2022.06.07-07.46.42:863][  0]LogPakFile: PakFile PathHashIndexSize=101
[2022.06.07-07.46.42:863][  0]LogPakFile: PakFile FullDirectoryIndexSize=142
[2022.06.07-07.46.42:863][  0]LogShaderLibrary: Display: ShaderCodeLibraryPakFileMountedCallback: PakFile 'F:/UE4/UE_4.27/FeaturePacks/TP_FlyingBP.upack' (chunk index -1, root 'root:/') mounted
[2022.06.07-07.46.42:863][  0]LogShaderLibrary: Display: ShaderCodeLibraryPakFileMountedCallback: pending pak file info (ChunkID:-1 Root:root:/ File:F:/UE4/UE_4.27/FeaturePacks/TP_FlyingBP.upack)
[2022.06.07-07.46.42:863][  0]LogPakFile: OnPakFileMounted2Time == 0.000124
[2022.06.07-07.46.42:863][  0]LogPakFile: PakFile PrimaryIndexSize=188
[2022.06.07-07.46.42:863][  0]LogPakFile: PakFile PathHashIndexSize=101
[2022.06.07-07.46.42:863][  0]LogPakFile: PakFile FullDirectoryIndexSize=150
[2022.06.07-07.46.42:863][  0]LogShaderLibrary: Display: ShaderCodeLibraryPakFileMountedCallback: PakFile 'F:/UE4/UE_4.27/FeaturePacks/TP_HandheldARBP.upack' (chunk index -1, root 'root:/') mounted
[2022.06.07-07.46.42:864][  0]LogShaderLibrary: Display: ShaderCodeLibraryPakFileMountedCallback: pending pak file info (ChunkID:-1 Root:root:/ File:F:/UE4/UE_4.27/FeaturePacks/TP_HandheldARBP.upack)
[2022.06.07-07.46.42:864][  0]LogPakFile: OnPakFileMounted2Time == 0.000117
[2022.06.07-07.46.42:864][  0]LogPakFile: PakFile PrimaryIndexSize=182
[2022.06.07-07.46.42:864][  0]LogPakFile: PakFile PathHashIndexSize=101
[2022.06.07-07.46.42:864][  0]LogPakFile: PakFile FullDirectoryIndexSize=138
[2022.06.07-07.46.42:864][  0]LogShaderLibrary: Display: ShaderCodeLibraryPakFileMountedCallback: PakFile 'F:/UE4/UE_4.27/FeaturePacks/TP_Puzzle.upack' (chunk index -1, root 'root:/') mounted
[2022.06.07-07.46.42:864][  0]LogShaderLibrary: Display: ShaderCodeLibraryPakFileMountedCallback: pending pak file info (ChunkID:-1 Root:root:/ File:F:/UE4/UE_4.27/FeaturePacks/TP_Puzzle.upack)
[2022.06.07-07.46.42:865][  0]LogPakFile: OnPakFileMounted2Time == 0.000128
[2022.06.07-07.46.42:865][  0]LogPakFile: PakFile PrimaryIndexSize=184
[2022.06.07-07.46.42:865][  0]LogPakFile: PakFile PathHashIndexSize=101
[2022.06.07-07.46.42:865][  0]LogPakFile: PakFile FullDirectoryIndexSize=142
[2022.06.07-07.46.42:865][  0]LogShaderLibrary: Display: ShaderCodeLibraryPakFileMountedCallback: PakFile 'F:/UE4/UE_4.27/FeaturePacks/TP_PuzzleBP.upack' (chunk index -1, root 'root:/') mounted
[2022.06.07-07.46.42:865][  0]LogShaderLibrary: Display: ShaderCodeLibraryPakFileMountedCallback: pending pak file info (ChunkID:-1 Root:root:/ File:F:/UE4/UE_4.27/FeaturePacks/TP_PuzzleBP.upack)
[2022.06.07-07.46.42:865][  0]LogPakFile: OnPakFileMounted2Time == 0.000115
[2022.06.07-07.46.42:866][  0]LogPakFile: PakFile PrimaryIndexSize=183
[2022.06.07-07.46.42:866][  0]LogPakFile: PakFile PathHashIndexSize=101
[2022.06.07-07.46.42:866][  0]LogPakFile: PakFile FullDirectoryIndexSize=140
[2022.06.07-07.46.42:866][  0]LogShaderLibrary: Display: ShaderCodeLibraryPakFileMountedCallback: PakFile 'F:/UE4/UE_4.27/FeaturePacks/TP_Rolling.upack' (chunk index -1, root 'root:/') mounted
[2022.06.07-07.46.42:866][  0]LogShaderLibrary: Display: ShaderCodeLibraryPakFileMountedCallback: pending pak file info (ChunkID:-1 Root:root:/ File:F:/UE4/UE_4.27/FeaturePacks/TP_Rolling.upack)
[2022.06.07-07.46.42:866][  0]LogPakFile: OnPakFileMounted2Time == 0.000121
[2022.06.07-07.46.42:867][  0]LogPakFile: PakFile PrimaryIndexSize=185
[2022.06.07-07.46.42:867][  0]LogPakFile: PakFile PathHashIndexSize=101
[2022.06.07-07.46.42:867][  0]LogPakFile: PakFile FullDirectoryIndexSize=144
[2022.06.07-07.46.42:867][  0]LogShaderLibrary: Display: ShaderCodeLibraryPakFileMountedCallback: PakFile 'F:/UE4/UE_4.27/FeaturePacks/TP_RollingBP.upack' (chunk index -1, root 'root:/') mounted
[2022.06.07-07.46.42:867][  0]LogShaderLibrary: Display: ShaderCodeLibraryPakFileMountedCallback: pending pak file info (ChunkID:-1 Root:root:/ File:F:/UE4/UE_4.27/FeaturePacks/TP_RollingBP.upack)
[2022.06.07-07.46.42:867][  0]LogPakFile: OnPakFileMounted2Time == 0.000127
[2022.06.07-07.46.42:868][  0]LogPakFile: PakFile PrimaryIndexSize=188
[2022.06.07-07.46.42:868][  0]LogPakFile: PakFile PathHashIndexSize=101
[2022.06.07-07.46.42:868][  0]LogPakFile: PakFile FullDirectoryIndexSize=150
[2022.06.07-07.46.42:868][  0]LogShaderLibrary: Display: ShaderCodeLibraryPakFileMountedCallback: PakFile 'F:/UE4/UE_4.27/FeaturePacks/TP_SideScroller.upack' (chunk index -1, root 'root:/') mounted
[2022.06.07-07.46.42:868][  0]LogShaderLibrary: Display: ShaderCodeLibraryPakFileMountedCallback: pending pak file info (ChunkID:-1 Root:root:/ File:F:/UE4/UE_4.27/FeaturePacks/TP_SideScroller.upack)
[2022.06.07-07.46.42:868][  0]LogPakFile: OnPakFileMounted2Time == 0.000131
[2022.06.07-07.46.42:868][  0]LogPakFile: PakFile PrimaryIndexSize=190
[2022.06.07-07.46.42:868][  0]LogPakFile: PakFile PathHashIndexSize=101
[2022.06.07-07.46.42:868][  0]LogPakFile: PakFile FullDirectoryIndexSize=154
[2022.06.07-07.46.42:868][  0]LogShaderLibrary: Display: ShaderCodeLibraryPakFileMountedCallback: PakFile 'F:/UE4/UE_4.27/FeaturePacks/TP_SideScrollerBP.upack' (chunk index -1, root 'root:/') mounted
[2022.06.07-07.46.42:869][  0]LogShaderLibrary: Display: ShaderCodeLibraryPakFileMountedCallback: pending pak file info (ChunkID:-1 Root:root:/ File:F:/UE4/UE_4.27/FeaturePacks/TP_SideScrollerBP.upack)
[2022.06.07-07.46.42:869][  0]LogPakFile: OnPakFileMounted2Time == 0.000133
[2022.06.07-07.46.42:869][  0]LogPakFile: PakFile PrimaryIndexSize=187
[2022.06.07-07.46.42:869][  0]LogPakFile: PakFile PathHashIndexSize=101
[2022.06.07-07.46.42:869][  0]LogPakFile: PakFile FullDirectoryIndexSize=148
[2022.06.07-07.46.42:869][  0]LogShaderLibrary: Display: ShaderCodeLibraryPakFileMountedCallback: PakFile 'F:/UE4/UE_4.27/FeaturePacks/TP_ThirdPerson.upack' (chunk index -1, root 'root:/') mounted
[2022.06.07-07.46.42:869][  0]LogShaderLibrary: Display: ShaderCodeLibraryPakFileMountedCallback: pending pak file info (ChunkID:-1 Root:root:/ File:F:/UE4/UE_4.27/FeaturePacks/TP_ThirdPerson.upack)
[2022.06.07-07.46.42:869][  0]LogPakFile: OnPakFileMounted2Time == 0.000119
[2022.06.07-07.46.42:870][  0]LogPakFile: PakFile PrimaryIndexSize=189
[2022.06.07-07.46.42:870][  0]LogPakFile: PakFile PathHashIndexSize=101
[2022.06.07-07.46.42:870][  0]LogPakFile: PakFile FullDirectoryIndexSize=152
[2022.06.07-07.46.42:870][  0]LogShaderLibrary: Display: ShaderCodeLibraryPakFileMountedCallback: PakFile 'F:/UE4/UE_4.27/FeaturePacks/TP_ThirdPersonBP.upack' (chunk index -1, root 'root:/') mounted
[2022.06.07-07.46.42:870][  0]LogShaderLibrary: Display: ShaderCodeLibraryPakFileMountedCallback: pending pak file info (ChunkID:-1 Root:root:/ File:F:/UE4/UE_4.27/FeaturePacks/TP_ThirdPersonBP.upack)
[2022.06.07-07.46.42:870][  0]LogPakFile: OnPakFileMounted2Time == 0.000119
[2022.06.07-07.46.42:871][  0]LogPakFile: PakFile PrimaryIndexSize=183
[2022.06.07-07.46.42:871][  0]LogPakFile: PakFile PathHashIndexSize=101
[2022.06.07-07.46.42:871][  0]LogPakFile: PakFile FullDirectoryIndexSize=140
[2022.06.07-07.46.42:871][  0]LogShaderLibrary: Display: ShaderCodeLibraryPakFileMountedCallback: PakFile 'F:/UE4/UE_4.27/FeaturePacks/TP_TopDown.upack' (chunk index -1, root 'root:/') mounted
[2022.06.07-07.46.42:871][  0]LogShaderLibrary: Display: ShaderCodeLibraryPakFileMountedCallback: pending pak file info (ChunkID:-1 Root:root:/ File:F:/UE4/UE_4.27/FeaturePacks/TP_TopDown.upack)
[2022.06.07-07.46.42:871][  0]LogPakFile: OnPakFileMounted2Time == 0.000124
[2022.06.07-07.46.42:872][  0]LogPakFile: PakFile PrimaryIndexSize=185
[2022.06.07-07.46.42:872][  0]LogPakFile: PakFile PathHashIndexSize=101
[2022.06.07-07.46.42:872][  0]LogPakFile: PakFile FullDirectoryIndexSize=144
[2022.06.07-07.46.42:872][  0]LogShaderLibrary: Display: ShaderCodeLibraryPakFileMountedCallback: PakFile 'F:/UE4/UE_4.27/FeaturePacks/TP_TopDownBP.upack' (chunk index -1, root 'root:/') mounted
[2022.06.07-07.46.42:872][  0]LogShaderLibrary: Display: ShaderCodeLibraryPakFileMountedCallback: pending pak file info (ChunkID:-1 Root:root:/ File:F:/UE4/UE_4.27/FeaturePacks/TP_TopDownBP.upack)
[2022.06.07-07.46.42:872][  0]LogPakFile: OnPakFileMounted2Time == 0.000131
[2022.06.07-07.46.42:872][  0]LogPakFile: PakFile PrimaryIndexSize=185
[2022.06.07-07.46.42:872][  0]LogPakFile: PakFile PathHashIndexSize=101
[2022.06.07-07.46.42:873][  0]LogPakFile: PakFile FullDirectoryIndexSize=144
[2022.06.07-07.46.42:873][  0]LogShaderLibrary: Display: ShaderCodeLibraryPakFileMountedCallback: PakFile 'F:/UE4/UE_4.27/FeaturePacks/TP_TwinStick.upack' (chunk index -1, root 'root:/') mounted
[2022.06.07-07.46.42:873][  0]LogShaderLibrary: Display: ShaderCodeLibraryPakFileMountedCallback: pending pak file info (ChunkID:-1 Root:root:/ File:F:/UE4/UE_4.27/FeaturePacks/TP_TwinStick.upack)
[2022.06.07-07.46.42:873][  0]LogPakFile: OnPakFileMounted2Time == 0.000137
[2022.06.07-07.46.42:873][  0]LogPakFile: PakFile PrimaryIndexSize=187
[2022.06.07-07.46.42:874][  0]LogPakFile: PakFile PathHashIndexSize=101
[2022.06.07-07.46.42:874][  0]LogPakFile: PakFile FullDirectoryIndexSize=148
[2022.06.07-07.46.42:874][  0]LogShaderLibrary: Display: ShaderCodeLibraryPakFileMountedCallback: PakFile 'F:/UE4/UE_4.27/FeaturePacks/TP_TwinStickBP.upack' (chunk index -1, root 'root:/') mounted
[2022.06.07-07.46.42:874][  0]LogShaderLibrary: Display: ShaderCodeLibraryPakFileMountedCallback: pending pak file info (ChunkID:-1 Root:root:/ File:F:/UE4/UE_4.27/FeaturePacks/TP_TwinStickBP.upack)
[2022.06.07-07.46.42:874][  0]LogPakFile: OnPakFileMounted2Time == 0.000163
[2022.06.07-07.46.42:875][  0]LogPakFile: PakFile PrimaryIndexSize=183
[2022.06.07-07.46.42:875][  0]LogPakFile: PakFile PathHashIndexSize=101
[2022.06.07-07.46.42:875][  0]LogPakFile: PakFile FullDirectoryIndexSize=140
[2022.06.07-07.46.42:875][  0]LogShaderLibrary: Display: ShaderCodeLibraryPakFileMountedCallback: PakFile 'F:/UE4/UE_4.27/FeaturePacks/TP_Vehicle.upack' (chunk index -1, root 'root:/') mounted
[2022.06.07-07.46.42:875][  0]LogShaderLibrary: Display: ShaderCodeLibraryPakFileMountedCallback: pending pak file info (ChunkID:-1 Root:root:/ File:F:/UE4/UE_4.27/FeaturePacks/TP_Vehicle.upack)
[2022.06.07-07.46.42:875][  0]LogPakFile: OnPakFileMounted2Time == 0.000196
[2022.06.07-07.46.42:876][  0]LogPakFile: PakFile PrimaryIndexSize=186
[2022.06.07-07.46.42:876][  0]LogPakFile: PakFile PathHashIndexSize=101
[2022.06.07-07.46.42:876][  0]LogPakFile: PakFile FullDirectoryIndexSize=146
[2022.06.07-07.46.42:876][  0]LogShaderLibrary: Display: ShaderCodeLibraryPakFileMountedCallback: PakFile 'F:/UE4/UE_4.27/FeaturePacks/TP_VehicleAdv.upack' (chunk index -1, root 'root:/') mounted
[2022.06.07-07.46.42:876][  0]LogShaderLibrary: Display: ShaderCodeLibraryPakFileMountedCallback: pending pak file info (ChunkID:-1 Root:root:/ File:F:/UE4/UE_4.27/FeaturePacks/TP_VehicleAdv.upack)
[2022.06.07-07.46.42:876][  0]LogPakFile: OnPakFileMounted2Time == 0.000162
[2022.06.07-07.46.42:877][  0]LogPakFile: PakFile PrimaryIndexSize=188
[2022.06.07-07.46.42:877][  0]LogPakFile: PakFile PathHashIndexSize=101
[2022.06.07-07.46.42:877][  0]LogPakFile: PakFile FullDirectoryIndexSize=150
[2022.06.07-07.46.42:877][  0]LogShaderLibrary: Display: ShaderCodeLibraryPakFileMountedCallback: PakFile 'F:/UE4/UE_4.27/FeaturePacks/TP_VehicleAdvBP.upack' (chunk index -1, root 'root:/') mounted
[2022.06.07-07.46.42:877][  0]LogShaderLibrary: Display: ShaderCodeLibraryPakFileMountedCallback: pending pak file info (ChunkID:-1 Root:root:/ File:F:/UE4/UE_4.27/FeaturePacks/TP_VehicleAdvBP.upack)
[2022.06.07-07.46.42:878][  0]LogPakFile: OnPakFileMounted2Time == 0.000167
[2022.06.07-07.46.42:878][  0]LogPakFile: PakFile PrimaryIndexSize=185
[2022.06.07-07.46.42:879][  0]LogPakFile: PakFile PathHashIndexSize=101
[2022.06.07-07.46.42:879][  0]LogPakFile: PakFile FullDirectoryIndexSize=144
[2022.06.07-07.46.42:879][  0]LogShaderLibrary: Display: ShaderCodeLibraryPakFileMountedCallback: PakFile 'F:/UE4/UE_4.27/FeaturePacks/TP_VehicleBP.upack' (chunk index -1, root 'root:/') mounted
[2022.06.07-07.46.42:879][  0]LogShaderLibrary: Display: ShaderCodeLibraryPakFileMountedCallback: pending pak file info (ChunkID:-1 Root:root:/ File:F:/UE4/UE_4.27/FeaturePacks/TP_VehicleBP.upack)
[2022.06.07-07.46.42:879][  0]LogPakFile: OnPakFileMounted2Time == 0.000165
[2022.06.07-07.46.42:880][  0]LogPakFile: PakFile PrimaryIndexSize=192
[2022.06.07-07.46.42:880][  0]LogPakFile: PakFile PathHashIndexSize=101
[2022.06.07-07.46.42:880][  0]LogPakFile: PakFile FullDirectoryIndexSize=158
[2022.06.07-07.46.42:880][  0]LogShaderLibrary: Display: ShaderCodeLibraryPakFileMountedCallback: PakFile 'F:/UE4/UE_4.27/FeaturePacks/TP_VirtualRealityBP.upack' (chunk index -1, root 'root:/') mounted
[2022.06.07-07.46.42:880][  0]LogShaderLibrary: Display: ShaderCodeLibraryPakFileMountedCallback: pending pak file info (ChunkID:-1 Root:root:/ File:F:/UE4/UE_4.27/FeaturePacks/TP_VirtualRealityBP.upack)
[2022.06.07-07.46.42:880][  0]LogPakFile: OnPakFileMounted2Time == 0.000152
[2022.06.07-07.46.42:918][  0]LogNativeClassHierarchy: Verbose: Native class hierarchy updated for 'AddContentDialog' in 0.0002 seconds. Added 0 classes and 0 folders.
[2022.06.07-07.46.42:920][  0]LogNativeClassHierarchy: Verbose: Native class hierarchy updated for 'SceneOutliner' in 0.0003 seconds. Added 2 classes and 0 folders.
[2022.06.07-07.46.42:967][  0]LogSlate: Took 0.000168 seconds to synchronously load lazily loaded font '../../../Engine/Content/Slate/Fonts/Roboto-Regular.ttf' (155K)
[2022.06.07-07.46.42:969][  0]LogSlate: Took 0.000154 seconds to synchronously load lazily loaded font '../../../Engine/Content/Editor/Slate/Fonts/FontAwesome.ttf' (139K)
[2022.06.07-07.46.42:970][  0]LogSlate: Took 0.001143 seconds to synchronously load lazily loaded font '../../../Engine/Content/Slate/Fonts/DroidSansFallback.ttf' (3848K)
[2022.06.07-07.46.42:971][  0]LogSlate: Took 0.000122 seconds to synchronously load lazily loaded font '../../../Engine/Content/Slate/Fonts/Roboto-Bold.ttf' (160K)
[2022.06.07-07.46.43:061][  0]LogRenderer: Reallocating scene render targets to support 1140x428 Format 10 NumSamples 1 (Frame:1).
[2022.06.07-07.46.43:103][  0]LogSlate: Took 0.000131 seconds to synchronously load lazily loaded font '../../../Engine/Content/Slate/Fonts/Roboto-Light.ttf' (167K)
[2022.06.07-07.46.43:163][  0]LogNativeClassHierarchy: Verbose: Native class hierarchy updated for 'HierarchicalLODOutliner' in 0.0002 seconds. Added 0 classes and 0 folders.
[2022.06.07-07.46.43:163][  0]LogLoad: (Engine Initialization) Total time: 12.64 seconds
[2022.06.07-07.46.43:164][  0]LogLoad: (Engine Initialization) Total Blueprint compile time: 0.00 seconds
[2022.06.07-07.46.43:210][  0]LogAssetRegistry: Asset discovery search completed in 5.5040 seconds
[2022.06.07-07.46.43:215][  0]LogCollectionManager: Fixed up redirectors for 0 collections in 0.000004 seconds (updated 0 objects)
[2022.06.07-07.46.43:216][  0]LogContentStreaming: Texture pool size now 1000 MB
[2022.06.07-07.46.43:250][  0]LogSlate: Took 0.000135 seconds to synchronously load lazily loaded font '../../../Engine/Content/Slate/Fonts/Roboto-Light.ttf' (167K)
[2022.06.07-07.46.45:780][ 62]LogEditorViewport: Clicking on Actor (LMB): BP_ActorTest_C (BP_ActorTest)
[2022.06.07-07.46.46:648][155]LogTemp: Repeating last play command: 选中的视口
[2022.06.07-07.46.46:653][155]LogPlayLevel: PlayLevel: No blueprints needed recompiling
[2022.06.07-07.46.46:654][155]PIE: New page: PIE会话：Minimal_Default（2022年6月7日 下午11:46:46）
[2022.06.07-07.46.46:657][155]LogOnline: OSS: Creating online subsystem instance for: NULL
[2022.06.07-07.46.46:659][155]LogOnline: OSS: TryLoadSubsystemAndSetDefault: Loaded subsystem for module [NULL]
[2022.06.07-07.46.46:659][155]LogPlayLevel: Creating play world package: /Game/StarterContent/Maps/UEDPIE_0_Minimal_Default
[2022.06.07-07.46.46:662][155]LogPlayLevel: PIE: StaticDuplicateObject took: (0.002815s)
[2022.06.07-07.46.46:663][155]LogAIModule: Creating AISystem for world Minimal_Default
[2022.06.07-07.46.46:663][155]LogPlayLevel: PIE: World Init took: (0.001224s)
[2022.06.07-07.46.46:663][155]LogPlayLevel: PIE: Created PIE world by copying editor world from /Game/StarterContent/Maps/Minimal_Default.Minimal_Default to /Game/StarterContent/Maps/UEDPIE_0_Minimal_Default.Minimal_Default (0.004376s)
[2022.06.07-07.46.46:668][155]LogUObjectHash: Compacting FUObjectHashTables data took   0.59ms
[2022.06.07-07.46.46:669][155]LogAudio: Display: Creating Audio Device:                 Id: 2, Scope: Unique, Realtime: True
[2022.06.07-07.46.46:669][155]LogAudioMixer: Display: Audio Mixer Platform Settings:
[2022.06.07-07.46.46:670][155]LogAudioMixer: Display: 	Sample Rate:						  48000
[2022.06.07-07.46.46:670][155]LogAudioMixer: Display: 	Callback Buffer Frame Size Requested: 1024
[2022.06.07-07.46.46:670][155]LogAudioMixer: Display: 	Callback Buffer Frame Size To Use:	  1024
[2022.06.07-07.46.46:670][155]LogAudioMixer: Display: 	Number of buffers to queue:			  2
[2022.06.07-07.46.46:670][155]LogAudioMixer: Display: 	Max Channels (voices):				  32
[2022.06.07-07.46.46:670][155]LogAudioMixer: Display: 	Number of Async Source Workers:		  0
[2022.06.07-07.46.46:670][155]LogAudio: Display: AudioDevice MaxSources: 32
[2022.06.07-07.46.46:671][155]LogAudio: Display: Audio Spatialization Plugin: None (built-in).
[2022.06.07-07.46.46:671][155]LogAudio: Display: Audio Reverb Plugin: None (built-in).
[2022.06.07-07.46.46:671][155]LogAudio: Display: Audio Occlusion Plugin: None (built-in).
[2022.06.07-07.46.46:671][155]LogAudioMixer: Display: Initializing audio mixer.
[2022.06.07-07.46.46:677][155]LogAudioMixer: Display: 0: FrontLeft
[2022.06.07-07.46.46:677][155]LogAudioMixer: Display: 1: FrontRight
[2022.06.07-07.46.46:689][155]LogAudioMixer: Display: Using Audio Device 耳机 (Earbuds X1 Stereo)
[2022.06.07-07.46.46:689][155]LogAudioMixer: Display: Initializing Sound Submixes...
[2022.06.07-07.46.46:689][155]LogAudioMixer: Display: Creating Master Submix 'MasterSubmixDefault'
[2022.06.07-07.46.46:689][155]LogAudioMixer: Display: Creating Master Submix 'MasterReverbSubmixDefault'
[2022.06.07-07.46.46:690][155]LogAudioMixer: Display: Creating Master Submix 'MasterEQSubmixDefault'
[2022.06.07-07.46.46:690][155]LogAudioMixer: FMixerPlatformXAudio2::StartAudioStream() called
[2022.06.07-07.46.46:690][155]LogAudioMixer: Display: Output buffers initialized: Frames=1024, Channels=2, Samples=2048
[2022.06.07-07.46.46:692][155]LogAudioMixer: Display: Starting AudioMixerPlatformInterface::RunInternal()
[2022.06.07-07.46.46:692][155]LogAudioMixer: Display: FMixerPlatformXAudio2::SubmitBuffer() called for the first time
[2022.06.07-07.46.46:692][155]LogInit: FAudioDevice initialized.
[2022.06.07-07.46.46:692][155]LogAudio: Display: Audio Device (ID: 2) registered with world 'Minimal_Default'.
[2022.06.07-07.46.46:706][155]LogLoad: Game class is 'GameModeBase'
[2022.06.07-07.46.46:708][155]LogWorld: Bringing World /Game/StarterContent/Maps/UEDPIE_0_Minimal_Default.Minimal_Default up for play (max tick rate 0) at 2022.06.07-15.46.46
[2022.06.07-07.46.46:708][155]LogWorld: Bringing up level for play took: 0.000777
[2022.06.07-07.46.46:708][155]LogOnline: OSS: Creating online subsystem instance for: :Context_1
[2022.06.07-07.46.46:712][155]LogNativeClassHierarchy: Verbose: Native class hierarchy updated for 'MovieSceneCapture' in 0.0003 seconds. Added 20 classes and 0 folders.
[2022.06.07-07.46.46:712][155]PIE: 登陆的服务器
