Log file open, 12/15/21 12:11:08
LogWindows: Failed to load 'aqProf.dll' (GetLastError=126)
LogWindows: File 'aqProf.dll' does not exist
LogWindows: Failed to load 'VtuneApi.dll' (GetLastError=126)
LogWindows: File 'VtuneApi.dll' does not exist
LogWindows: Failed to load 'VtuneApi32e.dll' (GetLastError=126)
LogWindows: File 'VtuneApi32e.dll' does not exist
LogConsoleResponse: Display: Failed to find resolution value strings in scalability ini. Falling back to default.
LogConsoleResponse: Display: Failed to find resolution value strings in scalability ini. Falling back to default.
LogInit: Display: Running engine for game: GAS
LogPlatformFile: Not using cached read wrapper
LogTaskGraph: Started task graph with 5 named threads and 23 total threads with 3 sets of task threads.
LogStats: Stats thread started at 3.087503
LogICUInternationalization: ICU TimeZone Detection - Raw Offset: +8:00, Platform Override: ''
LogInit: Display: Loading text-based GConfig....
LogPluginManager: Mounting plugin MeshPainting
LogPluginManager: Mounting plugin XGEController
LogPluginManager: Mounting plugin Paper2D
LogPluginManager: Mounting plugin LiveLink
LogPluginManager: Mounting plugin AISupport
LogPluginManager: Mounting plugin EnvironmentQueryEditor
LogPluginManager: Mounting plugin LightPropagationVolume
LogPluginManager: Mounting plugin CameraShakePreviewer
LogPluginManager: Mounting plugin GameplayCameras
LogPluginManager: Mounting plugin AnimationSharing
LogPluginManager: Mounting plugin CodeLiteSourceCodeAccess
LogPluginManager: Mounting plugin CLionSourceCodeAccess
LogPluginManager: Mounting plugin GitSourceControl
LogPluginManager: Mounting plugin NullSourceCodeAccess
LogPluginManager: Mounting plugin KDevelopSourceCodeAccess
LogPluginManager: Mounting plugin PerforceSourceControl
LogPluginManager: Mounting plugin PropertyAccessNode
LogPluginManager: Mounting plugin PixWinPlugin
LogPluginManager: Mounting plugin PlasticSourceControl
LogPluginManager: Mounting plugin PluginUtils
LogPluginManager: Mounting plugin RiderSourceCodeAccess
LogPluginManager: Mounting plugin SubversionSourceControl
LogPluginManager: Mounting plugin TextureFormatOodle
LogPluginManager: Mounting plugin UObjectPlugin
LogPluginManager: Mounting plugin VisualStudioCodeSourceCodeAccess
LogPluginManager: Mounting plugin XCodeSourceCodeAccess
LogPluginManager: Mounting plugin AssetManagerEditor
LogPluginManager: Mounting plugin OodleData
LogPluginManager: Mounting plugin CryptoKeys
LogPluginManager: Mounting plugin DataValidation
LogPluginManager: Mounting plugin CurveEditorTools
LogPluginManager: Mounting plugin OodleNetwork
LogPluginManager: Mounting plugin VisualStudioSourceCodeAccess
LogPluginManager: Mounting plugin FacialAnimation
LogPluginManager: Mounting plugin GameplayTagsEditor
LogPluginManager: Mounting plugin GeometryMode
LogPluginManager: Mounting plugin MacGraphicsSwitching
LogPluginManager: Mounting plugin MaterialAnalyzer
LogPluginManager: Mounting plugin MobileLauncherProfileWizard
LogPluginManager: Mounting plugin PluginBrowser
LogPluginManager: Mounting plugin SpeedTreeImporter
LogPluginManager: Mounting plugin DatasmithContent
LogPluginManager: Mounting plugin AlembicImporter
LogPluginManager: Mounting plugin AutomationUtils
LogPluginManager: Mounting plugin BackChannel
LogPluginManager: Mounting plugin ChaosCloth
LogPluginManager: Mounting plugin ChaosClothEditor
LogPluginManager: Mounting plugin ChaosEditor
LogPluginManager: Mounting plugin ChaosNiagara
LogPluginManager: Mounting plugin ChaosSolverPlugin
LogPluginManager: Mounting plugin VariantManagerContent
LogPluginManager: Mounting plugin CharacterAI
LogPluginManager: Mounting plugin GeometryCache
LogPluginManager: Mounting plugin GeometryProcessing
LogPluginManager: Mounting plugin GeometryCollectionPlugin
LogPluginManager: Mounting plugin LuminPlatformFeatures
LogPluginManager: Mounting plugin MagicLeap
LogPluginManager: Mounting plugin MotoSynth
LogPluginManager: Mounting plugin OpenImageDenoise
LogPluginManager: Mounting plugin MagicLeapLightEstimation
LogPluginManager: Mounting plugin PlanarCut
LogPluginManager: Mounting plugin MagicLeapMedia
LogPluginManager: Mounting plugin PlatformCrypto
LogPluginManager: Mounting plugin PythonScriptPlugin
LogPluginManager: Mounting plugin ProxyLODPlugin
LogPluginManager: Mounting plugin MagicLeapPassableWorld
LogPluginManager: Mounting plugin MLSDK
LogPluginManager: Mounting plugin SkeletalReduction
LogPluginManager: Mounting plugin AndroidMedia
LogPluginManager: Mounting plugin AvfMedia
LogPluginManager: Mounting plugin Niagara
LogPluginManager: Mounting plugin MediaCompositing
LogPluginManager: Mounting plugin ImgMedia
LogPluginManager: Mounting plugin MediaPlayerEditor
LogPluginManager: Mounting plugin WebMMedia
LogPluginManager: Mounting plugin WmfMedia
LogPluginManager: Mounting plugin TcpMessaging
LogPluginManager: Mounting plugin UdpMessaging
LogPluginManager: Mounting plugin OnlineSubsystem
LogPluginManager: Mounting plugin OnlineSubsystemNull
LogPluginManager: Mounting plugin OnlineSubsystemUtils
LogPluginManager: Mounting plugin ActorSequence
LogPluginManager: Mounting plugin LevelSequenceEditor
LogPluginManager: Mounting plugin MatineeToLevelSequence
LogPluginManager: Mounting plugin TemplateSequence
LogPluginManager: Mounting plugin LauncherChunkInstaller
LogPluginManager: Mounting plugin ActorLayerUtilities
LogPluginManager: Mounting plugin AndroidDeviceProfileSelector
LogPluginManager: Mounting plugin AndroidMoviePlayer
LogPluginManager: Mounting plugin AndroidPermission
LogPluginManager: Mounting plugin AppleMoviePlayer
LogPluginManager: Mounting plugin AppleImageUtils
LogPluginManager: Mounting plugin ArchVisCharacter
LogPluginManager: Mounting plugin AssetTags
LogPluginManager: Mounting plugin AudioCapture
LogPluginManager: Mounting plugin AudioSynesthesia
LogPluginManager: Mounting plugin ChunkDownloader
LogPluginManager: Mounting plugin CustomMeshComponent
LogPluginManager: Mounting plugin CableComponent
LogPluginManager: Mounting plugin EditableMesh
LogPluginManager: Mounting plugin DataRegistry
LogPluginManager: Mounting plugin ExampleDeviceProfileSelector
LogPluginManager: Mounting plugin GameplayAbilities
LogPluginManager: Mounting plugin GoogleCloudMessaging
LogPluginManager: Mounting plugin GooglePAD
LogPluginManager: Mounting plugin ScreenshotTools
LogPluginManager: Mounting plugin Takes
LogPluginManager: Mounting plugin LinuxDeviceProfileSelector
LogPluginManager: Mounting plugin IOSDeviceProfileSelector
LogPluginManager: Mounting plugin LocationServicesBPLibrary
LogPluginManager: Mounting plugin MobilePatchingUtils
LogPluginManager: Mounting plugin OpenXREyeTracker
LogPluginManager: Mounting plugin OpenXRHandTracking
LogPluginManager: Mounting plugin OpenXR
LogPluginManager: Mounting plugin PostSplashScreen
LogPluginManager: Mounting plugin PhysXVehicles
LogPluginManager: Mounting plugin PropertyAccessEditor
LogPluginManager: Mounting plugin ProceduralMeshComponent
LogPluginManager: Mounting plugin RuntimePhysXCooking
LogPluginManager: Mounting plugin SignificanceManager
LogPluginManager: Mounting plugin SoundFields
LogPluginManager: Mounting plugin Synthesis
LogPluginManager: Mounting plugin WebMMoviePlayer
LogPluginManager: Mounting plugin WindowsMoviePlayer
LogPluginManager: Mounting plugin ContentBrowserAssetDataSource
LogPluginManager: Mounting plugin ContentBrowserClassDataSource
LogPluginManager: Mounting plugin ContentBrowserFileDataSource
LogPluginManager: Mounting plugin OnlineSubsystemGooglePlay
LogPluginManager: Mounting plugin OnlineSubsystemIOS
LogPluginManager: Mounting plugin OculusVR
LogPluginManager: Mounting plugin SteamVR
PixWinPlugin: PIX capture plugin failed to initialize! Check that the process is launched from PIX.
LogInit: Using libcurl 7.55.1-DEV
LogInit:  - built for x86_64-pc-win32
LogInit:  - supports SSL with OpenSSL/1.1.1
LogInit:  - supports HTTP deflate (compression) using libz 1.2.8
LogInit:  - other features:
LogInit:      CURL_VERSION_SSL
LogInit:      CURL_VERSION_LIBZ
LogInit:      CURL_VERSION_IPV6
LogInit:      CURL_VERSION_ASYNCHDNS
LogInit:      CURL_VERSION_LARGEFILE
LogInit:      CURL_VERSION_IDN
LogInit:  CurlRequestOptions (configurable via config and command line):
LogInit:  - bVerifyPeer = true  - Libcurl will verify peer certificate
LogInit:  - bUseHttpProxy = false  - Libcurl will NOT use HTTP proxy
LogInit:  - bDontReuseConnections = false  - Libcurl will reuse connections
LogInit:  - MaxHostConnections = 16  - Libcurl will limit the number of connections to a host
LogInit:  - LocalHostAddr = Default
LogInit:  - BufferSize = 65536
LogOnline: OSS: Creating online subsystem instance for: NULL
LogInit: WinSock: version 1.1 (2.2), MaxSocks=32767, MaxUdp=65467
LogOnline: OSS: TryLoadSubsystemAndSetDefault: Loaded subsystem for module [NULL]
LogOculusPluginWrapper: OculusPlugin initialized successfully
LogHMD: Failed initializing OVRPlugin 1.59.0
LogInit: Build: ++UE4+Release-4.27-CL-17155196
LogInit: Engine Version: 4.27.0-17155196+++UE4+Release-4.27
LogInit: Compatible Engine Version: 4.27.0-17155196+++UE4+Release-4.27
LogInit: Net CL: 17155196
LogInit: OS: Windows 10 (Release 2004) (), CPU: Intel(R) Core(TM) i7-6700K CPU @ 4.00GHz, GPU: NVIDIA GeForce GTX 1070
LogInit: Compiled (64-bit): Aug 13 2021 06:13:13
LogInit: Compiled with Visual C++: 19.24.28315.00
LogInit: Build Configuration: Development
LogInit: Branch Name: ++UE4+Release-4.27
LogInit: Command Line:  -skipcompile
LogInit: Base Directory: F:/UE4/UE_4.27/Engine/Binaries/Win64/
LogInit: Allocator: TBB
LogInit: Installed Engine Build: 1
LogDevObjectVersion: Number of dev versions registered: 29
LogDevObjectVersion:   Dev-Blueprints (B0D832E4-1F89-4F0D-ACCF-7EB736FD4AA2): 10
LogDevObjectVersion:   Dev-Build (E1C64328-A22C-4D53-A36C-8E866417BD8C): 0
LogDevObjectVersion:   Dev-Core (375EC13C-06E4-48FB-B500-84F0262A717E): 4
LogDevObjectVersion:   Dev-Editor (E4B068ED-F494-42E9-A231-DA0B2E46BB41): 40
LogDevObjectVersion:   Dev-Framework (CFFC743F-43B0-4480-9391-14DF171D2073): 37
LogDevObjectVersion:   Dev-Mobile (B02B49B5-BB20-44E9-A304-32B752E40360): 3
LogDevObjectVersion:   Dev-Networking (A4E4105C-59A1-49B5-A7C5-40C4547EDFEE): 0
LogDevObjectVersion:   Dev-Online (39C831C9-5AE6-47DC-9A44-9C173E1C8E7C): 0
LogDevObjectVersion:   Dev-Physics (78F01B33-EBEA-4F98-B9B4-84EACCB95AA2): 14
LogDevObjectVersion:   Dev-Platform (6631380F-2D4D-43E0-8009-CF276956A95A): 0
LogDevObjectVersion:   Dev-Rendering (12F88B9F-8875-4AFC-A67C-D90C383ABD29): 45
LogDevObjectVersion:   Dev-Sequencer (7B5AE74C-D270-4C10-A958-57980B212A5A): 13
LogDevObjectVersion:   Dev-VR (D7296918-1DD6-4BDD-9DE2-64A83CC13884): 3
LogDevObjectVersion:   Dev-LoadTimes (C2A15278-BFE7-4AFE-6C17-90FF531DF755): 1
LogDevObjectVersion:   Private-Geometry (6EACA3D4-40EC-4CC1-B786-8BED09428FC5): 3
LogDevObjectVersion:   Dev-AnimPhys (29E575DD-E0A3-4627-9D10-D276232CDCEA): 17
LogDevObjectVersion:   Dev-Anim (AF43A65D-7FD3-4947-9873-3E8ED9C1BB05): 15
LogDevObjectVersion:   Dev-ReflectionCapture (6B266CEC-1EC7-4B8F-A30B-E4D90942FC07): 1
LogDevObjectVersion:   Dev-Automation (0DF73D61-A23F-47EA-B727-89E90C41499A): 1
LogDevObjectVersion:   FortniteMain (601D1886-AC64-4F84-AA16-D3DE0DEAC7D6): 47
LogDevObjectVersion:   FortniteRelease (E7086368-6B23-4C58-8439-1B7016265E91): 1
LogDevObjectVersion:   Dev-Enterprise (9DFFBCD6-494F-0158-E221-12823C92A888): 10
LogDevObjectVersion:   Dev-Niagara (F2AED0AC-9AFE-416F-8664-AA7FFA26D6FC): 1
LogDevObjectVersion:   Dev-Destruction (174F1F0B-B4C6-45A5-B13F-2EE8D0FB917D): 10
LogDevObjectVersion:   Dev-Physics-Ext (35F94A83-E258-406C-A318-09F59610247C): 41
LogDevObjectVersion:   Dev-PhysicsMaterial-Chaos (B68FC16E-8B1B-42E2-B453-215C058844FE): 1
LogDevObjectVersion:   Dev-CineCamera (B2E18506-4273-CFC2-A54E-F4BB758BBA07): 1
LogDevObjectVersion:   Dev-VirtualProduction (64F58936-FD1B-42BA-BA96-7289D5D0FA4E): 1
LogDevObjectVersion:   Dev-MediaFramework (6F0ED827-A609-4895-9C91-998D90180EA4): 2
LogInit: Presizing for max 25165824 objects, including 0 objects not considered by GC, pre-allocating 0 bytes for permanent pool.
LogConfig: Applying CVar settings from Section [/Script/Engine.StreamingSettings] File [F:/UEProject/GAS/Saved/Config/Windows/Engine.ini]
LogConfig: Setting CVar [[s.MinBulkDataSizeForAsyncLoading:131072]]
LogConfig: Setting CVar [[s.AsyncLoadingThreadEnabled:0]]
LogConfig: Setting CVar [[s.EventDrivenLoaderEnabled:1]]
LogConfig: Setting CVar [[s.WarnIfTimeLimitExceeded:0]]
LogConfig: Setting CVar [[s.TimeLimitExceededMultiplier:1.5]]
LogConfig: Setting CVar [[s.TimeLimitExceededMinTime:0.005]]
LogConfig: Setting CVar [[s.UseBackgroundLevelStreaming:1]]
LogConfig: Setting CVar [[s.PriorityAsyncLoadingExtraTime:15.0]]
LogConfig: Setting CVar [[s.LevelStreamingActorsUpdateTimeLimit:5.0]]
LogConfig: Setting CVar [[s.PriorityLevelStreamingActorsUpdateExtraTime:5.0]]
LogConfig: Setting CVar [[s.LevelStreamingComponentsRegistrationGranularity:10]]
LogConfig: Setting CVar [[s.UnregisterComponentsTimeLimit:1.0]]
LogConfig: Setting CVar [[s.LevelStreamingComponentsUnregistrationGranularity:5]]
LogConfig: Setting CVar [[s.FlushStreamingOnExit:1]]
LogInit: Object subsystem initialized
LogConfig: Setting CVar [[con.DebugEarlyDefault:1]]
LogConfig: Setting CVar [[r.setres:1280x720]]
[2021.12.15-04.11.29:633][  0]LogConfig: Setting CVar [[r.VSync:0]]
[2021.12.15-04.11.29:633][  0]LogConfig: Setting CVar [[r.RHICmdBypass:0]]
[2021.12.15-04.11.29:633][  0]LogConfig: Applying CVar settings from Section [/Script/Engine.RendererSettings] File [F:/UEProject/GAS/Saved/Config/Windows/Engine.ini]
[2021.12.15-04.11.29:633][  0]LogConfig: Setting CVar [[r.GPUCrashDebugging:0]]
[2021.12.15-04.11.29:633][  0]LogConfig: Applying CVar settings from Section [/Script/Engine.RendererOverrideSettings] File [F:/UEProject/GAS/Saved/Config/Windows/Engine.ini]
[2021.12.15-04.11.29:633][  0]LogConfig: Applying CVar settings from Section [/Script/Engine.StreamingSettings] File [F:/UEProject/GAS/Saved/Config/Windows/Engine.ini]
[2021.12.15-04.11.29:633][  0]LogConfig: Setting CVar [[s.MinBulkDataSizeForAsyncLoading:131072]]
[2021.12.15-04.11.29:634][  0]LogConfig: Setting CVar [[s.AsyncLoadingThreadEnabled:0]]
[2021.12.15-04.11.29:634][  0]LogConfig: Setting CVar [[s.EventDrivenLoaderEnabled:1]]
[2021.12.15-04.11.29:634][  0]LogConfig: Setting CVar [[s.WarnIfTimeLimitExceeded:0]]
[2021.12.15-04.11.29:634][  0]LogConfig: Setting CVar [[s.TimeLimitExceededMultiplier:1.5]]
[2021.12.15-04.11.29:634][  0]LogConfig: Setting CVar [[s.TimeLimitExceededMinTime:0.005]]
[2021.12.15-04.11.29:634][  0]LogConfig: Setting CVar [[s.UseBackgroundLevelStreaming:1]]
[2021.12.15-04.11.29:634][  0]LogConfig: Setting CVar [[s.PriorityAsyncLoadingExtraTime:15.0]]
[2021.12.15-04.11.29:634][  0]LogConfig: Setting CVar [[s.LevelStreamingActorsUpdateTimeLimit:5.0]]
[2021.12.15-04.11.29:634][  0]LogConfig: Setting CVar [[s.PriorityLevelStreamingActorsUpdateExtraTime:5.0]]
[2021.12.15-04.11.29:634][  0]LogConfig: Setting CVar [[s.LevelStreamingComponentsRegistrationGranularity:10]]
[2021.12.15-04.11.29:634][  0]LogConfig: Setting CVar [[s.UnregisterComponentsTimeLimit:1.0]]
[2021.12.15-04.11.29:634][  0]LogConfig: Setting CVar [[s.LevelStreamingComponentsUnregistrationGranularity:5]]
[2021.12.15-04.11.29:634][  0]LogConfig: Setting CVar [[s.FlushStreamingOnExit:1]]
[2021.12.15-04.11.29:634][  0]LogConfig: Applying CVar settings from Section [/Script/Engine.GarbageCollectionSettings] File [F:/UEProject/GAS/Saved/Config/Windows/Engine.ini]
[2021.12.15-04.11.29:634][  0]LogConfig: Setting CVar [[gc.MaxObjectsNotConsideredByGC:1]]
[2021.12.15-04.11.29:634][  0]LogConfig: Setting CVar [[gc.SizeOfPermanentObjectPool:0]]
[2021.12.15-04.11.29:634][  0]LogConfig: Setting CVar [[gc.FlushStreamingOnGC:0]]
[2021.12.15-04.11.29:634][  0]LogConfig: Setting CVar [[gc.NumRetriesBeforeForcingGC:10]]
[2021.12.15-04.11.29:635][  0]LogConfig: Setting CVar [[gc.AllowParallelGC:1]]
[2021.12.15-04.11.29:635][  0]LogConfig: Setting CVar [[gc.TimeBetweenPurgingPendingKillObjects:61.1]]
[2021.12.15-04.11.29:635][  0]LogConfig: Setting CVar [[gc.MaxObjectsInEditor:25165824]]
[2021.12.15-04.11.29:635][  0]LogConfig: Setting CVar [[gc.IncrementalBeginDestroyEnabled:1]]
[2021.12.15-04.11.29:635][  0]LogConfig: Setting CVar [[gc.CreateGCClusters:1]]
[2021.12.15-04.11.29:635][  0]LogConfig: Setting CVar [[gc.MinGCClusterSize:5]]
[2021.12.15-04.11.29:635][  0]LogConfig: Setting CVar [[gc.ActorClusteringEnabled:0]]
[2021.12.15-04.11.29:635][  0]LogConfig: Setting CVar [[gc.BlueprintClusteringEnabled:0]]
[2021.12.15-04.11.29:635][  0]LogConfig: Setting CVar [[gc.UseDisregardForGCOnDedicatedServers:0]]
[2021.12.15-04.11.29:635][  0]LogConfig: Setting CVar [[gc.MultithreadedDestructionEnabled:1]]
[2021.12.15-04.11.29:635][  0]LogConfig: Applying CVar settings from Section [/Script/Engine.NetworkSettings] File [F:/UEProject/GAS/Saved/Config/Windows/Engine.ini]
[2021.12.15-04.11.29:635][  0]LogConfig: Applying CVar settings from Section [/Script/UnrealEd.CookerSettings] File [F:/UEProject/GAS/Saved/Config/Windows/Engine.ini]
[2021.12.15-04.11.29:663][  0]LogConfig: Applying CVar settings from Section [ViewDistanceQuality@3] File [F:/UEProject/GAS/Saved/Config/Windows/Scalability.ini]
[2021.12.15-04.11.29:663][  0]LogConfig: Setting CVar [[r.SkeletalMeshLODBias:0]]
[2021.12.15-04.11.29:663][  0]LogConfig: Setting CVar [[r.ViewDistanceScale:1.0]]
[2021.12.15-04.11.29:663][  0]LogConfig: Applying CVar settings from Section [AntiAliasingQuality@3] File [F:/UEProject/GAS/Saved/Config/Windows/Scalability.ini]
[2021.12.15-04.11.29:663][  0]LogConfig: Setting CVar [[r.PostProcessAAQuality:4]]
[2021.12.15-04.11.29:663][  0]LogConfig: Applying CVar settings from Section [ShadowQuality@3] File [F:/UEProject/GAS/Saved/Config/Windows/Scalability.ini]
[2021.12.15-04.11.29:664][  0]LogConfig: Setting CVar [[r.LightFunctionQuality:1]]
[2021.12.15-04.11.29:664][  0]LogConfig: Setting CVar [[r.ShadowQuality:5]]
[2021.12.15-04.11.29:664][  0]LogConfig: Setting CVar [[r.Shadow.CSM.MaxCascades:10]]
[2021.12.15-04.11.29:664][  0]LogConfig: Setting CVar [[r.Shadow.MaxResolution:2048]]
[2021.12.15-04.11.29:664][  0]LogConfig: Setting CVar [[r.Shadow.MaxCSMResolution:2048]]
[2021.12.15-04.11.29:664][  0]LogConfig: Setting CVar [[r.Shadow.RadiusThreshold:0.01]]
[2021.12.15-04.11.29:664][  0]LogConfig: Setting CVar [[r.Shadow.DistanceScale:1.0]]
[2021.12.15-04.11.29:664][  0]LogConfig: Setting CVar [[r.Shadow.CSM.TransitionScale:1.0]]
[2021.12.15-04.11.29:664][  0]LogConfig: Setting CVar [[r.Shadow.PreShadowResolutionFactor:1.0]]
[2021.12.15-04.11.29:664][  0]LogConfig: Setting CVar [[r.DistanceFieldShadowing:1]]
[2021.12.15-04.11.29:664][  0]LogConfig: Setting CVar [[r.DistanceFieldAO:1]]
[2021.12.15-04.11.29:664][  0]LogConfig: Setting CVar [[r.AOQuality:2]]
[2021.12.15-04.11.29:664][  0]LogConfig: Setting CVar [[r.VolumetricFog:1]]
[2021.12.15-04.11.29:664][  0]LogConfig: Setting CVar [[r.VolumetricFog.GridPixelSize:8]]
[2021.12.15-04.11.29:664][  0]LogConfig: Setting CVar [[r.VolumetricFog.GridSizeZ:128]]
[2021.12.15-04.11.29:664][  0]LogConfig: Setting CVar [[r.VolumetricFog.HistoryMissSupersampleCount:4]]
[2021.12.15-04.11.29:664][  0]LogConfig: Setting CVar [[r.LightMaxDrawDistanceScale:1]]
[2021.12.15-04.11.29:664][  0]LogConfig: Setting CVar [[r.CapsuleShadows:1]]
[2021.12.15-04.11.29:664][  0]LogConfig: Applying CVar settings from Section [PostProcessQuality@3] File [F:/UEProject/GAS/Saved/Config/Windows/Scalability.ini]
[2021.12.15-04.11.29:664][  0]LogConfig: Setting CVar [[r.MotionBlurQuality:4]]
[2021.12.15-04.11.29:665][  0]LogConfig: Setting CVar [[r.AmbientOcclusionMipLevelFactor:0.4]]
[2021.12.15-04.11.29:665][  0]LogConfig: Setting CVar [[r.AmbientOcclusionMaxQuality:100]]
[2021.12.15-04.11.29:665][  0]LogConfig: Setting CVar [[r.AmbientOcclusionLevels:-1]]
[2021.12.15-04.11.29:665][  0]LogConfig: Setting CVar [[r.AmbientOcclusionRadiusScale:1.0]]
[2021.12.15-04.11.29:665][  0]LogConfig: Setting CVar [[r.DepthOfFieldQuality:2]]
[2021.12.15-04.11.29:665][  0]LogConfig: Setting CVar [[r.RenderTargetPoolMin:400]]
[2021.12.15-04.11.29:665][  0]LogConfig: Setting CVar [[r.LensFlareQuality:2]]
[2021.12.15-04.11.29:665][  0]LogConfig: Setting CVar [[r.SceneColorFringeQuality:1]]
[2021.12.15-04.11.29:665][  0]LogConfig: Setting CVar [[r.EyeAdaptationQuality:2]]
[2021.12.15-04.11.29:665][  0]LogConfig: Setting CVar [[r.BloomQuality:5]]
[2021.12.15-04.11.29:665][  0]LogConfig: Setting CVar [[r.FastBlurThreshold:100]]
[2021.12.15-04.11.29:665][  0]LogConfig: Setting CVar [[r.Upscale.Quality:3]]
[2021.12.15-04.11.29:665][  0]LogConfig: Setting CVar [[r.Tonemapper.GrainQuantization:1]]
[2021.12.15-04.11.29:665][  0]LogConfig: Setting CVar [[r.LightShaftQuality:1]]
[2021.12.15-04.11.29:665][  0]LogConfig: Setting CVar [[r.Filter.SizeScale:1]]
[2021.12.15-04.11.29:665][  0]LogConfig: Setting CVar [[r.Tonemapper.Quality:5]]
[2021.12.15-04.11.29:665][  0]LogConfig: Setting CVar [[r.DOF.Gather.AccumulatorQuality:1        ; higher gathering accumulator quality]]
[2021.12.15-04.11.29:665][  0]LogConfig: Setting CVar [[r.DOF.Gather.PostfilterMethod:1          ; Median3x3 postfilering method]]
[2021.12.15-04.11.29:665][  0]LogConfig: Setting CVar [[r.DOF.Gather.EnableBokehSettings:0       ; no bokeh simulation when gathering]]
[2021.12.15-04.11.29:665][  0]LogConfig: Setting CVar [[r.DOF.Gather.RingCount:4                 ; medium number of samples when gathering]]
[2021.12.15-04.11.29:666][  0]LogConfig: Setting CVar [[r.DOF.Scatter.ForegroundCompositing:1    ; additive foreground scattering]]
[2021.12.15-04.11.29:666][  0]LogConfig: Setting CVar [[r.DOF.Scatter.BackgroundCompositing:2    ; additive background scattering]]
[2021.12.15-04.11.29:666][  0]LogConfig: Setting CVar [[r.DOF.Scatter.EnableBokehSettings:1      ; bokeh simulation when scattering]]
[2021.12.15-04.11.29:666][  0]LogConfig: Setting CVar [[r.DOF.Scatter.MaxSpriteRatio:0.1         ; only a maximum of 10% of scattered bokeh]]
[2021.12.15-04.11.29:666][  0]LogConfig: Setting CVar [[r.DOF.Recombine.Quality:1                ; cheap slight out of focus]]
[2021.12.15-04.11.29:666][  0]LogConfig: Setting CVar [[r.DOF.Recombine.EnableBokehSettings:0    ; no bokeh simulation on slight out of focus]]
[2021.12.15-04.11.29:666][  0]LogConfig: Setting CVar [[r.DOF.TemporalAAQuality:1                ; more stable temporal accumulation]]
[2021.12.15-04.11.29:666][  0]LogConfig: Setting CVar [[r.DOF.Kernel.MaxForegroundRadius:0.025]]
[2021.12.15-04.11.29:666][  0]LogConfig: Setting CVar [[r.DOF.Kernel.MaxBackgroundRadius:0.025]]
[2021.12.15-04.11.29:666][  0]LogConfig: Applying CVar settings from Section [TextureQuality@3] File [F:/UEProject/GAS/Saved/Config/Windows/Scalability.ini]
[2021.12.15-04.11.29:666][  0]LogConfig: Setting CVar [[r.Streaming.MipBias:0]]
[2021.12.15-04.11.29:666][  0]LogConfig: Setting CVar [[r.Streaming.AmortizeCPUToGPUCopy:0]]
[2021.12.15-04.11.29:666][  0]LogConfig: Setting CVar [[r.Streaming.MaxNumTexturesToStreamPerFrame:0]]
[2021.12.15-04.11.29:666][  0]LogConfig: Setting CVar [[r.Streaming.Boost:1]]
[2021.12.15-04.11.29:666][  0]LogConfig: Setting CVar [[r.MaxAnisotropy:8]]
[2021.12.15-04.11.29:666][  0]LogConfig: Setting CVar [[r.VT.MaxAnisotropy:8]]
[2021.12.15-04.11.29:666][  0]LogConfig: Setting CVar [[r.Streaming.LimitPoolSizeToVRAM:0]]
[2021.12.15-04.11.29:666][  0]LogConfig: Setting CVar [[r.Streaming.PoolSize:1000]]
[2021.12.15-04.11.29:667][  0]LogConfig: Setting CVar [[r.Streaming.MaxEffectiveScreenSize:0]]
[2021.12.15-04.11.29:667][  0]LogConfig: Applying CVar settings from Section [EffectsQuality@3] File [F:/UEProject/GAS/Saved/Config/Windows/Scalability.ini]
[2021.12.15-04.11.29:667][  0]LogConfig: Setting CVar [[r.TranslucencyLightingVolumeDim:64]]
[2021.12.15-04.11.29:667][  0]LogConfig: Setting CVar [[r.RefractionQuality:2]]
[2021.12.15-04.11.29:667][  0]LogConfig: Setting CVar [[r.SSR.Quality:3]]
[2021.12.15-04.11.29:667][  0]LogConfig: Setting CVar [[r.SSR.HalfResSceneColor:0]]
[2021.12.15-04.11.29:667][  0]LogConfig: Setting CVar [[r.SceneColorFormat:4]]
[2021.12.15-04.11.29:667][  0]LogConfig: Setting CVar [[r.DetailMode:2]]
[2021.12.15-04.11.29:667][  0]LogConfig: Setting CVar [[r.TranslucencyVolumeBlur:1]]
[2021.12.15-04.11.29:667][  0]LogConfig: Setting CVar [[r.MaterialQualityLevel:1 ; High quality]]
[2021.12.15-04.11.29:667][  0]LogConfig: Setting CVar [[r.AnisotropicMaterials:1]]
[2021.12.15-04.11.29:667][  0]LogConfig: Setting CVar [[r.SSS.Scale:1]]
[2021.12.15-04.11.29:667][  0]LogConfig: Setting CVar [[r.SSS.SampleSet:2]]
[2021.12.15-04.11.29:667][  0]LogConfig: Setting CVar [[r.SSS.Quality:1]]
[2021.12.15-04.11.29:667][  0]LogConfig: Setting CVar [[r.SSS.HalfRes:0]]
[2021.12.15-04.11.29:667][  0]LogConfig: Setting CVar [[r.SSGI.Quality:3]]
[2021.12.15-04.11.29:667][  0]LogConfig: Setting CVar [[r.EmitterSpawnRateScale:1.0]]
[2021.12.15-04.11.29:667][  0]LogConfig: Setting CVar [[r.ParticleLightQuality:2]]
[2021.12.15-04.11.29:667][  0]LogConfig: Setting CVar [[r.SkyAtmosphere.AerialPerspectiveLUT.FastApplyOnOpaque:1 ; Always have FastSkyLUT 1 in this case to avoid wrong sky]]
[2021.12.15-04.11.29:668][  0]LogConfig: Setting CVar [[r.SkyAtmosphere.AerialPerspectiveLUT.SampleCountMaxPerSlice:4]]
[2021.12.15-04.11.29:668][  0]LogConfig: Setting CVar [[r.SkyAtmosphere.AerialPerspectiveLUT.DepthResolution:16.0]]
[2021.12.15-04.11.29:668][  0]LogConfig: Setting CVar [[r.SkyAtmosphere.FastSkyLUT:1]]
[2021.12.15-04.11.29:668][  0]LogConfig: Setting CVar [[r.SkyAtmosphere.FastSkyLUT.SampleCountMin:4.0]]
[2021.12.15-04.11.29:668][  0]LogConfig: Setting CVar [[r.SkyAtmosphere.FastSkyLUT.SampleCountMax:128.0]]
[2021.12.15-04.11.29:668][  0]LogConfig: Setting CVar [[r.SkyAtmosphere.SampleCountMin:4.0]]
[2021.12.15-04.11.29:668][  0]LogConfig: Setting CVar [[r.SkyAtmosphere.SampleCountMax:128.0]]
[2021.12.15-04.11.29:668][  0]LogConfig: Setting CVar [[r.SkyAtmosphere.TransmittanceLUT.UseSmallFormat:0]]
[2021.12.15-04.11.29:668][  0]LogConfig: Setting CVar [[r.SkyAtmosphere.TransmittanceLUT.SampleCount:10.0]]
[2021.12.15-04.11.29:668][  0]LogConfig: Setting CVar [[r.SkyAtmosphere.MultiScatteringLUT.SampleCount:15.0]]
[2021.12.15-04.11.29:668][  0]LogConfig: Setting CVar [[r.SkyLight.RealTimeReflectionCapture:1]]
[2021.12.15-04.11.29:668][  0]LogConfig: Applying CVar settings from Section [FoliageQuality@3] File [F:/UEProject/GAS/Saved/Config/Windows/Scalability.ini]
[2021.12.15-04.11.29:668][  0]LogConfig: Setting CVar [[foliage.DensityScale:1.0]]
[2021.12.15-04.11.29:668][  0]LogConfig: Setting CVar [[grass.DensityScale:1.0]]
[2021.12.15-04.11.29:668][  0]LogConfig: Applying CVar settings from Section [ShadingQuality@3] File [F:/UEProject/GAS/Saved/Config/Windows/Scalability.ini]
[2021.12.15-04.11.29:668][  0]LogConfig: Setting CVar [[r.HairStrands.SkyLighting.IntegrationType:2]]
[2021.12.15-04.11.29:668][  0]LogConfig: Setting CVar [[r.HairStrands.SkyAO.SampleCount:4]]
[2021.12.15-04.11.29:668][  0]LogConfig: Setting CVar [[r.HairStrands.Visibility.MSAA.SamplePerPixel:4]]
[2021.12.15-04.11.29:668][  0]LogInit: Selected Device Profile: [Windows]
[2021.12.15-04.11.29:668][  0]LogInit: Applying CVar settings loaded from the selected device profile: [Windows]
[2021.12.15-04.11.29:669][  0]LogHAL: Display: Platform has ~ 16 GB [17112915968 / 17179869184 / 16], which maps to Larger [LargestMinGB=32, LargerMinGB=12, DefaultMinGB=8, SmallerMinGB=6, SmallestMinGB=0)
[2021.12.15-04.11.29:669][  0]LogInit: Going up to parent DeviceProfile []
[2021.12.15-04.11.29:669][  0]LogConfig: Applying CVar settings from Section [ViewDistanceQuality@3] File [F:/UEProject/GAS/Saved/Config/Windows/Scalability.ini]
[2021.12.15-04.11.29:669][  0]LogConfig: Setting CVar [[r.SkeletalMeshLODBias:0]]
[2021.12.15-04.11.29:669][  0]LogConfig: Setting CVar [[r.ViewDistanceScale:1.0]]
[2021.12.15-04.11.29:669][  0]LogConfig: Applying CVar settings from Section [AntiAliasingQuality@3] File [F:/UEProject/GAS/Saved/Config/Windows/Scalability.ini]
[2021.12.15-04.11.29:669][  0]LogConfig: Setting CVar [[r.PostProcessAAQuality:4]]
[2021.12.15-04.11.29:669][  0]LogConfig: Applying CVar settings from Section [ShadowQuality@3] File [F:/UEProject/GAS/Saved/Config/Windows/Scalability.ini]
[2021.12.15-04.11.29:669][  0]LogConfig: Setting CVar [[r.LightFunctionQuality:1]]
[2021.12.15-04.11.29:669][  0]LogConfig: Setting CVar [[r.ShadowQuality:5]]
[2021.12.15-04.11.29:669][  0]LogConfig: Setting CVar [[r.Shadow.CSM.MaxCascades:10]]
[2021.12.15-04.11.29:669][  0]LogConfig: Setting CVar [[r.Shadow.MaxResolution:2048]]
[2021.12.15-04.11.29:669][  0]LogConfig: Setting CVar [[r.Shadow.MaxCSMResolution:2048]]
[2021.12.15-04.11.29:669][  0]LogConfig: Setting CVar [[r.Shadow.RadiusThreshold:0.01]]
[2021.12.15-04.11.29:669][  0]LogConfig: Setting CVar [[r.Shadow.DistanceScale:1.0]]
[2021.12.15-04.11.29:669][  0]LogConfig: Setting CVar [[r.Shadow.CSM.TransitionScale:1.0]]
[2021.12.15-04.11.29:669][  0]LogConfig: Setting CVar [[r.Shadow.PreShadowResolutionFactor:1.0]]
[2021.12.15-04.11.29:669][  0]LogConfig: Setting CVar [[r.DistanceFieldShadowing:1]]
[2021.12.15-04.11.29:669][  0]LogConfig: Setting CVar [[r.DistanceFieldAO:1]]
[2021.12.15-04.11.29:669][  0]LogConfig: Setting CVar [[r.AOQuality:2]]
[2021.12.15-04.11.29:669][  0]LogConfig: Setting CVar [[r.VolumetricFog:1]]
[2021.12.15-04.11.29:670][  0]LogConfig: Setting CVar [[r.VolumetricFog.GridPixelSize:8]]
[2021.12.15-04.11.29:670][  0]LogConfig: Setting CVar [[r.VolumetricFog.GridSizeZ:128]]
[2021.12.15-04.11.29:670][  0]LogConfig: Setting CVar [[r.VolumetricFog.HistoryMissSupersampleCount:4]]
[2021.12.15-04.11.29:670][  0]LogConfig: Setting CVar [[r.LightMaxDrawDistanceScale:1]]
[2021.12.15-04.11.29:670][  0]LogConfig: Setting CVar [[r.CapsuleShadows:1]]
[2021.12.15-04.11.29:670][  0]LogConfig: Applying CVar settings from Section [PostProcessQuality@3] File [F:/UEProject/GAS/Saved/Config/Windows/Scalability.ini]
[2021.12.15-04.11.29:670][  0]LogConfig: Setting CVar [[r.MotionBlurQuality:4]]
[2021.12.15-04.11.29:670][  0]LogConfig: Setting CVar [[r.AmbientOcclusionMipLevelFactor:0.4]]
[2021.12.15-04.11.29:670][  0]LogConfig: Setting CVar [[r.AmbientOcclusionMaxQuality:100]]
[2021.12.15-04.11.29:670][  0]LogConfig: Setting CVar [[r.AmbientOcclusionLevels:-1]]
[2021.12.15-04.11.29:670][  0]LogConfig: Setting CVar [[r.AmbientOcclusionRadiusScale:1.0]]
[2021.12.15-04.11.29:670][  0]LogConfig: Setting CVar [[r.DepthOfFieldQuality:2]]
[2021.12.15-04.11.29:670][  0]LogConfig: Setting CVar [[r.RenderTargetPoolMin:400]]
[2021.12.15-04.11.29:670][  0]LogConfig: Setting CVar [[r.LensFlareQuality:2]]
[2021.12.15-04.11.29:670][  0]LogConfig: Setting CVar [[r.SceneColorFringeQuality:1]]
[2021.12.15-04.11.29:670][  0]LogConfig: Setting CVar [[r.EyeAdaptationQuality:2]]
[2021.12.15-04.11.29:670][  0]LogConfig: Setting CVar [[r.BloomQuality:5]]
[2021.12.15-04.11.29:670][  0]LogConfig: Setting CVar [[r.FastBlurThreshold:100]]
[2021.12.15-04.11.29:670][  0]LogConfig: Setting CVar [[r.Upscale.Quality:3]]
[2021.12.15-04.11.29:670][  0]LogConfig: Setting CVar [[r.Tonemapper.GrainQuantization:1]]
[2021.12.15-04.11.29:670][  0]LogConfig: Setting CVar [[r.LightShaftQuality:1]]
[2021.12.15-04.11.29:671][  0]LogConfig: Setting CVar [[r.Filter.SizeScale:1]]
[2021.12.15-04.11.29:671][  0]LogConfig: Setting CVar [[r.Tonemapper.Quality:5]]
[2021.12.15-04.11.29:671][  0]LogConfig: Setting CVar [[r.DOF.Gather.AccumulatorQuality:1        ; higher gathering accumulator quality]]
[2021.12.15-04.11.29:671][  0]LogConfig: Setting CVar [[r.DOF.Gather.PostfilterMethod:1          ; Median3x3 postfilering method]]
[2021.12.15-04.11.29:671][  0]LogConfig: Setting CVar [[r.DOF.Gather.EnableBokehSettings:0       ; no bokeh simulation when gathering]]
[2021.12.15-04.11.29:671][  0]LogConfig: Setting CVar [[r.DOF.Gather.RingCount:4                 ; medium number of samples when gathering]]
[2021.12.15-04.11.29:671][  0]LogConfig: Setting CVar [[r.DOF.Scatter.ForegroundCompositing:1    ; additive foreground scattering]]
[2021.12.15-04.11.29:671][  0]LogConfig: Setting CVar [[r.DOF.Scatter.BackgroundCompositing:2    ; additive background scattering]]
[2021.12.15-04.11.29:671][  0]LogConfig: Setting CVar [[r.DOF.Scatter.EnableBokehSettings:1      ; bokeh simulation when scattering]]
[2021.12.15-04.11.29:671][  0]LogConfig: Setting CVar [[r.DOF.Scatter.MaxSpriteRatio:0.1         ; only a maximum of 10% of scattered bokeh]]
[2021.12.15-04.11.29:671][  0]LogConfig: Setting CVar [[r.DOF.Recombine.Quality:1                ; cheap slight out of focus]]
[2021.12.15-04.11.29:671][  0]LogConfig: Setting CVar [[r.DOF.Recombine.EnableBokehSettings:0    ; no bokeh simulation on slight out of focus]]
[2021.12.15-04.11.29:671][  0]LogConfig: Setting CVar [[r.DOF.TemporalAAQuality:1                ; more stable temporal accumulation]]
[2021.12.15-04.11.29:671][  0]LogConfig: Setting CVar [[r.DOF.Kernel.MaxForegroundRadius:0.025]]
[2021.12.15-04.11.29:671][  0]LogConfig: Setting CVar [[r.DOF.Kernel.MaxBackgroundRadius:0.025]]
[2021.12.15-04.11.29:671][  0]LogConfig: Applying CVar settings from Section [TextureQuality@3] File [F:/UEProject/GAS/Saved/Config/Windows/Scalability.ini]
[2021.12.15-04.11.29:671][  0]LogConfig: Setting CVar [[r.Streaming.MipBias:0]]
[2021.12.15-04.11.29:671][  0]LogConfig: Setting CVar [[r.Streaming.AmortizeCPUToGPUCopy:0]]
[2021.12.15-04.11.29:671][  0]LogConfig: Setting CVar [[r.Streaming.MaxNumTexturesToStreamPerFrame:0]]
[2021.12.15-04.11.29:671][  0]LogConfig: Setting CVar [[r.Streaming.Boost:1]]
[2021.12.15-04.11.29:671][  0]LogConfig: Setting CVar [[r.MaxAnisotropy:8]]
[2021.12.15-04.11.29:671][  0]LogConfig: Setting CVar [[r.VT.MaxAnisotropy:8]]
[2021.12.15-04.11.29:672][  0]LogConfig: Setting CVar [[r.Streaming.LimitPoolSizeToVRAM:0]]
[2021.12.15-04.11.29:672][  0]LogConfig: Setting CVar [[r.Streaming.PoolSize:1000]]
[2021.12.15-04.11.29:672][  0]LogConfig: Setting CVar [[r.Streaming.MaxEffectiveScreenSize:0]]
[2021.12.15-04.11.29:672][  0]LogConfig: Applying CVar settings from Section [EffectsQuality@3] File [F:/UEProject/GAS/Saved/Config/Windows/Scalability.ini]
[2021.12.15-04.11.29:672][  0]LogConfig: Setting CVar [[r.TranslucencyLightingVolumeDim:64]]
[2021.12.15-04.11.29:672][  0]LogConfig: Setting CVar [[r.RefractionQuality:2]]
[2021.12.15-04.11.29:672][  0]LogConfig: Setting CVar [[r.SSR.Quality:3]]
[2021.12.15-04.11.29:672][  0]LogConfig: Setting CVar [[r.SSR.HalfResSceneColor:0]]
[2021.12.15-04.11.29:672][  0]LogConfig: Setting CVar [[r.SceneColorFormat:4]]
[2021.12.15-04.11.29:672][  0]LogConfig: Setting CVar [[r.DetailMode:2]]
[2021.12.15-04.11.29:672][  0]LogConfig: Setting CVar [[r.TranslucencyVolumeBlur:1]]
[2021.12.15-04.11.29:672][  0]LogConfig: Setting CVar [[r.MaterialQualityLevel:1 ; High quality]]
[2021.12.15-04.11.29:672][  0]LogConfig: Setting CVar [[r.AnisotropicMaterials:1]]
[2021.12.15-04.11.29:672][  0]LogConfig: Setting CVar [[r.SSS.Scale:1]]
[2021.12.15-04.11.29:672][  0]LogConfig: Setting CVar [[r.SSS.SampleSet:2]]
[2021.12.15-04.11.29:672][  0]LogConfig: Setting CVar [[r.SSS.Quality:1]]
[2021.12.15-04.11.29:672][  0]LogConfig: Setting CVar [[r.SSS.HalfRes:0]]
[2021.12.15-04.11.29:672][  0]LogConfig: Setting CVar [[r.SSGI.Quality:3]]
[2021.12.15-04.11.29:672][  0]LogConfig: Setting CVar [[r.EmitterSpawnRateScale:1.0]]
[2021.12.15-04.11.29:672][  0]LogConfig: Setting CVar [[r.ParticleLightQuality:2]]
[2021.12.15-04.11.29:672][  0]LogConfig: Setting CVar [[r.SkyAtmosphere.AerialPerspectiveLUT.FastApplyOnOpaque:1 ; Always have FastSkyLUT 1 in this case to avoid wrong sky]]
[2021.12.15-04.11.29:672][  0]LogConfig: Setting CVar [[r.SkyAtmosphere.AerialPerspectiveLUT.SampleCountMaxPerSlice:4]]
[2021.12.15-04.11.29:673][  0]LogConfig: Setting CVar [[r.SkyAtmosphere.AerialPerspectiveLUT.DepthResolution:16.0]]
[2021.12.15-04.11.29:673][  0]LogConfig: Setting CVar [[r.SkyAtmosphere.FastSkyLUT:1]]
[2021.12.15-04.11.29:673][  0]LogConfig: Setting CVar [[r.SkyAtmosphere.FastSkyLUT.SampleCountMin:4.0]]
[2021.12.15-04.11.29:673][  0]LogConfig: Setting CVar [[r.SkyAtmosphere.FastSkyLUT.SampleCountMax:128.0]]
[2021.12.15-04.11.29:673][  0]LogConfig: Setting CVar [[r.SkyAtmosphere.SampleCountMin:4.0]]
[2021.12.15-04.11.29:673][  0]LogConfig: Setting CVar [[r.SkyAtmosphere.SampleCountMax:128.0]]
[2021.12.15-04.11.29:673][  0]LogConfig: Setting CVar [[r.SkyAtmosphere.TransmittanceLUT.UseSmallFormat:0]]
[2021.12.15-04.11.29:673][  0]LogConfig: Setting CVar [[r.SkyAtmosphere.TransmittanceLUT.SampleCount:10.0]]
[2021.12.15-04.11.29:673][  0]LogConfig: Setting CVar [[r.SkyAtmosphere.MultiScatteringLUT.SampleCount:15.0]]
[2021.12.15-04.11.29:673][  0]LogConfig: Setting CVar [[r.SkyLight.RealTimeReflectionCapture:1]]
[2021.12.15-04.11.29:673][  0]LogConfig: Applying CVar settings from Section [FoliageQuality@3] File [F:/UEProject/GAS/Saved/Config/Windows/Scalability.ini]
[2021.12.15-04.11.29:673][  0]LogConfig: Setting CVar [[foliage.DensityScale:1.0]]
[2021.12.15-04.11.29:673][  0]LogConfig: Setting CVar [[grass.DensityScale:1.0]]
[2021.12.15-04.11.29:673][  0]LogConfig: Applying CVar settings from Section [ShadingQuality@3] File [F:/UEProject/GAS/Saved/Config/Windows/Scalability.ini]
[2021.12.15-04.11.29:673][  0]LogConfig: Setting CVar [[r.HairStrands.SkyLighting.IntegrationType:2]]
[2021.12.15-04.11.29:673][  0]LogConfig: Setting CVar [[r.HairStrands.SkyAO.SampleCount:4]]
[2021.12.15-04.11.29:673][  0]LogConfig: Setting CVar [[r.HairStrands.Visibility.MSAA.SamplePerPixel:4]]
[2021.12.15-04.11.29:673][  0]LogConfig: Applying CVar settings from Section [Startup] File [../../../Engine/Config/ConsoleVariables.ini]
[2021.12.15-04.11.29:733][  0]LogConfig: Setting CVar [[net.UseAdaptiveNetUpdateFrequency:0]]
[2021.12.15-04.11.29:733][  0]LogConfig: Setting CVar [[p.chaos.AllowCreatePhysxBodies:1]]
[2021.12.15-04.11.29:733][  0]LogConfig: Setting CVar [[fx.SkipVectorVMBackendOptimizations:1]]
[2021.12.15-04.11.29:733][  0]LogConfig: Applying CVar settings from Section [ConsoleVariables] File [F:/UEProject/GAS/Saved/Config/Windows/Engine.ini]
[2021.12.15-04.11.29:733][  0]LogConfig: Applying CVar settings from Section [ConsoleVariables] File [F:/UEProject/GAS/Saved/Config/Windows/Editor.ini]
[2021.12.15-04.11.29:733][  0]LogInit: Computer: AIWAN-JAN
[2021.12.15-04.11.29:733][  0]LogInit: User: jan
[2021.12.15-04.11.29:733][  0]LogInit: CPU Page size=4096, Cores=4
[2021.12.15-04.11.29:733][  0]LogInit: High frequency timer resolution =10.000000 MHz
[2021.12.15-04.11.29:734][  0]LogMemory: Memory total: Physical=15.9GB (16GB approx)
[2021.12.15-04.11.29:734][  0]LogMemory: Platform Memory Stats for Windows
[2021.12.15-04.11.29:734][  0]LogMemory: Process Physical Memory: 146.46 MB used, 146.46 MB peak
[2021.12.15-04.11.29:734][  0]LogMemory: Process Virtual Memory: 114.82 MB used, 114.82 MB peak
[2021.12.15-04.11.29:734][  0]LogMemory: Physical Memory: 15857.05 MB used,  463.09 MB free, 16320.15 MB total
[2021.12.15-04.11.29:734][  0]LogMemory: Virtual Memory: 134205632.00 MB used,  12099.72 MB free, 134217728.00 MB total
[2021.12.15-04.11.29:749][  0]LogWindows: WindowsPlatformFeatures enabled
[2021.12.15-04.11.36:192][  0]LogInit: Physics initialised using underlying interface: PhysX
[2021.12.15-04.11.36:352][  0]LogInit: Overriding language with editor language configuration option (zh-Hans).
[2021.12.15-04.11.36:352][  0]LogInit: Overriding language with editor locale configuration option (zh-Hans).
[2021.12.15-04.11.42:695][  0]LogTextLocalizationResource: LocRes '../../../Engine/Content/Localization/Editor/zh/Editor.locres' could not be opened for reading!
[2021.12.15-04.11.42:695][  0]LogTextLocalizationResource: LocRes '../../../Engine/Content/Localization/EditorTutorials/zh/EditorTutorials.locres' could not be opened for reading!
[2021.12.15-04.11.42:696][  0]LogTextLocalizationResource: LocRes '../../../Engine/Content/Localization/Keywords/zh/Keywords.locres' could not be opened for reading!
[2021.12.15-04.11.42:696][  0]LogTextLocalizationResource: LocRes '../../../Engine/Content/Localization/Category/zh/Category.locres' could not be opened for reading!
[2021.12.15-04.11.42:696][  0]LogTextLocalizationResource: LocRes '../../../Engine/Content/Localization/ToolTips/zh/ToolTips.locres' could not be opened for reading!
[2021.12.15-04.11.42:696][  0]LogTextLocalizationResource: LocRes '../../../Engine/Content/Localization/PropertyNames/zh/PropertyNames.locres' could not be opened for reading!
[2021.12.15-04.11.42:696][  0]LogTextLocalizationResource: LocRes '../../../Engine/Content/Localization/Engine/zh/Engine.locres' could not be opened for reading!
[2021.12.15-04.11.42:696][  0]LogTextLocalizationResource: LocRes '../../../Engine/Plugins/Online/OnlineSubsystem/Content/Localization/OnlineSubsystem/zh/OnlineSubsystem.locres' could not be opened for reading!
[2021.12.15-04.11.42:697][  0]LogTextLocalizationResource: LocRes '../../../Engine/Plugins/Online/OnlineSubsystemUtils/Content/Localization/OnlineSubsystemUtils/zh/OnlineSubsystemUtils.locres' could not be opened for reading!
[2021.12.15-04.11.42:697][  0]LogTextLocalizationResource: LocRes '../../../Engine/Plugins/Online/Android/OnlineSubsystemGooglePlay/Content/Localization/OnlineSubsystemGooglePlay/zh/OnlineSubsystemGooglePlay.locres' could not be opened for reading!
[2021.12.15-04.11.42:697][  0]LogTextLocalizationResource: LocRes '../../../Engine/Plugins/Online/IOS/OnlineSubsystemIOS/Content/Localization/OnlineSubsystemIOS/zh/OnlineSubsystemIOS.locres' could not be opened for reading!
[2021.12.15-04.11.42:775][  0]LogInit: Setting process to per monitor DPI aware
[2021.12.15-04.11.42:953][  0]LogWindowsTextInputMethodSystem: Display: IME system deactivated.
[2021.12.15-04.11.43:444][  0]LogSlate: New Slate User Created.  User Index 0, Is Virtual User: 0
[2021.12.15-04.11.43:444][  0]LogSlate: Slate User Registered.  User Index 0, Is Virtual User: 0
[2021.12.15-04.11.48:032][  0]LogD3D11RHI: Loaded GFSDK_Aftermath_Lib.x64.dll
[2021.12.15-04.11.48:455][  0]LogHMD: Failed to initialize OpenVR with code 110
[2021.12.15-04.11.48:455][  0]LogD3D11RHI: D3D11 min allowed feature level: 11_0
[2021.12.15-04.11.48:456][  0]LogD3D11RHI: D3D11 max allowed feature level: 11_0
[2021.12.15-04.11.48:456][  0]LogD3D11RHI: D3D11 adapters:
[2021.12.15-04.11.48:619][  0]LogD3D11RHI:    0. 'NVIDIA GeForce GTX 1070' (Feature Level 11_0)
[2021.12.15-04.11.48:619][  0]LogD3D11RHI:       8088/0/8160 MB DedicatedVideo/DedicatedSystem/SharedSystem, Outputs:2, VendorId:0x10de
[2021.12.15-04.11.48:683][  0]LogD3D11RHI:    1. 'Microsoft Basic Render Driver' (Feature Level 11_0)
[2021.12.15-04.11.48:683][  0]LogD3D11RHI:       0/0/8160 MB DedicatedVideo/DedicatedSystem/SharedSystem, Outputs:0, VendorId:0x1414
[2021.12.15-04.11.48:683][  0]LogD3D11RHI: Chosen D3D11 Adapter: 0
[2021.12.15-04.11.48:690][  0]LogD3D11RHI: Creating new Direct3DDevice
[2021.12.15-04.11.48:691][  0]LogD3D11RHI:     GPU DeviceId: 0x1b81 (for the marketing name, search the web for "GPU Device Id")
[2021.12.15-04.11.48:691][  0]LogWindows: EnumDisplayDevices:
[2021.12.15-04.11.48:691][  0]LogWindows:    0. 'NVIDIA GeForce GTX 1070' (P:0 D:1)
[2021.12.15-04.11.48:691][  0]LogWindows:    1. 'NVIDIA GeForce GTX 1070' (P:1 D:1)
[2021.12.15-04.11.48:692][  0]LogWindows:    2. 'NVIDIA GeForce GTX 1070' (P:0 D:0)
[2021.12.15-04.11.48:692][  0]LogWindows:    3. 'NVIDIA GeForce GTX 1070' (P:0 D:0)
[2021.12.15-04.11.48:693][  0]LogWindows: DebugString: FoundDriverCount:4 
[2021.12.15-04.11.48:693][  0]LogD3D11RHI:     Adapter Name: NVIDIA GeForce GTX 1070
[2021.12.15-04.11.48:693][  0]LogD3D11RHI:   Driver Version: 456.71 (internal:27.21.14.5671, unified:456.71)
[2021.12.15-04.11.48:693][  0]LogD3D11RHI:      Driver Date: 9-30-2020
[2021.12.15-04.11.48:693][  0]LogRHI: Texture pool is 5661 MB (70% of 8088 MB)
[2021.12.15-04.11.48:761][  0]LogD3D11RHI: RHI has support for 64 bit atomics
[2021.12.15-04.11.48:761][  0]LogD3D11RHI: Async texture creation enabled
[2021.12.15-04.11.48:761][  0]LogD3D11RHI: Array index from any shader is supported
[2021.12.15-04.11.49:504][  0]LogD3D11RHI: GPU Timing Frequency: 1000.000000 (Debug: 2 1)
[2021.12.15-04.11.50:214][  0]LogRHI: GeForceNow SDK initialized: 1
[2021.12.15-04.11.51:916][  0]LogTargetPlatformManager: Display: Loaded TargetPlatform 'AllDesktop'
[2021.12.15-04.11.52:155][  0]LogTargetPlatformManager: Display: Loaded TargetPlatform 'Android'
[2021.12.15-04.11.52:155][  0]LogTargetPlatformManager: Display: Loaded TargetPlatform 'Android_ASTC'
[2021.12.15-04.11.52:155][  0]LogTargetPlatformManager: Display: Loaded TargetPlatform 'Android_DXT'
[2021.12.15-04.11.52:155][  0]LogTargetPlatformManager: Display: Loaded TargetPlatform 'Android_ETC2'
[2021.12.15-04.11.52:155][  0]LogTargetPlatformManager: Display: Loaded TargetPlatform 'AndroidClient'
[2021.12.15-04.11.52:155][  0]LogTargetPlatformManager: Display: Loaded TargetPlatform 'Android_ASTCClient'
[2021.12.15-04.11.52:156][  0]LogTargetPlatformManager: Display: Loaded TargetPlatform 'Android_DXTClient'
[2021.12.15-04.11.52:156][  0]LogTargetPlatformManager: Display: Loaded TargetPlatform 'Android_ETC2Client'
[2021.12.15-04.11.52:156][  0]LogTargetPlatformManager: Display: Loaded TargetPlatform 'Android_Multi'
[2021.12.15-04.11.52:156][  0]LogTargetPlatformManager: Display: Loaded TargetPlatform 'Android_MultiClient'
[2021.12.15-04.11.52:558][  0]LogTargetPlatformManager: Display: Loaded TargetPlatform 'IOSClient'
[2021.12.15-04.11.52:558][  0]LogTargetPlatformManager: Display: Loaded TargetPlatform 'IOS'
[2021.12.15-04.11.52:698][  0]LogTargetPlatformManager: Display: Loaded TargetPlatform 'Linux'
[2021.12.15-04.11.52:720][  0]LogTargetPlatformManager: Display: Loaded TargetPlatform 'LinuxNoEditor'
[2021.12.15-04.11.53:024][  0]LogTargetPlatformManager: Display: Loaded TargetPlatform 'LinuxClient'
[2021.12.15-04.11.53:145][  0]LogTargetPlatformManager: Display: Loaded TargetPlatform 'LinuxServer'
[2021.12.15-04.11.53:447][  0]LogTargetPlatformManager: Display: Loaded TargetPlatform 'LinuxAArch64NoEditor'
[2021.12.15-04.11.53:754][  0]LogTargetPlatformManager: Display: Loaded TargetPlatform 'LinuxAArch64Client'
[2021.12.15-04.11.54:051][  0]LogTargetPlatformManager: Display: Loaded TargetPlatform 'LinuxAArch64Server'
[2021.12.15-04.11.54:157][  0]LogTargetPlatformManager: Display: Loaded TargetPlatform 'Lumin'
[2021.12.15-04.11.54:158][  0]LogTargetPlatformManager: Display: Loaded TargetPlatform 'LuminClient'
[2021.12.15-04.11.54:373][  0]LogTargetPlatformManager: Display: Loaded TargetPlatform 'MacNoEditor'
[2021.12.15-04.11.54:540][  0]LogTargetPlatformManager: Display: Loaded TargetPlatform 'Mac'
[2021.12.15-04.11.54:657][  0]LogTargetPlatformManager: Display: Loaded TargetPlatform 'MacClient'
[2021.12.15-04.11.54:684][  0]LogTargetPlatformManager: Display: Loaded TargetPlatform 'MacServer'
[2021.12.15-04.11.54:724][  0]LogTargetPlatformManager: Display: Loaded TargetPlatform 'TVOSClient'
[2021.12.15-04.11.54:724][  0]LogTargetPlatformManager: Display: Loaded TargetPlatform 'TVOS'
[2021.12.15-04.11.54:958][  0]LogTargetPlatformManager: Display: Loaded TargetPlatform 'WindowsNoEditor'
[2021.12.15-04.11.55:117][  0]LogTargetPlatformManager: Display: Loaded TargetPlatform 'Windows'
[2021.12.15-04.11.55:258][  0]LogTargetPlatformManager: Display: Loaded TargetPlatform 'WindowsClient'
[2021.12.15-04.11.55:656][  0]LogTargetPlatformManager: Display: Loaded TargetPlatform 'WindowsServer'
[2021.12.15-04.11.55:656][  0]LogTargetPlatformManager: Display: Building Assets For Windows
[2021.12.15-04.11.56:938][  0]LogAudioDebug: Display: Lib vorbis DLL was dynamically loaded.
[2021.12.15-04.11.58:648][  0]LogTextureFormatOodle: Display: Oodle Texture 2.9.0 init RDO Off
[2021.12.15-04.12.01:484][  0]LogRendererCore: Ray tracing is disabled. Reason: r.RayTracing=0.
[2021.12.15-04.12.01:485][  0]LogShaderCompilers: Guid format shader working directory is 15 characters bigger than the processId version (../../../../../UEProject/GAS/Intermediate/Shaders/WorkingDirectory/20804/).
[2021.12.15-04.12.01:485][  0]LogShaderCompilers: Cleaned the shader compiler working directory 'C:/Users/jan/AppData/Local/Temp/UnrealShaderWorkingDir/40B11FFC4A643C2BF1A9F1B798FD3380/'.
[2021.12.15-04.12.01:509][  0]LogXGEController: Cannot use XGE Controller as Incredibuild is not installed on this machine.
[2021.12.15-04.12.01:510][  0]LogShaderCompilers: Cannot use XGE Shader Compiler as Incredibuild is not installed on this machine.
[2021.12.15-04.12.01:510][  0]LogShaderCompilers: Display: Using Local Shader Compiler.
[2021.12.15-04.12.11:821][  0]LogDerivedDataCache: Display: Max Cache Size: 512 MB
[2021.12.15-04.12.12:222][  0]LogDerivedDataCache: Loaded boot cache 0.40s 168MB C:/Users/jan/AppData/Local/UnrealEngine/4.27/DerivedDataCache/Boot.ddc.
[2021.12.15-04.12.12:222][  0]LogDerivedDataCache: Display: Loaded Boot cache: C:/Users/jan/AppData/Local/UnrealEngine/4.27/DerivedDataCache/Boot.ddc
[2021.12.15-04.12.12:222][  0]LogDerivedDataCache: FDerivedDataBackendGraph:  Pak pak cache file ../../../../../UEProject/GAS/DerivedDataCache/DDC.ddp not found, will not use a pak cache.
[2021.12.15-04.12.12:222][  0]LogDerivedDataCache: Unable to find inner node Pak for hierarchical cache Hierarchy.
[2021.12.15-04.12.12:222][  0]LogDerivedDataCache: FDerivedDataBackendGraph:  CompressedPak pak cache file ../../../../../UEProject/GAS/DerivedDataCache/Compressed.ddp not found, will not use a pak cache.
[2021.12.15-04.12.12:223][  0]LogDerivedDataCache: Unable to find inner node CompressedPak for hierarchical cache Hierarchy.
[2021.12.15-04.12.12:265][  0]LogDerivedDataCache: Display: Pak cache opened for reading ../../../Engine/DerivedDataCache/Compressed.ddp.
[2021.12.15-04.12.12:266][  0]LogDerivedDataCache: FDerivedDataBackendGraph:  EnterprisePak pak cache file ../../../Enterprise/DerivedDataCache/Compressed.ddp not found, will not use a pak cache.
[2021.12.15-04.12.12:266][  0]LogDerivedDataCache: Unable to find inner node EnterprisePak for hierarchical cache Hierarchy.
[2021.12.15-04.12.12:277][  0]LogDerivedDataCache: Speed tests for C:/Users/jan/AppData/Local/UnrealEngine/Common/DerivedDataCache took 0.01 seconds
[2021.12.15-04.12.12:277][  0]LogDerivedDataCache: Display: Performance to C:/Users/jan/AppData/Local/UnrealEngine/Common/DerivedDataCache: Latency=0.03ms. RandomReadSpeed=160.64MBs, RandomWriteSpeed=179.19MBs. Assigned SpeedClass 'Local'
[2021.12.15-04.12.12:279][  0]LogDerivedDataCache: Using Local data cache path C:/Users/jan/AppData/Local/UnrealEngine/Common/DerivedDataCache: Writable
[2021.12.15-04.12.12:279][  0]LogDerivedDataCache: Shared data cache path not found in *engine.ini, will not use an Shared cache.
[2021.12.15-04.12.12:280][  0]LogDerivedDataCache: Unable to find inner node Shared for hierarchical cache Hierarchy.
[2021.12.15-04.12.12:356][  0]LogSlate: Using FreeType 2.10.0
[2021.12.15-04.12.12:443][  0]LogSlate: SlateFontServices - WITH_FREETYPE: 1, WITH_HARFBUZZ: 1
[2021.12.15-04.12.13:326][  0]LogAssetRegistry: FAssetRegistry took 0.0058 seconds to start up
[2021.12.15-04.12.15:712][  0]LogInit: Selected Device Profile: [Windows]
[2021.12.15-04.12.15:712][  0]LogInit: Active device profile: [000001B21BF11300][000001B219352300 49] Windows
[2021.12.15-04.12.15:712][  0]LogInit: Profiles: [000001B21BF11300][000001B219352300 49] Windows, [000001B21BEC3300][000001B21935A480 49] WindowsNoEditor, [000001B21BF12400][000001B21935E600 49] WindowsServer, [000001B21BEC1F00][000001B2191B6780 49] WindowsClient, [000001B21BF13300][000001B2191BA900 49] IOS, [000001B21BEC1200][000001B2191BEA80 49] iPadAir, [000001B21BF13E00][000001B219356BC0 49] iPadAir2, [000001B21BE66100][000001B2191C6E00 49] IPadPro, [000001B21BE66200][000001B2191C2E40 49] iPadAir3, [000001B21BEC1B00][000001B2191CAF80 49] iPadAir4, [000001B21BE67100][000001B2163DB100 49] iPadMini2, [000001B21BEC3600][000001B2163DF280 49] iPadMini3, [000001B21BE67D00][000001B2163E3400 49] iPadMini4, [000001B21BEC2700][000001B2163E7580 49] iPadMini5, [000001B21BE5DA00][000001B2163EF840 49] iPhone6, [000001B21BE5DB00][000001B2163EB880 49] iPodTouch6, [000001B21BF12F00][000001B2163F7B40 49] iPhone7, [000001B21BF13000][000001B2163F3B80 49] iPodTouch7, [000001B21BE65C00][000001B2163FA180 49] iPhone5S, [000001B21BF11100][000001B2163FE300 49] iPhone6Plus, [000001B21BE65800][000001B216402480 49] iPhone6S, [000001B21BF10400][000001B216406600 49] iPhone6SPlus, [000001B21BE64E00][000001B21640A780 49] iPhone7Plus, [000001B21BF11700][000001B21640E900 49] iPhoneSE, [000001B21BE64A00][000001B218FA0A80 49] iPhone8, [000001B21BF10800][000001B218FA4C00 49] iPhone8Plus, [000001B21BE65A00][000001B2163D6D40 49] iPhoneX, [000001B21BF13D00][000001B218FA8E80 49] iPhoneXS, [000001B21BE5C200][000001B218FACFC0 49] iPhoneXSMax, [000001B21BE64D00][000001B218FB1100 49] iPhoneXR, [000001B21BE5CC00][000001B218FB9280 49] iPhone11, [000001B21BE66E00][000001B218FBD400 49] iPhone11Pro, [000001B21BE5D500][000001B218FC1580 49] iPhone11ProMax, [000001B21BE67A00][000001B218FC5700 49] iPhoneSE2, [000001B21BE5C400][000001B218FC9880 49] iPhone12Mini, [000001B21BE65200][000001B218FCDA00 49] iPhone12, [000001B21BE5FC00][000001B218FD1B80 49] iPhone12Pro, [000001B21BE66000][000001B218FD4180 49] iPhone12ProMax, [000001B21BE5EC00][000001B218FD8300 49] iPadPro105, [000001B21BF12100][000001B218FDC480 49] iPadPro129, [000001B21BE5D100][000001B218FE0600 49] iPadPro97, [000001B21BF11000][000001B218FE4780 49] iPadPro2_129, [000001B21BE5CD00][000001B218FE8900 49] iPad5, [000001B21BF11D00][000001B21BC6CA80 49] iPad6, [000001B21BE5C600][000001B21BC70C00 49] iPad7, [000001B21BF12E00][000001B21BC74D80 49] iPad8, [000001B21BE5F000][000001B21BC78F00 49] iPadPro11, [000001B21BF11B00][000001B218FB5040 49] iPadPro2_11, [000001B21BE5CA00][000001B21BC7D180 49] iPadPro3_129, [000001B21BF10500][000001B21BC812C0 49] iPadPro4_129, [000001B21BE5ED00][000001B21BC89440 49] AppleTV, [000001B21BF10700][000001B21BC8D5C0 49] AppleTV4K, [000001B21BE5E600][000001B21BC91740 49] TVOS, [000001B21BF13100][000001B21BC958C0 49] Mac, [000001B21BE5F600][000001B21BC99A40 49] MacClient, [000001B21BF13900][000001B21BC9DBC0 49] MacNoEditor, [000001B21BE5FF00][000001B21BCA01C0 49] MacServer, [000001B21BF10E00][000001B21BCA4340 49] Linux, [000001B21BE5DC00][000001B21BCA84C0 49] LinuxAArch64, [000001B21BF13700][000001B21BCAC640 49] LinuxNoEditor, [000001B21BE5E400][000001B21BCB07C0 49] LinuxAArch64NoEditor, [000001B21BF10F00][000001B21BCB4940 49] LinuxClient, [000001B21BE5D300][000001B21BCB8AC0 49] LinuxAArch64Client, [000001B21BF13500][000001B21BCBCC40 49] LinuxServer, [000001B21BE5D200][000001B21BCC0DC0 49] LinuxAArch64Server, [000001B21BF12500][000001B21BCC4F40 49] Android, [000001B21BE5D900][000001B21BCC90C0 49] Android_Low, [000001B21BF10D00][000001B21BC85200 49] Android_Mid, [000001B21BE5EE00][000001B21BCCD340 49] Android_High, [000001B21BF12000][000001B21BCD1480 49] Android_Default, [000001B21BE5E800][000001B21BCD55C0 49] Android_Adreno4xx, [000001B21BF13C00][000001B21BCDD740 49] Android_Adreno5xx_Low, [000001B21BE5EF00][000001B21BCE18C0 49] Android_Adreno5xx, [000001B21BF13F00][000001B21BCE5A40 49] Android_Adreno6xx, [000001B21BE5F200][000001B21BCE9BC0 49] Android_Adreno6xx_Vulkan, [000001B21BF12700][000001B21BCEC1C0 49] Android_Mali_T6xx, [000001B21BE5CE00][000001B21BCF0340 49] Android_Mali_T7xx, [000001B21BF12200][000001B21BCF44C0 49] Android_Mali_T8xx, [000001B21BE5D600][000001B21BCF8640 49] Android_Mali_G71, [000001B21BF10C00][000001B21BCFC7C0 49] Android_Mali_G72, [000001B21BE5DF00][000001B21BD00940 49] Android_Mali_G72_Vulkan, [000001B21BF13400][000001B21BD04AC0 49] Android_Mali_G76, [000001B21BE5F700][000001B21BD08C40 49] Android_Mali_G76_Vulkan, [000001B21BF10A00][000001B21BD0CDC0 49] Android_Mali_G77, [000001B21BE5C900][000001B21BD10F40 49] Android_Mali_G77_Vulkan, [000001B21BF12D00][000001B21BD150C0 49] Android_Mali_G78, [000001B21BE5FD00][000001B21BD19240 49] Android_Mali_G78_Vulkan, [000001B21BEC2A00][000001B21BCD9380 49] Android_Mali_G710, [000001B21BE66F00][000001B21BD1D4C0 49] Android_Mali_G710_Vulkan, [000001B21BEC3F00][000001B21BD21600 49] Android_Vulkan_SM5, [000001B21BE66A00][000001B21BD25740 49] Android_PowerVR_G6xxx, [000001B21BEC0400][000001B21BD2D8C0 49] Android_PowerVR_GT7xxx, [000001B21BE66700][000001B21BD31A40 49] Android_PowerVR_GE8xxx, [000001B21BEC0600][000001B21BD35BC0 49] Android_PowerVR_GM9xxx, [000001B21BE66800][000001B21BD381C0 49] Android_PowerVR_GM9xxx_Vulkan, [000001B21BEC1700][000001B21BD3C340 49] Android_TegraK1, [000001B21BE67400][000001B21BD404C0 49] Android_Unknown_Vulkan, [000001B21BEC0700][000001B21BD44640 49] Lumin, [000001B21BE66D00][000001B21BD487C0 49] Lumin_Desktop, [000001B21BEC2300][000001B21BD4C940 49] HoloLens, 
[2021.12.15-04.12.17:338][  0]LogMeshReduction: Using QuadricMeshReduction for automatic static mesh reduction
[2021.12.15-04.12.17:338][  0]LogMeshReduction: Using SimplygonMeshReduction for automatic skeletal mesh reduction
[2021.12.15-04.12.17:338][  0]LogMeshReduction: Using ProxyLODMeshReduction for automatic mesh merging
[2021.12.15-04.12.17:338][  0]LogMeshReduction: No distributed automatic mesh merging module available
[2021.12.15-04.12.17:338][  0]LogMeshMerging: No distributed automatic mesh merging module available
[2021.12.15-04.12.17:758][  0]LogNetVersion: GAS 1.0.0, NetCL: 17155196, EngineNetVer: 17, GameNetVer: 0 (Checksum: 3579800026)
[2021.12.15-04.12.36:870][  0]LogTexture: Default maximum texture size for cubemaps generated from long-lat sources has been changed from 512 to unlimited. In order to preserve old behaiour for '/Engine/MapTemplates/Sky/DaylightAmbientCubemap.DaylightAmbientCubemap', its maximum texture size has been explicitly set to 512.
[2021.12.15-04.12.37:675][  0]LogHMD: PokeAHoleMaterial loaded successfully
[2021.12.15-04.12.37:739][  0]LogUObjectArray: 17178 objects as part of root set at end of initial load.
[2021.12.15-04.12.37:739][  0]LogUObjectAllocator: 4301856 out of 0 bytes used by permanent object pool.
[2021.12.15-04.12.37:739][  0]LogUObjectArray: CloseDisregardForGC: 0/0 objects in disregard for GC pool
[2021.12.15-04.12.45:853][  0]LogPython: Using Python 3.7.7
[2021.12.15-04.12.48:756][  0]LogNiagaraDebuggerClient: Niagara Debugger Client Initialized | Session: 1FF6CBF4497A8F576D5CC38877BBA624 | Instance: 749DCE844C313A760CA372B4D7289F5C (AIWAN-JAN-20804).
[2021.12.15-04.12.49:348][  0]LogImageWrapper: Warning: PNG Warning: Duplicate iCCP chunk
[2021.12.15-04.12.49:348][  0]LogImageWrapper: Warning: PNG Warning: Duplicate iCCP chunk
[2021.12.15-04.12.49:349][  0]LogStreaming: Warning: Failed to read file '../../../Engine/Content/Editor/Slate/Niagara/MenuSeparator.png' error.
[2021.12.15-04.12.49:349][  0]LogSlate: Could not find file for Slate resource: ../../../Engine/Content/Editor/Slate/Niagara/MenuSeparator.png
[2021.12.15-04.12.49:349][  0]LogStreaming: Warning: Failed to read file '../../../Engine/Content/Editor/Slate/Niagara/Common/Selector.png' error.
[2021.12.15-04.12.49:349][  0]LogSlate: Could not find file for Slate resource: ../../../Engine/Content/Editor/Slate/Niagara/Common/Selector.png
[2021.12.15-04.12.49:349][  0]LogStreaming: Warning: Failed to read file '../../../Engine/Content/Editor/Slate/Niagara/Common/RoundedSelection_16x.png' error.
[2021.12.15-04.12.49:350][  0]LogSlate: Could not find file for Slate resource: ../../../Engine/Content/Editor/Slate/Niagara/Common/RoundedSelection_16x.png
[2021.12.15-04.12.49:350][  0]LogStreaming: Warning: Failed to read file '../../../Engine/Content/Editor/Slate/Niagara/Common/DropZoneIndicator_Onto.png' error.
[2021.12.15-04.12.49:351][  0]LogStreaming: Warning: Failed to read file '../../../Engine/Content/Editor/Slate/Niagara/Common/FlatButton.png' error.
[2021.12.15-04.12.49:351][  0]LogSlate: Could not find file for Slate resource: ../../../Engine/Content/Editor/Slate/Niagara/Common/FlatButton.png
[2021.12.15-04.12.49:351][  0]LogStreaming: Warning: Failed to read file '../../../Engine/Content/Editor/Slate/Niagara/Common/DropZoneIndicator_Below.png' error.
[2021.12.15-04.12.49:351][  0]LogStreaming: Warning: Failed to read file '../../../Engine/Content/Editor/Slate/Niagara/Common/Selection.png' error.
[2021.12.15-04.12.49:352][  0]LogStreaming: Warning: Failed to read file '../../../Engine/Content/Editor/Slate/Niagara/Common/DropZoneIndicator_Above.png' error.
[2021.12.15-04.12.49:352][  0]LogSlate: Could not find file for Slate resource: ../../../Engine/Content/Editor/Slate/Niagara/Common/Selection.png
[2021.12.15-04.12.49:352][  0]LogSlate: Could not find file for Slate resource: ../../../Engine/Content/Editor/Slate/Niagara/Common/DropZoneIndicator_Above.png
[2021.12.15-04.12.49:352][  0]LogSlate: Could not find file for Slate resource: ../../../Engine/Content/Editor/Slate/Niagara/Common/DropZoneIndicator_Below.png
[2021.12.15-04.12.49:353][  0]LogSlate: Could not find file for Slate resource: ../../../Engine/Content/Editor/Slate/Niagara/Common/DropZoneIndicator_Onto.png
[2021.12.15-04.12.49:666][  0]LogTcpMessaging: Initializing TcpMessaging bridge
[2021.12.15-04.12.49:799][  0]LogUdpMessaging: Initializing bridge on interface 0.0.0.0:0 to multicast group 230.0.0.1:6666.
[2021.12.15-04.12.50:442][  0]LogStats: UGameplayTagsManager::InitializeManager -  0.000 s
[2021.12.15-04.12.56:354][  0]SourceControl: 源码管理已禁用
[2021.12.15-04.12.56:355][  0]SourceControl: 源码管理已禁用
[2021.12.15-04.12.56:446][  0]SourceControl: 源码管理已禁用
[2021.12.15-04.12.56:581][  0]SourceControl: 源码管理已禁用
[2021.12.15-04.12.56:669][  0]SourceControl: 源码管理已禁用
[2021.12.15-04.12.56:715][  0]LogUProjectInfo: Found projects:
[2021.12.15-04.13.00:132][  0]LogOpenImageDenoise: OIDN starting up
[2021.12.15-04.13.00:921][  0]LogAndroidPermission: UAndroidPermissionCallbackProxy::GetInstance
[2021.12.15-04.13.01:244][  0]LogAudioCaptureCore: Display: No Audio Capture implementations found. Audio input will be silent.
[2021.12.15-04.13.01:244][  0]LogAudioCaptureCore: Display: No Audio Capture implementations found. Audio input will be silent.
[2021.12.15-04.13.03:811][  0]LogCollectionManager: Loaded 0 collections in 0.000729 seconds
[2021.12.15-04.13.03:814][  0]LogFileCache: Scanning file cache for directory 'F:/UEProject/GAS/Saved/Collections/' took 0.00s
[2021.12.15-04.13.03:814][  0]LogFileCache: Scanning file cache for directory 'F:/UEProject/GAS/Content/Developers/jan/Collections/' took 0.00s
[2021.12.15-04.13.03:814][  0]LogFileCache: Scanning file cache for directory 'F:/UEProject/GAS/Content/Collections/' took 0.00s
[2021.12.15-04.13.03:964][  0]LogOcInput: OculusInput pre-init called
[2021.12.15-04.13.12:567][  0]LogStreaming: Warning: Failed to read file '../../../Engine/Content/Editor/Slate/Niagara/MenuSeparator.png' error.
[2021.12.15-04.13.12:567][  0]LogSlate: Could not find file for Slate resource: ../../../Engine/Content/Editor/Slate/Niagara/MenuSeparator.png
[2021.12.15-04.13.12:568][  0]LogStreaming: Warning: Failed to read file '../../../Engine/Content/Editor/Slate/Niagara/Common/Selector.png' error.
[2021.12.15-04.13.12:568][  0]LogSlate: Could not find file for Slate resource: ../../../Engine/Content/Editor/Slate/Niagara/Common/Selector.png
[2021.12.15-04.13.12:568][  0]LogStreaming: Warning: Failed to read file '../../../Engine/Content/Editor/Slate/Niagara/Common/Selection.png' error.
[2021.12.15-04.13.12:568][  0]LogSlate: Could not find file for Slate resource: ../../../Engine/Content/Editor/Slate/Niagara/Common/Selection.png
[2021.12.15-04.13.12:568][  0]LogStreaming: Warning: Failed to read file '../../../Engine/Content/Editor/Slate/Niagara/Common/DropZoneIndicator_Above.png' error.
[2021.12.15-04.13.12:568][  0]LogStreaming: Warning: Failed to read file '../../../Engine/Content/Editor/Slate/Niagara/Common/DropZoneIndicator_Onto.png' error.
[2021.12.15-04.13.12:568][  0]LogSlate: Could not find file for Slate resource: ../../../Engine/Content/Editor/Slate/Niagara/Common/DropZoneIndicator_Onto.png
[2021.12.15-04.13.12:568][  0]LogStreaming: Warning: Failed to read file '../../../Engine/Content/Editor/Slate/Niagara/Common/DropZoneIndicator_Below.png' error.
[2021.12.15-04.13.12:568][  0]LogSlate: Could not find file for Slate resource: ../../../Engine/Content/Editor/Slate/Niagara/Common/DropZoneIndicator_Below.png
[2021.12.15-04.13.12:568][  0]LogStreaming: Warning: Failed to read file '../../../Engine/Content/Editor/Slate/Niagara/Common/RoundedSelection_16x.png' error.
[2021.12.15-04.13.12:568][  0]LogSlate: Could not find file for Slate resource: ../../../Engine/Content/Editor/Slate/Niagara/Common/RoundedSelection_16x.png
[2021.12.15-04.13.12:569][  0]LogSlate: Could not find file for Slate resource: ../../../Engine/Content/Editor/Slate/Niagara/Common/DropZoneIndicator_Above.png
[2021.12.15-04.13.12:603][  0]LogStreaming: Warning: Failed to read file '../../../Engine/Content/Editor/Slate/Niagara/Common/FlatButton.png' error.
[2021.12.15-04.13.12:603][  0]LogSlate: Could not find file for Slate resource: ../../../Engine/Content/Editor/Slate/Niagara/Common/FlatButton.png
[2021.12.15-04.13.12:603][  0]LogImageWrapper: Warning: PNG Warning: Duplicate iCCP chunk
[2021.12.15-04.13.12:604][  0]LogImageWrapper: Warning: PNG Warning: Duplicate iCCP chunk
[2021.12.15-04.13.13:418][  0]LogEngine: Initializing Engine...
[2021.12.15-04.13.13:574][  0]LogHMD: Failed to enumerate extensions. Please check that you have a valid OpenXR runtime installed.
[2021.12.15-04.13.13:603][  0]LogHMD: Failed to initialize OpenVR with code 110
[2021.12.15-04.13.13:603][  0]LogMagicLeap: Warning: VR disabled because ZI is not enabled.  To enable, in the editor, Edit -> Project Settings -> Plugins -> Magic Leap Plugin -> Enable Zero Iteration
[2021.12.15-04.13.14:926][  0]LogInit: Initializing FReadOnlyCVARCache
[2021.12.15-04.13.15:253][  0]LogAIModule: Creating AISystem for world Untitled
[2021.12.15-04.13.15:253][  0]LogAudio: Display: Initializing Audio Device Manager...
[2021.12.15-04.13.15:355][  0]LogAudio: Display: Loading Default Audio Settings Objects...
[2021.12.15-04.13.15:434][  0]LogAudio: Display: No default SoundConcurrencyObject specified (or failed to load).
[2021.12.15-04.13.15:510][  0]LogAudio: Display: Audio Device Manager Initialized
[2021.12.15-04.13.15:510][  0]LogAudio: Display: Creating Audio Device:                 Id: 1, Scope: Shared, Realtime: True
[2021.12.15-04.13.15:510][  0]LogAudioMixer: Display: Audio Mixer Platform Settings:
[2021.12.15-04.13.15:510][  0]LogAudioMixer: Display: 	Sample Rate:						  48000
[2021.12.15-04.13.15:510][  0]LogAudioMixer: Display: 	Callback Buffer Frame Size Requested: 1024
[2021.12.15-04.13.15:510][  0]LogAudioMixer: Display: 	Callback Buffer Frame Size To Use:	  1024
[2021.12.15-04.13.15:510][  0]LogAudioMixer: Display: 	Number of buffers to queue:			  2
[2021.12.15-04.13.15:510][  0]LogAudioMixer: Display: 	Max Channels (voices):				  32
[2021.12.15-04.13.15:510][  0]LogAudioMixer: Display: 	Number of Async Source Workers:		  0
[2021.12.15-04.13.15:510][  0]LogAudio: Display: AudioDevice MaxSources: 32
[2021.12.15-04.13.15:511][  0]LogAudio: Display: Audio Spatialization Plugin: None (built-in).
[2021.12.15-04.13.15:511][  0]LogAudio: Display: Audio Reverb Plugin: None (built-in).
[2021.12.15-04.13.15:511][  0]LogAudio: Display: Audio Occlusion Plugin: None (built-in).
[2021.12.15-04.13.15:511][  0]LogAudioMixer: Display: Initializing audio mixer.
[2021.12.15-04.13.15:615][  0]LogAudioMixer: Display: 0: FrontLeft
[2021.12.15-04.13.15:616][  0]LogAudioMixer: Display: 1: FrontRight
[2021.12.15-04.13.15:689][  0]LogAudioMixer: Display: Using Audio Device Realtek Digital Output (Realtek High Definition Audio)
[2021.12.15-04.13.15:689][  0]LogAudioMixer: Display: Initializing Sound Submixes...
[2021.12.15-04.13.15:788][  0]LogAudioMixer: Display: Creating Master Submix 'MasterSubmixDefault'
[2021.12.15-04.13.15:789][  0]LogAudioMixer: Display: Creating Master Submix 'MasterReverbSubmixDefault'
[2021.12.15-04.13.15:789][  0]LogAudioMixer: Display: Creating Master Submix 'MasterEQSubmixDefault'
[2021.12.15-04.13.15:790][  0]LogAudioMixer: FMixerPlatformXAudio2::StartAudioStream() called
[2021.12.15-04.13.15:790][  0]LogAudioMixer: Display: Output buffers initialized: Frames=1024, Channels=2, Samples=2048
[2021.12.15-04.13.15:792][  0]LogAudioMixer: Display: Starting AudioMixerPlatformInterface::RunInternal()
[2021.12.15-04.13.15:792][  0]LogAudioMixer: Display: FMixerPlatformXAudio2::SubmitBuffer() called for the first time
[2021.12.15-04.13.15:792][  0]LogInit: FAudioDevice initialized.
[2021.12.15-04.13.15:792][  0]LogAudio: Display: Audio Device (ID: 1) registered with world 'Untitled'.
[2021.12.15-04.13.15:792][  0]LogNetVersion: Set ProjectVersion to 1.0.0.0. Version Checksum will be recalculated on next use.
[2021.12.15-04.13.16:153][  0]LogDerivedDataCache: Saved boot cache 0.36s 168MB C:/Users/jan/AppData/Local/UnrealEngine/4.27/DerivedDataCache/Boot.ddc.
[2021.12.15-04.13.16:184][  0]LogInit: Texture streaming: Enabled
[2021.12.15-04.13.16:500][  0]LogAnalytics: Display: [UEEditor.Rocket.Release] APIServer = https://datarouter.ol.epicgames.com/. AppVersion = 4.27.0-17155196+++UE4+Release-4.27
[2021.12.15-04.13.16:531][  0]LogEngineSessionManager: EngineSessionManager initialized
[2021.12.15-04.13.16:531][  0]LogEditorSessionSummary: Verbose: Initializing EditorSessionSummaryWriter for editor session tracking
[2021.12.15-04.13.16:534][  0]LogEditorSessionSummary: EditorSessionSummaryWriter initialized
[2021.12.15-04.13.16:931][  0]LogInit: Transaction tracking system initialized
[2021.12.15-04.13.17:628][  0]BlueprintLog: New page: 编辑器加载
[2021.12.15-04.13.18:492][  0]LocalizationService: 本地化服务已禁用
[2021.12.15-04.13.19:032][  0]TimingProfiler: Initialize
[2021.12.15-04.13.19:032][  0]TimingProfiler: OnSessionChanged
[2021.12.15-04.13.19:032][  0]LoadingProfiler: Initialize
[2021.12.15-04.13.19:032][  0]LoadingProfiler: OnSessionChanged
[2021.12.15-04.13.19:033][  0]NetworkingProfiler: Initialize
[2021.12.15-04.13.19:033][  0]NetworkingProfiler: OnSessionChanged
[2021.12.15-04.13.19:033][  0]MemoryProfiler: Initialize
[2021.12.15-04.13.19:033][  0]MemoryProfiler: OnSessionChanged
[2021.12.15-04.13.21:392][  0]LogCook: Display: CookSettings for Memory: MemoryMaxUsedVirtual 0MiB, MemoryMaxUsedPhysical 16384MiB, MemoryMinFreeVirtual 0MiB, MemoryMinFreePhysical 1024MiB
[2021.12.15-04.13.21:392][  0]LogCook: Display: Mobile HDR setting 1
[2021.12.15-04.13.21:911][  0]LogFileCache: Scanning file cache for directory 'F:/UEProject/GAS/Content/' took 0.00s
[2021.12.15-04.13.22:291][  0]LogStats: FGameplayAbilitiesEditorModule::GameplayTagTreeChanged -  0.000 s
[2021.12.15-04.13.24:877][  0]LogStreaming: Warning: Failed to read file '../../../Engine/Content/Editor/Slate/Niagara/MenuSeparator.png' error.
[2021.12.15-04.13.24:877][  0]LogSlate: Could not find file for Slate resource: ../../../Engine/Content/Editor/Slate/Niagara/MenuSeparator.png
[2021.12.15-04.13.24:878][  0]LogImageWrapper: Warning: PNG Warning: Duplicate iCCP chunk
[2021.12.15-04.13.24:878][  0]LogImageWrapper: Warning: PNG Warning: Duplicate iCCP chunk
[2021.12.15-04.13.24:878][  0]LogStreaming: Warning: Failed to read file '../../../Engine/Content/Editor/Slate/Niagara/Common/Selector.png' error.
[2021.12.15-04.13.24:878][  0]LogSlate: Could not find file for Slate resource: ../../../Engine/Content/Editor/Slate/Niagara/Common/Selector.png
[2021.12.15-04.13.24:879][  0]LogStreaming: Warning: Failed to read file '../../../Engine/Content/Editor/Slate/Niagara/Common/Selection.png' error.
[2021.12.15-04.13.24:879][  0]LogStreaming: Warning: Failed to read file '../../../Engine/Content/Editor/Slate/Niagara/Common/DropZoneIndicator_Above.png' error.
[2021.12.15-04.13.24:879][  0]LogSlate: Could not find file for Slate resource: ../../../Engine/Content/Editor/Slate/Niagara/Common/DropZoneIndicator_Above.png
[2021.12.15-04.13.24:879][  0]LogStreaming: Warning: Failed to read file '../../../Engine/Content/Editor/Slate/Niagara/Common/DropZoneIndicator_Onto.png' error.
[2021.12.15-04.13.24:879][  0]LogSlate: Could not find file for Slate resource: ../../../Engine/Content/Editor/Slate/Niagara/Common/DropZoneIndicator_Onto.png
[2021.12.15-04.13.24:879][  0]LogStreaming: Warning: Failed to read file '../../../Engine/Content/Editor/Slate/Niagara/Common/DropZoneIndicator_Below.png' error.
[2021.12.15-04.13.24:879][  0]LogSlate: Could not find file for Slate resource: ../../../Engine/Content/Editor/Slate/Niagara/Common/DropZoneIndicator_Below.png
[2021.12.15-04.13.24:879][  0]LogStreaming: Warning: Failed to read file '../../../Engine/Content/Editor/Slate/Niagara/Common/RoundedSelection_16x.png' error.
[2021.12.15-04.13.24:879][  0]LogSlate: Could not find file for Slate resource: ../../../Engine/Content/Editor/Slate/Niagara/Common/RoundedSelection_16x.png
[2021.12.15-04.13.24:879][  0]LogStreaming: Warning: Failed to read file '../../../Engine/Content/Editor/Slate/Niagara/Common/FlatButton.png' error.
[2021.12.15-04.13.24:879][  0]LogSlate: Could not find file for Slate resource: ../../../Engine/Content/Editor/Slate/Niagara/Common/FlatButton.png
[2021.12.15-04.13.24:879][  0]LogSlate: Could not find file for Slate resource: ../../../Engine/Content/Editor/Slate/Niagara/Common/Selection.png
[2021.12.15-04.13.24:988][  0]LogInit: Display: Engine is initialized. Leaving FEngineLoop::Init()
[2021.12.15-04.13.25:126][  0]SourceControl: 源码管理已禁用
[2021.12.15-04.13.25:126][  0]LogUnrealEdMisc: Loading editor; pre map load, took 172.874
[2021.12.15-04.13.25:127][  0]Cmd: MAP LOAD FILE="../../../../../UEProject/GAS/Content/ThirdPersonCPP/Maps/ThirdPersonExampleMap.umap" TEMPLATE=0 SHOWPROGRESS=1 FEATURELEVEL=3
[2021.12.15-04.13.25:127][  0]LightingResults: New page: 光照构建
[2021.12.15-04.13.25:177][  0]LogWorld: UWorld::CleanupWorld for Untitled, bSessionEnded=true, bCleanupResources=true
[2021.12.15-04.13.25:177][  0]LogSlate: InvalidateAllWidgets triggered.  All widgets were invalidated
[2021.12.15-04.13.25:178][  0]MapCheck: New page: 地图检测
[2021.12.15-04.13.25:178][  0]LightingResults: New page: 光照构建
[2021.12.15-04.13.25:184][  0]LogAudio: Display: Audio Device unregistered from world 'None'.
[2021.12.15-04.13.25:187][  0]LogUObjectHash: Compacting FUObjectHashTables data took   1.03ms
[2021.12.15-04.13.25:941][  0]LogAudio: Display: Audio Device (ID: 1) registered with world 'ThirdPersonExampleMap'.
[2021.12.15-04.13.25:942][  0]LogAIModule: Creating AISystem for world ThirdPersonExampleMap
[2021.12.15-04.13.25:968][  0]LogEditorServer: Finished looking for orphan Actors (0.000 secs)
[2021.12.15-04.13.25:981][  0]LogUObjectHash: Compacting FUObjectHashTables data took   1.58ms
[2021.12.15-04.13.25:982][  0]Cmd: MAP CHECKDEP NOCLEARLOG
[2021.12.15-04.13.25:982][  0]MapCheck: 地图检测完成：0个错误、0个警告、完成用时0.118毫秒。
[2021.12.15-04.13.25:982][  0]LogFileHelpers: Loading map 'ThirdPersonExampleMap' took 0.855
[2021.12.15-04.13.25:985][  0]LogUnrealEdMisc: Total Editor Startup Time, took 173.732
[2021.12.15-04.13.26:184][  0]LogSlate: Updating window title bar state: overlay mode, drag disabled, window buttons hidden, title bar hidden
[2021.12.15-04.13.26:190][  0]LogSlate: Updating window title bar state: overlay mode, drag disabled, window buttons hidden, title bar hidden
[2021.12.15-04.13.26:197][  0]LogSlate: Updating window title bar state: overlay mode, drag disabled, window buttons hidden, title bar hidden
[2021.12.15-04.13.26:204][  0]LogSlate: Updating window title bar state: overlay mode, drag disabled, window buttons hidden, title bar hidden
[2021.12.15-04.13.26:273][  0]LogNativeClassHierarchy: Verbose: Native class hierarchy populated in 0.0102 seconds. Added 3930 classes and 944 folders.
[2021.12.15-04.13.26:346][  0]LogNativeClassHierarchy: Verbose: Native class hierarchy updated for 'WidgetCarousel' in 0.0005 seconds. Added 0 classes and 0 folders.
[2021.12.15-04.13.26:415][  0]LogPakFile: PakFile PrimaryIndexSize=187
[2021.12.15-04.13.26:415][  0]LogPakFile: PakFile PathHashIndexSize=101
[2021.12.15-04.13.26:415][  0]LogPakFile: PakFile FullDirectoryIndexSize=148
[2021.12.15-04.13.26:416][  0]LogShaderLibrary: Display: ShaderCodeLibraryPakFileMountedCallback: PakFile 'F:/UE4/UE_4.27/FeaturePacks/FP_FirstPerson.upack' (chunk index -1, root 'root:/') mounted
[2021.12.15-04.13.26:416][  0]LogShaderLibrary: Display: ShaderCodeLibraryPakFileMountedCallback: pending pak file info (ChunkID:-1 Root:root:/ File:F:/UE4/UE_4.27/FeaturePacks/FP_FirstPerson.upack)
[2021.12.15-04.13.26:416][  0]LogPakFile: OnPakFileMounted2Time == 0.000722
[2021.12.15-04.13.26:418][  0]LogPakFile: PakFile PrimaryIndexSize=189
[2021.12.15-04.13.26:418][  0]LogPakFile: PakFile PathHashIndexSize=101
[2021.12.15-04.13.26:418][  0]LogPakFile: PakFile FullDirectoryIndexSize=152
[2021.12.15-04.13.26:418][  0]LogShaderLibrary: Display: ShaderCodeLibraryPakFileMountedCallback: PakFile 'F:/UE4/UE_4.27/FeaturePacks/FP_FirstPersonBP.upack' (chunk index -1, root 'root:/') mounted
[2021.12.15-04.13.26:418][  0]LogShaderLibrary: Display: ShaderCodeLibraryPakFileMountedCallback: pending pak file info (ChunkID:-1 Root:root:/ File:F:/UE4/UE_4.27/FeaturePacks/FP_FirstPersonBP.upack)
[2021.12.15-04.13.26:418][  0]LogPakFile: OnPakFileMounted2Time == 0.000227
[2021.12.15-04.13.26:419][  0]LogPakFile: PakFile PrimaryIndexSize=191
[2021.12.15-04.13.26:419][  0]LogPakFile: PakFile PathHashIndexSize=101
[2021.12.15-04.13.26:420][  0]LogPakFile: PakFile FullDirectoryIndexSize=160
[2021.12.15-04.13.26:420][  0]LogShaderLibrary: Display: ShaderCodeLibraryPakFileMountedCallback: PakFile 'F:/UE4/UE_4.27/FeaturePacks/MobileStarterContent.upack' (chunk index -1, root 'root:/') mounted
[2021.12.15-04.13.26:420][  0]LogShaderLibrary: Display: ShaderCodeLibraryPakFileMountedCallback: pending pak file info (ChunkID:-1 Root:root:/ File:F:/UE4/UE_4.27/FeaturePacks/MobileStarterContent.upack)
[2021.12.15-04.13.26:420][  0]LogPakFile: OnPakFileMounted2Time == 0.000260
[2021.12.15-04.13.26:421][  0]LogPakFile: PakFile PrimaryIndexSize=185
[2021.12.15-04.13.26:421][  0]LogPakFile: PakFile PathHashIndexSize=101
[2021.12.15-04.13.26:421][  0]LogPakFile: PakFile FullDirectoryIndexSize=148
[2021.12.15-04.13.26:422][  0]LogShaderLibrary: Display: ShaderCodeLibraryPakFileMountedCallback: PakFile 'F:/UE4/UE_4.27/FeaturePacks/StarterContent.upack' (chunk index -1, root 'root:/') mounted
[2021.12.15-04.13.26:422][  0]LogShaderLibrary: Display: ShaderCodeLibraryPakFileMountedCallback: pending pak file info (ChunkID:-1 Root:root:/ File:F:/UE4/UE_4.27/FeaturePacks/StarterContent.upack)
[2021.12.15-04.13.26:422][  0]LogPakFile: OnPakFileMounted2Time == 0.000260
[2021.12.15-04.13.26:423][  0]LogPakFile: PakFile PrimaryIndexSize=190
[2021.12.15-04.13.26:423][  0]LogPakFile: PakFile PathHashIndexSize=101
[2021.12.15-04.13.26:423][  0]LogPakFile: PakFile FullDirectoryIndexSize=154
[2021.12.15-04.13.26:423][  0]LogShaderLibrary: Display: ShaderCodeLibraryPakFileMountedCallback: PakFile 'F:/UE4/UE_4.27/FeaturePacks/TP_2DSideScroller.upack' (chunk index -1, root 'root:/') mounted
[2021.12.15-04.13.26:423][  0]LogShaderLibrary: Display: ShaderCodeLibraryPakFileMountedCallback: pending pak file info (ChunkID:-1 Root:root:/ File:F:/UE4/UE_4.27/FeaturePacks/TP_2DSideScroller.upack)
[2021.12.15-04.13.26:423][  0]LogPakFile: OnPakFileMounted2Time == 0.000235
[2021.12.15-04.13.26:424][  0]LogPakFile: PakFile PrimaryIndexSize=192
[2021.12.15-04.13.26:424][  0]LogPakFile: PakFile PathHashIndexSize=101
[2021.12.15-04.13.26:424][  0]LogPakFile: PakFile FullDirectoryIndexSize=158
[2021.12.15-04.13.26:425][  0]LogShaderLibrary: Display: ShaderCodeLibraryPakFileMountedCallback: PakFile 'F:/UE4/UE_4.27/FeaturePacks/TP_2DSideScrollerBP.upack' (chunk index -1, root 'root:/') mounted
[2021.12.15-04.13.26:425][  0]LogShaderLibrary: Display: ShaderCodeLibraryPakFileMountedCallback: pending pak file info (ChunkID:-1 Root:root:/ File:F:/UE4/UE_4.27/FeaturePacks/TP_2DSideScrollerBP.upack)
[2021.12.15-04.13.26:425][  0]LogPakFile: OnPakFileMounted2Time == 0.000257
[2021.12.15-04.13.26:426][  0]LogPakFile: PakFile PrimaryIndexSize=182
[2021.12.15-04.13.26:426][  0]LogPakFile: PakFile PathHashIndexSize=101
[2021.12.15-04.13.26:426][  0]LogPakFile: PakFile FullDirectoryIndexSize=138
[2021.12.15-04.13.26:426][  0]LogShaderLibrary: Display: ShaderCodeLibraryPakFileMountedCallback: PakFile 'F:/UE4/UE_4.27/FeaturePacks/TP_Flying.upack' (chunk index -1, root 'root:/') mounted
[2021.12.15-04.13.26:426][  0]LogShaderLibrary: Display: ShaderCodeLibraryPakFileMountedCallback: pending pak file info (ChunkID:-1 Root:root:/ File:F:/UE4/UE_4.27/FeaturePacks/TP_Flying.upack)
[2021.12.15-04.13.26:427][  0]LogPakFile: OnPakFileMounted2Time == 0.000258
[2021.12.15-04.13.26:427][  0]LogPakFile: PakFile PrimaryIndexSize=184
[2021.12.15-04.13.26:428][  0]LogPakFile: PakFile PathHashIndexSize=101
[2021.12.15-04.13.26:428][  0]LogPakFile: PakFile FullDirectoryIndexSize=142
[2021.12.15-04.13.26:428][  0]LogShaderLibrary: Display: ShaderCodeLibraryPakFileMountedCallback: PakFile 'F:/UE4/UE_4.27/FeaturePacks/TP_FlyingBP.upack' (chunk index -1, root 'root:/') mounted
[2021.12.15-04.13.26:428][  0]LogShaderLibrary: Display: ShaderCodeLibraryPakFileMountedCallback: pending pak file info (ChunkID:-1 Root:root:/ File:F:/UE4/UE_4.27/FeaturePacks/TP_FlyingBP.upack)
[2021.12.15-04.13.26:428][  0]LogPakFile: OnPakFileMounted2Time == 0.000264
[2021.12.15-04.13.26:429][  0]LogPakFile: PakFile PrimaryIndexSize=188
[2021.12.15-04.13.26:429][  0]LogPakFile: PakFile PathHashIndexSize=101
[2021.12.15-04.13.26:429][  0]LogPakFile: PakFile FullDirectoryIndexSize=150
[2021.12.15-04.13.26:429][  0]LogShaderLibrary: Display: ShaderCodeLibraryPakFileMountedCallback: PakFile 'F:/UE4/UE_4.27/FeaturePacks/TP_HandheldARBP.upack' (chunk index -1, root 'root:/') mounted
[2021.12.15-04.13.26:429][  0]LogShaderLibrary: Display: ShaderCodeLibraryPakFileMountedCallback: pending pak file info (ChunkID:-1 Root:root:/ File:F:/UE4/UE_4.27/FeaturePacks/TP_HandheldARBP.upack)
[2021.12.15-04.13.26:429][  0]LogPakFile: OnPakFileMounted2Time == 0.000193
[2021.12.15-04.13.26:430][  0]LogPakFile: PakFile PrimaryIndexSize=182
[2021.12.15-04.13.26:430][  0]LogPakFile: PakFile PathHashIndexSize=101
[2021.12.15-04.13.26:430][  0]LogPakFile: PakFile FullDirectoryIndexSize=138
[2021.12.15-04.13.26:431][  0]LogShaderLibrary: Display: ShaderCodeLibraryPakFileMountedCallback: PakFile 'F:/UE4/UE_4.27/FeaturePacks/TP_Puzzle.upack' (chunk index -1, root 'root:/') mounted
[2021.12.15-04.13.26:431][  0]LogShaderLibrary: Display: ShaderCodeLibraryPakFileMountedCallback: pending pak file info (ChunkID:-1 Root:root:/ File:F:/UE4/UE_4.27/FeaturePacks/TP_Puzzle.upack)
[2021.12.15-04.13.26:431][  0]LogPakFile: OnPakFileMounted2Time == 0.000209
[2021.12.15-04.13.26:432][  0]LogPakFile: PakFile PrimaryIndexSize=184
[2021.12.15-04.13.26:432][  0]LogPakFile: PakFile PathHashIndexSize=101
[2021.12.15-04.13.26:432][  0]LogPakFile: PakFile FullDirectoryIndexSize=142
[2021.12.15-04.13.26:432][  0]LogShaderLibrary: Display: ShaderCodeLibraryPakFileMountedCallback: PakFile 'F:/UE4/UE_4.27/FeaturePacks/TP_PuzzleBP.upack' (chunk index -1, root 'root:/') mounted
[2021.12.15-04.13.26:432][  0]LogShaderLibrary: Display: ShaderCodeLibraryPakFileMountedCallback: pending pak file info (ChunkID:-1 Root:root:/ File:F:/UE4/UE_4.27/FeaturePacks/TP_PuzzleBP.upack)
[2021.12.15-04.13.26:432][  0]LogPakFile: OnPakFileMounted2Time == 0.000306
[2021.12.15-04.13.26:433][  0]LogPakFile: PakFile PrimaryIndexSize=183
[2021.12.15-04.13.26:433][  0]LogPakFile: PakFile PathHashIndexSize=101
[2021.12.15-04.13.26:433][  0]LogPakFile: PakFile FullDirectoryIndexSize=140
[2021.12.15-04.13.26:434][  0]LogShaderLibrary: Display: ShaderCodeLibraryPakFileMountedCallback: PakFile 'F:/UE4/UE_4.27/FeaturePacks/TP_Rolling.upack' (chunk index -1, root 'root:/') mounted
[2021.12.15-04.13.26:434][  0]LogShaderLibrary: Display: ShaderCodeLibraryPakFileMountedCallback: pending pak file info (ChunkID:-1 Root:root:/ File:F:/UE4/UE_4.27/FeaturePacks/TP_Rolling.upack)
[2021.12.15-04.13.26:434][  0]LogPakFile: OnPakFileMounted2Time == 0.000226
[2021.12.15-04.13.26:435][  0]LogPakFile: PakFile PrimaryIndexSize=185
[2021.12.15-04.13.26:435][  0]LogPakFile: PakFile PathHashIndexSize=101
[2021.12.15-04.13.26:435][  0]LogPakFile: PakFile FullDirectoryIndexSize=144
[2021.12.15-04.13.26:435][  0]LogShaderLibrary: Display: ShaderCodeLibraryPakFileMountedCallback: PakFile 'F:/UE4/UE_4.27/FeaturePacks/TP_RollingBP.upack' (chunk index -1, root 'root:/') mounted
[2021.12.15-04.13.26:435][  0]LogShaderLibrary: Display: ShaderCodeLibraryPakFileMountedCallback: pending pak file info (ChunkID:-1 Root:root:/ File:F:/UE4/UE_4.27/FeaturePacks/TP_RollingBP.upack)
[2021.12.15-04.13.26:435][  0]LogPakFile: OnPakFileMounted2Time == 0.000262
[2021.12.15-04.13.26:436][  0]LogPakFile: PakFile PrimaryIndexSize=188
[2021.12.15-04.13.26:436][  0]LogPakFile: PakFile PathHashIndexSize=101
[2021.12.15-04.13.26:436][  0]LogPakFile: PakFile FullDirectoryIndexSize=150
[2021.12.15-04.13.26:437][  0]LogShaderLibrary: Display: ShaderCodeLibraryPakFileMountedCallback: PakFile 'F:/UE4/UE_4.27/FeaturePacks/TP_SideScroller.upack' (chunk index -1, root 'root:/') mounted
[2021.12.15-04.13.26:437][  0]LogShaderLibrary: Display: ShaderCodeLibraryPakFileMountedCallback: pending pak file info (ChunkID:-1 Root:root:/ File:F:/UE4/UE_4.27/FeaturePacks/TP_SideScroller.upack)
[2021.12.15-04.13.26:437][  0]LogPakFile: OnPakFileMounted2Time == 0.000333
[2021.12.15-04.13.26:438][  0]LogPakFile: PakFile PrimaryIndexSize=190
[2021.12.15-04.13.26:438][  0]LogPakFile: PakFile PathHashIndexSize=101
[2021.12.15-04.13.26:438][  0]LogPakFile: PakFile FullDirectoryIndexSize=154
[2021.12.15-04.13.26:438][  0]LogShaderLibrary: Display: ShaderCodeLibraryPakFileMountedCallback: PakFile 'F:/UE4/UE_4.27/FeaturePacks/TP_SideScrollerBP.upack' (chunk index -1, root 'root:/') mounted
[2021.12.15-04.13.26:438][  0]LogShaderLibrary: Display: ShaderCodeLibraryPakFileMountedCallback: pending pak file info (ChunkID:-1 Root:root:/ File:F:/UE4/UE_4.27/FeaturePacks/TP_SideScrollerBP.upack)
[2021.12.15-04.13.26:438][  0]LogPakFile: OnPakFileMounted2Time == 0.000209
[2021.12.15-04.13.26:439][  0]LogPakFile: PakFile PrimaryIndexSize=187
[2021.12.15-04.13.26:439][  0]LogPakFile: PakFile PathHashIndexSize=101
[2021.12.15-04.13.26:439][  0]LogPakFile: PakFile FullDirectoryIndexSize=148
[2021.12.15-04.13.26:439][  0]LogShaderLibrary: Display: ShaderCodeLibraryPakFileMountedCallback: PakFile 'F:/UE4/UE_4.27/FeaturePacks/TP_ThirdPerson.upack' (chunk index -1, root 'root:/') mounted
[2021.12.15-04.13.26:439][  0]LogShaderLibrary: Display: ShaderCodeLibraryPakFileMountedCallback: pending pak file info (ChunkID:-1 Root:root:/ File:F:/UE4/UE_4.27/FeaturePacks/TP_ThirdPerson.upack)
[2021.12.15-04.13.26:440][  0]LogPakFile: OnPakFileMounted2Time == 0.000233
[2021.12.15-04.13.26:440][  0]LogPakFile: PakFile PrimaryIndexSize=189
[2021.12.15-04.13.26:440][  0]LogPakFile: PakFile PathHashIndexSize=101
[2021.12.15-04.13.26:441][  0]LogPakFile: PakFile FullDirectoryIndexSize=152
[2021.12.15-04.13.26:441][  0]LogShaderLibrary: Display: ShaderCodeLibraryPakFileMountedCallback: PakFile 'F:/UE4/UE_4.27/FeaturePacks/TP_ThirdPersonBP.upack' (chunk index -1, root 'root:/') mounted
[2021.12.15-04.13.26:441][  0]LogShaderLibrary: Display: ShaderCodeLibraryPakFileMountedCallback: pending pak file info (ChunkID:-1 Root:root:/ File:F:/UE4/UE_4.27/FeaturePacks/TP_ThirdPersonBP.upack)
[2021.12.15-04.13.26:441][  0]LogPakFile: OnPakFileMounted2Time == 0.000240
[2021.12.15-04.13.26:442][  0]LogPakFile: PakFile PrimaryIndexSize=183
[2021.12.15-04.13.26:442][  0]LogPakFile: PakFile PathHashIndexSize=101
[2021.12.15-04.13.26:442][  0]LogPakFile: PakFile FullDirectoryIndexSize=140
[2021.12.15-04.13.26:442][  0]LogShaderLibrary: Display: ShaderCodeLibraryPakFileMountedCallback: PakFile 'F:/UE4/UE_4.27/FeaturePacks/TP_TopDown.upack' (chunk index -1, root 'root:/') mounted
[2021.12.15-04.13.26:442][  0]LogShaderLibrary: Display: ShaderCodeLibraryPakFileMountedCallback: pending pak file info (ChunkID:-1 Root:root:/ File:F:/UE4/UE_4.27/FeaturePacks/TP_TopDown.upack)
[2021.12.15-04.13.26:442][  0]LogPakFile: OnPakFileMounted2Time == 0.000258
[2021.12.15-04.13.26:443][  0]LogPakFile: PakFile PrimaryIndexSize=185
[2021.12.15-04.13.26:443][  0]LogPakFile: PakFile PathHashIndexSize=101
[2021.12.15-04.13.26:443][  0]LogPakFile: PakFile FullDirectoryIndexSize=144
[2021.12.15-04.13.26:443][  0]LogShaderLibrary: Display: ShaderCodeLibraryPakFileMountedCallback: PakFile 'F:/UE4/UE_4.27/FeaturePacks/TP_TopDownBP.upack' (chunk index -1, root 'root:/') mounted
[2021.12.15-04.13.26:444][  0]LogShaderLibrary: Display: ShaderCodeLibraryPakFileMountedCallback: pending pak file info (ChunkID:-1 Root:root:/ File:F:/UE4/UE_4.27/FeaturePacks/TP_TopDownBP.upack)
[2021.12.15-04.13.26:444][  0]LogPakFile: OnPakFileMounted2Time == 0.000242
[2021.12.15-04.13.26:444][  0]LogPakFile: PakFile PrimaryIndexSize=185
[2021.12.15-04.13.26:444][  0]LogPakFile: PakFile PathHashIndexSize=101
[2021.12.15-04.13.26:444][  0]LogPakFile: PakFile FullDirectoryIndexSize=144
[2021.12.15-04.13.26:444][  0]LogShaderLibrary: Display: ShaderCodeLibraryPakFileMountedCallback: PakFile 'F:/UE4/UE_4.27/FeaturePacks/TP_TwinStick.upack' (chunk index -1, root 'root:/') mounted
[2021.12.15-04.13.26:444][  0]LogShaderLibrary: Display: ShaderCodeLibraryPakFileMountedCallback: pending pak file info (ChunkID:-1 Root:root:/ File:F:/UE4/UE_4.27/FeaturePacks/TP_TwinStick.upack)
[2021.12.15-04.13.26:445][  0]LogPakFile: OnPakFileMounted2Time == 0.000128
[2021.12.15-04.13.26:445][  0]LogPakFile: PakFile PrimaryIndexSize=187
[2021.12.15-04.13.26:445][  0]LogPakFile: PakFile PathHashIndexSize=101
[2021.12.15-04.13.26:445][  0]LogPakFile: PakFile FullDirectoryIndexSize=148
[2021.12.15-04.13.26:445][  0]LogShaderLibrary: Display: ShaderCodeLibraryPakFileMountedCallback: PakFile 'F:/UE4/UE_4.27/FeaturePacks/TP_TwinStickBP.upack' (chunk index -1, root 'root:/') mounted
[2021.12.15-04.13.26:445][  0]LogShaderLibrary: Display: ShaderCodeLibraryPakFileMountedCallback: pending pak file info (ChunkID:-1 Root:root:/ File:F:/UE4/UE_4.27/FeaturePacks/TP_TwinStickBP.upack)
[2021.12.15-04.13.26:445][  0]LogPakFile: OnPakFileMounted2Time == 0.000150
[2021.12.15-04.13.26:446][  0]LogPakFile: PakFile PrimaryIndexSize=183
[2021.12.15-04.13.26:446][  0]LogPakFile: PakFile PathHashIndexSize=101
[2021.12.15-04.13.26:446][  0]LogPakFile: PakFile FullDirectoryIndexSize=140
[2021.12.15-04.13.26:446][  0]LogShaderLibrary: Display: ShaderCodeLibraryPakFileMountedCallback: PakFile 'F:/UE4/UE_4.27/FeaturePacks/TP_Vehicle.upack' (chunk index -1, root 'root:/') mounted
[2021.12.15-04.13.26:446][  0]LogShaderLibrary: Display: ShaderCodeLibraryPakFileMountedCallback: pending pak file info (ChunkID:-1 Root:root:/ File:F:/UE4/UE_4.27/FeaturePacks/TP_Vehicle.upack)
[2021.12.15-04.13.26:446][  0]LogPakFile: OnPakFileMounted2Time == 0.000163
[2021.12.15-04.13.26:447][  0]LogPakFile: PakFile PrimaryIndexSize=186
[2021.12.15-04.13.26:447][  0]LogPakFile: PakFile PathHashIndexSize=101
[2021.12.15-04.13.26:448][  0]LogPakFile: PakFile FullDirectoryIndexSize=146
[2021.12.15-04.13.26:448][  0]LogShaderLibrary: Display: ShaderCodeLibraryPakFileMountedCallback: PakFile 'F:/UE4/UE_4.27/FeaturePacks/TP_VehicleAdv.upack' (chunk index -1, root 'root:/') mounted
[2021.12.15-04.13.26:448][  0]LogShaderLibrary: Display: ShaderCodeLibraryPakFileMountedCallback: pending pak file info (ChunkID:-1 Root:root:/ File:F:/UE4/UE_4.27/FeaturePacks/TP_VehicleAdv.upack)
[2021.12.15-04.13.26:448][  0]LogPakFile: OnPakFileMounted2Time == 0.000173
[2021.12.15-04.13.26:449][  0]LogPakFile: PakFile PrimaryIndexSize=188
[2021.12.15-04.13.26:449][  0]LogPakFile: PakFile PathHashIndexSize=101
[2021.12.15-04.13.26:449][  0]LogPakFile: PakFile FullDirectoryIndexSize=150
[2021.12.15-04.13.26:449][  0]LogShaderLibrary: Display: ShaderCodeLibraryPakFileMountedCallback: PakFile 'F:/UE4/UE_4.27/FeaturePacks/TP_VehicleAdvBP.upack' (chunk index -1, root 'root:/') mounted
[2021.12.15-04.13.26:449][  0]LogShaderLibrary: Display: ShaderCodeLibraryPakFileMountedCallback: pending pak file info (ChunkID:-1 Root:root:/ File:F:/UE4/UE_4.27/FeaturePacks/TP_VehicleAdvBP.upack)
[2021.12.15-04.13.26:449][  0]LogPakFile: OnPakFileMounted2Time == 0.000156
[2021.12.15-04.13.26:450][  0]LogPakFile: PakFile PrimaryIndexSize=185
[2021.12.15-04.13.26:450][  0]LogPakFile: PakFile PathHashIndexSize=101
[2021.12.15-04.13.26:450][  0]LogPakFile: PakFile FullDirectoryIndexSize=144
[2021.12.15-04.13.26:450][  0]LogShaderLibrary: Display: ShaderCodeLibraryPakFileMountedCallback: PakFile 'F:/UE4/UE_4.27/FeaturePacks/TP_VehicleBP.upack' (chunk index -1, root 'root:/') mounted
[2021.12.15-04.13.26:450][  0]LogShaderLibrary: Display: ShaderCodeLibraryPakFileMountedCallback: pending pak file info (ChunkID:-1 Root:root:/ File:F:/UE4/UE_4.27/FeaturePacks/TP_VehicleBP.upack)
[2021.12.15-04.13.26:450][  0]LogPakFile: OnPakFileMounted2Time == 0.000176
[2021.12.15-04.13.26:451][  0]LogPakFile: PakFile PrimaryIndexSize=192
[2021.12.15-04.13.26:451][  0]LogPakFile: PakFile PathHashIndexSize=101
[2021.12.15-04.13.26:451][  0]LogPakFile: PakFile FullDirectoryIndexSize=158
[2021.12.15-04.13.26:451][  0]LogShaderLibrary: Display: ShaderCodeLibraryPakFileMountedCallback: PakFile 'F:/UE4/UE_4.27/FeaturePacks/TP_VirtualRealityBP.upack' (chunk index -1, root 'root:/') mounted
[2021.12.15-04.13.26:451][  0]LogShaderLibrary: Display: ShaderCodeLibraryPakFileMountedCallback: pending pak file info (ChunkID:-1 Root:root:/ File:F:/UE4/UE_4.27/FeaturePacks/TP_VirtualRealityBP.upack)
[2021.12.15-04.13.26:451][  0]LogPakFile: OnPakFileMounted2Time == 0.000186
[2021.12.15-04.13.26:479][  0]LogNativeClassHierarchy: Verbose: Native class hierarchy updated for 'AddContentDialog' in 0.0003 seconds. Added 0 classes and 0 folders.
[2021.12.15-04.13.26:480][  0]LogNativeClassHierarchy: Verbose: Native class hierarchy updated for 'SceneOutliner' in 0.0002 seconds. Added 2 classes and 0 folders.
[2021.12.15-04.13.26:530][  0]LogSlate: Took 0.000134 seconds to synchronously load lazily loaded font '../../../Engine/Content/Slate/Fonts/Roboto-Regular.ttf' (155K)
[2021.12.15-04.13.26:531][  0]LogSlate: Took 0.000104 seconds to synchronously load lazily loaded font '../../../Engine/Content/Editor/Slate/Fonts/FontAwesome.ttf' (139K)
[2021.12.15-04.13.26:532][  0]LogSlate: Took 0.000912 seconds to synchronously load lazily loaded font '../../../Engine/Content/Slate/Fonts/DroidSansFallback.ttf' (3848K)
[2021.12.15-04.13.26:533][  0]LogSlate: Took 0.000095 seconds to synchronously load lazily loaded font '../../../Engine/Content/Slate/Fonts/Roboto-Bold.ttf' (160K)
[2021.12.15-04.13.26:624][  0]LogRenderer: Reallocating scene render targets to support 1208x488 Format 10 NumSamples 1 (Frame:1).
[2021.12.15-04.13.26:694][  0]LogSlate: Took 0.000115 seconds to synchronously load lazily loaded font '../../../Engine/Content/Slate/Fonts/Roboto-Light.ttf' (167K)
[2021.12.15-04.13.26:767][  0]LogNativeClassHierarchy: Verbose: Native class hierarchy updated for 'HierarchicalLODOutliner' in 0.0002 seconds. Added 0 classes and 0 folders.
[2021.12.15-04.13.26:767][  0]LogInput: Warning: Action Jump uses invalid key OculusGo_Left_Trigger_Click.
[2021.12.15-04.13.26:767][  0]LogInput: Warning: Action ResetVR uses invalid key OculusGo_Left_Trackpad_Click.
[2021.12.15-04.13.26:767][  0]LogInput: Warning: Use -RemoveInvalidKeys to remove instances of these keys from the action mapping.
[2021.12.15-04.13.26:767][  0]LogLoad: (Engine Initialization) Total time: 174.51 seconds
[2021.12.15-04.13.26:767][  0]LogLoad: (Engine Initialization) Total Blueprint compile time: 0.00 seconds
[2021.12.15-04.13.26:816][  0]LogAssetRegistry: Asset discovery search completed in 73.4934 seconds
[2021.12.15-04.13.26:821][  0]LogCollectionManager: Fixed up redirectors for 0 collections in 0.000005 seconds (updated 0 objects)
[2021.12.15-04.13.26:823][  0]LogContentStreaming: Texture pool size now 1000 MB
[2021.12.15-04.20.38:255][291]LogAudioMixer: Display: Audio Buffer Underrun (starvation) detected.
[2021.12.15-04.22.34:969][639]LogAudioMixer: Display: Audio Buffer Underrun (starvation) detected.
