"../../../../../../UEProject/GemGame/Content/GemGame/texture/T_gem01.uasset" 0
"../../../../../../UEProject/GemGame/Content/GemGame/Material/M_gem_master.uasset" 1
"../../../../../../UEProject/GemGame/Content/GemGame/texture/T_character01.uasset" 2
"../../../../../../UEProject/GemGame/Content/GemGame/Material/INST_character_eatten.uasset" 3
"../../../../../../UEProject/GemGame/Content/GemGame/texture/T_back_MASK.uasset" 4
"../../../../../../UEProject/GemGame/Content/GemGame/texture/T_cloud02_GSI.uasset" 5
"../../../../../../UEProject/GemGame/Content/GemGame/texture/T_rim_mask.uasset" 6
"../../../../../../UEProject/GemGame/Content/GemGame/Material/M_board.uasset" 7
"../../../../../../UEProject/GemGame/Content/GemGame/Texture/T_blue.uasset" 8
"../../../../../../UEProject/GemGame/Content/GemGame/Texture/T_character.uasset" 9
"../../../../../../UEProject/GemGame/Content/GemGame/Texture/T_green.uasset" 10
"../../../../../../UEProject/GemGame/Content/GemGame/Texture/T_gules.uasset" 11
"../../../../../../UEProject/GemGame/Content/GemGame/Texture/T_orange.uasset" 12
"../../../../../../UEProject/GemGame/Content/GemGame/Texture/T_SkyBlue.uasset" 13
"../../../../../../UEProject/GemGame/Content/GemGame/Texture/T_Violet.uasset" 14
"../../../../../../UEProject/GemGame/Content/GemGame/Texture/T_yellow.uasset" 15
"../../../Engine/Content/Animation/DefaultAnimCurveCompressionSettings.uasset" 16
"../../../Engine/Content/Functions/Engine_MaterialFunctions01/Opacity/CameraDepthFade.uasset" 17
"../../../Engine/Content/EngineMaterials/T_Default_Material_Grid_M.uasset" 18
"../../../Engine/Content/EngineMaterials/T_Default_Material_Grid_N.uasset" 19
"../../../Engine/Content/EngineMaterials/WorldGridMaterial.uasset" 20
"../../../Engine/Content/ArtTools/RenderToTexture/Meshes/S_1_Unit_Plane.uasset" 21
"../../../Engine/Content/EngineMaterials/DefaultMaterial.uasset" 22
"../../../Engine/Content/BasicShapes/Cone.uasset" 23
"../../../Engine/Content/BasicShapes/Cube.uasset" 24
"../../../Engine/Content/BasicShapes/Cylinder.uasset" 25
"../../../Engine/Content/BasicShapes/Plane.uasset" 26
"../../../Engine/Content/BasicShapes/Sphere.uasset" 27
"../../../Engine/Content/EditorLandscapeResources/DataLayer.uasset" 28
"../../../Engine/Content/EditorMaterials/MAT_Groups_Toggle.uasset" 29
"../../../Engine/Content/EditorMaterials/MAT_Groups_Visibility.uasset" 30
"../../../Engine/Content/EditorMaterials/PreviewShadowIndicator.uasset" 31
"../../../Engine/Content/EditorMaterials/PreviewShadowIndicatorMaterial.uasset" 32
"../../../Engine/Content/EditorMaterials/MatineeGroups/MAT_ColorTrack.uasset" 33
"../../../Engine/Content/EditorMaterials/MatineeGroups/MAT_Groups_Anim.uasset" 34
"../../../Engine/Content/EditorMaterials/MatineeGroups/MAT_Groups_AudioMaster.uasset" 35
"../../../Engine/Content/EditorMaterials/MatineeGroups/MAT_Groups_Director.uasset" 36
"../../../Engine/Content/EditorMaterials/MatineeGroups/MAT_Groups_Event.uasset" 37
"../../../Engine/Content/EditorMaterials/MatineeGroups/MAT_Groups_Fade.uasset" 38
"../../../Engine/Content/EditorMaterials/MatineeGroups/MAT_Groups_Float.uasset" 39
"../../../Engine/Content/EditorMaterials/MatineeGroups/MAT_Groups_Move.uasset" 40
"../../../Engine/Content/EditorMaterials/MatineeGroups/MAT_Groups_Slomo.uasset" 41
"../../../Engine/Content/EditorMaterials/MatineeGroups/MAT_Groups_Sound.uasset" 42
"../../../Engine/Content/EditorMaterials/MatineeGroups/MAT_Groups_Vector.uasset" 43
"../../../Engine/Content/EditorMaterials/ParticleSystems/PSysThumbnail_NoImage.uasset" 44
"../../../Engine/Content/EditorMaterials/ParticleSystems/PSysThumbnail_OOD.uasset" 45
"../../../Engine/Content/EditorMaterials/Camera/CineMat.uasset" 46
"../../../Engine/Content/EditorMaterials/Camera/MI_CineMat_Rig.uasset" 47
"../../../Engine/Content/EditorMeshes/Camera/SM_CraneRig_Arm.uasset" 48
"../../../Engine/Content/EditorMeshes/Camera/SM_CraneRig_Base.uasset" 49
"../../../Engine/Content/EditorMeshes/Camera/SM_CraneRig_Body.uasset" 50
"../../../Engine/Content/EditorMeshes/Camera/SM_CraneRig_Mount.uasset" 51
"../../../Engine/Content/EditorMeshes/Camera/SM_RailRig_Mount.uasset" 52
"../../../Engine/Content/EditorMeshes/Camera/SM_RailRig_Track.uasset" 53
"../../../Engine/Content/EditorResources/BSPVertex.uasset" 54
"../../../Engine/Content/EditorResources/EmptyActor.uasset" 55
"../../../Engine/Content/EditorResources/S_Actor.uasset" 56
"../../../Engine/Content/EditorResources/S_Note.uasset" 57
"../../../Engine/Content/EditorResources/S_Solver.uasset" 58
"../../../Engine/Content/EditorResources/S_Trigger.uasset" 59
"../../../Engine/Content/EditorResources/LightIcons/S_LightError.uasset" 60
"../../../Engine/Content/EditorResources/SequenceRecorder/Countdown.uasset" 61
"../../../Engine/Content/EditorResources/SequenceRecorder/RecordingIndicator.uasset" 62
"../../../Engine/Content/EditorSounds/Notifications/CompileFailed.uasset" 63
"../../../Engine/Content/EditorSounds/Notifications/CompileFailed_Cue.uasset" 64
"../../../Engine/Content/EditorSounds/Notifications/CompileSuccess.uasset" 65
"../../../Engine/Content/EditorSounds/Notifications/CompileStart_Cue.uasset" 66
"../../../Engine/Content/EditorSounds/Notifications/CompileSuccess_Cue.uasset" 67
"../../../Engine/Content/EngineDamageTypes/DmgTypeBP_Environmental.uasset" 68
"../../../Engine/Content/EngineDebugMaterials/DebugEditorMaterial.uasset" 69
"../../../Engine/Content/EngineDebugMaterials/DebugMeshMaterial.uasset" 70
"../../../Engine/Content/EngineDebugMaterials/M_SimpleUnlitTranslucent.uasset" 71
"../../../Engine/Content/Functions/Engine_MaterialFunctions02/Utility/CameraDirectionVector.uasset" 72
"../../../Engine/Content/EngineDebugMaterials/VolumeToRender.uasset" 73
"../../../Engine/Content/EngineDebugMaterials/M_VolumeRenderSphereTracePP.uasset" 74
"../../../Engine/Content/EngineDebugMaterials/WireframeMaterial.uasset" 75
"../../../Engine/Content/EngineFonts/Faces/DroidSansFallback.uasset" 76
"../../../Engine/Content/EngineFonts/Faces/RobotoBold.uasset" 77
"../../../Engine/Content/EngineFonts/Faces/RobotoBoldItalic.uasset" 78
"../../../Engine/Content/EngineFonts/Faces/RobotoItalic.uasset" 79
"../../../Engine/Content/EngineFonts/Faces/RobotoLight.uasset" 80
"../../../Engine/Content/EngineFonts/Faces/RobotoRegular.uasset" 81
"../../../Engine/Content/EngineFonts/Roboto.uasset" 82
"../../../Engine/Content/EngineMaterials/BaseFlattenDiffuseMap.uasset" 83
"../../../Engine/Content/EngineMaterials/BaseFlattenEmissiveMap.uasset" 84
"../../../Engine/Content/EngineMaterials/BaseFlattenGrayscaleMap.uasset" 85
"../../../Engine/Content/EngineMaterials/BaseFlattenNormalMap.uasset" 86
"../../../Engine/Content/EngineMaterials/BaseFlattenMaterial.uasset" 87
"../../../Engine/Content/EngineMaterials/BlueNoise.uasset" 88
"../../../Engine/Content/EngineMaterials/DefaultBloomKernel.uasset" 89
"../../../Engine/Content/EngineMaterials/DefaultBokeh.uasset" 90
"../../../Engine/Content/EngineMaterials/DefaultDiffuse.uasset" 91
"../../../Engine/Content/EngineMaterials/DefaultDeferredDecalMaterial.uasset" 92
"../../../Engine/Content/EngineMaterials/DefaultLightFunctionMaterial.uasset" 93
"../../../Engine/Content/EngineMaterials/DefaultPhysicalMaterial.uasset" 94
"../../../Engine/Content/Functions/Engine_MaterialFunctions02/Utility/BreakOutFloat2Components.uasset" 95
"../../../Engine/Content/EngineMaterials/DefaultPostProcessMaterial.uasset" 96
"../../../Engine/Content/EngineFonts/RobotoDistanceField.uasset" 97
"../../../Engine/Content/EngineMaterials/DefaultTextMaterialOpaque.uasset" 98
"../../../Engine/Content/EngineMaterials/DefaultWhiteGrid.uasset" 99
"../../../Engine/Content/EngineMaterials/DefaultWhiteGrid_Low.uasset" 100
"../../../Engine/Content/EngineMaterials/EmissiveMeshMaterial.uasset" 101
"../../../Engine/Content/EngineMaterials/GizmoMaterial.uasset" 102
"../../../Engine/Content/EngineMaterials/Good64x64TilingNoiseHighFreq.uasset" 103
"../../../Engine/Content/EngineMaterials/MiniFont.uasset" 104
"../../../Engine/Content/EngineMaterials/InvalidLightmapSettings.uasset" 105
"../../../Engine/Content/EngineMaterials/M_InvalidLightmapSettings.uasset" 106
"../../../Engine/Content/Functions/Engine_MaterialFunctions02/WorldPositionOffset/CameraOffset.uasset" 107
"../../../Engine/Content/EngineMaterials/PhAT_JointLimitMaterial.uasset" 108
"../../../Engine/Content/EngineMaterials/PreintegratedSkinBRDF.uasset" 109
"../../../Engine/Content/EngineMaterials/RemoveSurfaceMaterial.uasset" 110
"../../../Engine/Content/EngineMaterials/WeightMapPlaceholderTexture.uasset" 111
"../../../Engine/Content/EngineResources/WhiteSquareTexture.uasset" 112
"../../../Engine/Content/EngineMaterials/Widget3DPassThrough.uasset" 113
"../../../Engine/Content/EngineMaterials/Widget3DPassThrough_Masked.uasset" 114
"../../../Engine/Content/EngineMaterials/Widget3DPassThrough_Opaque.uasset" 115
"../../../Engine/Content/EngineMaterials/Widget3DPassThrough_Masked_OneSided.uasset" 116
"../../../Engine/Content/EngineMaterials/Widget3DPassThrough_Opaque_OneSided.uasset" 117
"../../../Engine/Content/EngineMaterials/Widget3DPassThrough_Translucent.uasset" 118
"../../../Engine/Content/EngineMaterials/Widget3DPassThrough_Translucent_OneSided.uasset" 119
"../../../Engine/Content/EngineMeshes/Cylinder.uasset" 120
"../../../Engine/Content/EngineMeshes/Sphere.uasset" 121
"../../../Engine/Content/EngineResources/Black.uasset" 122
"../../../Engine/Content/EngineResources/DefaultTexture.uasset" 123
"../../../Engine/Content/EngineResources/DefaultTextureCube.uasset" 124
"../../../Engine/Content/EngineResources/DefaultVolumeTexture2D.uasset" 125
"../../../Engine/Content/EngineResources/DefaultVolumeTexture.uasset" 126
"../../../Engine/Content/EngineResources/GradientTexture0.uasset" 127
"../../../Engine/Content/EngineSounds/Master.uasset" 128
"../../../Engine/Content/Functions/Engine_MaterialFunctions01/Shading/ConvertFromDiffSpec.uasset" 129
"../../../Engine/Content/Functions/Engine_MaterialFunctions01/Shading/PowerToRoughness.uasset" 130
"../../../Engine/Content/Maps/Templates/Thumbnails/Default.uasset" 131
"../../../Engine/Content/Maps/Templates/Thumbnails/TimeOfDay.uasset" 132
"../../../Engine/Content/Maps/Templates/Thumbnails/VR-Basic.uasset" 133
"../../../Engine/Content/MobileResources/T_MobileControls_texture.uasset" 134
"../../../Engine/Content/MobileResources/T_MobileMenu2.uasset" 135
"../../../Engine/Content/MobileResources/HUD/AnalogHat.uasset" 136
"../../../Engine/Content/MobileResources/HUD/VirtualJoystick_Background.uasset" 137
"../../../Engine/Content/MobileResources/HUD/VirtualJoystick_Thumb.uasset" 138
"../../../Engine/Content/MobileResources/HUD/DefaultVirtualJoysticks.uasset" 139
"../../../Engine/Content/MobileResources/HUD/LeftVirtualJoystickOnly.uasset" 140
"../../../Engine/Content/MobileResources/HUD/MobileHUDButton1_off.uasset" 141
"../../../Engine/Content/MobileResources/HUD/MobileHUDButton1_on.uasset" 142
"../../../Engine/Content/MobileResources/HUD/MobileHUDButton2_off.uasset" 143
"../../../Engine/Content/MobileResources/HUD/MobileHUDButton2_on.uasset" 144
"../../../Engine/Content/MobileResources/HUD/MobileHUDButton3.uasset" 145
"../../../Engine/Content/MobileResources/HUD/MobileHUDButtonFire.uasset" 146
"../../../Engine/Content/MobileResources/HUD/MobileHUDDirectionPad.uasset" 147
"../../../Engine/Content/MobileResources/HUD/MobileHUDDirectionPad2.uasset" 148
"../../../Engine/Content/MobileResources/HUD/MobileHUDDirectionPad3.uasset" 149
"../../../Engine/Content/MobileResources/HUD/MobileHUDDirectionStick.uasset" 150
"../../../Engine/Content/MobileResources/HUD/T_Castle_ThumbstickInner.uasset" 151
"../../../Engine/Content/MobileResources/HUD/T_Castle_ThumbstickOutter.uasset" 152
"../../../Engine/Content/Tutorial/ContentIntroCurve.uasset" 153
"../../../Engine/Content/Tutorial/Basics/LevelEditorAttract.uasset" 154
"../../../Engine/Content/Tutorial/Basics/TutorialAssets/icon_tab_Levels_40x.uasset" 155
"../../../Engine/Content/Tutorial/Basics/LevelEditorOverview.uasset" 156
"../../../Engine/Content/Tutorial/BlueprintTutorials/TutorialAssets/Blueprint_64x.uasset" 157
"../../../Engine/Content/Tutorial/BlueprintTutorials/BlueprintEditorTutorial.uasset" 158
"../../../Engine/Content/Tutorial/BlueprintTutorials/TutorialAssets/BlueprintInterface_64x.uasset" 159
"../../../Engine/Content/Tutorial/BlueprintTutorials/BlueprintInterfacesEditorOverview.uasset" 160
"../../../Engine/Content/Tutorial/BlueprintTutorials/TutorialAssets/BlueprintMacroLibrary_64x.uasset" 161
"../../../Engine/Content/Tutorial/BlueprintTutorials/BlueprintMacroLibrariesEditorOverview.uasset" 162
"../../../Engine/Content/Tutorial/BlueprintTutorials/LevelBlueprintEditorOverview.uasset" 163
"../../../Engine/Content/Tutorial/BlueprintTutorials/TutorialAssets/Tutorial_BP_Interface.uasset" 164
"../../../Engine/Content/Tutorial/BlueprintTutorials/TutorialAssets/Tutorial_BP_MacroLib.uasset" 165
"../../../Engine/Content/Tutorial/Code/AddingCode.uasset" 166
"../../../Engine/Content/VREditor/LaserPointer/VR_LaserPower_01.uasset" 167
"../../../Engine/Content/VREditor/TransformGizmo/TransformGizmoMaterial.uasset" 168
"../../../Engine/Content/VREditor/TransformGizmo/TranslucentTransformGizmoMaterial.uasset" 169
"../../../Engine/Content/VREditor/TransformGizmo/BoundingBoxCorner.uasset" 170
"../../../Engine/Content/VREditor/TransformGizmo/BoundingBoxEdge.uasset" 171
"../../../Engine/Content/VREditor/TransformGizmo/PlaneTranslationHandle.uasset" 172
"../../../Engine/Content/VREditor/TransformGizmo/Main.uasset" 173
"../../../Engine/Content/VREditor/TransformGizmo/Xray.uasset" 174
"../../../Engine/Content/VREditor/TransformGizmo/SM_Sequencer_Key.uasset" 175
"../../../Engine/Content/VREditor/TransformGizmo/SM_Sequencer_Node.uasset" 176
"../../Plugins/2D/Paper2D/Content/PlaceholderTextures/DummySpriteTexture.uasset" 177
"../../Plugins/2D/Paper2D/Content/DummySprite.uasset" 178
"../../Plugins/2D/Paper2D/Content/DefaultPaperTerrainMaterial.uasset" 179
"../../Plugins/2D/Paper2D/Content/DefaultSpriteMaterial.uasset" 180
"../../Plugins/2D/Paper2D/Content/MaskedUnlitSpriteMaterial.uasset" 181
"../../Plugins/2D/Paper2D/Content/OpaqueUnlitSpriteMaterial.uasset" 182
"../../Plugins/FX/Niagara/Content/Enums/ENiagaraBooleanLogicOps.uasset" 183
"../../Plugins/FX/Niagara/Content/Enums/ENiagaraCoordinateSpace.uasset" 184
"../../Plugins/FX/Niagara/Content/Enums/ENiagaraExpansionMode.uasset" 185
"../../Plugins/FX/Niagara/Content/Enums/ENiagaraOrientationAxis.uasset" 186
"../../Plugins/FX/Niagara/Content/Enums/ENiagaraRandomnessMode.uasset" 187
"../../../Engine/Content/Functions/Engine_MaterialFunctions02/Utility/BreakOutFloat4Components.uasset" 188
"../../../Engine/Content/Functions/Engine_MaterialFunctions02/Utility/MakeFloat2.uasset" 189
"../../../Engine/Content/Functions/Engine_MaterialFunctions02/Utility/MakeFloat3.uasset" 190
"../../Plugins/Runtime/Oculus/OculusVR/Content/Materials/OculusMR_ChromaKey.uasset" 191
"../../Plugins/Runtime/Oculus/OculusVR/Content/Materials/OculusMR_ChromaKey_Lit.uasset" 192
"../../Plugins/Runtime/Oculus/OculusVR/Content/Materials/OculusMR_OpaqueColoredMaterial.uasset" 193
"../../Plugins/Runtime/Oculus/OculusVR/Content/Materials/OculusMR_WhiteMaterial.uasset" 194
"../../../Engine/Content/EditorBlueprintResources/StandardMacros.uasset" 195
"../../../../../../UEProject/GemGame/Content/GemGame/texture/T_gem02.uasset" 196
"../../../../../../UEProject/GemGame/Content/GemGame/Material/ISNT_gem02.uasset" 197
"../../../../../../UEProject/GemGame/Content/GemGame/BluePrint/Gem/BPChild_Gem02.uasset" 198
"../../../../../../UEProject/GemGame/Content/GemGame/texture/T_gem03.uasset" 199
"../../../../../../UEProject/GemGame/Content/GemGame/Material/ISNT_gem03.uasset" 200
"../../../../../../UEProject/GemGame/Content/GemGame/BluePrint/Gem/BPChild_Gem03.uasset" 201
"../../../../../../UEProject/GemGame/Content/GemGame/texture/T_gem04.uasset" 202
"../../../../../../UEProject/GemGame/Content/GemGame/Material/ISNT_gem04.uasset" 203
"../../../../../../UEProject/GemGame/Content/GemGame/BluePrint/Gem/BPChild_Gem04.uasset" 204
"../../../../../../UEProject/GemGame/Content/GemGame/texture/T_gem05.uasset" 205
"../../../../../../UEProject/GemGame/Content/GemGame/Material/ISNT_gem05.uasset" 206
"../../../../../../UEProject/GemGame/Content/GemGame/BluePrint/Gem/BPChild_Gem05.uasset" 207
"../../../../../../UEProject/GemGame/Content/GemGame/BluePrint/Level/BP_CameraPawn.uasset" 208
"../../../../../../UEProject/GemGame/Content/GemGame/texture/T_character02.uasset" 209
"../../../../../../UEProject/GemGame/Content/GemGame/Material/INST_character.uasset" 210
"../../../../../../UEProject/GemGame/Content/GemGame/Mesh/STM_plane.uasset" 211
"../../../../../../UEProject/GemGame/Content/GemGame/BluePrint/Gem/BP_Eater.uasset" 212
"../../../../../../UEProject/GemGame/Content/GemGame/Material/M_kong_ForUI.uasset" 213
"../../../../../../UEProject/GemGame/Content/GemGame/BluePrint/UI/UMG_GameUI.uasset" 214
"../../../../../../UEProject/GemGame/Content/GemGame/BluePrint/Level/BP_PlayerController.uasset" 215
"../../../Engine/Content/EngineMaterials/OrientParticle.uasset" 216
"../../../Engine/Content/EngineMaterials/DefaultParticle.uasset" 217
"../../../../../../UEProject/GemGame/Content/GemGame/Particle/P_clearGem.uasset" 218
"../../../../../../UEProject/GemGame/Content/GemGame/BluePrint/Level/BP_GameMode.uasset" 219
"../../../../../../UEProject/GemGame/Content/GemGame/BluePrint/Gem/BP_Gem_Master.uasset" 220
"../../../../../../UEProject/GemGame/Content/GemGame/BluePrint/Map/ExampleMap_BuiltData.uasset" 221
"../../../../../../UEProject/GemGame/Content/GemGame/BluePrint/Map/ExampleMap.umap" 222
"../../../Engine/Content/Maps/Entry_BuiltData.uasset" 223
"../../../Engine/Content/Maps/Entry.umap" 224
